CanTherm execution initiated at Wed Feb 15 23:15:15 2017

###############################################################
#                                                             #
#                          CanTherm                           #
#                                                             #
#   Version: 0.1.0 (14 May 2009)                              #
#   Authors: RMG Developers (rmg_dev@mit.edu)                 #
#   P.I.:    William H. Green (whgreen@mit.edu)               #
#   Website: http://rmg.sourceforge.net/                      #
#                                                             #
###############################################################

Loading species ORGHESHFQPYLAO-UHFFFAOYSA-u1...
Loading species MHAJPDPJQMAIIY-UHFFFAOYSA...
Loading species VGGSQFUCUMXWEO-UHFFFAOYSA...
Loading species OUUQCZGPVNCOIJ-UHFFFAOYSA-u2...
Loading transition state TS...
Loading reaction OO+[CH]=C_C=C+[O]O...


Loading statistical mechanics parameters for ORGHESHFQPYLAO-UHFFFAOYSA-u1...
Warning: No bond energy correction found for model chemistry: M062X/MG3S
Saving statistical mechanics parameters for ORGHESHFQPYLAO-UHFFFAOYSA-u1...
Loading statistical mechanics parameters for MHAJPDPJQMAIIY-UHFFFAOYSA...
Warning: No bond energy correction found for model chemistry: M062X/MG3S
Saving statistical mechanics parameters for MHAJPDPJQMAIIY-UHFFFAOYSA...
Loading statistical mechanics parameters for VGGSQFUCUMXWEO-UHFFFAOYSA...
Warning: No bond energy correction found for model chemistry: M062X/MG3S
Saving statistical mechanics parameters for VGGSQFUCUMXWEO-UHFFFAOYSA...
Loading statistical mechanics parameters for OUUQCZGPVNCOIJ-UHFFFAOYSA-u2...
Warning: No bond energy correction found for model chemistry: M062X/MG3S
Saving statistical mechanics parameters for OUUQCZGPVNCOIJ-UHFFFAOYSA-u2...
Loading statistical mechanics parameters for TS...
Warning: No bond energy correction found for model chemistry: M062X/MG3S
Saving statistical mechanics parameters for TS...
Generating Arrhenius kinetics model for Arrhenius...
One or both of the barrier heights of -1.67037 and 96.7497 kJ/mol encountered in Eckart method are invalid.
Removing 'core*' files
Boo, reaction kinetics not calculated!!!
For reaction Reaction(reactants=[Molecule(SMILES="[CH]=C"), Molecule(SMILES="OO")], products=[Molecule(SMILES="C=C"), Molecule(SMILES="[O]O")], degeneracy=2, pairs=[[Molecule(SMILES="[CH]=C"), Molecule(SMILES="C=C")], [Molecule(SMILES="OO"), Molecule(SMILES="[O]O")]])
Warning: Couldn't calculate kinetics.
CanTherm execution initiated at Tue Mar  7 15:45:15 2017

###############################################################
#                                                             #
#                          CanTherm                           #
#                                                             #
#   Version: 0.1.0 (14 May 2009)                              #
#   Authors: RMG Developers (rmg_dev@mit.edu)                 #
#   P.I.:    William H. Green (whgreen@mit.edu)               #
#   Website: http://rmg.sourceforge.net/                      #
#                                                             #
###############################################################

Loading species ORGHESHFQPYLAO-UHFFFAOYSA-u1...
Loading species MHAJPDPJQMAIIY-UHFFFAOYSA...
Loading species VGGSQFUCUMXWEO-UHFFFAOYSA...
Loading species OUUQCZGPVNCOIJ-UHFFFAOYSA-u2...
Loading transition state TS...
Loading reaction OO+[CH]=C_C=C+[O]O...


Loading statistical mechanics parameters for ORGHESHFQPYLAO-UHFFFAOYSA-u1...
Warning: No bond energy correction found for model chemistry: M062X/MG3S
Saving statistical mechanics parameters for ORGHESHFQPYLAO-UHFFFAOYSA-u1...
Loading statistical mechanics parameters for MHAJPDPJQMAIIY-UHFFFAOYSA...
Warning: No bond energy correction found for model chemistry: M062X/MG3S
Saving statistical mechanics parameters for MHAJPDPJQMAIIY-UHFFFAOYSA...
Loading statistical mechanics parameters for VGGSQFUCUMXWEO-UHFFFAOYSA...
Warning: No bond energy correction found for model chemistry: M062X/MG3S
Saving statistical mechanics parameters for VGGSQFUCUMXWEO-UHFFFAOYSA...
Loading statistical mechanics parameters for OUUQCZGPVNCOIJ-UHFFFAOYSA-u2...
Warning: No bond energy correction found for model chemistry: M062X/MG3S
Saving statistical mechanics parameters for OUUQCZGPVNCOIJ-UHFFFAOYSA-u2...
Loading statistical mechanics parameters for TS...
Warning: No bond energy correction found for model chemistry: M062X/MG3S
Saving statistical mechanics parameters for TS...
Generating Arrhenius kinetics model for Arrhenius...
One or both of the barrier heights of -1.67037 and 96.7497 kJ/mol encountered in Eckart method are invalid.
Removing 'core*' files
Boo, reaction kinetics not calculated!!!
For reaction Reaction(reactants=[Molecule(SMILES="[CH]=C"), Molecule(SMILES="OO")], products=[Molecule(SMILES="C=C"), Molecule(SMILES="[O]O")], degeneracy=2, pairs=[[Molecule(SMILES="[CH]=C"), Molecule(SMILES="C=C")], [Molecule(SMILES="OO"), Molecule(SMILES="[O]O")]])
Warning: Couldn't calculate kinetics.
