comparerTST.py:41 <module> INFO RUNNING WITH JOB NUMBER i = 144
comparerTST.py:45 <module> INFO Loading RMG Database ...
comparerTST.py:48 <module> INFO /home/harms.n/Code/RMG-database/input
thermo.py:760 loadLibraries INFO Loading thermodynamics library from thermo_DFT_CCSDTF12_BAC.py in /home/harms.n/Code/RMG-database/input/thermo/libraries...
thermo.py:760 loadLibraries INFO Loading thermodynamics library from CBS_QB3_1dHR.py in /home/harms.n/Code/RMG-database/input/thermo/libraries...
thermo.py:760 loadLibraries INFO Loading thermodynamics library from primaryThermoLibrary.py in /home/harms.n/Code/RMG-database/input/thermo/libraries...
thermo.py:760 loadLibraries INFO Loading thermodynamics library from KlippensteinH2O2.py in /home/harms.n/Code/RMG-database/input/thermo/libraries...
thermo.py:774 loadGroups INFO Loading thermodynamics group database from /home/harms.n/Code/RMG-database/input/thermo/groups...
transport.py:294 loadGroups INFO Loading transport group database from /home/harms.n/Code/RMG-database/input/transport/groups...
database.py:165 loadFamilies INFO Loading the user-specified kinetics families from /home/harms.n/Code/RMG-database/input/kinetics/families
statmech.py:526 loadGroups INFO Loading frequencies group database from /home/harms.n/Code/RMG-database/input/statmech/groups...
comparerTST.py:57 <module> INFO RMG Database Loaded
comparerTST.py:81 <module> INFO generateReactionsFromFamilies successfuly performed
comparerTST.py:141 performCalcs INFO chemkinRxn: Reaction(reactants=[Molecule(SMILES="O=CO"), Molecule(SMILES="[O]O")], products=[Molecule(SMILES="OO"), Molecule(SMILES="O=[C]O")], pairs=[[Molecule(SMILES="O=CO"), Molecule(SMILES="O=[C]O")], [Molecule(SMILES="[O]O"), Molecule(SMILES="OO")]])
comparerTST.py:143 performCalcs INFO Ensuring resonance isomers have been generated
<type 'rmgpy.molecule.molecule.Molecule'>
<type 'rmgpy.molecule.molecule.Molecule'>
<type 'rmgpy.molecule.molecule.Molecule'>
<type 'rmgpy.molecule.molecule.Molecule'>
[Molecule(SMILES="O=CO"), Molecule(SMILES="[O]O")]
[Molecule(SMILES="OO"), Molecule(SMILES="O=[C]O")]
comparerTST.py:162 performCalcs INFO Generated one reaction:
comparerTST.py:163 performCalcs INFO [Reaction(reactants=[Molecule(SMILES="O=CO"), Molecule(SMILES="[O]O")], products=[Molecule(SMILES="OO"), Molecule(SMILES="O=[C]O")], pairs=[[Molecule(SMILES="O=CO"), Molecule(SMILES="O=[C]O")], [Molecule(SMILES="[O]O"), Molecule(SMILES="OO")]])]
comparerTST.py:172 performCalcs INFO The reaction of interest is as follows: 
comparerTST.py:173 performCalcs INFO <Molecule "O=CO"> + <Molecule "[O]O"> <=> <Molecule "OO"> + <Molecule "O=[C]O">
comparerTST.py:175 performCalcs INFO asserting that the testReaction is Isomorphic
comparerTST.py:177 performCalcs INFO reaction: Reaction(reactants=[Molecule(SMILES="O=CO"), Molecule(SMILES="[O]O")], products=[Molecule(SMILES="OO"), Molecule(SMILES="O=[C]O")], pairs=[[Molecule(SMILES="O=CO"), Molecule(SMILES="O=[C]O")], [Molecule(SMILES="[O]O"), Molecule(SMILES="OO")]])
comparerTST.py:183 performCalcs INFO Labeling reactant atoms
comparerTST.py:193 performCalcs INFO Labeling product atoms
comparerTST.py:209 performCalcs INFO We have generated a H_Abstraction reaction that matches, and used it to label the atoms.
comparerTST.py:211 performCalcs INFO Calculating reaction kinetics
comparerTST.py:119 calculate INFO Calculating reaction rate for <Molecule "O=CO"> + <Molecule "[O]O"> <=> <Molecule "OO"> + <Molecule "O=[C]O">
comparerTST.py:121 calculate INFO Selecting the appropriate TS distance database for family 'H_Abstraction'
comparerTST.py:123 calculate INFO Calculating kinetic data by calling qmCalc.getKineticData
reaction.py:96 loadKineticsDataFile INFO Reading existing kinetics file /gss_gpfs_scratch/harms.n/QMfiles/O=CO+[O]O_O=[C]O+OO.kinetics
comparerTST.py:125 calculate INFO Removing 'core*' files
comparerTST.py:133 calculate INFO Yay, reaction kinetics calculated!!!
comparerTST.py:134 calculate INFO Reaction(label='O=CO+[O]O_O=[C]O+OO', reactants=[Species(label="OUUQCZGPVNCOIJ-UHFFFAOYSA-u2", conformer=Conformer(E0=(6.19549,'kJ/mol'), modes=[IdealGasTranslation(mass=(32.9977,'amu')), NonlinearRotor(inertia=([0.800947,14.5112,15.3121],'amu*angstrom^2'), symmetry=1), HarmonicOscillator(frequencies=([1245.9,1447.19,3645.15],'cm^-1'))], spinMultiplicity=2)), Species(label="BDAGIHXWWSANSR-UHFFFAOYSA", conformer=Conformer(E0=(-370.318,'kJ/mol'), modes=[IdealGasTranslation(mass=(46.0055,'amu')), NonlinearRotor(inertia=([5.73598,42.7741,48.5101],'amu*angstrom^2'), symmetry=1), HarmonicOscillator(frequencies=([508.955,664.844,1035.46,1122.45,1268.53,1401.95,1886.99,2986.46,3823.26],'cm^-1'))]))], products=[Species(label="ORTFAQDWJHRMNX-UHFFFAOYSA-u1", conformer=Conformer(E0=(-194.766,'kJ/mol'), modes=[IdealGasTranslation(mass=(44.9977,'amu')), NonlinearRotor(inertia=([2.95615,43.5676,46.5237],'amu*angstrom^2'), symmetry=1), HarmonicOscillator(frequencies=([553.435,623.442,1103.55,1231.35,1937.77,3803.57],'cm^-1'))], spinMultiplicity=2)), Species(label="MHAJPDPJQMAIIY-UHFFFAOYSA", conformer=Conformer(E0=(-134.382,'kJ/mol'), modes=[IdealGasTranslation(mass=(34.0055,'amu')), NonlinearRotor(inertia=([1.63801,18.4022,19.029],'amu*angstrom^2'), symmetry=1), HarmonicOscillator(frequencies=([378.1,1029.14,1344.99,1458.5,3786.54,3787.27],'cm^-1'))]))], kinetics=Arrhenius(A=(0.00509617,'cm^3/(mol*s)'), n=4.05194, Ea=(31.2032,'kJ/mol'), T0=(1,'K'), Tmin=(303.03,'K'), Tmax=(2500,'K'), comment="""Fitted to 59 data points; dA = *|/ 1.1489, dn = +|- 0.0182168, dEa = +|- 0.100211 kJ/mol"""), transitionState=TransitionState(label="TS", conformer=Conformer(E0=(-316.297,'kJ/mol'), modes=[IdealGasTranslation(mass=(79.0031,'amu')), NonlinearRotor(inertia=([48.758,182.346,226.868],'amu*angstrom^2'), symmetry=1), HarmonicOscillator(frequencies=([103.062,192.691,259.217,328.774,470.583,521.793,675.273,709.154,1049.13,1057.53,1162.3,1329.08,1389.54,1577.09,1921.1,3620.4,3728.91],'cm^-1'))], spinMultiplicity=2), frequency=(-1857.34,'cm^-1'), tunneling=Eckart(frequency=(-1857.34,'cm^-1'), E0_reac=(-364.122,'kJ/mol'), E0_TS=(-316.297,'kJ/mol'), E0_prod=(-329.147,'kJ/mol'))))
comparerTST.py:214 performCalcs INFO For reaction Reaction(label='O=CO+[O]O_O=[C]O+OO', reactants=[Species(label="OUUQCZGPVNCOIJ-UHFFFAOYSA-u2", conformer=Conformer(E0=(6.19549,'kJ/mol'), modes=[IdealGasTranslation(mass=(32.9977,'amu')), NonlinearRotor(inertia=([0.800947,14.5112,15.3121],'amu*angstrom^2'), symmetry=1), HarmonicOscillator(frequencies=([1245.9,1447.19,3645.15],'cm^-1'))], spinMultiplicity=2)), Species(label="BDAGIHXWWSANSR-UHFFFAOYSA", conformer=Conformer(E0=(-370.318,'kJ/mol'), modes=[IdealGasTranslation(mass=(46.0055,'amu')), NonlinearRotor(inertia=([5.73598,42.7741,48.5101],'amu*angstrom^2'), symmetry=1), HarmonicOscillator(frequencies=([508.955,664.844,1035.46,1122.45,1268.53,1401.95,1886.99,2986.46,3823.26],'cm^-1'))]))], products=[Species(label="ORTFAQDWJHRMNX-UHFFFAOYSA-u1", conformer=Conformer(E0=(-194.766,'kJ/mol'), modes=[IdealGasTranslation(mass=(44.9977,'amu')), NonlinearRotor(inertia=([2.95615,43.5676,46.5237],'amu*angstrom^2'), symmetry=1), HarmonicOscillator(frequencies=([553.435,623.442,1103.55,1231.35,1937.77,3803.57],'cm^-1'))], spinMultiplicity=2)), Species(label="MHAJPDPJQMAIIY-UHFFFAOYSA", conformer=Conformer(E0=(-134.382,'kJ/mol'), modes=[IdealGasTranslation(mass=(34.0055,'amu')), NonlinearRotor(inertia=([1.63801,18.4022,19.029],'amu*angstrom^2'), symmetry=1), HarmonicOscillator(frequencies=([378.1,1029.14,1344.99,1458.5,3786.54,3787.27],'cm^-1'))]))], kinetics=Arrhenius(A=(0.00509617,'cm^3/(mol*s)'), n=4.05194, Ea=(31.2032,'kJ/mol'), T0=(1,'K'), Tmin=(303.03,'K'), Tmax=(2500,'K'), comment="""Fitted to 59 data points; dA = *|/ 1.1489, dn = +|- 0.0182168, dEa = +|- 0.100211 kJ/mol"""), transitionState=TransitionState(label="TS", conformer=Conformer(E0=(-316.297,'kJ/mol'), modes=[IdealGasTranslation(mass=(79.0031,'amu')), NonlinearRotor(inertia=([48.758,182.346,226.868],'amu*angstrom^2'), symmetry=1), HarmonicOscillator(frequencies=([103.062,192.691,259.217,328.774,470.583,521.793,675.273,709.154,1049.13,1057.53,1162.3,1329.08,1389.54,1577.09,1921.1,3620.4,3728.91],'cm^-1'))], spinMultiplicity=2), frequency=(-1857.34,'cm^-1'), tunneling=Eckart(frequency=(-1857.34,'cm^-1'), E0_reac=(-364.122,'kJ/mol'), E0_TS=(-316.297,'kJ/mol'), E0_prod=(-329.147,'kJ/mol'))))
comparerTST.py:216 performCalcs INFO We have calculated kinetics Arrhenius(A=(0.00509617,'cm^3/(mol*s)'), n=4.05194, Ea=(31.2032,'kJ/mol'), T0=(1,'K'), Tmin=(303.03,'K'), Tmax=(2500,'K'), comment="""Fitted to 59 data points; dA = *|/ 1.1489, dn = +|- 0.0182168, dEa = +|- 0.100211 kJ/mol""")
