comparerTST.py:41 <module> INFO RUNNING WITH JOB NUMBER i = 260
comparerTST.py:45 <module> INFO Loading RMG Database ...
comparerTST.py:48 <module> INFO /home/harms.n/Code/RMG-database/input
thermo.py:760 loadLibraries INFO Loading thermodynamics library from thermo_DFT_CCSDTF12_BAC.py in /home/harms.n/Code/RMG-database/input/thermo/libraries...
thermo.py:760 loadLibraries INFO Loading thermodynamics library from CBS_QB3_1dHR.py in /home/harms.n/Code/RMG-database/input/thermo/libraries...
thermo.py:760 loadLibraries INFO Loading thermodynamics library from primaryThermoLibrary.py in /home/harms.n/Code/RMG-database/input/thermo/libraries...
thermo.py:760 loadLibraries INFO Loading thermodynamics library from KlippensteinH2O2.py in /home/harms.n/Code/RMG-database/input/thermo/libraries...
thermo.py:774 loadGroups INFO Loading thermodynamics group database from /home/harms.n/Code/RMG-database/input/thermo/groups...
transport.py:294 loadGroups INFO Loading transport group database from /home/harms.n/Code/RMG-database/input/transport/groups...
database.py:165 loadFamilies INFO Loading the user-specified kinetics families from /home/harms.n/Code/RMG-database/input/kinetics/families
statmech.py:526 loadGroups INFO Loading frequencies group database from /home/harms.n/Code/RMG-database/input/statmech/groups...
comparerTST.py:57 <module> INFO RMG Database Loaded
comparerTST.py:81 <module> INFO generateReactionsFromFamilies successfuly performed
comparerTST.py:141 performCalcs INFO chemkinRxn: Reaction(reactants=[Molecule(SMILES="CCCC"), Molecule(SMILES="[O]O")], products=[Molecule(SMILES="OO"), Molecule(SMILES="C[CH]CC")], degeneracy=4, pairs=[[Molecule(SMILES="CCCC"), Molecule(SMILES="C[CH]CC")], [Molecule(SMILES="[O]O"), Molecule(SMILES="OO")]])
comparerTST.py:143 performCalcs INFO Ensuring resonance isomers have been generated
<type 'rmgpy.molecule.molecule.Molecule'>
<type 'rmgpy.molecule.molecule.Molecule'>
<type 'rmgpy.molecule.molecule.Molecule'>
<type 'rmgpy.molecule.molecule.Molecule'>
[Molecule(SMILES="CCCC"), Molecule(SMILES="[O]O")]
[Molecule(SMILES="OO"), Molecule(SMILES="C[CH]CC")]
comparerTST.py:162 performCalcs INFO Generated one reaction:
comparerTST.py:163 performCalcs INFO [Reaction(reactants=[Molecule(SMILES="CCCC"), Molecule(SMILES="[O]O")], products=[Molecule(SMILES="OO"), Molecule(SMILES="C[CH]CC")], degeneracy=4, pairs=[[Molecule(SMILES="CCCC"), Molecule(SMILES="C[CH]CC")], [Molecule(SMILES="[O]O"), Molecule(SMILES="OO")]])]
comparerTST.py:172 performCalcs INFO The reaction of interest is as follows: 
comparerTST.py:173 performCalcs INFO <Molecule "CCCC"> + <Molecule "[O]O"> <=> <Molecule "OO"> + <Molecule "C[CH]CC">
comparerTST.py:175 performCalcs INFO asserting that the testReaction is Isomorphic
comparerTST.py:177 performCalcs INFO reaction: Reaction(reactants=[Molecule(SMILES="CCCC"), Molecule(SMILES="[O]O")], products=[Molecule(SMILES="OO"), Molecule(SMILES="C[CH]CC")], degeneracy=4, pairs=[[Molecule(SMILES="CCCC"), Molecule(SMILES="C[CH]CC")], [Molecule(SMILES="[O]O"), Molecule(SMILES="OO")]])
comparerTST.py:183 performCalcs INFO Labeling reactant atoms
comparerTST.py:193 performCalcs INFO Labeling product atoms
comparerTST.py:209 performCalcs INFO We have generated a H_Abstraction reaction that matches, and used it to label the atoms.
comparerTST.py:211 performCalcs INFO Calculating reaction kinetics
comparerTST.py:119 calculate INFO Calculating reaction rate for <Molecule "CCCC"> + <Molecule "[O]O"> <=> <Molecule "OO"> + <Molecule "C[CH]CC">
comparerTST.py:121 calculate INFO Selecting the appropriate TS distance database for family 'H_Abstraction'
comparerTST.py:123 calculate INFO Calculating kinetic data by calling qmCalc.getKineticData
reaction.py:96 loadKineticsDataFile INFO Reading existing kinetics file /gss_gpfs_scratch/harms.n/QMfiles/CCCC+[O]O_C[CH]CC+OO.kinetics
comparerTST.py:125 calculate INFO Removing 'core*' files
comparerTST.py:133 calculate INFO Yay, reaction kinetics calculated!!!
comparerTST.py:134 calculate INFO Reaction(label='CCCC+[O]O_C[CH]CC+OO', reactants=[Species(label="OUUQCZGPVNCOIJ-UHFFFAOYSA-u2", conformer=Conformer(E0=(6.19549,'kJ/mol'), modes=[IdealGasTranslation(mass=(32.9977,'amu')), NonlinearRotor(inertia=([0.800947,14.5112,15.3121],'amu*angstrom^2'), symmetry=1), HarmonicOscillator(frequencies=([1245.9,1447.19,3645.15],'cm^-1'))], spinMultiplicity=2)), Species(label="IJDNQMDRQITEOD-UHFFFAOYSA", conformer=Conformer(E0=(-133.812,'kJ/mol'), modes=[IdealGasTranslation(mass=(58.0782,'amu')), NonlinearRotor(inertia=([21.4645,137.993,147.042],'amu*angstrom^2'), symmetry=1), HarmonicOscillator(frequencies=([81.3574,175.908,219.528,247.71,421.113,706.403,786.204,834.78,932.108,955.662,1019.78,1065.95,1152.62,1182.86,1259.95,1291.53,1304.02,1367.73,1381.11,1383.68,1459.61,1463.3,1471.45,1472.75,1477.84,1483.97,2967.38,2974.29,2977.37,2979.17,2992.3,3013.19,3043.98,3047.29,3052.1,3052.64],'cm^-1'))]))], products=[Species(label="ULOIAOPTGWSNHU-UHFFFAOYSA-u3", conformer=Conformer(E0=(56.3182,'kJ/mol'), modes=[IdealGasTranslation(mass=(57.0704,'amu')), NonlinearRotor(inertia=([18.8681,137.275,146.383],'amu*angstrom^2'), symmetry=1), HarmonicOscillator(frequencies=([58.3425,99.2533,221.262,251.027,353.079,426.758,758.617,845.905,962.679,973.729,1030.09,1053.48,1123.12,1169.7,1251.95,1293.77,1383.05,1391.72,1405.63,1451.96,1457.36,1467.07,1475.88,1484.32,2915.95,2932.14,2979.78,2995.42,3005.8,3064.61,3067.84,3068.54,3133.39],'cm^-1'))], spinMultiplicity=2)), Species(label="MHAJPDPJQMAIIY-UHFFFAOYSA", conformer=Conformer(E0=(-134.382,'kJ/mol'), modes=[IdealGasTranslation(mass=(34.0055,'amu')), NonlinearRotor(inertia=([1.63801,18.4022,19.029],'amu*angstrom^2'), symmetry=1), HarmonicOscillator(frequencies=([378.1,1029.14,1344.99,1458.5,3786.54,3787.27],'cm^-1'))]))], kinetics=Arrhenius(A=(0.00207952,'cm^3/(mol*s)'), n=4.45315, Ea=(49.8172,'kJ/mol'), T0=(1,'K'), Tmin=(303.03,'K'), Tmax=(2500,'K'), comment="""Fitted to 59 data points; dA = *|/ 1.32845, dn = +|- 0.0372742, dEa = +|- 0.205045 kJ/mol"""), transitionState=TransitionState(label="TS", conformer=Conformer(E0=(-60.5432,'kJ/mol'), modes=[IdealGasTranslation(mass=(91.0759,'amu')), NonlinearRotor(inertia=([102.165,296.817,340.798],'amu*angstrom^2'), symmetry=1), HarmonicOscillator(frequencies=([19.7865,74.8529,104.01,124.937,154.265,222.805,252.768,385.983,397.436,421.55,586.039,765.578,833.319,855.788,953.997,971.756,993.379,1064.5,1084.88,1132.25,1146.79,1172.52,1267.2,1321.25,1355.59,1380.97,1387.05,1398.63,1445.49,1454.12,1460.67,1468.67,1477.05,1485.56,2971.74,2980.24,2995.36,3023.56,3033.6,3051.28,3065.94,3071.14,3076.3,3751.62],'cm^-1'))], spinMultiplicity=2), frequency=(-1803.93,'cm^-1'), tunneling=Eckart(frequency=(-1803.93,'cm^-1'), E0_reac=(-127.617,'kJ/mol'), E0_TS=(-60.5432,'kJ/mol'), E0_prod=(-78.0636,'kJ/mol'))))
comparerTST.py:214 performCalcs INFO For reaction Reaction(label='CCCC+[O]O_C[CH]CC+OO', reactants=[Species(label="OUUQCZGPVNCOIJ-UHFFFAOYSA-u2", conformer=Conformer(E0=(6.19549,'kJ/mol'), modes=[IdealGasTranslation(mass=(32.9977,'amu')), NonlinearRotor(inertia=([0.800947,14.5112,15.3121],'amu*angstrom^2'), symmetry=1), HarmonicOscillator(frequencies=([1245.9,1447.19,3645.15],'cm^-1'))], spinMultiplicity=2)), Species(label="IJDNQMDRQITEOD-UHFFFAOYSA", conformer=Conformer(E0=(-133.812,'kJ/mol'), modes=[IdealGasTranslation(mass=(58.0782,'amu')), NonlinearRotor(inertia=([21.4645,137.993,147.042],'amu*angstrom^2'), symmetry=1), HarmonicOscillator(frequencies=([81.3574,175.908,219.528,247.71,421.113,706.403,786.204,834.78,932.108,955.662,1019.78,1065.95,1152.62,1182.86,1259.95,1291.53,1304.02,1367.73,1381.11,1383.68,1459.61,1463.3,1471.45,1472.75,1477.84,1483.97,2967.38,2974.29,2977.37,2979.17,2992.3,3013.19,3043.98,3047.29,3052.1,3052.64],'cm^-1'))]))], products=[Species(label="ULOIAOPTGWSNHU-UHFFFAOYSA-u3", conformer=Conformer(E0=(56.3182,'kJ/mol'), modes=[IdealGasTranslation(mass=(57.0704,'amu')), NonlinearRotor(inertia=([18.8681,137.275,146.383],'amu*angstrom^2'), symmetry=1), HarmonicOscillator(frequencies=([58.3425,99.2533,221.262,251.027,353.079,426.758,758.617,845.905,962.679,973.729,1030.09,1053.48,1123.12,1169.7,1251.95,1293.77,1383.05,1391.72,1405.63,1451.96,1457.36,1467.07,1475.88,1484.32,2915.95,2932.14,2979.78,2995.42,3005.8,3064.61,3067.84,3068.54,3133.39],'cm^-1'))], spinMultiplicity=2)), Species(label="MHAJPDPJQMAIIY-UHFFFAOYSA", conformer=Conformer(E0=(-134.382,'kJ/mol'), modes=[IdealGasTranslation(mass=(34.0055,'amu')), NonlinearRotor(inertia=([1.63801,18.4022,19.029],'amu*angstrom^2'), symmetry=1), HarmonicOscillator(frequencies=([378.1,1029.14,1344.99,1458.5,3786.54,3787.27],'cm^-1'))]))], kinetics=Arrhenius(A=(0.00207952,'cm^3/(mol*s)'), n=4.45315, Ea=(49.8172,'kJ/mol'), T0=(1,'K'), Tmin=(303.03,'K'), Tmax=(2500,'K'), comment="""Fitted to 59 data points; dA = *|/ 1.32845, dn = +|- 0.0372742, dEa = +|- 0.205045 kJ/mol"""), transitionState=TransitionState(label="TS", conformer=Conformer(E0=(-60.5432,'kJ/mol'), modes=[IdealGasTranslation(mass=(91.0759,'amu')), NonlinearRotor(inertia=([102.165,296.817,340.798],'amu*angstrom^2'), symmetry=1), HarmonicOscillator(frequencies=([19.7865,74.8529,104.01,124.937,154.265,222.805,252.768,385.983,397.436,421.55,586.039,765.578,833.319,855.788,953.997,971.756,993.379,1064.5,1084.88,1132.25,1146.79,1172.52,1267.2,1321.25,1355.59,1380.97,1387.05,1398.63,1445.49,1454.12,1460.67,1468.67,1477.05,1485.56,2971.74,2980.24,2995.36,3023.56,3033.6,3051.28,3065.94,3071.14,3076.3,3751.62],'cm^-1'))], spinMultiplicity=2), frequency=(-1803.93,'cm^-1'), tunneling=Eckart(frequency=(-1803.93,'cm^-1'), E0_reac=(-127.617,'kJ/mol'), E0_TS=(-60.5432,'kJ/mol'), E0_prod=(-78.0636,'kJ/mol'))))
comparerTST.py:216 performCalcs INFO We have calculated kinetics Arrhenius(A=(0.00207952,'cm^3/(mol*s)'), n=4.45315, Ea=(49.8172,'kJ/mol'), T0=(1,'K'), Tmin=(303.03,'K'), Tmax=(2500,'K'), comment="""Fitted to 59 data points; dA = *|/ 1.32845, dn = +|- 0.0372742, dEa = +|- 0.205045 kJ/mol""")
