comparerTST.py:41 <module> INFO RUNNING WITH JOB NUMBER i = 150
comparerTST.py:45 <module> INFO Loading RMG Database ...
comparerTST.py:48 <module> INFO /home/harms.n/Code/RMG-database/input
thermo.py:760 loadLibraries INFO Loading thermodynamics library from thermo_DFT_CCSDTF12_BAC.py in /home/harms.n/Code/RMG-database/input/thermo/libraries...
thermo.py:760 loadLibraries INFO Loading thermodynamics library from CBS_QB3_1dHR.py in /home/harms.n/Code/RMG-database/input/thermo/libraries...
thermo.py:760 loadLibraries INFO Loading thermodynamics library from primaryThermoLibrary.py in /home/harms.n/Code/RMG-database/input/thermo/libraries...
thermo.py:760 loadLibraries INFO Loading thermodynamics library from KlippensteinH2O2.py in /home/harms.n/Code/RMG-database/input/thermo/libraries...
thermo.py:774 loadGroups INFO Loading thermodynamics group database from /home/harms.n/Code/RMG-database/input/thermo/groups...
transport.py:294 loadGroups INFO Loading transport group database from /home/harms.n/Code/RMG-database/input/transport/groups...
database.py:165 loadFamilies INFO Loading the user-specified kinetics families from /home/harms.n/Code/RMG-database/input/kinetics/families
statmech.py:526 loadGroups INFO Loading frequencies group database from /home/harms.n/Code/RMG-database/input/statmech/groups...
comparerTST.py:57 <module> INFO RMG Database Loaded
comparerTST.py:81 <module> INFO generateReactionsFromFamilies successfuly performed
comparerTST.py:141 performCalcs INFO chemkinRxn: Reaction(reactants=[Molecule(SMILES="CO[O]"), Molecule(SMILES="[O]O")], products=[Molecule(SMILES="OO"), Molecule(SMILES="[CH2]O[O]")], degeneracy=3, pairs=[[Molecule(SMILES="CO[O]"), Molecule(SMILES="[CH2]O[O]")], [Molecule(SMILES="[O]O"), Molecule(SMILES="OO")]])
comparerTST.py:143 performCalcs INFO Ensuring resonance isomers have been generated
<type 'rmgpy.molecule.molecule.Molecule'>
<type 'rmgpy.molecule.molecule.Molecule'>
<type 'rmgpy.molecule.molecule.Molecule'>
<type 'rmgpy.molecule.molecule.Molecule'>
[Molecule(SMILES="CO[O]"), Molecule(SMILES="[O]O")]
[Molecule(SMILES="OO"), Molecule(SMILES="[CH2]O[O]")]
comparerTST.py:162 performCalcs INFO Generated one reaction:
comparerTST.py:163 performCalcs INFO [Reaction(reactants=[Molecule(SMILES="CO[O]"), Molecule(SMILES="[O]O")], products=[Molecule(SMILES="OO"), Molecule(SMILES="[CH2]O[O]")], degeneracy=3, pairs=[[Molecule(SMILES="CO[O]"), Molecule(SMILES="[CH2]O[O]")], [Molecule(SMILES="[O]O"), Molecule(SMILES="OO")]])]
comparerTST.py:172 performCalcs INFO The reaction of interest is as follows: 
comparerTST.py:173 performCalcs INFO <Molecule "CO[O]"> + <Molecule "[O]O"> <=> <Molecule "OO"> + <Molecule "[CH2]O[O]">
comparerTST.py:175 performCalcs INFO asserting that the testReaction is Isomorphic
comparerTST.py:177 performCalcs INFO reaction: Reaction(reactants=[Molecule(SMILES="CO[O]"), Molecule(SMILES="[O]O")], products=[Molecule(SMILES="OO"), Molecule(SMILES="[CH2]O[O]")], degeneracy=3, pairs=[[Molecule(SMILES="CO[O]"), Molecule(SMILES="[CH2]O[O]")], [Molecule(SMILES="[O]O"), Molecule(SMILES="OO")]])
comparerTST.py:183 performCalcs INFO Labeling reactant atoms
comparerTST.py:193 performCalcs INFO Labeling product atoms
comparerTST.py:209 performCalcs INFO We have generated a H_Abstraction reaction that matches, and used it to label the atoms.
comparerTST.py:211 performCalcs INFO Calculating reaction kinetics
comparerTST.py:119 calculate INFO Calculating reaction rate for <Molecule "CO[O]"> + <Molecule "[O]O"> <=> <Molecule "OO"> + <Molecule "[CH2]O[O]">
comparerTST.py:121 calculate INFO Selecting the appropriate TS distance database for family 'H_Abstraction'
comparerTST.py:123 calculate INFO Calculating kinetic data by calling qmCalc.getKineticData
reaction.py:619 loadKineticsData INFO Kinetics results file /gss_gpfs_scratch/harms.n/QMfiles/CO[O]+[O]O_OO+[CH2]O[O].kinetics does not exist or is invalid
reaction.py:520 generateTSGeometryDirectGuess INFO Generating a TS geometry via the direct guess method
reaction.py:300 generateBoundsMatrix INFO Generating bounds matrix for CO[O].[O]O
reaction.py:338 bmPreEdit INFO Changing lower limit 2.9 to 2.446257
reaction.py:338 bmPreEdit INFO Changing lower limit 2.523005 to 2.476712
reaction.py:338 bmPreEdit INFO Changing lower limit 3.4 to 3.21109254181
reaction.py:561 generateTSGeometryDirectGuess INFO TS estimate made. About to try the search...
reaction.py:426 optimizeTS INFO Starting optimization steps of the TS search.
gaussian.py:535 optEstimate INFO Running loose optimization of TS with frozen center
gaussian.py:189 writeInputFile INFO Writing gaussian input file /gss_gpfs_scratch/harms.n/QMscratch/CO[O]+[O]O_OO+[CH2]O[O]Est.gjf
gaussian.py:590 optRxnCenter INFO Optimization of TS reaction center distances
gaussian.py:189 writeInputFile INFO Writing gaussian input file /gss_gpfs_scratch/harms.n/QMscratch/CO[O]+[O]O_OO+[CH2]O[O]RxnC.gjf
reaction.py:443 optimizeTS INFO Optimizing TS attempt 1
gaussian.py:485 createInputFile INFO Creating input file
gaussian.py:189 writeInputFile INFO Writing gaussian input file None
gaussian.py:748 verifyOutputFile INFO Verifying output file /gss_gpfs_scratch/harms.n/QMscratch/CO[O]+[O]O_OO+[CH2]O[O].log
gaussian.py:516 createIRCFile INFO Creating IRC file
gaussian.py:189 writeInputFile INFO Writing gaussian input file /gss_gpfs_scratch/harms.n/QMscratch/CO[O]+[O]O_OO+[CH2]O[O]IRC.gjf
gaussian.py:685 runIRC INFO Running IRC
gaussian.py:843 verifyIRCOutputFile INFO Verifying the IRC output file /gss_gpfs_scratch/harms.n/QMscratch/CO[O]+[O]O_OO+[CH2]O[O]IRC.log
gaussian.py:878 verifyIRCOutputFile INFO Checking if all the success keywords are found in the file.
reaction.py:570 saveTSData INFO Saving TS result file /gss_gpfs_scratch/harms.n/QMfiles/CO[O]+[O]O_OO+[CH2]O[O].ts
gaussian.py:991 parse INFO Parsing the gaussian output /gss_gpfs_scratch/harms.n/QMscratch/CO[O]+[O]O_OO+[CH2]O[O].log
gaussian.py:168 verifyOutputFile INFO Successful GaussianMolM062X quantum result in /gss_gpfs_scratch/harms.n/QMscratch/WTFNSXYULBQCQV-UHFFFAOYSA-u2.log
gaussian.py:268 generateQMData INFO Found a successful output file; using that.
symmetry.py:221 writeInputFile INFO Symmetry input file written to /gss_gpfs_scratch/harms.n/QMscratch/WTFNSXYULBQCQV-UHFFFAOYSA-u2.symm
symmetry.py:188 parse INFO Point group: Cs
gaussian.py:168 verifyOutputFile INFO Successful GaussianMolM062X quantum result in /gss_gpfs_scratch/harms.n/QMscratch/OUUQCZGPVNCOIJ-UHFFFAOYSA-u2.log
gaussian.py:268 generateQMData INFO Found a successful output file; using that.
symmetry.py:221 writeInputFile INFO Symmetry input file written to /gss_gpfs_scratch/harms.n/QMscratch/OUUQCZGPVNCOIJ-UHFFFAOYSA-u2.symm
symmetry.py:188 parse INFO Point group: Cs
gaussian.py:168 verifyOutputFile INFO Successful GaussianMolM062X quantum result in /gss_gpfs_scratch/harms.n/QMscratch/MHAJPDPJQMAIIY-UHFFFAOYSA.log
gaussian.py:268 generateQMData INFO Found a successful output file; using that.
symmetry.py:221 writeInputFile INFO Symmetry input file written to /gss_gpfs_scratch/harms.n/QMscratch/MHAJPDPJQMAIIY-UHFFFAOYSA.symm
symmetry.py:188 parse INFO Point group: C2
gaussian.py:168 verifyOutputFile INFO Successful GaussianMolM062X quantum result in /gss_gpfs_scratch/harms.n/QMscratch/SBHHFAIXPSFQLT-UHFFFAOYSA-u1,2.log
gaussian.py:268 generateQMData INFO Found a successful output file; using that.
symmetry.py:221 writeInputFile INFO Symmetry input file written to /gss_gpfs_scratch/harms.n/QMscratch/SBHHFAIXPSFQLT-UHFFFAOYSA-u1,2.symm
symmetry.py:188 parse INFO Point group: Cs
CanTherm execution initiated at Tue Aug  1 14:43:19 2017

###############################################################
#                                                             #
#                          CanTherm                           #
#                                                             #
#   Version: 0.1.0 (14 May 2009)                              #
#   Authors: RMG Developers (rmg_dev@mit.edu)                 #
#   P.I.:    William H. Green (whgreen@mit.edu)               #
#   Website: http://rmg.sourceforge.net/                      #
#                                                             #
###############################################################

Loading species WTFNSXYULBQCQV-UHFFFAOYSA-u2...
Loading species OUUQCZGPVNCOIJ-UHFFFAOYSA-u2...
Loading species MHAJPDPJQMAIIY-UHFFFAOYSA...
Loading species SBHHFAIXPSFQLT-UHFFFAOYSA-u1,2...
Loading transition state TS...
Loading reaction CO[O]+[O]O_OO+[CH2]O[O]...


Loading statistical mechanics parameters for WTFNSXYULBQCQV-UHFFFAOYSA-u2...
Warning: No bond energy correction found for model chemistry: M062X/MG3S
Saving statistical mechanics parameters for WTFNSXYULBQCQV-UHFFFAOYSA-u2...
Loading statistical mechanics parameters for OUUQCZGPVNCOIJ-UHFFFAOYSA-u2...
Warning: No bond energy correction found for model chemistry: M062X/MG3S
Saving statistical mechanics parameters for OUUQCZGPVNCOIJ-UHFFFAOYSA-u2...
Loading statistical mechanics parameters for MHAJPDPJQMAIIY-UHFFFAOYSA...
Warning: No bond energy correction found for model chemistry: M062X/MG3S
Saving statistical mechanics parameters for MHAJPDPJQMAIIY-UHFFFAOYSA...
Loading statistical mechanics parameters for SBHHFAIXPSFQLT-UHFFFAOYSA-u1,2...
Warning: No bond energy correction found for model chemistry: M062X/MG3S
Saving statistical mechanics parameters for SBHHFAIXPSFQLT-UHFFFAOYSA-u1,2...
Loading statistical mechanics parameters for TS...
Warning: No bond energy correction found for model chemistry: M062X/MG3S
Saving statistical mechanics parameters for TS...
Generating Arrhenius kinetics model for Arrhenius...
Saving kinetics for OUUQCZGPVNCOIJ-UHFFFAOYSA-u2 + WTFNSXYULBQCQV-UHFFFAOYSA-u2 <=> SBHHFAIXPSFQLT-UHFFFAOYSA-u1,2 + MHAJPDPJQMAIIY-UHFFFAOYSA...

CanTherm execution terminated at Tue Aug  1 14:43:20 2017
Saving kinetics data file /gss_gpfs_scratch/harms.n/QMfiles/CO[O]+[O]O_OO+[CH2]O[O].kinetics
Removing 'core*' files
Yay, reaction kinetics calculated!!!
Reaction(label='CO[O]+[O]O_OO+[CH2]O[O]', reactants=[Species(label="OUUQCZGPVNCOIJ-UHFFFAOYSA-u2", conformer=Conformer(E0=(6.19549,'kJ/mol'), modes=[IdealGasTranslation(mass=(32.9977,'amu')), NonlinearRotor(inertia=([0.800947,14.5112,15.3121],'amu*angstrom^2'), symmetry=1), HarmonicOscillator(frequencies=([1245.9,1447.19,3645.15],'cm^-1'))], spinMultiplicity=2)), Species(label="WTFNSXYULBQCQV-UHFFFAOYSA-u2", conformer=Conformer(E0=(-1.50004,'kJ/mol'), modes=[IdealGasTranslation(mass=(47.0133,'amu')), NonlinearRotor(inertia=([9.39241,43.6626,49.8308],'amu*angstrom^2'), symmetry=1), HarmonicOscillator(frequencies=([110.146,504.477,966.16,1126.1,1181.65,1282.22,1435.79,1453.82,1468.51,3023.12,3121.23,3122.51],'cm^-1'))], spinMultiplicity=2))], products=[Species(label="SBHHFAIXPSFQLT-UHFFFAOYSA-u1,2", conformer=Conformer(E0=(216.916,'kJ/mol'), modes=[IdealGasTranslation(mass=(46.0055,'amu')), NonlinearRotor(inertia=([8.5814,40.5468,45.47],'amu*angstrom^2'), symmetry=1), HarmonicOscillator(frequencies=([255.354,404.384,617.067,1079.61,1106.05,1130.87,1433.34,3131.02,3280.64],'cm^-1'))], spinMultiplicity=3)), Species(label="MHAJPDPJQMAIIY-UHFFFAOYSA", conformer=Conformer(E0=(-134.382,'kJ/mol'), modes=[IdealGasTranslation(mass=(34.0055,'amu')), NonlinearRotor(inertia=([1.63801,18.4022,19.029],'amu*angstrom^2'), symmetry=1), HarmonicOscillator(frequencies=([378.1,1029.14,1344.99,1458.5,3786.54,3787.27],'cm^-1'))]))], kinetics=Arrhenius(A=(0.000273195,'cm^3/(mol*s)'), n=4.38534, Ea=(77.3418,'kJ/mol'), T0=(1,'K'), Tmin=(303.03,'K'), Tmax=(2500,'K'), comment="""Fitted to 59 data points; dA = *|/ 1.27191, dn = +|- 0.0315657, dEa = +|- 0.173643 kJ/mol"""), transitionState=TransitionState(label="TS", conformer=Conformer(E0=(98.4695,'kJ/mol'), modes=[IdealGasTranslation(mass=(80.011,'amu')), NonlinearRotor(inertia=([64.3534,149.337,192.566],'amu*angstrom^2'), symmetry=1), HarmonicOscillator(frequencies=([91.4793,143.44,171.042,296.483,366.163,461.881,515.971,605.43,966.508,1021.69,1072.43,1152.82,1187.05,1225.96,1415.7,1426.22,1497.59,3064.13,3198.9,3733.12],'cm^-1'))], spinMultiplicity=3), frequency=(-1501.75,'cm^-1'), tunneling=Eckart(frequency=(-1501.75,'cm^-1'), E0_reac=(4.69545,'kJ/mol'), E0_TS=(98.4695,'kJ/mol'), E0_prod=(82.5346,'kJ/mol'))))
For reaction Reaction(label='CO[O]+[O]O_OO+[CH2]O[O]', reactants=[Species(label="OUUQCZGPVNCOIJ-UHFFFAOYSA-u2", conformer=Conformer(E0=(6.19549,'kJ/mol'), modes=[IdealGasTranslation(mass=(32.9977,'amu')), NonlinearRotor(inertia=([0.800947,14.5112,15.3121],'amu*angstrom^2'), symmetry=1), HarmonicOscillator(frequencies=([1245.9,1447.19,3645.15],'cm^-1'))], spinMultiplicity=2)), Species(label="WTFNSXYULBQCQV-UHFFFAOYSA-u2", conformer=Conformer(E0=(-1.50004,'kJ/mol'), modes=[IdealGasTranslation(mass=(47.0133,'amu')), NonlinearRotor(inertia=([9.39241,43.6626,49.8308],'amu*angstrom^2'), symmetry=1), HarmonicOscillator(frequencies=([110.146,504.477,966.16,1126.1,1181.65,1282.22,1435.79,1453.82,1468.51,3023.12,3121.23,3122.51],'cm^-1'))], spinMultiplicity=2))], products=[Species(label="SBHHFAIXPSFQLT-UHFFFAOYSA-u1,2", conformer=Conformer(E0=(216.916,'kJ/mol'), modes=[IdealGasTranslation(mass=(46.0055,'amu')), NonlinearRotor(inertia=([8.5814,40.5468,45.47],'amu*angstrom^2'), symmetry=1), HarmonicOscillator(frequencies=([255.354,404.384,617.067,1079.61,1106.05,1130.87,1433.34,3131.02,3280.64],'cm^-1'))], spinMultiplicity=3)), Species(label="MHAJPDPJQMAIIY-UHFFFAOYSA", conformer=Conformer(E0=(-134.382,'kJ/mol'), modes=[IdealGasTranslation(mass=(34.0055,'amu')), NonlinearRotor(inertia=([1.63801,18.4022,19.029],'amu*angstrom^2'), symmetry=1), HarmonicOscillator(frequencies=([378.1,1029.14,1344.99,1458.5,3786.54,3787.27],'cm^-1'))]))], kinetics=Arrhenius(A=(0.000273195,'cm^3/(mol*s)'), n=4.38534, Ea=(77.3418,'kJ/mol'), T0=(1,'K'), Tmin=(303.03,'K'), Tmax=(2500,'K'), comment="""Fitted to 59 data points; dA = *|/ 1.27191, dn = +|- 0.0315657, dEa = +|- 0.173643 kJ/mol"""), transitionState=TransitionState(label="TS", conformer=Conformer(E0=(98.4695,'kJ/mol'), modes=[IdealGasTranslation(mass=(80.011,'amu')), NonlinearRotor(inertia=([64.3534,149.337,192.566],'amu*angstrom^2'), symmetry=1), HarmonicOscillator(frequencies=([91.4793,143.44,171.042,296.483,366.163,461.881,515.971,605.43,966.508,1021.69,1072.43,1152.82,1187.05,1225.96,1415.7,1426.22,1497.59,3064.13,3198.9,3733.12],'cm^-1'))], spinMultiplicity=3), frequency=(-1501.75,'cm^-1'), tunneling=Eckart(frequency=(-1501.75,'cm^-1'), E0_reac=(4.69545,'kJ/mol'), E0_TS=(98.4695,'kJ/mol'), E0_prod=(82.5346,'kJ/mol'))))
We have calculated kinetics Arrhenius(A=(0.000273195,'cm^3/(mol*s)'), n=4.38534, Ea=(77.3418,'kJ/mol'), T0=(1,'K'), Tmin=(303.03,'K'), Tmax=(2500,'K'), comment="""Fitted to 59 data points; dA = *|/ 1.27191, dn = +|- 0.0315657, dEa = +|- 0.173643 kJ/mol""")
