comparerTST.py:41 <module> INFO RUNNING WITH JOB NUMBER i = 355
comparerTST.py:45 <module> INFO Loading RMG Database ...
comparerTST.py:48 <module> INFO /home/harms.n/Code/RMG-database/input
thermo.py:760 loadLibraries INFO Loading thermodynamics library from thermo_DFT_CCSDTF12_BAC.py in /home/harms.n/Code/RMG-database/input/thermo/libraries...
thermo.py:760 loadLibraries INFO Loading thermodynamics library from CBS_QB3_1dHR.py in /home/harms.n/Code/RMG-database/input/thermo/libraries...
thermo.py:760 loadLibraries INFO Loading thermodynamics library from primaryThermoLibrary.py in /home/harms.n/Code/RMG-database/input/thermo/libraries...
thermo.py:760 loadLibraries INFO Loading thermodynamics library from KlippensteinH2O2.py in /home/harms.n/Code/RMG-database/input/thermo/libraries...
thermo.py:774 loadGroups INFO Loading thermodynamics group database from /home/harms.n/Code/RMG-database/input/thermo/groups...
transport.py:294 loadGroups INFO Loading transport group database from /home/harms.n/Code/RMG-database/input/transport/groups...
database.py:165 loadFamilies INFO Loading the user-specified kinetics families from /home/harms.n/Code/RMG-database/input/kinetics/families
statmech.py:526 loadGroups INFO Loading frequencies group database from /home/harms.n/Code/RMG-database/input/statmech/groups...
comparerTST.py:57 <module> INFO RMG Database Loaded
comparerTST.py:81 <module> INFO generateReactionsFromFamilies successfuly performed
comparerTST.py:141 performCalcs INFO chemkinRxn: Reaction(reactants=[Molecule(SMILES="[CH2]C(=C)CO"), Molecule(SMILES="OO")], products=[Molecule(SMILES="C=C(C)CO"), Molecule(SMILES="[O]O")], degeneracy=2, pairs=[[Molecule(SMILES="[CH2]C(=C)CO"), Molecule(SMILES="C=C(C)CO")], [Molecule(SMILES="OO"), Molecule(SMILES="[O]O")]])
comparerTST.py:143 performCalcs INFO Ensuring resonance isomers have been generated
<type 'rmgpy.molecule.molecule.Molecule'>
<type 'rmgpy.molecule.molecule.Molecule'>
<type 'rmgpy.molecule.molecule.Molecule'>
<type 'rmgpy.molecule.molecule.Molecule'>
[Molecule(SMILES="[CH2]C(=C)CO"), Molecule(SMILES="OO")]
[Molecule(SMILES="C=C(C)CO"), Molecule(SMILES="[O]O")]
comparerTST.py:162 performCalcs INFO Generated one reaction:
comparerTST.py:163 performCalcs INFO [Reaction(reactants=[Molecule(SMILES="[CH2]C(=C)CO"), Molecule(SMILES="OO")], products=[Molecule(SMILES="C=C(C)CO"), Molecule(SMILES="[O]O")], degeneracy=2, pairs=[[Molecule(SMILES="[CH2]C(=C)CO"), Molecule(SMILES="C=C(C)CO")], [Molecule(SMILES="OO"), Molecule(SMILES="[O]O")]])]
comparerTST.py:172 performCalcs INFO The reaction of interest is as follows: 
comparerTST.py:173 performCalcs INFO <Molecule "[CH2]C(=C)CO"> + <Molecule "OO"> <=> <Molecule "C=C(C)CO"> + <Molecule "[O]O">
comparerTST.py:175 performCalcs INFO asserting that the testReaction is Isomorphic
comparerTST.py:177 performCalcs INFO reaction: Reaction(reactants=[Molecule(SMILES="[CH2]C(=C)CO"), Molecule(SMILES="OO")], products=[Molecule(SMILES="C=C(C)CO"), Molecule(SMILES="[O]O")], degeneracy=2, pairs=[[Molecule(SMILES="[CH2]C(=C)CO"), Molecule(SMILES="C=C(C)CO")], [Molecule(SMILES="OO"), Molecule(SMILES="[O]O")]])
comparerTST.py:183 performCalcs INFO Labeling reactant atoms
comparerTST.py:193 performCalcs INFO Labeling product atoms
comparerTST.py:209 performCalcs INFO We have generated a H_Abstraction reaction that matches, and used it to label the atoms.
comparerTST.py:211 performCalcs INFO Calculating reaction kinetics
comparerTST.py:119 calculate INFO Calculating reaction rate for <Molecule "[CH2]C(=C)CO"> + <Molecule "OO"> <=> <Molecule "C=C(C)CO"> + <Molecule "[O]O">
comparerTST.py:121 calculate INFO Selecting the appropriate TS distance database for family 'H_Abstraction'
comparerTST.py:123 calculate INFO Calculating kinetic data by calling qmCalc.getKineticData
reaction.py:96 loadKineticsDataFile INFO Reading existing kinetics file /gss_gpfs_scratch/harms.n/QMfiles/OO+[CH2]C(=C)CO_C=C(C)CO+[O]O.kinetics
comparerTST.py:125 calculate INFO Removing 'core*' files
comparerTST.py:133 calculate INFO Yay, reaction kinetics calculated!!!
comparerTST.py:134 calculate INFO Reaction(label='OO+[CH2]C(=C)CO_C=C(C)CO+[O]O', reactants=[Species(label="PPMMIUWFZADHOD-UHFFFAOYSA-u1", conformer=Conformer(E0=(-18.3979,'kJ/mol'), modes=[IdealGasTranslation(mass=(71.0497,'amu')), NonlinearRotor(inertia=([53.0901,126.468,176.405],'amu*angstrom^2'), symmetry=1), HarmonicOscillator(frequencies=([54.2269,187.381,299.043,405.347,459.56,509.89,523.806,585.814,751.675,830.808,846.076,963.184,1026.91,1027.82,1116.83,1162.02,1265.05,1266.51,1370.02,1441.51,1457.49,1494.67,1522.34,2981.51,3012.99,3094.75,3115.25,3190.16,3223.54,3860.05],'cm^-1'))], spinMultiplicity=2)), Species(label="MHAJPDPJQMAIIY-UHFFFAOYSA", conformer=Conformer(E0=(-134.382,'kJ/mol'), modes=[IdealGasTranslation(mass=(34.0055,'amu')), NonlinearRotor(inertia=([1.63801,18.4022,19.029],'amu*angstrom^2'), symmetry=1), HarmonicOscillator(frequencies=([378.1,1029.14,1344.99,1458.5,3786.54,3787.27],'cm^-1'))]))], products=[Species(label="OUUQCZGPVNCOIJ-UHFFFAOYSA-u2", conformer=Conformer(E0=(6.19549,'kJ/mol'), modes=[IdealGasTranslation(mass=(32.9977,'amu')), NonlinearRotor(inertia=([0.800947,14.5112,15.3121],'amu*angstrom^2'), symmetry=1), HarmonicOscillator(frequencies=([1245.9,1447.19,3645.15],'cm^-1'))], spinMultiplicity=2)), Species(label="BYDRTKVGBRTTIT-UHFFFAOYSA", conformer=Conformer(E0=(-172.504,'kJ/mol'), modes=[IdealGasTranslation(mass=(72.0575,'amu')), NonlinearRotor(inertia=([64.6523,126.186,172.278],'amu*angstrom^2'), symmetry=1), HarmonicOscillator(frequencies=([86.2921,166.68,257.975,272.493,392.556,418.97,554.704,714.02,820.583,940.08,960.522,968.89,1035.65,1071.77,1093.23,1205.13,1242.22,1305.21,1386.19,1412.72,1440,1453.29,1472.93,1492.04,1718.86,2964.44,2987.21,3017.2,3050.98,3088.8,3090.81,3170.73,3857.36],'cm^-1'))]))], kinetics=Arrhenius(A=(9.52481e-07,'cm^3/(mol*s)'), n=4.88615, Ea=(13.2201,'kJ/mol'), T0=(1,'K'), Tmin=(303.03,'K'), Tmax=(2500,'K'), comment="""Fitted to 59 data points; dA = *|/ 1.95699, dn = +|- 0.088116, dEa = +|- 0.484727 kJ/mol"""), transitionState=TransitionState(label="TS", conformer=Conformer(E0=(-111.213,'kJ/mol'), modes=[IdealGasTranslation(mass=(105.055,'amu')), NonlinearRotor(inertia=([124.774,375.2,419.896],'amu*angstrom^2'), symmetry=1), HarmonicOscillator(frequencies=([49.497,71.5699,104.386,120.255,209.461,262.507,344.308,401.361,413.824,445.432,548.459,594.53,652.32,714.546,852.082,931.078,945.943,986.799,1008.52,1033.52,1093.68,1095.66,1182.54,1196.14,1318.06,1339.77,1388.72,1417.94,1425.04,1438.11,1455.98,1479.88,1643.09,2989.58,3042.81,3050.03,3106.02,3136.93,3194.83,3712.4,3832.01],'cm^-1'))], spinMultiplicity=2), frequency=(-1902.58,'cm^-1'), tunneling=Eckart(frequency=(-1902.58,'cm^-1'), E0_reac=(-152.78,'kJ/mol'), E0_TS=(-111.213,'kJ/mol'), E0_prod=(-166.309,'kJ/mol'))))
comparerTST.py:214 performCalcs INFO For reaction Reaction(label='OO+[CH2]C(=C)CO_C=C(C)CO+[O]O', reactants=[Species(label="PPMMIUWFZADHOD-UHFFFAOYSA-u1", conformer=Conformer(E0=(-18.3979,'kJ/mol'), modes=[IdealGasTranslation(mass=(71.0497,'amu')), NonlinearRotor(inertia=([53.0901,126.468,176.405],'amu*angstrom^2'), symmetry=1), HarmonicOscillator(frequencies=([54.2269,187.381,299.043,405.347,459.56,509.89,523.806,585.814,751.675,830.808,846.076,963.184,1026.91,1027.82,1116.83,1162.02,1265.05,1266.51,1370.02,1441.51,1457.49,1494.67,1522.34,2981.51,3012.99,3094.75,3115.25,3190.16,3223.54,3860.05],'cm^-1'))], spinMultiplicity=2)), Species(label="MHAJPDPJQMAIIY-UHFFFAOYSA", conformer=Conformer(E0=(-134.382,'kJ/mol'), modes=[IdealGasTranslation(mass=(34.0055,'amu')), NonlinearRotor(inertia=([1.63801,18.4022,19.029],'amu*angstrom^2'), symmetry=1), HarmonicOscillator(frequencies=([378.1,1029.14,1344.99,1458.5,3786.54,3787.27],'cm^-1'))]))], products=[Species(label="OUUQCZGPVNCOIJ-UHFFFAOYSA-u2", conformer=Conformer(E0=(6.19549,'kJ/mol'), modes=[IdealGasTranslation(mass=(32.9977,'amu')), NonlinearRotor(inertia=([0.800947,14.5112,15.3121],'amu*angstrom^2'), symmetry=1), HarmonicOscillator(frequencies=([1245.9,1447.19,3645.15],'cm^-1'))], spinMultiplicity=2)), Species(label="BYDRTKVGBRTTIT-UHFFFAOYSA", conformer=Conformer(E0=(-172.504,'kJ/mol'), modes=[IdealGasTranslation(mass=(72.0575,'amu')), NonlinearRotor(inertia=([64.6523,126.186,172.278],'amu*angstrom^2'), symmetry=1), HarmonicOscillator(frequencies=([86.2921,166.68,257.975,272.493,392.556,418.97,554.704,714.02,820.583,940.08,960.522,968.89,1035.65,1071.77,1093.23,1205.13,1242.22,1305.21,1386.19,1412.72,1440,1453.29,1472.93,1492.04,1718.86,2964.44,2987.21,3017.2,3050.98,3088.8,3090.81,3170.73,3857.36],'cm^-1'))]))], kinetics=Arrhenius(A=(9.52481e-07,'cm^3/(mol*s)'), n=4.88615, Ea=(13.2201,'kJ/mol'), T0=(1,'K'), Tmin=(303.03,'K'), Tmax=(2500,'K'), comment="""Fitted to 59 data points; dA = *|/ 1.95699, dn = +|- 0.088116, dEa = +|- 0.484727 kJ/mol"""), transitionState=TransitionState(label="TS", conformer=Conformer(E0=(-111.213,'kJ/mol'), modes=[IdealGasTranslation(mass=(105.055,'amu')), NonlinearRotor(inertia=([124.774,375.2,419.896],'amu*angstrom^2'), symmetry=1), HarmonicOscillator(frequencies=([49.497,71.5699,104.386,120.255,209.461,262.507,344.308,401.361,413.824,445.432,548.459,594.53,652.32,714.546,852.082,931.078,945.943,986.799,1008.52,1033.52,1093.68,1095.66,1182.54,1196.14,1318.06,1339.77,1388.72,1417.94,1425.04,1438.11,1455.98,1479.88,1643.09,2989.58,3042.81,3050.03,3106.02,3136.93,3194.83,3712.4,3832.01],'cm^-1'))], spinMultiplicity=2), frequency=(-1902.58,'cm^-1'), tunneling=Eckart(frequency=(-1902.58,'cm^-1'), E0_reac=(-152.78,'kJ/mol'), E0_TS=(-111.213,'kJ/mol'), E0_prod=(-166.309,'kJ/mol'))))
comparerTST.py:216 performCalcs INFO We have calculated kinetics Arrhenius(A=(9.52481e-07,'cm^3/(mol*s)'), n=4.88615, Ea=(13.2201,'kJ/mol'), T0=(1,'K'), Tmin=(303.03,'K'), Tmax=(2500,'K'), comment="""Fitted to 59 data points; dA = *|/ 1.95699, dn = +|- 0.088116, dEa = +|- 0.484727 kJ/mol""")
