comparerTST.py:41 <module> INFO RUNNING WITH JOB NUMBER i = 170
comparerTST.py:45 <module> INFO Loading RMG Database ...
comparerTST.py:48 <module> INFO /home/harms.n/Code/RMG-database/input
thermo.py:760 loadLibraries INFO Loading thermodynamics library from thermo_DFT_CCSDTF12_BAC.py in /home/harms.n/Code/RMG-database/input/thermo/libraries...
thermo.py:760 loadLibraries INFO Loading thermodynamics library from CBS_QB3_1dHR.py in /home/harms.n/Code/RMG-database/input/thermo/libraries...
thermo.py:760 loadLibraries INFO Loading thermodynamics library from primaryThermoLibrary.py in /home/harms.n/Code/RMG-database/input/thermo/libraries...
thermo.py:760 loadLibraries INFO Loading thermodynamics library from KlippensteinH2O2.py in /home/harms.n/Code/RMG-database/input/thermo/libraries...
thermo.py:774 loadGroups INFO Loading thermodynamics group database from /home/harms.n/Code/RMG-database/input/thermo/groups...
transport.py:294 loadGroups INFO Loading transport group database from /home/harms.n/Code/RMG-database/input/transport/groups...
database.py:165 loadFamilies INFO Loading the user-specified kinetics families from /home/harms.n/Code/RMG-database/input/kinetics/families
statmech.py:526 loadGroups INFO Loading frequencies group database from /home/harms.n/Code/RMG-database/input/statmech/groups...
comparerTST.py:57 <module> INFO RMG Database Loaded
comparerTST.py:81 <module> INFO generateReactionsFromFamilies successfuly performed
comparerTST.py:141 performCalcs INFO chemkinRxn: Reaction(reactants=[Molecule(SMILES="CC#CC"), Molecule(SMILES="[O]O")], products=[Molecule(SMILES="OO"), Molecule(SMILES="[CH2]C#CC")], degeneracy=6, pairs=[[Molecule(SMILES="CC#CC"), Molecule(SMILES="[CH2]C#CC")], [Molecule(SMILES="[O]O"), Molecule(SMILES="OO")]])
comparerTST.py:143 performCalcs INFO Ensuring resonance isomers have been generated
<type 'rmgpy.molecule.molecule.Molecule'>
<type 'rmgpy.molecule.molecule.Molecule'>
<type 'rmgpy.molecule.molecule.Molecule'>
<type 'rmgpy.molecule.molecule.Molecule'>
[Molecule(SMILES="CC#CC"), Molecule(SMILES="[O]O")]
[Molecule(SMILES="OO"), Molecule(SMILES="[CH2]C#CC")]
comparerTST.py:162 performCalcs INFO Generated one reaction:
comparerTST.py:163 performCalcs INFO [Reaction(reactants=[Molecule(SMILES="CC#CC"), Molecule(SMILES="[O]O")], products=[Molecule(SMILES="OO"), Molecule(SMILES="[CH2]C#CC")], degeneracy=6, pairs=[[Molecule(SMILES="CC#CC"), Molecule(SMILES="[CH2]C#CC")], [Molecule(SMILES="[O]O"), Molecule(SMILES="OO")]])]
comparerTST.py:172 performCalcs INFO The reaction of interest is as follows: 
comparerTST.py:173 performCalcs INFO <Molecule "CC#CC"> + <Molecule "[O]O"> <=> <Molecule "OO"> + <Molecule "[CH2]C#CC">
comparerTST.py:175 performCalcs INFO asserting that the testReaction is Isomorphic
comparerTST.py:177 performCalcs INFO reaction: Reaction(reactants=[Molecule(SMILES="CC#CC"), Molecule(SMILES="[O]O")], products=[Molecule(SMILES="OO"), Molecule(SMILES="[CH2]C#CC")], degeneracy=6, pairs=[[Molecule(SMILES="CC#CC"), Molecule(SMILES="[CH2]C#CC")], [Molecule(SMILES="[O]O"), Molecule(SMILES="OO")]])
comparerTST.py:183 performCalcs INFO Labeling reactant atoms
comparerTST.py:193 performCalcs INFO Labeling product atoms
comparerTST.py:209 performCalcs INFO We have generated a H_Abstraction reaction that matches, and used it to label the atoms.
comparerTST.py:211 performCalcs INFO Calculating reaction kinetics
comparerTST.py:119 calculate INFO Calculating reaction rate for <Molecule "CC#CC"> + <Molecule "[O]O"> <=> <Molecule "OO"> + <Molecule "[CH2]C#CC">
comparerTST.py:121 calculate INFO Selecting the appropriate TS distance database for family 'H_Abstraction'
comparerTST.py:123 calculate INFO Calculating kinetic data by calling qmCalc.getKineticData
reaction.py:619 loadKineticsData INFO Kinetics results file /gss_gpfs_scratch/harms.n/QMfiles/CC#CC+[O]O_OO+[CH2]C#CC.kinetics does not exist or is invalid
reaction.py:520 generateTSGeometryDirectGuess INFO Generating a TS geometry via the direct guess method
reaction.py:300 generateBoundsMatrix INFO Generating bounds matrix for CC#CC.[O]O
reaction.py:338 bmPreEdit INFO Changing lower limit 2.62837475853 to 2.58837475853
reaction.py:338 bmPreEdit INFO Changing lower limit 2.62837475853 to 2.58837475853
reaction.py:338 bmPreEdit INFO Changing lower limit 2.9 to 2.435295
reaction.py:338 bmPreEdit INFO Changing lower limit 2.530456 to 2.473511
reaction.py:338 bmPreEdit INFO Changing lower limit 3.65 to 3.25991382266
reaction.py:561 generateTSGeometryDirectGuess INFO TS estimate made. About to try the search...
reaction.py:426 optimizeTS INFO Starting optimization steps of the TS search.
gaussian.py:535 optEstimate INFO Running loose optimization of TS with frozen center
gaussian.py:189 writeInputFile INFO Writing gaussian input file /gss_gpfs_scratch/harms.n/QMscratch/CC#CC+[O]O_OO+[CH2]C#CCEst.gjf
Error: segmentation violation
   rax 0000000000000000, rbx ffffffffffffffff, rcx ffffffffffffffff
   rdx 000000000000896b, rsp 00007ffffdb2afa8, rbp 00007ffffdb2b580
   rsi 000000000000000b, rdi 000000000000896b, r8  00002b38d9a1c6c0
   r9  0000000000000000, r10 00007ffffdb2ad30, r11 0000000000000202
   r12 0000000000000000, r13 0000000000000000, r14 00007ffffdb2b5c8
   r15 00007ffffdb2cdc0
  --- traceback not available
gaussian.py:680 runAlt WARNING Gaussian finished with return code 1
gaussian.py:590 optRxnCenter INFO Optimization of TS reaction center distances
gaussian.py:189 writeInputFile INFO Writing gaussian input file /gss_gpfs_scratch/harms.n/QMscratch/CC#CC+[O]O_OO+[CH2]C#CCRxnC.gjf
Error: segmentation violation
   rax 0000000000000000, rbx ffffffffffffffff, rcx ffffffffffffffff
   rdx 0000000000001a30, rsp 00007fffbe3c49f8, rbp 00007fffbe3c4fd0
   rsi 000000000000000b, rdi 0000000000001a30, r8  00002adef98216c0
   r9  0000000000000000, r10 00007fffbe3c4780, r11 0000000000000202
   r12 0000000000000000, r13 0000000000000000, r14 00007fffbe3c5018
   r15 000000000000006a
  --- traceback not available
gaussian.py:680 runAlt WARNING Gaussian finished with return code 1
reaction.py:443 optimizeTS INFO Optimizing TS attempt 1
gaussian.py:485 createInputFile INFO Creating input file
gaussian.py:189 writeInputFile INFO Writing gaussian input file None
gaussian.py:748 verifyOutputFile INFO Verifying output file /gss_gpfs_scratch/harms.n/QMscratch/CC#CC+[O]O_OO+[CH2]C#CC.log
gaussian.py:516 createIRCFile INFO Creating IRC file
gaussian.py:189 writeInputFile INFO Writing gaussian input file /gss_gpfs_scratch/harms.n/QMscratch/CC#CC+[O]O_OO+[CH2]C#CCIRC.gjf
gaussian.py:685 runIRC INFO Running IRC
gaussian.py:843 verifyIRCOutputFile INFO Verifying the IRC output file /gss_gpfs_scratch/harms.n/QMscratch/CC#CC+[O]O_OO+[CH2]C#CCIRC.log
gaussian.py:878 verifyIRCOutputFile INFO Checking if all the success keywords are found in the file.
reaction.py:570 saveTSData INFO Saving TS result file /gss_gpfs_scratch/harms.n/QMfiles/CC#CC+[O]O_OO+[CH2]C#CC.ts
gaussian.py:991 parse INFO Parsing the gaussian output /gss_gpfs_scratch/harms.n/QMscratch/CC#CC+[O]O_OO+[CH2]C#CC.log
gaussian.py:111 verifyOutputFile INFO Output file /gss_gpfs_scratch/harms.n/QMscratch/XNMQEEKYCVKGBD-UHFFFAOYSA.log does not exist.
gaussian.py:189 writeInputFile INFO Writing gaussian input file None
gaussian.py:275 generateQMData INFO Trying GaussianMolM062X attempt 1 of 36 on molecule CC#CC.
Error: segmentation violation
   rax 0000000000000000, rbx ffffffffffffffff, rcx ffffffffffffffff
   rdx 00000000000068bf, rsp 00007fff0cb887f8, rbp 00007fff0cb88dd0
   rsi 000000000000000b, rdi 00000000000068bf, r8  00002b279aacc6c0
   r9  0000000000000000, r10 00007fff0cb88580, r11 0000000000000202
   r12 0000000000000000, r13 0000000000000000, r14 00007fff0cb88e18
   r15 0000000000000051
  --- traceback not available
gaussian.py:89 run WARNING Gaussian finished with return code 1
gaussian.py:148 verifyOutputFile ERROR Not all of the required keywords for success were found in the output file!
gaussian.py:189 writeInputFile INFO Writing gaussian input file None
gaussian.py:275 generateQMData INFO Trying GaussianMolM062X attempt 2 of 36 on molecule CC#CC.
Error: segmentation violation
   rax 0000000000000000, rbx ffffffffffffffff, rcx ffffffffffffffff
   rdx 00000000000061d4, rsp 00007fff91676d08, rbp 00007fff916772e0
   rsi 000000000000000b, rdi 00000000000061d4, r8  00002ba4728766c0
   r9  0000000000000000, r10 00007fff91676a90, r11 0000000000000202
   r12 0000000000000000, r13 0000000000000000, r14 00007fff91677328
   r15 0000000000000051
  --- traceback not available
gaussian.py:89 run WARNING Gaussian finished with return code 1
gaussian.py:148 verifyOutputFile ERROR Not all of the required keywords for success were found in the output file!
gaussian.py:189 writeInputFile INFO Writing gaussian input file None
gaussian.py:275 generateQMData INFO Trying GaussianMolM062X attempt 3 of 36 on molecule CC#CC.
gaussian.py:168 verifyOutputFile INFO Successful GaussianMolM062X quantum result in /gss_gpfs_scratch/harms.n/QMscratch/XNMQEEKYCVKGBD-UHFFFAOYSA.log
gaussian.py:278 generateQMData INFO Attempt 3 of 36 on species InChI=1S/C4H6/c1-3-4-2/h1-2H3 succeeded.
symmetry.py:221 writeInputFile INFO Symmetry input file written to /gss_gpfs_scratch/harms.n/QMscratch/XNMQEEKYCVKGBD-UHFFFAOYSA.symm
symmetry.py:188 parse INFO Point group: D3
gaussian.py:168 verifyOutputFile INFO Successful GaussianMolM062X quantum result in /gss_gpfs_scratch/harms.n/QMscratch/OUUQCZGPVNCOIJ-UHFFFAOYSA-u2.log
gaussian.py:268 generateQMData INFO Found a successful output file; using that.
symmetry.py:221 writeInputFile INFO Symmetry input file written to /gss_gpfs_scratch/harms.n/QMscratch/OUUQCZGPVNCOIJ-UHFFFAOYSA-u2.symm
symmetry.py:188 parse INFO Point group: Cs
gaussian.py:168 verifyOutputFile INFO Successful GaussianMolM062X quantum result in /gss_gpfs_scratch/harms.n/QMscratch/MHAJPDPJQMAIIY-UHFFFAOYSA.log
gaussian.py:268 generateQMData INFO Found a successful output file; using that.
symmetry.py:221 writeInputFile INFO Symmetry input file written to /gss_gpfs_scratch/harms.n/QMscratch/MHAJPDPJQMAIIY-UHFFFAOYSA.symm
symmetry.py:188 parse INFO Point group: C2
gaussian.py:111 verifyOutputFile INFO Output file /gss_gpfs_scratch/harms.n/QMscratch/LSOBPYSQSPIQJF-UHFFFAOYSA-u1.log does not exist.
gaussian.py:189 writeInputFile INFO Writing gaussian input file None
gaussian.py:275 generateQMData INFO Trying GaussianMolM062X attempt 1 of 36 on molecule [CH2]C#CC.
gaussian.py:168 verifyOutputFile INFO Successful GaussianMolM062X quantum result in /gss_gpfs_scratch/harms.n/QMscratch/LSOBPYSQSPIQJF-UHFFFAOYSA-u1.log
gaussian.py:278 generateQMData INFO Attempt 1 of 36 on species InChI=1S/C4H5/c1-3-4-2/h1H2,2H3/u1 succeeded.
symmetry.py:221 writeInputFile INFO Symmetry input file written to /gss_gpfs_scratch/harms.n/QMscratch/LSOBPYSQSPIQJF-UHFFFAOYSA-u1.symm
symmetry.py:188 parse INFO Point group: C1
CanTherm execution initiated at Wed Aug  2 06:41:21 2017

###############################################################
#                                                             #
#                          CanTherm                           #
#                                                             #
#   Version: 0.1.0 (14 May 2009)                              #
#   Authors: RMG Developers (rmg_dev@mit.edu)                 #
#   P.I.:    William H. Green (whgreen@mit.edu)               #
#   Website: http://rmg.sourceforge.net/                      #
#                                                             #
###############################################################

Loading species XNMQEEKYCVKGBD-UHFFFAOYSA...
Loading species OUUQCZGPVNCOIJ-UHFFFAOYSA-u2...
Loading species MHAJPDPJQMAIIY-UHFFFAOYSA...
Loading species LSOBPYSQSPIQJF-UHFFFAOYSA-u1...
Loading transition state TS...
Loading reaction CC#CC+[O]O_OO+[CH2]C#CC...


Loading statistical mechanics parameters for XNMQEEKYCVKGBD-UHFFFAOYSA...
Warning: No bond energy correction found for model chemistry: M062X/MG3S
Saving statistical mechanics parameters for XNMQEEKYCVKGBD-UHFFFAOYSA...
Loading statistical mechanics parameters for OUUQCZGPVNCOIJ-UHFFFAOYSA-u2...
Warning: No bond energy correction found for model chemistry: M062X/MG3S
Saving statistical mechanics parameters for OUUQCZGPVNCOIJ-UHFFFAOYSA-u2...
Loading statistical mechanics parameters for MHAJPDPJQMAIIY-UHFFFAOYSA...
Warning: No bond energy correction found for model chemistry: M062X/MG3S
Saving statistical mechanics parameters for MHAJPDPJQMAIIY-UHFFFAOYSA...
Loading statistical mechanics parameters for LSOBPYSQSPIQJF-UHFFFAOYSA-u1...
Warning: No bond energy correction found for model chemistry: M062X/MG3S
Saving statistical mechanics parameters for LSOBPYSQSPIQJF-UHFFFAOYSA-u1...
Loading statistical mechanics parameters for TS...
Warning: No bond energy correction found for model chemistry: M062X/MG3S
Saving statistical mechanics parameters for TS...
Generating Arrhenius kinetics model for Arrhenius...
Saving kinetics for OUUQCZGPVNCOIJ-UHFFFAOYSA-u2 + XNMQEEKYCVKGBD-UHFFFAOYSA <=> MHAJPDPJQMAIIY-UHFFFAOYSA + LSOBPYSQSPIQJF-UHFFFAOYSA-u1...

CanTherm execution terminated at Wed Aug  2 06:41:22 2017
Saving kinetics data file /gss_gpfs_scratch/harms.n/QMfiles/CC#CC+[O]O_OO+[CH2]C#CC.kinetics
Removing 'core*' files
Yay, reaction kinetics calculated!!!
Reaction(label='CC#CC+[O]O_OO+[CH2]C#CC', reactants=[Species(label="OUUQCZGPVNCOIJ-UHFFFAOYSA-u2", conformer=Conformer(E0=(6.19549,'kJ/mol'), modes=[IdealGasTranslation(mass=(32.9977,'amu')), NonlinearRotor(inertia=([0.800947,14.5112,15.3121],'amu*angstrom^2'), symmetry=1), HarmonicOscillator(frequencies=([1245.9,1447.19,3645.15],'cm^-1'))], spinMultiplicity=2)), Species(label="XNMQEEKYCVKGBD-UHFFFAOYSA", conformer=Conformer(E0=(129.772,'kJ/mol'), modes=[IdealGasTranslation(mass=(54.047,'amu')), NonlinearRotor(inertia=([6.27178,149.628,149.629],'amu*angstrom^2'), symmetry=1), HarmonicOscillator(frequencies=([58.0286,203.182,204.349,420.287,421.018,719.658,1033.27,1034.69,1046.33,1046.72,1159.26,1391.42,1395.18,1461.94,1462.66,1463.57,1463.86,2355.14,3004.94,3006.64,3067.2,3069.32,3076.8,3077.64],'cm^-1'))]))], products=[Species(label="MHAJPDPJQMAIIY-UHFFFAOYSA", conformer=Conformer(E0=(-134.382,'kJ/mol'), modes=[IdealGasTranslation(mass=(34.0055,'amu')), NonlinearRotor(inertia=([1.63801,18.4022,19.029],'amu*angstrom^2'), symmetry=1), HarmonicOscillator(frequencies=([378.1,1029.14,1344.99,1458.5,3786.54,3787.27],'cm^-1'))])), Species(label="LSOBPYSQSPIQJF-UHFFFAOYSA-u1", conformer=Conformer(E0=(289.476,'kJ/mol'), modes=[IdealGasTranslation(mass=(53.0391,'amu')), NonlinearRotor(inertia=([4.87391,139.498,141.241],'amu*angstrom^2'), symmetry=1), HarmonicOscillator(frequencies=([193.811,206.622,405.708,438.681,659.8,762.486,1017.88,1018.46,1035.35,1227.57,1390.13,1445.58,1453.48,1457.35,2122.9,2995.91,3052.81,3077.43,3113.38,3207.05],'cm^-1'))], spinMultiplicity=2))], kinetics=Arrhenius(A=(1.01761e-07,'cm^3/(mol*s)'), n=5.57753, Ea=(30.2021,'kJ/mol'), T0=(1,'K'), Tmin=(303.03,'K'), Tmax=(2500,'K'), comment="""Fitted to 59 data points; dA = *|/ 2.31673, dn = +|- 0.110263, dEa = +|- 0.606556 kJ/mol"""), transitionState=TransitionState(label="TS", conformer=Conformer(E0=(194.857,'kJ/mol'), modes=[IdealGasTranslation(mass=(87.0446,'amu')), NonlinearRotor(inertia=([95.574,283.325,366.847],'amu*angstrom^2'), symmetry=1), HarmonicOscillator(frequencies=([38.8495,68.7511,76.7025,191.654,206.485,266.118,345.393,409.886,448.107,512.934,582.893,748.515,1003.35,1028.97,1039.95,1050.43,1099.38,1156.14,1210.5,1390.86,1423.04,1429.38,1451.26,1456.6,1459.83,2270.61,3003.38,3044.35,3067.59,3076.41,3121.78,3714.28],'cm^-1'))], spinMultiplicity=2), frequency=(-1941.69,'cm^-1'), tunneling=Eckart(frequency=(-1941.69,'cm^-1'), E0_reac=(135.967,'kJ/mol'), E0_TS=(194.857,'kJ/mol'), E0_prod=(155.094,'kJ/mol'))))
For reaction Reaction(label='CC#CC+[O]O_OO+[CH2]C#CC', reactants=[Species(label="OUUQCZGPVNCOIJ-UHFFFAOYSA-u2", conformer=Conformer(E0=(6.19549,'kJ/mol'), modes=[IdealGasTranslation(mass=(32.9977,'amu')), NonlinearRotor(inertia=([0.800947,14.5112,15.3121],'amu*angstrom^2'), symmetry=1), HarmonicOscillator(frequencies=([1245.9,1447.19,3645.15],'cm^-1'))], spinMultiplicity=2)), Species(label="XNMQEEKYCVKGBD-UHFFFAOYSA", conformer=Conformer(E0=(129.772,'kJ/mol'), modes=[IdealGasTranslation(mass=(54.047,'amu')), NonlinearRotor(inertia=([6.27178,149.628,149.629],'amu*angstrom^2'), symmetry=1), HarmonicOscillator(frequencies=([58.0286,203.182,204.349,420.287,421.018,719.658,1033.27,1034.69,1046.33,1046.72,1159.26,1391.42,1395.18,1461.94,1462.66,1463.57,1463.86,2355.14,3004.94,3006.64,3067.2,3069.32,3076.8,3077.64],'cm^-1'))]))], products=[Species(label="MHAJPDPJQMAIIY-UHFFFAOYSA", conformer=Conformer(E0=(-134.382,'kJ/mol'), modes=[IdealGasTranslation(mass=(34.0055,'amu')), NonlinearRotor(inertia=([1.63801,18.4022,19.029],'amu*angstrom^2'), symmetry=1), HarmonicOscillator(frequencies=([378.1,1029.14,1344.99,1458.5,3786.54,3787.27],'cm^-1'))])), Species(label="LSOBPYSQSPIQJF-UHFFFAOYSA-u1", conformer=Conformer(E0=(289.476,'kJ/mol'), modes=[IdealGasTranslation(mass=(53.0391,'amu')), NonlinearRotor(inertia=([4.87391,139.498,141.241],'amu*angstrom^2'), symmetry=1), HarmonicOscillator(frequencies=([193.811,206.622,405.708,438.681,659.8,762.486,1017.88,1018.46,1035.35,1227.57,1390.13,1445.58,1453.48,1457.35,2122.9,2995.91,3052.81,3077.43,3113.38,3207.05],'cm^-1'))], spinMultiplicity=2))], kinetics=Arrhenius(A=(1.01761e-07,'cm^3/(mol*s)'), n=5.57753, Ea=(30.2021,'kJ/mol'), T0=(1,'K'), Tmin=(303.03,'K'), Tmax=(2500,'K'), comment="""Fitted to 59 data points; dA = *|/ 2.31673, dn = +|- 0.110263, dEa = +|- 0.606556 kJ/mol"""), transitionState=TransitionState(label="TS", conformer=Conformer(E0=(194.857,'kJ/mol'), modes=[IdealGasTranslation(mass=(87.0446,'amu')), NonlinearRotor(inertia=([95.574,283.325,366.847],'amu*angstrom^2'), symmetry=1), HarmonicOscillator(frequencies=([38.8495,68.7511,76.7025,191.654,206.485,266.118,345.393,409.886,448.107,512.934,582.893,748.515,1003.35,1028.97,1039.95,1050.43,1099.38,1156.14,1210.5,1390.86,1423.04,1429.38,1451.26,1456.6,1459.83,2270.61,3003.38,3044.35,3067.59,3076.41,3121.78,3714.28],'cm^-1'))], spinMultiplicity=2), frequency=(-1941.69,'cm^-1'), tunneling=Eckart(frequency=(-1941.69,'cm^-1'), E0_reac=(135.967,'kJ/mol'), E0_TS=(194.857,'kJ/mol'), E0_prod=(155.094,'kJ/mol'))))
We have calculated kinetics Arrhenius(A=(1.01761e-07,'cm^3/(mol*s)'), n=5.57753, Ea=(30.2021,'kJ/mol'), T0=(1,'K'), Tmin=(303.03,'K'), Tmax=(2500,'K'), comment="""Fitted to 59 data points; dA = *|/ 2.31673, dn = +|- 0.110263, dEa = +|- 0.606556 kJ/mol""")
