comparerTST.py:41 <module> INFO RUNNING WITH JOB NUMBER i = 387
comparerTST.py:45 <module> INFO Loading RMG Database ...
comparerTST.py:48 <module> INFO /home/harms.n/Code/RMG-database/input
thermo.py:760 loadLibraries INFO Loading thermodynamics library from thermo_DFT_CCSDTF12_BAC.py in /home/harms.n/Code/RMG-database/input/thermo/libraries...
thermo.py:760 loadLibraries INFO Loading thermodynamics library from CBS_QB3_1dHR.py in /home/harms.n/Code/RMG-database/input/thermo/libraries...
thermo.py:760 loadLibraries INFO Loading thermodynamics library from primaryThermoLibrary.py in /home/harms.n/Code/RMG-database/input/thermo/libraries...
thermo.py:760 loadLibraries INFO Loading thermodynamics library from KlippensteinH2O2.py in /home/harms.n/Code/RMG-database/input/thermo/libraries...
thermo.py:774 loadGroups INFO Loading thermodynamics group database from /home/harms.n/Code/RMG-database/input/thermo/groups...
transport.py:294 loadGroups INFO Loading transport group database from /home/harms.n/Code/RMG-database/input/transport/groups...
database.py:165 loadFamilies INFO Loading the user-specified kinetics families from /home/harms.n/Code/RMG-database/input/kinetics/families
statmech.py:526 loadGroups INFO Loading frequencies group database from /home/harms.n/Code/RMG-database/input/statmech/groups...
comparerTST.py:57 <module> INFO RMG Database Loaded
comparerTST.py:81 <module> INFO generateReactionsFromFamilies successfuly performed
comparerTST.py:141 performCalcs INFO chemkinRxn: Reaction(reactants=[Molecule(SMILES="[CH2]CC(C)O"), Molecule(SMILES="[O]O")], products=[Molecule(SMILES="OO"), Molecule(SMILES="[CH2]C[C](C)O")], pairs=[[Molecule(SMILES="[CH2]CC(C)O"), Molecule(SMILES="[CH2]C[C](C)O")], [Molecule(SMILES="[O]O"), Molecule(SMILES="OO")]])
comparerTST.py:143 performCalcs INFO Ensuring resonance isomers have been generated
<type 'rmgpy.molecule.molecule.Molecule'>
<type 'rmgpy.molecule.molecule.Molecule'>
<type 'rmgpy.molecule.molecule.Molecule'>
<type 'rmgpy.molecule.molecule.Molecule'>
[Molecule(SMILES="[CH2]CC(C)O"), Molecule(SMILES="[O]O")]
[Molecule(SMILES="OO"), Molecule(SMILES="[CH2]C[C](C)O")]
comparerTST.py:162 performCalcs INFO Generated one reaction:
comparerTST.py:163 performCalcs INFO [Reaction(reactants=[Molecule(SMILES="[CH2]CC(C)O"), Molecule(SMILES="[O]O")], products=[Molecule(SMILES="OO"), Molecule(SMILES="[CH2]C[C](C)O")], pairs=[[Molecule(SMILES="[CH2]CC(C)O"), Molecule(SMILES="[CH2]C[C](C)O")], [Molecule(SMILES="[O]O"), Molecule(SMILES="OO")]])]
comparerTST.py:172 performCalcs INFO The reaction of interest is as follows: 
comparerTST.py:173 performCalcs INFO <Molecule "[CH2]CC(C)O"> + <Molecule "[O]O"> <=> <Molecule "OO"> + <Molecule "[CH2]C[C](C)O">
comparerTST.py:175 performCalcs INFO asserting that the testReaction is Isomorphic
comparerTST.py:177 performCalcs INFO reaction: Reaction(reactants=[Molecule(SMILES="[CH2]CC(C)O"), Molecule(SMILES="[O]O")], products=[Molecule(SMILES="OO"), Molecule(SMILES="[CH2]C[C](C)O")], pairs=[[Molecule(SMILES="[CH2]CC(C)O"), Molecule(SMILES="[CH2]C[C](C)O")], [Molecule(SMILES="[O]O"), Molecule(SMILES="OO")]])
comparerTST.py:183 performCalcs INFO Labeling reactant atoms
comparerTST.py:193 performCalcs INFO Labeling product atoms
comparerTST.py:209 performCalcs INFO We have generated a H_Abstraction reaction that matches, and used it to label the atoms.
comparerTST.py:211 performCalcs INFO Calculating reaction kinetics
comparerTST.py:119 calculate INFO Calculating reaction rate for <Molecule "[CH2]CC(C)O"> + <Molecule "[O]O"> <=> <Molecule "OO"> + <Molecule "[CH2]C[C](C)O">
comparerTST.py:121 calculate INFO Selecting the appropriate TS distance database for family 'H_Abstraction'
comparerTST.py:123 calculate INFO Calculating kinetic data by calling qmCalc.getKineticData
reaction.py:619 loadKineticsData INFO Kinetics results file /gss_gpfs_scratch/harms.n/QMfiles/[CH2]CC(C)O+[O]O_OO+[CH2]C[C](C)O.kinetics does not exist or is invalid
reaction.py:520 generateTSGeometryDirectGuess INFO Generating a TS geometry via the direct guess method
reaction.py:300 generateBoundsMatrix INFO Generating bounds matrix for [CH2]CC(C)O.[O]O
reaction.py:338 bmPreEdit INFO Changing lower limit 2.9 to 2.449311
reaction.py:338 bmPreEdit INFO Changing lower limit 2.528089 to 2.474919
reaction.py:338 bmPreEdit INFO Changing lower limit 3.65 to 3.31837759416
reaction.py:338 bmPreEdit INFO Changing lower limit 3.65 to 3.31837759416
reaction.py:338 bmPreEdit INFO Changing lower limit 3.4 to 3.21414654181
reaction.py:561 generateTSGeometryDirectGuess INFO TS estimate made. About to try the search...
reaction.py:426 optimizeTS INFO Starting optimization steps of the TS search.
gaussian.py:535 optEstimate INFO Running loose optimization of TS with frozen center
gaussian.py:189 writeInputFile INFO Writing gaussian input file /gss_gpfs_scratch/harms.n/QMscratch/[CH2]CC(C)O+[O]O_OO+[CH2]C[C](C)OEst.gjf
Error: segmentation violation
   rax 0000000000000000, rbx ffffffffffffffff, rcx ffffffffffffffff
   rdx 000000000000bd39, rsp 00007fffad9c2028, rbp 00007fffad9c2600
   rsi 000000000000000b, rdi 000000000000bd39, r8  00002af7451eb6c0
   r9  0000000000000000, r10 00007fffad9c1db0, r11 0000000000000206
   r12 0000000000000000, r13 0000000000000000, r14 00007fffad9c2648
   r15 0000000000000000
  --- traceback not available
gaussian.py:680 runAlt WARNING Gaussian finished with return code 1
gaussian.py:590 optRxnCenter INFO Optimization of TS reaction center distances
gaussian.py:189 writeInputFile INFO Writing gaussian input file /gss_gpfs_scratch/harms.n/QMscratch/[CH2]CC(C)O+[O]O_OO+[CH2]C[C](C)ORxnC.gjf
reaction.py:443 optimizeTS INFO Optimizing TS attempt 1
gaussian.py:485 createInputFile INFO Creating input file
gaussian.py:189 writeInputFile INFO Writing gaussian input file None
gaussian.py:748 verifyOutputFile INFO Verifying output file /gss_gpfs_scratch/harms.n/QMscratch/[CH2]CC(C)O+[O]O_OO+[CH2]C[C](C)O.log
gaussian.py:516 createIRCFile INFO Creating IRC file
gaussian.py:189 writeInputFile INFO Writing gaussian input file /gss_gpfs_scratch/harms.n/QMscratch/[CH2]CC(C)O+[O]O_OO+[CH2]C[C](C)OIRC.gjf
gaussian.py:685 runIRC INFO Running IRC
gaussian.py:843 verifyIRCOutputFile INFO Verifying the IRC output file /gss_gpfs_scratch/harms.n/QMscratch/[CH2]CC(C)O+[O]O_OO+[CH2]C[C](C)OIRC.log
gaussian.py:878 verifyIRCOutputFile INFO Checking if all the success keywords are found in the file.
reaction.py:570 saveTSData INFO Saving TS result file /gss_gpfs_scratch/harms.n/QMfiles/[CH2]CC(C)O+[O]O_OO+[CH2]C[C](C)O.ts
gaussian.py:991 parse INFO Parsing the gaussian output /gss_gpfs_scratch/harms.n/QMscratch/[CH2]CC(C)O+[O]O_OO+[CH2]C[C](C)O.log
gaussian.py:168 verifyOutputFile INFO Successful GaussianMolM062X quantum result in /gss_gpfs_scratch/harms.n/QMscratch/YTDFXPNJZCYRHL-UHFFFAOYSA-u1.log
gaussian.py:268 generateQMData INFO Found a successful output file; using that.
symmetry.py:221 writeInputFile INFO Symmetry input file written to /gss_gpfs_scratch/harms.n/QMscratch/YTDFXPNJZCYRHL-UHFFFAOYSA-u1.symm
symmetry.py:188 parse INFO Point group: C1
gaussian.py:168 verifyOutputFile INFO Successful GaussianMolM062X quantum result in /gss_gpfs_scratch/harms.n/QMscratch/OUUQCZGPVNCOIJ-UHFFFAOYSA-u2.log
gaussian.py:268 generateQMData INFO Found a successful output file; using that.
symmetry.py:221 writeInputFile INFO Symmetry input file written to /gss_gpfs_scratch/harms.n/QMscratch/OUUQCZGPVNCOIJ-UHFFFAOYSA-u2.symm
symmetry.py:188 parse INFO Point group: Cs
gaussian.py:168 verifyOutputFile INFO Successful GaussianMolM062X quantum result in /gss_gpfs_scratch/harms.n/QMscratch/MHAJPDPJQMAIIY-UHFFFAOYSA.log
gaussian.py:268 generateQMData INFO Found a successful output file; using that.
symmetry.py:221 writeInputFile INFO Symmetry input file written to /gss_gpfs_scratch/harms.n/QMscratch/MHAJPDPJQMAIIY-UHFFFAOYSA.symm
symmetry.py:188 parse INFO Point group: C2
gaussian.py:168 verifyOutputFile INFO Successful GaussianMolM062X quantum result in /gss_gpfs_scratch/harms.n/QMscratch/GGYWVEJKEFGCHV-UHFFFAOYSA-u1,4.log
gaussian.py:268 generateQMData INFO Found a successful output file; using that.
symmetry.py:221 writeInputFile INFO Symmetry input file written to /gss_gpfs_scratch/harms.n/QMscratch/GGYWVEJKEFGCHV-UHFFFAOYSA-u1,4.symm
symmetry.py:188 parse INFO Point group: C1
CanTherm execution initiated at Tue Aug  8 10:43:15 2017

###############################################################
#                                                             #
#                          CanTherm                           #
#                                                             #
#   Version: 0.1.0 (14 May 2009)                              #
#   Authors: RMG Developers (rmg_dev@mit.edu)                 #
#   P.I.:    William H. Green (whgreen@mit.edu)               #
#   Website: http://rmg.sourceforge.net/                      #
#                                                             #
###############################################################

Loading species YTDFXPNJZCYRHL-UHFFFAOYSA-u1...
Loading species OUUQCZGPVNCOIJ-UHFFFAOYSA-u2...
Loading species MHAJPDPJQMAIIY-UHFFFAOYSA...
Loading species GGYWVEJKEFGCHV-UHFFFAOYSA-u1,4...
Loading transition state TS...
Loading reaction [CH2]CC(C)O+[O]O_OO+[CH2]C[C](C)O...


Loading statistical mechanics parameters for YTDFXPNJZCYRHL-UHFFFAOYSA-u1...
Warning: No bond energy correction found for model chemistry: M062X/MG3S
Saving statistical mechanics parameters for YTDFXPNJZCYRHL-UHFFFAOYSA-u1...
Loading statistical mechanics parameters for OUUQCZGPVNCOIJ-UHFFFAOYSA-u2...
Warning: No bond energy correction found for model chemistry: M062X/MG3S
Saving statistical mechanics parameters for OUUQCZGPVNCOIJ-UHFFFAOYSA-u2...
Loading statistical mechanics parameters for MHAJPDPJQMAIIY-UHFFFAOYSA...
Warning: No bond energy correction found for model chemistry: M062X/MG3S
Saving statistical mechanics parameters for MHAJPDPJQMAIIY-UHFFFAOYSA...
Loading statistical mechanics parameters for GGYWVEJKEFGCHV-UHFFFAOYSA-u1,4...
Warning: No bond energy correction found for model chemistry: M062X/MG3S
Saving statistical mechanics parameters for GGYWVEJKEFGCHV-UHFFFAOYSA-u1,4...
Loading statistical mechanics parameters for TS...
Warning: No bond energy correction found for model chemistry: M062X/MG3S
Saving statistical mechanics parameters for TS...
Generating Arrhenius kinetics model for Arrhenius...
Saving kinetics for YTDFXPNJZCYRHL-UHFFFAOYSA-u1 + OUUQCZGPVNCOIJ-UHFFFAOYSA-u2 <=> GGYWVEJKEFGCHV-UHFFFAOYSA-u1,4 + MHAJPDPJQMAIIY-UHFFFAOYSA...

CanTherm execution terminated at Tue Aug  8 10:43:16 2017
Saving kinetics data file /gss_gpfs_scratch/harms.n/QMfiles/[CH2]CC(C)O+[O]O_OO+[CH2]C[C](C)O.kinetics
Removing 'core*' files
Yay, reaction kinetics calculated!!!
Reaction(label='[CH2]CC(C)O+[O]O_OO+[CH2]C[C](C)O', reactants=[Species(label="YTDFXPNJZCYRHL-UHFFFAOYSA-u1", conformer=Conformer(E0=(-103.205,'kJ/mol'), modes=[IdealGasTranslation(mass=(73.0653,'amu')), NonlinearRotor(inertia=([60.3043,137.003,180.644],'amu*angstrom^2'), symmetry=1), HarmonicOscillator(frequencies=([135.516,182.331,216.628,251.71,317.826,374.189,444.694,479.319,507.651,761.394,854.314,929.597,990.888,1043.76,1086.33,1092.17,1164.93,1188.58,1275.45,1311.16,1365.4,1384.73,1403.3,1429.75,1438.05,1466.52,1472.39,2924.12,2977.19,2984.01,3025.3,3052.82,3070.24,3120.22,3224.33,3841.24],'cm^-1'))], spinMultiplicity=2)), Species(label="OUUQCZGPVNCOIJ-UHFFFAOYSA-u2", conformer=Conformer(E0=(6.19549,'kJ/mol'), modes=[IdealGasTranslation(mass=(32.9977,'amu')), NonlinearRotor(inertia=([0.800947,14.5112,15.3121],'amu*angstrom^2'), symmetry=1), HarmonicOscillator(frequencies=([1245.9,1447.19,3645.15],'cm^-1'))], spinMultiplicity=2))], products=[Species(label="GGYWVEJKEFGCHV-UHFFFAOYSA-u1,4", conformer=Conformer(E0=(61.3188,'kJ/mol'), modes=[IdealGasTranslation(mass=(72.0575,'amu')), NonlinearRotor(inertia=([57.3216,137.687,180.605],'amu*angstrom^2'), symmetry=1), HarmonicOscillator(frequencies=([111.668,173.97,187.04,241.581,359.167,371.5,444.851,487.059,553.203,762.323,846.062,966.713,973.818,1033.13,1085.36,1119.49,1177.03,1292.74,1324.39,1367.61,1411.91,1427.91,1441.3,1449.83,1468.9,2913.26,2933.58,2959.5,3029.3,3074.99,3107.22,3220.71,3778.44],'cm^-1'))], spinMultiplicity=3)), Species(label="MHAJPDPJQMAIIY-UHFFFAOYSA", conformer=Conformer(E0=(-134.382,'kJ/mol'), modes=[IdealGasTranslation(mass=(34.0055,'amu')), NonlinearRotor(inertia=([1.63801,18.4022,19.029],'amu*angstrom^2'), symmetry=1), HarmonicOscillator(frequencies=([378.1,1029.14,1344.99,1458.5,3786.54,3787.27],'cm^-1'))]))], kinetics=Arrhenius(A=(0.00140518,'cm^3/(mol*s)'), n=4.24171, Ea=(26.1372,'kJ/mol'), T0=(1,'K'), Tmin=(303.03,'K'), Tmax=(2500,'K'), comment="""Fitted to 59 data points; dA = *|/ 1.27, dn = +|- 0.0313684, dEa = +|- 0.172557 kJ/mol"""), transitionState=TransitionState(label="TS", conformer=Conformer(E0=(-55.5776,'kJ/mol'), modes=[IdealGasTranslation(mass=(106.063,'amu')), NonlinearRotor(inertia=([152.648,318.261,360.01],'amu*angstrom^2'), symmetry=1), HarmonicOscillator(frequencies=([70.4028,79.9445,124.493,152.484,205.612,211.509,222.511,269.08,375.52,410.466,421.004,461.348,504.054,516.394,583.555,798.504,822.877,962.706,971.893,1058.34,1073.45,1108.23,1117.66,1182.62,1199.31,1268.8,1325.91,1354.4,1369.96,1390.97,1436.35,1445.34,1456.45,1461.46,1526.3,2950.15,2975.03,2993.22,3043.38,3077.1,3112.94,3216.61,3735.8,3755.88],'cm^-1'))], spinMultiplicity=3), frequency=(-1506.33,'cm^-1'), tunneling=Eckart(frequency=(-1506.33,'cm^-1'), E0_reac=(-97.0094,'kJ/mol'), E0_TS=(-55.5776,'kJ/mol'), E0_prod=(-73.063,'kJ/mol'))))
For reaction Reaction(label='[CH2]CC(C)O+[O]O_OO+[CH2]C[C](C)O', reactants=[Species(label="YTDFXPNJZCYRHL-UHFFFAOYSA-u1", conformer=Conformer(E0=(-103.205,'kJ/mol'), modes=[IdealGasTranslation(mass=(73.0653,'amu')), NonlinearRotor(inertia=([60.3043,137.003,180.644],'amu*angstrom^2'), symmetry=1), HarmonicOscillator(frequencies=([135.516,182.331,216.628,251.71,317.826,374.189,444.694,479.319,507.651,761.394,854.314,929.597,990.888,1043.76,1086.33,1092.17,1164.93,1188.58,1275.45,1311.16,1365.4,1384.73,1403.3,1429.75,1438.05,1466.52,1472.39,2924.12,2977.19,2984.01,3025.3,3052.82,3070.24,3120.22,3224.33,3841.24],'cm^-1'))], spinMultiplicity=2)), Species(label="OUUQCZGPVNCOIJ-UHFFFAOYSA-u2", conformer=Conformer(E0=(6.19549,'kJ/mol'), modes=[IdealGasTranslation(mass=(32.9977,'amu')), NonlinearRotor(inertia=([0.800947,14.5112,15.3121],'amu*angstrom^2'), symmetry=1), HarmonicOscillator(frequencies=([1245.9,1447.19,3645.15],'cm^-1'))], spinMultiplicity=2))], products=[Species(label="GGYWVEJKEFGCHV-UHFFFAOYSA-u1,4", conformer=Conformer(E0=(61.3188,'kJ/mol'), modes=[IdealGasTranslation(mass=(72.0575,'amu')), NonlinearRotor(inertia=([57.3216,137.687,180.605],'amu*angstrom^2'), symmetry=1), HarmonicOscillator(frequencies=([111.668,173.97,187.04,241.581,359.167,371.5,444.851,487.059,553.203,762.323,846.062,966.713,973.818,1033.13,1085.36,1119.49,1177.03,1292.74,1324.39,1367.61,1411.91,1427.91,1441.3,1449.83,1468.9,2913.26,2933.58,2959.5,3029.3,3074.99,3107.22,3220.71,3778.44],'cm^-1'))], spinMultiplicity=3)), Species(label="MHAJPDPJQMAIIY-UHFFFAOYSA", conformer=Conformer(E0=(-134.382,'kJ/mol'), modes=[IdealGasTranslation(mass=(34.0055,'amu')), NonlinearRotor(inertia=([1.63801,18.4022,19.029],'amu*angstrom^2'), symmetry=1), HarmonicOscillator(frequencies=([378.1,1029.14,1344.99,1458.5,3786.54,3787.27],'cm^-1'))]))], kinetics=Arrhenius(A=(0.00140518,'cm^3/(mol*s)'), n=4.24171, Ea=(26.1372,'kJ/mol'), T0=(1,'K'), Tmin=(303.03,'K'), Tmax=(2500,'K'), comment="""Fitted to 59 data points; dA = *|/ 1.27, dn = +|- 0.0313684, dEa = +|- 0.172557 kJ/mol"""), transitionState=TransitionState(label="TS", conformer=Conformer(E0=(-55.5776,'kJ/mol'), modes=[IdealGasTranslation(mass=(106.063,'amu')), NonlinearRotor(inertia=([152.648,318.261,360.01],'amu*angstrom^2'), symmetry=1), HarmonicOscillator(frequencies=([70.4028,79.9445,124.493,152.484,205.612,211.509,222.511,269.08,375.52,410.466,421.004,461.348,504.054,516.394,583.555,798.504,822.877,962.706,971.893,1058.34,1073.45,1108.23,1117.66,1182.62,1199.31,1268.8,1325.91,1354.4,1369.96,1390.97,1436.35,1445.34,1456.45,1461.46,1526.3,2950.15,2975.03,2993.22,3043.38,3077.1,3112.94,3216.61,3735.8,3755.88],'cm^-1'))], spinMultiplicity=3), frequency=(-1506.33,'cm^-1'), tunneling=Eckart(frequency=(-1506.33,'cm^-1'), E0_reac=(-97.0094,'kJ/mol'), E0_TS=(-55.5776,'kJ/mol'), E0_prod=(-73.063,'kJ/mol'))))
We have calculated kinetics Arrhenius(A=(0.00140518,'cm^3/(mol*s)'), n=4.24171, Ea=(26.1372,'kJ/mol'), T0=(1,'K'), Tmin=(303.03,'K'), Tmax=(2500,'K'), comment="""Fitted to 59 data points; dA = *|/ 1.27, dn = +|- 0.0313684, dEa = +|- 0.172557 kJ/mol""")
