comparerTST.py:41 <module> INFO RUNNING WITH JOB NUMBER i = 264
comparerTST.py:45 <module> INFO Loading RMG Database ...
comparerTST.py:48 <module> INFO /home/harms.n/Code/RMG-database/input
thermo.py:760 loadLibraries INFO Loading thermodynamics library from thermo_DFT_CCSDTF12_BAC.py in /home/harms.n/Code/RMG-database/input/thermo/libraries...
thermo.py:760 loadLibraries INFO Loading thermodynamics library from CBS_QB3_1dHR.py in /home/harms.n/Code/RMG-database/input/thermo/libraries...
thermo.py:760 loadLibraries INFO Loading thermodynamics library from primaryThermoLibrary.py in /home/harms.n/Code/RMG-database/input/thermo/libraries...
thermo.py:760 loadLibraries INFO Loading thermodynamics library from KlippensteinH2O2.py in /home/harms.n/Code/RMG-database/input/thermo/libraries...
thermo.py:774 loadGroups INFO Loading thermodynamics group database from /home/harms.n/Code/RMG-database/input/thermo/groups...
transport.py:294 loadGroups INFO Loading transport group database from /home/harms.n/Code/RMG-database/input/transport/groups...
database.py:165 loadFamilies INFO Loading the user-specified kinetics families from /home/harms.n/Code/RMG-database/input/kinetics/families
statmech.py:526 loadGroups INFO Loading frequencies group database from /home/harms.n/Code/RMG-database/input/statmech/groups...
comparerTST.py:57 <module> INFO RMG Database Loaded
comparerTST.py:81 <module> INFO generateReactionsFromFamilies successfuly performed
comparerTST.py:141 performCalcs INFO chemkinRxn: Reaction(reactants=[Molecule(SMILES="[CH2]C(C)C"), Molecule(SMILES="OO")], products=[Molecule(SMILES="CC(C)C"), Molecule(SMILES="[O]O")], degeneracy=2, pairs=[[Molecule(SMILES="[CH2]C(C)C"), Molecule(SMILES="CC(C)C")], [Molecule(SMILES="OO"), Molecule(SMILES="[O]O")]])
comparerTST.py:143 performCalcs INFO Ensuring resonance isomers have been generated
<type 'rmgpy.molecule.molecule.Molecule'>
<type 'rmgpy.molecule.molecule.Molecule'>
<type 'rmgpy.molecule.molecule.Molecule'>
<type 'rmgpy.molecule.molecule.Molecule'>
[Molecule(SMILES="[CH2]C(C)C"), Molecule(SMILES="OO")]
[Molecule(SMILES="CC(C)C"), Molecule(SMILES="[O]O")]
comparerTST.py:162 performCalcs INFO Generated one reaction:
comparerTST.py:163 performCalcs INFO [Reaction(reactants=[Molecule(SMILES="[CH2]C(C)C"), Molecule(SMILES="OO")], products=[Molecule(SMILES="CC(C)C"), Molecule(SMILES="[O]O")], degeneracy=2, pairs=[[Molecule(SMILES="[CH2]C(C)C"), Molecule(SMILES="CC(C)C")], [Molecule(SMILES="OO"), Molecule(SMILES="[O]O")]])]
comparerTST.py:172 performCalcs INFO The reaction of interest is as follows: 
comparerTST.py:173 performCalcs INFO <Molecule "[CH2]C(C)C"> + <Molecule "OO"> <=> <Molecule "CC(C)C"> + <Molecule "[O]O">
comparerTST.py:175 performCalcs INFO asserting that the testReaction is Isomorphic
comparerTST.py:177 performCalcs INFO reaction: Reaction(reactants=[Molecule(SMILES="[CH2]C(C)C"), Molecule(SMILES="OO")], products=[Molecule(SMILES="CC(C)C"), Molecule(SMILES="[O]O")], degeneracy=2, pairs=[[Molecule(SMILES="[CH2]C(C)C"), Molecule(SMILES="CC(C)C")], [Molecule(SMILES="OO"), Molecule(SMILES="[O]O")]])
comparerTST.py:183 performCalcs INFO Labeling reactant atoms
comparerTST.py:193 performCalcs INFO Labeling product atoms
comparerTST.py:209 performCalcs INFO We have generated a H_Abstraction reaction that matches, and used it to label the atoms.
comparerTST.py:211 performCalcs INFO Calculating reaction kinetics
comparerTST.py:119 calculate INFO Calculating reaction rate for <Molecule "[CH2]C(C)C"> + <Molecule "OO"> <=> <Molecule "CC(C)C"> + <Molecule "[O]O">
comparerTST.py:121 calculate INFO Selecting the appropriate TS distance database for family 'H_Abstraction'
comparerTST.py:123 calculate INFO Calculating kinetic data by calling qmCalc.getKineticData
reaction.py:619 loadKineticsData INFO Kinetics results file /gss_gpfs_scratch/harms.n/QMfiles/OO+[CH2]C(C)C_CC(C)C+[O]O.kinetics does not exist or is invalid
reaction.py:520 generateTSGeometryDirectGuess INFO Generating a TS geometry via the direct guess method
reaction.py:300 generateBoundsMatrix INFO Generating bounds matrix for OO.[CH2]C(C)C
reaction.py:338 bmPreEdit INFO Changing lower limit 2.519563 to 2.456764
reaction.py:338 bmPreEdit INFO Changing lower limit 3.65 to 3.22113913735
reaction.py:338 bmPreEdit INFO Changing lower limit 3.15 to 2.812396
reaction.py:561 generateTSGeometryDirectGuess INFO TS estimate made. About to try the search...
reaction.py:426 optimizeTS INFO Starting optimization steps of the TS search.
gaussian.py:535 optEstimate INFO Running loose optimization of TS with frozen center
gaussian.py:189 writeInputFile INFO Writing gaussian input file /gss_gpfs_scratch/harms.n/QMscratch/OO+[CH2]C(C)C_CC(C)C+[O]OEst.gjf
gaussian.py:590 optRxnCenter INFO Optimization of TS reaction center distances
gaussian.py:189 writeInputFile INFO Writing gaussian input file /gss_gpfs_scratch/harms.n/QMscratch/OO+[CH2]C(C)C_CC(C)C+[O]ORxnC.gjf
reaction.py:443 optimizeTS INFO Optimizing TS attempt 1
gaussian.py:485 createInputFile INFO Creating input file
gaussian.py:189 writeInputFile INFO Writing gaussian input file None
gaussian.py:748 verifyOutputFile INFO Verifying output file /gss_gpfs_scratch/harms.n/QMscratch/OO+[CH2]C(C)C_CC(C)C+[O]O.log
gaussian.py:516 createIRCFile INFO Creating IRC file
gaussian.py:189 writeInputFile INFO Writing gaussian input file /gss_gpfs_scratch/harms.n/QMscratch/OO+[CH2]C(C)C_CC(C)C+[O]OIRC.gjf
gaussian.py:685 runIRC INFO Running IRC
gaussian.py:843 verifyIRCOutputFile INFO Verifying the IRC output file /gss_gpfs_scratch/harms.n/QMscratch/OO+[CH2]C(C)C_CC(C)C+[O]OIRC.log
gaussian.py:878 verifyIRCOutputFile INFO Checking if all the success keywords are found in the file.
reaction.py:570 saveTSData INFO Saving TS result file /gss_gpfs_scratch/harms.n/QMfiles/OO+[CH2]C(C)C_CC(C)C+[O]O.ts
gaussian.py:991 parse INFO Parsing the gaussian output /gss_gpfs_scratch/harms.n/QMscratch/OO+[CH2]C(C)C_CC(C)C+[O]O.log
gaussian.py:168 verifyOutputFile INFO Successful GaussianMolM062X quantum result in /gss_gpfs_scratch/harms.n/QMscratch/KTOQRRDVVIDEAA-UHFFFAOYSA-u1.log
gaussian.py:268 generateQMData INFO Found a successful output file; using that.
symmetry.py:221 writeInputFile INFO Symmetry input file written to /gss_gpfs_scratch/harms.n/QMscratch/KTOQRRDVVIDEAA-UHFFFAOYSA-u1.symm
symmetry.py:188 parse INFO Point group: Cs
gaussian.py:168 verifyOutputFile INFO Successful GaussianMolM062X quantum result in /gss_gpfs_scratch/harms.n/QMscratch/MHAJPDPJQMAIIY-UHFFFAOYSA.log
gaussian.py:268 generateQMData INFO Found a successful output file; using that.
symmetry.py:221 writeInputFile INFO Symmetry input file written to /gss_gpfs_scratch/harms.n/QMscratch/MHAJPDPJQMAIIY-UHFFFAOYSA.symm
symmetry.py:188 parse INFO Point group: C2
gaussian.py:168 verifyOutputFile INFO Successful GaussianMolM062X quantum result in /gss_gpfs_scratch/harms.n/QMscratch/NNPPMTNAJDCUHE-UHFFFAOYSA.log
gaussian.py:268 generateQMData INFO Found a successful output file; using that.
symmetry.py:221 writeInputFile INFO Symmetry input file written to /gss_gpfs_scratch/harms.n/QMscratch/NNPPMTNAJDCUHE-UHFFFAOYSA.symm
symmetry.py:188 parse INFO Point group: C3v
gaussian.py:168 verifyOutputFile INFO Successful GaussianMolM062X quantum result in /gss_gpfs_scratch/harms.n/QMscratch/OUUQCZGPVNCOIJ-UHFFFAOYSA-u2.log
gaussian.py:268 generateQMData INFO Found a successful output file; using that.
symmetry.py:221 writeInputFile INFO Symmetry input file written to /gss_gpfs_scratch/harms.n/QMscratch/OUUQCZGPVNCOIJ-UHFFFAOYSA-u2.symm
symmetry.py:188 parse INFO Point group: Cs
CanTherm execution initiated at Fri Aug  4 03:31:32 2017

###############################################################
#                                                             #
#                          CanTherm                           #
#                                                             #
#   Version: 0.1.0 (14 May 2009)                              #
#   Authors: RMG Developers (rmg_dev@mit.edu)                 #
#   P.I.:    William H. Green (whgreen@mit.edu)               #
#   Website: http://rmg.sourceforge.net/                      #
#                                                             #
###############################################################

Loading species KTOQRRDVVIDEAA-UHFFFAOYSA-u1...
Loading species MHAJPDPJQMAIIY-UHFFFAOYSA...
Loading species NNPPMTNAJDCUHE-UHFFFAOYSA...
Loading species OUUQCZGPVNCOIJ-UHFFFAOYSA-u2...
Loading transition state TS...
Loading reaction OO+[CH2]C(C)C_CC(C)C+[O]O...


Loading statistical mechanics parameters for KTOQRRDVVIDEAA-UHFFFAOYSA-u1...
Warning: No bond energy correction found for model chemistry: M062X/MG3S
Saving statistical mechanics parameters for KTOQRRDVVIDEAA-UHFFFAOYSA-u1...
Loading statistical mechanics parameters for MHAJPDPJQMAIIY-UHFFFAOYSA...
Warning: No bond energy correction found for model chemistry: M062X/MG3S
Saving statistical mechanics parameters for MHAJPDPJQMAIIY-UHFFFAOYSA...
Loading statistical mechanics parameters for NNPPMTNAJDCUHE-UHFFFAOYSA...
Warning: No bond energy correction found for model chemistry: M062X/MG3S
Saving statistical mechanics parameters for NNPPMTNAJDCUHE-UHFFFAOYSA...
Loading statistical mechanics parameters for OUUQCZGPVNCOIJ-UHFFFAOYSA-u2...
Warning: No bond energy correction found for model chemistry: M062X/MG3S
Saving statistical mechanics parameters for OUUQCZGPVNCOIJ-UHFFFAOYSA-u2...
Loading statistical mechanics parameters for TS...
Warning: No bond energy correction found for model chemistry: M062X/MG3S
Saving statistical mechanics parameters for TS...
Generating Arrhenius kinetics model for Arrhenius...
Saving kinetics for KTOQRRDVVIDEAA-UHFFFAOYSA-u1 + MHAJPDPJQMAIIY-UHFFFAOYSA <=> NNPPMTNAJDCUHE-UHFFFAOYSA + OUUQCZGPVNCOIJ-UHFFFAOYSA-u2...

CanTherm execution terminated at Fri Aug  4 03:31:33 2017
Saving kinetics data file /gss_gpfs_scratch/harms.n/QMfiles/OO+[CH2]C(C)C_CC(C)C+[O]O.kinetics
Removing 'core*' files
Yay, reaction kinetics calculated!!!
Reaction(label='OO+[CH2]C(C)C_CC(C)C+[O]O', reactants=[Species(label="KTOQRRDVVIDEAA-UHFFFAOYSA-u1", conformer=Conformer(E0=(63.533,'kJ/mol'), modes=[IdealGasTranslation(mass=(57.0704,'amu')), NonlinearRotor(inertia=([59.3747,63.2192,108.005],'amu*angstrom^2'), symmetry=1), HarmonicOscillator(frequencies=([151.678,214.348,251.832,353.311,369.787,397.204,507.617,817.594,895.252,929.44,958.386,976.036,1073.47,1168.74,1189.81,1306.82,1311.22,1373.57,1389.14,1443.55,1462.48,1467.84,1477.99,1486.68,2902.11,2984.28,2986.55,3055.39,3057.97,3060.76,3063.06,3094.15,3194.75],'cm^-1'))], spinMultiplicity=2)), Species(label="MHAJPDPJQMAIIY-UHFFFAOYSA", conformer=Conformer(E0=(-134.382,'kJ/mol'), modes=[IdealGasTranslation(mass=(34.0055,'amu')), NonlinearRotor(inertia=([1.63801,18.4022,19.029],'amu*angstrom^2'), symmetry=1), HarmonicOscillator(frequencies=([378.1,1029.14,1344.99,1458.5,3786.54,3787.27],'cm^-1'))]))], products=[Species(label="NNPPMTNAJDCUHE-UHFFFAOYSA", conformer=Conformer(E0=(-139.549,'kJ/mol'), modes=[IdealGasTranslation(mass=(58.0782,'amu')), NonlinearRotor(inertia=([64.3064,64.3524,110.813],'amu*angstrom^2'), symmetry=1), HarmonicOscillator(frequencies=([178.017,242.768,249.594,358.348,360.252,425.188,802.196,902.91,907.667,936.988,968.057,968.494,1178.35,1178.6,1190.76,1336.02,1338.04,1376.84,1378.08,1403.48,1457.02,1463.36,1464.49,1481.85,1482.71,1490.47,2976.68,2977.99,2979.3,2985.29,3045.4,3045.9,3053.4,3054.98,3058.97,3062.22],'cm^-1'))])), Species(label="OUUQCZGPVNCOIJ-UHFFFAOYSA-u2", conformer=Conformer(E0=(6.19549,'kJ/mol'), modes=[IdealGasTranslation(mass=(32.9977,'amu')), NonlinearRotor(inertia=([0.800947,14.5112,15.3121],'amu*angstrom^2'), symmetry=1), HarmonicOscillator(frequencies=([1245.9,1447.19,3645.15],'cm^-1'))], spinMultiplicity=2))], kinetics=Arrhenius(A=(0.00735468,'cm^3/(mol*s)'), n=3.73791, Ea=(-2.88051,'kJ/mol'), T0=(1,'K'), Tmin=(303.03,'K'), Tmax=(2500,'K'), comment="""Fitted to 59 data points; dA = *|/ 1.03663, dn = +|- 0.0047215, dEa = +|- 0.025973 kJ/mol"""), transitionState=TransitionState(label="TS", conformer=Conformer(E0=(-55.8767,'kJ/mol'), modes=[IdealGasTranslation(mass=(91.0759,'amu')), NonlinearRotor(inertia=([90.283,303.09,329.555],'amu*angstrom^2'), symmetry=1), HarmonicOscillator(frequencies=([67.2973,92.7761,113.743,216.068,236.203,271.442,334.958,372.476,411.087,426.177,532.55,580.395,816.986,913.004,920.669,946.175,961.512,1021.93,1062.48,1127.5,1155.51,1178.69,1193.87,1316.95,1352.98,1373.47,1391.98,1395.56,1427.79,1436.76,1465.21,1472.1,1483.79,1487.53,2990.13,2994.36,3010.78,3023.01,3060.51,3065.38,3072.05,3083.66,3105.94,3755.39],'cm^-1'))], spinMultiplicity=2), frequency=(-1796.92,'cm^-1'), tunneling=Eckart(frequency=(-1796.92,'cm^-1'), E0_reac=(-70.8488,'kJ/mol'), E0_TS=(-55.8767,'kJ/mol'), E0_prod=(-133.354,'kJ/mol'))))
For reaction Reaction(label='OO+[CH2]C(C)C_CC(C)C+[O]O', reactants=[Species(label="KTOQRRDVVIDEAA-UHFFFAOYSA-u1", conformer=Conformer(E0=(63.533,'kJ/mol'), modes=[IdealGasTranslation(mass=(57.0704,'amu')), NonlinearRotor(inertia=([59.3747,63.2192,108.005],'amu*angstrom^2'), symmetry=1), HarmonicOscillator(frequencies=([151.678,214.348,251.832,353.311,369.787,397.204,507.617,817.594,895.252,929.44,958.386,976.036,1073.47,1168.74,1189.81,1306.82,1311.22,1373.57,1389.14,1443.55,1462.48,1467.84,1477.99,1486.68,2902.11,2984.28,2986.55,3055.39,3057.97,3060.76,3063.06,3094.15,3194.75],'cm^-1'))], spinMultiplicity=2)), Species(label="MHAJPDPJQMAIIY-UHFFFAOYSA", conformer=Conformer(E0=(-134.382,'kJ/mol'), modes=[IdealGasTranslation(mass=(34.0055,'amu')), NonlinearRotor(inertia=([1.63801,18.4022,19.029],'amu*angstrom^2'), symmetry=1), HarmonicOscillator(frequencies=([378.1,1029.14,1344.99,1458.5,3786.54,3787.27],'cm^-1'))]))], products=[Species(label="NNPPMTNAJDCUHE-UHFFFAOYSA", conformer=Conformer(E0=(-139.549,'kJ/mol'), modes=[IdealGasTranslation(mass=(58.0782,'amu')), NonlinearRotor(inertia=([64.3064,64.3524,110.813],'amu*angstrom^2'), symmetry=1), HarmonicOscillator(frequencies=([178.017,242.768,249.594,358.348,360.252,425.188,802.196,902.91,907.667,936.988,968.057,968.494,1178.35,1178.6,1190.76,1336.02,1338.04,1376.84,1378.08,1403.48,1457.02,1463.36,1464.49,1481.85,1482.71,1490.47,2976.68,2977.99,2979.3,2985.29,3045.4,3045.9,3053.4,3054.98,3058.97,3062.22],'cm^-1'))])), Species(label="OUUQCZGPVNCOIJ-UHFFFAOYSA-u2", conformer=Conformer(E0=(6.19549,'kJ/mol'), modes=[IdealGasTranslation(mass=(32.9977,'amu')), NonlinearRotor(inertia=([0.800947,14.5112,15.3121],'amu*angstrom^2'), symmetry=1), HarmonicOscillator(frequencies=([1245.9,1447.19,3645.15],'cm^-1'))], spinMultiplicity=2))], kinetics=Arrhenius(A=(0.00735468,'cm^3/(mol*s)'), n=3.73791, Ea=(-2.88051,'kJ/mol'), T0=(1,'K'), Tmin=(303.03,'K'), Tmax=(2500,'K'), comment="""Fitted to 59 data points; dA = *|/ 1.03663, dn = +|- 0.0047215, dEa = +|- 0.025973 kJ/mol"""), transitionState=TransitionState(label="TS", conformer=Conformer(E0=(-55.8767,'kJ/mol'), modes=[IdealGasTranslation(mass=(91.0759,'amu')), NonlinearRotor(inertia=([90.283,303.09,329.555],'amu*angstrom^2'), symmetry=1), HarmonicOscillator(frequencies=([67.2973,92.7761,113.743,216.068,236.203,271.442,334.958,372.476,411.087,426.177,532.55,580.395,816.986,913.004,920.669,946.175,961.512,1021.93,1062.48,1127.5,1155.51,1178.69,1193.87,1316.95,1352.98,1373.47,1391.98,1395.56,1427.79,1436.76,1465.21,1472.1,1483.79,1487.53,2990.13,2994.36,3010.78,3023.01,3060.51,3065.38,3072.05,3083.66,3105.94,3755.39],'cm^-1'))], spinMultiplicity=2), frequency=(-1796.92,'cm^-1'), tunneling=Eckart(frequency=(-1796.92,'cm^-1'), E0_reac=(-70.8488,'kJ/mol'), E0_TS=(-55.8767,'kJ/mol'), E0_prod=(-133.354,'kJ/mol'))))
We have calculated kinetics Arrhenius(A=(0.00735468,'cm^3/(mol*s)'), n=3.73791, Ea=(-2.88051,'kJ/mol'), T0=(1,'K'), Tmin=(303.03,'K'), Tmax=(2500,'K'), comment="""Fitted to 59 data points; dA = *|/ 1.03663, dn = +|- 0.0047215, dEa = +|- 0.025973 kJ/mol""")
