comparerTST.py:41 <module> INFO RUNNING WITH JOB NUMBER i = 302
comparerTST.py:45 <module> INFO Loading RMG Database ...
comparerTST.py:48 <module> INFO /home/harms.n/Code/RMG-database/input
thermo.py:760 loadLibraries INFO Loading thermodynamics library from thermo_DFT_CCSDTF12_BAC.py in /home/harms.n/Code/RMG-database/input/thermo/libraries...
thermo.py:760 loadLibraries INFO Loading thermodynamics library from CBS_QB3_1dHR.py in /home/harms.n/Code/RMG-database/input/thermo/libraries...
thermo.py:760 loadLibraries INFO Loading thermodynamics library from primaryThermoLibrary.py in /home/harms.n/Code/RMG-database/input/thermo/libraries...
thermo.py:760 loadLibraries INFO Loading thermodynamics library from KlippensteinH2O2.py in /home/harms.n/Code/RMG-database/input/thermo/libraries...
thermo.py:774 loadGroups INFO Loading thermodynamics group database from /home/harms.n/Code/RMG-database/input/thermo/groups...
transport.py:294 loadGroups INFO Loading transport group database from /home/harms.n/Code/RMG-database/input/transport/groups...
database.py:165 loadFamilies INFO Loading the user-specified kinetics families from /home/harms.n/Code/RMG-database/input/kinetics/families
statmech.py:526 loadGroups INFO Loading frequencies group database from /home/harms.n/Code/RMG-database/input/statmech/groups...
comparerTST.py:57 <module> INFO RMG Database Loaded
comparerTST.py:81 <module> INFO generateReactionsFromFamilies successfuly performed
comparerTST.py:141 performCalcs INFO chemkinRxn: Reaction(reactants=[Molecule(SMILES="CC=C(C)[O]"), Molecule(SMILES="[O]O")], products=[Molecule(SMILES="OO"), Molecule(SMILES="[CH2]C([O])=CC")], degeneracy=3, pairs=[[Molecule(SMILES="CC=C(C)[O]"), Molecule(SMILES="[CH2]C([O])=CC")], [Molecule(SMILES="[O]O"), Molecule(SMILES="OO")]])
comparerTST.py:143 performCalcs INFO Ensuring resonance isomers have been generated
<type 'rmgpy.molecule.molecule.Molecule'>
<type 'rmgpy.molecule.molecule.Molecule'>
<type 'rmgpy.molecule.molecule.Molecule'>
<type 'rmgpy.molecule.molecule.Molecule'>
[Molecule(SMILES="CC=C(C)[O]"), Molecule(SMILES="[O]O")]
[Molecule(SMILES="OO"), Molecule(SMILES="[CH2]C([O])=CC")]
comparerTST.py:162 performCalcs INFO Generated one reaction:
comparerTST.py:163 performCalcs INFO [Reaction(reactants=[Molecule(SMILES="CC=C(C)[O]"), Molecule(SMILES="[O]O")], products=[Molecule(SMILES="OO"), Molecule(SMILES="[CH2]C([O])=CC")], degeneracy=3, pairs=[[Molecule(SMILES="CC=C(C)[O]"), Molecule(SMILES="[CH2]C([O])=CC")], [Molecule(SMILES="[O]O"), Molecule(SMILES="OO")]])]
comparerTST.py:172 performCalcs INFO The reaction of interest is as follows: 
comparerTST.py:173 performCalcs INFO <Molecule "CC=C(C)[O]"> + <Molecule "[O]O"> <=> <Molecule "OO"> + <Molecule "[CH2]C([O])=CC">
comparerTST.py:175 performCalcs INFO asserting that the testReaction is Isomorphic
comparerTST.py:177 performCalcs INFO reaction: Reaction(reactants=[Molecule(SMILES="CC=C(C)[O]"), Molecule(SMILES="[O]O")], products=[Molecule(SMILES="OO"), Molecule(SMILES="[CH2]C([O])=CC")], degeneracy=3, pairs=[[Molecule(SMILES="CC=C(C)[O]"), Molecule(SMILES="[CH2]C([O])=CC")], [Molecule(SMILES="[O]O"), Molecule(SMILES="OO")]])
comparerTST.py:183 performCalcs INFO Labeling reactant atoms
comparerTST.py:193 performCalcs INFO Labeling product atoms
comparerTST.py:209 performCalcs INFO We have generated a H_Abstraction reaction that matches, and used it to label the atoms.
comparerTST.py:211 performCalcs INFO Calculating reaction kinetics
comparerTST.py:119 calculate INFO Calculating reaction rate for <Molecule "CC=C(C)[O]"> + <Molecule "[O]O"> <=> <Molecule "OO"> + <Molecule "[CH2]C([O])=CC">
comparerTST.py:121 calculate INFO Selecting the appropriate TS distance database for family 'H_Abstraction'
comparerTST.py:123 calculate INFO Calculating kinetic data by calling qmCalc.getKineticData
reaction.py:619 loadKineticsData INFO Kinetics results file /gss_gpfs_scratch/harms.n/QMfiles/CC=C(C)[O]+[O]O_OO+[CH2]C([O])=CC.kinetics does not exist or is invalid
reaction.py:520 generateTSGeometryDirectGuess INFO Generating a TS geometry via the direct guess method
reaction.py:300 generateBoundsMatrix INFO Generating bounds matrix for CC=C(C)[O].[O]O
reaction.py:338 bmPreEdit INFO Changing lower limit 2.9 to 2.471329
reaction.py:338 bmPreEdit INFO Changing lower limit 2.537443 to 2.477557
reaction.py:338 bmPreEdit INFO Changing lower limit 3.65 to 3.31595655824
molecule.py:140 rd_embed INFO RDKit failed to embed on attempt 1 of 180
reaction.py:561 generateTSGeometryDirectGuess INFO TS estimate made. About to try the search...
reaction.py:426 optimizeTS INFO Starting optimization steps of the TS search.
gaussian.py:535 optEstimate INFO Running loose optimization of TS with frozen center
gaussian.py:189 writeInputFile INFO Writing gaussian input file /gss_gpfs_scratch/harms.n/QMscratch/CC=C(C)[O]+[O]O_OO+[CH2]C([O])=CCEst.gjf
Error: segmentation violation
   rax 0000000000000000, rbx ffffffffffffffff, rcx ffffffffffffffff
   rdx 000000000000b01b, rsp 00007fff89194218, rbp 00007fff891947f0
   rsi 000000000000000b, rdi 000000000000b01b, r8  00002aede514a6c0
   r9  0000000000000000, r10 00007fff89193fa0, r11 0000000000000206
   r12 0000000000000000, r13 0000000000000000, r14 00007fff89194838
   r15 0000000000000076
  --- traceback not available
gaussian.py:680 runAlt WARNING Gaussian finished with return code 1
gaussian.py:590 optRxnCenter INFO Optimization of TS reaction center distances
gaussian.py:189 writeInputFile INFO Writing gaussian input file /gss_gpfs_scratch/harms.n/QMscratch/CC=C(C)[O]+[O]O_OO+[CH2]C([O])=CCRxnC.gjf
reaction.py:443 optimizeTS INFO Optimizing TS attempt 1
gaussian.py:485 createInputFile INFO Creating input file
gaussian.py:189 writeInputFile INFO Writing gaussian input file None
gaussian.py:748 verifyOutputFile INFO Verifying output file /gss_gpfs_scratch/harms.n/QMscratch/CC=C(C)[O]+[O]O_OO+[CH2]C([O])=CC.log
gaussian.py:516 createIRCFile INFO Creating IRC file
gaussian.py:189 writeInputFile INFO Writing gaussian input file /gss_gpfs_scratch/harms.n/QMscratch/CC=C(C)[O]+[O]O_OO+[CH2]C([O])=CCIRC.gjf
gaussian.py:685 runIRC INFO Running IRC
gaussian.py:843 verifyIRCOutputFile INFO Verifying the IRC output file /gss_gpfs_scratch/harms.n/QMscratch/CC=C(C)[O]+[O]O_OO+[CH2]C([O])=CCIRC.log
gaussian.py:878 verifyIRCOutputFile INFO Checking if all the success keywords are found in the file.
reaction.py:570 saveTSData INFO Saving TS result file /gss_gpfs_scratch/harms.n/QMfiles/CC=C(C)[O]+[O]O_OO+[CH2]C([O])=CC.ts
gaussian.py:991 parse INFO Parsing the gaussian output /gss_gpfs_scratch/harms.n/QMscratch/CC=C(C)[O]+[O]O_OO+[CH2]C([O])=CC.log
gaussian.py:168 verifyOutputFile INFO Successful GaussianMolM062X quantum result in /gss_gpfs_scratch/harms.n/QMscratch/GSPLSHVIIGMBIH-UHFFFAOYSA-u5.log
gaussian.py:268 generateQMData INFO Found a successful output file; using that.
symmetry.py:221 writeInputFile INFO Symmetry input file written to /gss_gpfs_scratch/harms.n/QMscratch/GSPLSHVIIGMBIH-UHFFFAOYSA-u5.symm
symmetry.py:188 parse INFO Point group: C1
gaussian.py:168 verifyOutputFile INFO Successful GaussianMolM062X quantum result in /gss_gpfs_scratch/harms.n/QMscratch/OUUQCZGPVNCOIJ-UHFFFAOYSA-u2.log
gaussian.py:268 generateQMData INFO Found a successful output file; using that.
symmetry.py:221 writeInputFile INFO Symmetry input file written to /gss_gpfs_scratch/harms.n/QMscratch/OUUQCZGPVNCOIJ-UHFFFAOYSA-u2.symm
symmetry.py:188 parse INFO Point group: Cs
gaussian.py:168 verifyOutputFile INFO Successful GaussianMolM062X quantum result in /gss_gpfs_scratch/harms.n/QMscratch/MHAJPDPJQMAIIY-UHFFFAOYSA.log
gaussian.py:268 generateQMData INFO Found a successful output file; using that.
symmetry.py:221 writeInputFile INFO Symmetry input file written to /gss_gpfs_scratch/harms.n/QMscratch/MHAJPDPJQMAIIY-UHFFFAOYSA.symm
symmetry.py:188 parse INFO Point group: C2
gaussian.py:168 verifyOutputFile INFO Successful GaussianMolM062X quantum result in /gss_gpfs_scratch/harms.n/QMscratch/ZEYHJZPBRUFJFN-UHFFFAOYSA-u2,3.log
gaussian.py:268 generateQMData INFO Found a successful output file; using that.
symmetry.py:221 writeInputFile INFO Symmetry input file written to /gss_gpfs_scratch/harms.n/QMscratch/ZEYHJZPBRUFJFN-UHFFFAOYSA-u2,3.symm
symmetry.py:188 parse INFO Point group: Cs
CanTherm execution initiated at Sat Aug  5 11:46:14 2017

###############################################################
#                                                             #
#                          CanTherm                           #
#                                                             #
#   Version: 0.1.0 (14 May 2009)                              #
#   Authors: RMG Developers (rmg_dev@mit.edu)                 #
#   P.I.:    William H. Green (whgreen@mit.edu)               #
#   Website: http://rmg.sourceforge.net/                      #
#                                                             #
###############################################################

Loading species GSPLSHVIIGMBIH-UHFFFAOYSA-u5...
Loading species OUUQCZGPVNCOIJ-UHFFFAOYSA-u2...
Loading species MHAJPDPJQMAIIY-UHFFFAOYSA...
Loading species ZEYHJZPBRUFJFN-UHFFFAOYSA-u2,3...
Loading transition state TS...
Loading reaction CC=C(C)[O]+[O]O_OO+[CH2]C([O])=CC...


Loading statistical mechanics parameters for GSPLSHVIIGMBIH-UHFFFAOYSA-u5...
Warning: No bond energy correction found for model chemistry: M062X/MG3S
Saving statistical mechanics parameters for GSPLSHVIIGMBIH-UHFFFAOYSA-u5...
Loading statistical mechanics parameters for OUUQCZGPVNCOIJ-UHFFFAOYSA-u2...
Warning: No bond energy correction found for model chemistry: M062X/MG3S
Saving statistical mechanics parameters for OUUQCZGPVNCOIJ-UHFFFAOYSA-u2...
Loading statistical mechanics parameters for MHAJPDPJQMAIIY-UHFFFAOYSA...
Warning: No bond energy correction found for model chemistry: M062X/MG3S
Saving statistical mechanics parameters for MHAJPDPJQMAIIY-UHFFFAOYSA...
Loading statistical mechanics parameters for ZEYHJZPBRUFJFN-UHFFFAOYSA-u2,3...
Warning: No bond energy correction found for model chemistry: M062X/MG3S
Saving statistical mechanics parameters for ZEYHJZPBRUFJFN-UHFFFAOYSA-u2,3...
Loading statistical mechanics parameters for TS...
Warning: No bond energy correction found for model chemistry: M062X/MG3S
Saving statistical mechanics parameters for TS...
Generating Arrhenius kinetics model for Arrhenius...
Saving kinetics for OUUQCZGPVNCOIJ-UHFFFAOYSA-u2 + GSPLSHVIIGMBIH-UHFFFAOYSA-u5 <=> MHAJPDPJQMAIIY-UHFFFAOYSA + ZEYHJZPBRUFJFN-UHFFFAOYSA-u2,3...

CanTherm execution terminated at Sat Aug  5 11:46:16 2017
Saving kinetics data file /gss_gpfs_scratch/harms.n/QMfiles/CC=C(C)[O]+[O]O_OO+[CH2]C([O])=CC.kinetics
Removing 'core*' files
Yay, reaction kinetics calculated!!!
Reaction(label='CC=C(C)[O]+[O]O_OO+[CH2]C([O])=CC', reactants=[Species(label="OUUQCZGPVNCOIJ-UHFFFAOYSA-u2", conformer=Conformer(E0=(6.19549,'kJ/mol'), modes=[IdealGasTranslation(mass=(32.9977,'amu')), NonlinearRotor(inertia=([0.800947,14.5112,15.3121],'amu*angstrom^2'), symmetry=1), HarmonicOscillator(frequencies=([1245.9,1447.19,3645.15],'cm^-1'))], spinMultiplicity=2)), Species(label="GSPLSHVIIGMBIH-UHFFFAOYSA-u5", conformer=Conformer(E0=(-93.4512,'kJ/mol'), modes=[IdealGasTranslation(mass=(71.0497,'amu')), NonlinearRotor(inertia=([49.672,138.111,181.575],'amu*angstrom^2'), symmetry=1), HarmonicOscillator(frequencies=([74.1226,109.164,155.644,259.627,412.302,525.185,598.366,667.574,789.74,950.782,962.126,1020.18,1030.77,1129.89,1205.41,1361.59,1370.61,1417.02,1448.86,1453.64,1461.56,1475.86,1648.12,2979.88,3000.86,3025.89,3062.66,3094.78,3118.16,3143.03],'cm^-1'))], spinMultiplicity=2))], products=[Species(label="MHAJPDPJQMAIIY-UHFFFAOYSA", conformer=Conformer(E0=(-134.382,'kJ/mol'), modes=[IdealGasTranslation(mass=(34.0055,'amu')), NonlinearRotor(inertia=([1.63801,18.4022,19.029],'amu*angstrom^2'), symmetry=1), HarmonicOscillator(frequencies=([378.1,1029.14,1344.99,1458.5,3786.54,3787.27],'cm^-1'))])), Species(label="ZEYHJZPBRUFJFN-UHFFFAOYSA-u2,3", conformer=Conformer(E0=(88.669,'kJ/mol'), modes=[IdealGasTranslation(mass=(70.0419,'amu')), NonlinearRotor(inertia=([46.4831,132.143,175.536],'amu*angstrom^2'), symmetry=1), HarmonicOscillator(frequencies=([103.342,127.844,265.114,325.518,425.556,531.574,600.543,622.657,726.51,798.463,970.255,974.125,1046.21,1125.95,1218.57,1373.02,1408,1443.91,1450.41,1456.56,1489.73,2974.94,3017.38,3104.01,3118.27,3135.68,3231.57],'cm^-1'))], spinMultiplicity=3))], kinetics=Arrhenius(A=(1.57003e-07,'cm^3/(mol*s)'), n=5.32783, Ea=(49.1631,'kJ/mol'), T0=(1,'K'), Tmin=(303.03,'K'), Tmax=(2500,'K'), comment="""Fitted to 59 data points; dA = *|/ 1.9994, dn = +|- 0.0909298, dEa = +|- 0.500205 kJ/mol"""), transitionState=TransitionState(label="TS", conformer=Conformer(E0=(-11.5795,'kJ/mol'), modes=[IdealGasTranslation(mass=(104.047,'amu')), NonlinearRotor(inertia=([143.534,347.947,446.787],'amu*angstrom^2'), symmetry=1), HarmonicOscillator(frequencies=([62.1374,72.9759,97.0009,108.713,165.138,177.512,259.572,392.044,426.362,530.591,577.426,609.389,630.424,673.587,796.101,945.527,959.123,995.549,1038.66,1067.35,1126.9,1144.35,1215.15,1370.67,1402.14,1407.33,1423.3,1429.7,1452.05,1480.23,1564.78,2975.17,3021.85,3054.15,3092.6,3133.54,3155.11,3747.47],'cm^-1'))], spinMultiplicity=3), frequency=(-1900.07,'cm^-1'), tunneling=Eckart(frequency=(-1900.07,'cm^-1'), E0_reac=(-87.2557,'kJ/mol'), E0_TS=(-11.5795,'kJ/mol'), E0_prod=(-45.7127,'kJ/mol'))))
For reaction Reaction(label='CC=C(C)[O]+[O]O_OO+[CH2]C([O])=CC', reactants=[Species(label="OUUQCZGPVNCOIJ-UHFFFAOYSA-u2", conformer=Conformer(E0=(6.19549,'kJ/mol'), modes=[IdealGasTranslation(mass=(32.9977,'amu')), NonlinearRotor(inertia=([0.800947,14.5112,15.3121],'amu*angstrom^2'), symmetry=1), HarmonicOscillator(frequencies=([1245.9,1447.19,3645.15],'cm^-1'))], spinMultiplicity=2)), Species(label="GSPLSHVIIGMBIH-UHFFFAOYSA-u5", conformer=Conformer(E0=(-93.4512,'kJ/mol'), modes=[IdealGasTranslation(mass=(71.0497,'amu')), NonlinearRotor(inertia=([49.672,138.111,181.575],'amu*angstrom^2'), symmetry=1), HarmonicOscillator(frequencies=([74.1226,109.164,155.644,259.627,412.302,525.185,598.366,667.574,789.74,950.782,962.126,1020.18,1030.77,1129.89,1205.41,1361.59,1370.61,1417.02,1448.86,1453.64,1461.56,1475.86,1648.12,2979.88,3000.86,3025.89,3062.66,3094.78,3118.16,3143.03],'cm^-1'))], spinMultiplicity=2))], products=[Species(label="MHAJPDPJQMAIIY-UHFFFAOYSA", conformer=Conformer(E0=(-134.382,'kJ/mol'), modes=[IdealGasTranslation(mass=(34.0055,'amu')), NonlinearRotor(inertia=([1.63801,18.4022,19.029],'amu*angstrom^2'), symmetry=1), HarmonicOscillator(frequencies=([378.1,1029.14,1344.99,1458.5,3786.54,3787.27],'cm^-1'))])), Species(label="ZEYHJZPBRUFJFN-UHFFFAOYSA-u2,3", conformer=Conformer(E0=(88.669,'kJ/mol'), modes=[IdealGasTranslation(mass=(70.0419,'amu')), NonlinearRotor(inertia=([46.4831,132.143,175.536],'amu*angstrom^2'), symmetry=1), HarmonicOscillator(frequencies=([103.342,127.844,265.114,325.518,425.556,531.574,600.543,622.657,726.51,798.463,970.255,974.125,1046.21,1125.95,1218.57,1373.02,1408,1443.91,1450.41,1456.56,1489.73,2974.94,3017.38,3104.01,3118.27,3135.68,3231.57],'cm^-1'))], spinMultiplicity=3))], kinetics=Arrhenius(A=(1.57003e-07,'cm^3/(mol*s)'), n=5.32783, Ea=(49.1631,'kJ/mol'), T0=(1,'K'), Tmin=(303.03,'K'), Tmax=(2500,'K'), comment="""Fitted to 59 data points; dA = *|/ 1.9994, dn = +|- 0.0909298, dEa = +|- 0.500205 kJ/mol"""), transitionState=TransitionState(label="TS", conformer=Conformer(E0=(-11.5795,'kJ/mol'), modes=[IdealGasTranslation(mass=(104.047,'amu')), NonlinearRotor(inertia=([143.534,347.947,446.787],'amu*angstrom^2'), symmetry=1), HarmonicOscillator(frequencies=([62.1374,72.9759,97.0009,108.713,165.138,177.512,259.572,392.044,426.362,530.591,577.426,609.389,630.424,673.587,796.101,945.527,959.123,995.549,1038.66,1067.35,1126.9,1144.35,1215.15,1370.67,1402.14,1407.33,1423.3,1429.7,1452.05,1480.23,1564.78,2975.17,3021.85,3054.15,3092.6,3133.54,3155.11,3747.47],'cm^-1'))], spinMultiplicity=3), frequency=(-1900.07,'cm^-1'), tunneling=Eckart(frequency=(-1900.07,'cm^-1'), E0_reac=(-87.2557,'kJ/mol'), E0_TS=(-11.5795,'kJ/mol'), E0_prod=(-45.7127,'kJ/mol'))))
We have calculated kinetics Arrhenius(A=(1.57003e-07,'cm^3/(mol*s)'), n=5.32783, Ea=(49.1631,'kJ/mol'), T0=(1,'K'), Tmin=(303.03,'K'), Tmax=(2500,'K'), comment="""Fitted to 59 data points; dA = *|/ 1.9994, dn = +|- 0.0909298, dEa = +|- 0.500205 kJ/mol""")
