comparerTST.py:41 <module> INFO RUNNING WITH JOB NUMBER i = 339
comparerTST.py:45 <module> INFO Loading RMG Database ...
comparerTST.py:48 <module> INFO /home/harms.n/Code/RMG-database/input
thermo.py:760 loadLibraries INFO Loading thermodynamics library from thermo_DFT_CCSDTF12_BAC.py in /home/harms.n/Code/RMG-database/input/thermo/libraries...
thermo.py:760 loadLibraries INFO Loading thermodynamics library from CBS_QB3_1dHR.py in /home/harms.n/Code/RMG-database/input/thermo/libraries...
thermo.py:760 loadLibraries INFO Loading thermodynamics library from primaryThermoLibrary.py in /home/harms.n/Code/RMG-database/input/thermo/libraries...
thermo.py:760 loadLibraries INFO Loading thermodynamics library from KlippensteinH2O2.py in /home/harms.n/Code/RMG-database/input/thermo/libraries...
thermo.py:774 loadGroups INFO Loading thermodynamics group database from /home/harms.n/Code/RMG-database/input/thermo/groups...
transport.py:294 loadGroups INFO Loading transport group database from /home/harms.n/Code/RMG-database/input/transport/groups...
database.py:165 loadFamilies INFO Loading the user-specified kinetics families from /home/harms.n/Code/RMG-database/input/kinetics/families
statmech.py:526 loadGroups INFO Loading frequencies group database from /home/harms.n/Code/RMG-database/input/statmech/groups...
comparerTST.py:57 <module> INFO RMG Database Loaded
comparerTST.py:81 <module> INFO generateReactionsFromFamilies successfuly performed
comparerTST.py:141 performCalcs INFO chemkinRxn: Reaction(reactants=[Molecule(SMILES="CC=CCO"), Molecule(SMILES="[O]O")], products=[Molecule(SMILES="OO"), Molecule(SMILES="CC=C[CH]O")], degeneracy=2, pairs=[[Molecule(SMILES="CC=CCO"), Molecule(SMILES="CC=C[CH]O")], [Molecule(SMILES="[O]O"), Molecule(SMILES="OO")]])
comparerTST.py:143 performCalcs INFO Ensuring resonance isomers have been generated
<type 'rmgpy.molecule.molecule.Molecule'>
<type 'rmgpy.molecule.molecule.Molecule'>
<type 'rmgpy.molecule.molecule.Molecule'>
<type 'rmgpy.molecule.molecule.Molecule'>
[Molecule(SMILES="CC=CCO"), Molecule(SMILES="[O]O")]
[Molecule(SMILES="OO"), Molecule(SMILES="CC=C[CH]O")]
comparerTST.py:162 performCalcs INFO Generated one reaction:
comparerTST.py:163 performCalcs INFO [Reaction(reactants=[Molecule(SMILES="CC=CCO"), Molecule(SMILES="[O]O")], products=[Molecule(SMILES="OO"), Molecule(SMILES="CC=C[CH]O")], degeneracy=2, pairs=[[Molecule(SMILES="CC=CCO"), Molecule(SMILES="CC=C[CH]O")], [Molecule(SMILES="[O]O"), Molecule(SMILES="OO")]])]
comparerTST.py:172 performCalcs INFO The reaction of interest is as follows: 
comparerTST.py:173 performCalcs INFO <Molecule "CC=CCO"> + <Molecule "[O]O"> <=> <Molecule "OO"> + <Molecule "CC=C[CH]O">
comparerTST.py:175 performCalcs INFO asserting that the testReaction is Isomorphic
comparerTST.py:177 performCalcs INFO reaction: Reaction(reactants=[Molecule(SMILES="CC=CCO"), Molecule(SMILES="[O]O")], products=[Molecule(SMILES="OO"), Molecule(SMILES="CC=C[CH]O")], degeneracy=2, pairs=[[Molecule(SMILES="CC=CCO"), Molecule(SMILES="CC=C[CH]O")], [Molecule(SMILES="[O]O"), Molecule(SMILES="OO")]])
comparerTST.py:183 performCalcs INFO Labeling reactant atoms
comparerTST.py:193 performCalcs INFO Labeling product atoms
comparerTST.py:209 performCalcs INFO We have generated a H_Abstraction reaction that matches, and used it to label the atoms.
comparerTST.py:211 performCalcs INFO Calculating reaction kinetics
comparerTST.py:119 calculate INFO Calculating reaction rate for <Molecule "CC=CCO"> + <Molecule "[O]O"> <=> <Molecule "OO"> + <Molecule "CC=C[CH]O">
comparerTST.py:121 calculate INFO Selecting the appropriate TS distance database for family 'H_Abstraction'
comparerTST.py:123 calculate INFO Calculating kinetic data by calling qmCalc.getKineticData
reaction.py:619 loadKineticsData INFO Kinetics results file /gss_gpfs_scratch/harms.n/QMfiles/CC=CCO+[O]O_CC=C[CH]O+OO.kinetics does not exist or is invalid
reaction.py:520 generateTSGeometryDirectGuess INFO Generating a TS geometry via the direct guess method
reaction.py:300 generateBoundsMatrix INFO Generating bounds matrix for CC=CCO.[O]O
reaction.py:338 bmPreEdit INFO Changing lower limit 2.9 to 2.45519
reaction.py:338 bmPreEdit INFO Changing lower limit 2.518636 to 2.478503
reaction.py:338 bmPreEdit INFO Changing lower limit 3.65 to 3.30243183943
reaction.py:338 bmPreEdit INFO Changing lower limit 3.4 to 3.22002554181
reaction.py:561 generateTSGeometryDirectGuess INFO TS estimate made. About to try the search...
reaction.py:426 optimizeTS INFO Starting optimization steps of the TS search.
gaussian.py:535 optEstimate INFO Running loose optimization of TS with frozen center
gaussian.py:189 writeInputFile INFO Writing gaussian input file /gss_gpfs_scratch/harms.n/QMscratch/CC=CCO+[O]O_CC=C[CH]O+OOEst.gjf
gaussian.py:590 optRxnCenter INFO Optimization of TS reaction center distances
gaussian.py:189 writeInputFile INFO Writing gaussian input file /gss_gpfs_scratch/harms.n/QMscratch/CC=CCO+[O]O_CC=C[CH]O+OORxnC.gjf
reaction.py:443 optimizeTS INFO Optimizing TS attempt 1
gaussian.py:485 createInputFile INFO Creating input file
gaussian.py:189 writeInputFile INFO Writing gaussian input file None
gaussian.py:748 verifyOutputFile INFO Verifying output file /gss_gpfs_scratch/harms.n/QMscratch/CC=CCO+[O]O_CC=C[CH]O+OO.log
gaussian.py:516 createIRCFile INFO Creating IRC file
gaussian.py:189 writeInputFile INFO Writing gaussian input file /gss_gpfs_scratch/harms.n/QMscratch/CC=CCO+[O]O_CC=C[CH]O+OOIRC.gjf
gaussian.py:685 runIRC INFO Running IRC
gaussian.py:843 verifyIRCOutputFile INFO Verifying the IRC output file /gss_gpfs_scratch/harms.n/QMscratch/CC=CCO+[O]O_CC=C[CH]O+OOIRC.log
gaussian.py:878 verifyIRCOutputFile INFO Checking if all the success keywords are found in the file.
reaction.py:570 saveTSData INFO Saving TS result file /gss_gpfs_scratch/harms.n/QMfiles/CC=CCO+[O]O_CC=C[CH]O+OO.ts
gaussian.py:991 parse INFO Parsing the gaussian output /gss_gpfs_scratch/harms.n/QMscratch/CC=CCO+[O]O_CC=C[CH]O+OO.log
gaussian.py:111 verifyOutputFile INFO Output file /gss_gpfs_scratch/harms.n/QMscratch/WCASXYBKJHWFMY-UHFFFAOYSA.log does not exist.
gaussian.py:189 writeInputFile INFO Writing gaussian input file None
gaussian.py:275 generateQMData INFO Trying GaussianMolM062X attempt 1 of 36 on molecule CC=CCO.
gaussian.py:168 verifyOutputFile INFO Successful GaussianMolM062X quantum result in /gss_gpfs_scratch/harms.n/QMscratch/WCASXYBKJHWFMY-UHFFFAOYSA.log
gaussian.py:278 generateQMData INFO Attempt 1 of 36 on species InChI=1S/C4H8O/c1-2-3-4-5/h2-3,5H,4H2,1H3 succeeded.
symmetry.py:221 writeInputFile INFO Symmetry input file written to /gss_gpfs_scratch/harms.n/QMscratch/WCASXYBKJHWFMY-UHFFFAOYSA.symm
symmetry.py:188 parse INFO Point group: C1
gaussian.py:168 verifyOutputFile INFO Successful GaussianMolM062X quantum result in /gss_gpfs_scratch/harms.n/QMscratch/OUUQCZGPVNCOIJ-UHFFFAOYSA-u2.log
gaussian.py:268 generateQMData INFO Found a successful output file; using that.
symmetry.py:221 writeInputFile INFO Symmetry input file written to /gss_gpfs_scratch/harms.n/QMscratch/OUUQCZGPVNCOIJ-UHFFFAOYSA-u2.symm
symmetry.py:188 parse INFO Point group: Cs
gaussian.py:168 verifyOutputFile INFO Successful GaussianMolM062X quantum result in /gss_gpfs_scratch/harms.n/QMscratch/MHAJPDPJQMAIIY-UHFFFAOYSA.log
gaussian.py:268 generateQMData INFO Found a successful output file; using that.
symmetry.py:221 writeInputFile INFO Symmetry input file written to /gss_gpfs_scratch/harms.n/QMscratch/MHAJPDPJQMAIIY-UHFFFAOYSA.symm
symmetry.py:188 parse INFO Point group: C2
gaussian.py:111 verifyOutputFile INFO Output file /gss_gpfs_scratch/harms.n/QMscratch/GZSMAFANHDULAC-UHFFFAOYSA-u4.log does not exist.
gaussian.py:189 writeInputFile INFO Writing gaussian input file None
gaussian.py:275 generateQMData INFO Trying GaussianMolM062X attempt 1 of 36 on molecule CC=C[CH]O.
gaussian.py:168 verifyOutputFile INFO Successful GaussianMolM062X quantum result in /gss_gpfs_scratch/harms.n/QMscratch/GZSMAFANHDULAC-UHFFFAOYSA-u4.log
gaussian.py:278 generateQMData INFO Attempt 1 of 36 on species InChI=1S/C4H7O/c1-2-3-4-5/h2-5H,1H3/u4 succeeded.
symmetry.py:221 writeInputFile INFO Symmetry input file written to /gss_gpfs_scratch/harms.n/QMscratch/GZSMAFANHDULAC-UHFFFAOYSA-u4.symm
symmetry.py:188 parse INFO Point group: Cs
CanTherm execution initiated at Sun Aug  6 22:19:53 2017

###############################################################
#                                                             #
#                          CanTherm                           #
#                                                             #
#   Version: 0.1.0 (14 May 2009)                              #
#   Authors: RMG Developers (rmg_dev@mit.edu)                 #
#   P.I.:    William H. Green (whgreen@mit.edu)               #
#   Website: http://rmg.sourceforge.net/                      #
#                                                             #
###############################################################

Loading species WCASXYBKJHWFMY-UHFFFAOYSA...
Loading species OUUQCZGPVNCOIJ-UHFFFAOYSA-u2...
Loading species MHAJPDPJQMAIIY-UHFFFAOYSA...
Loading species GZSMAFANHDULAC-UHFFFAOYSA-u4...
Loading transition state TS...
Loading reaction CC=CCO+[O]O_CC=C[CH]O+OO...


Loading statistical mechanics parameters for WCASXYBKJHWFMY-UHFFFAOYSA...
Warning: No bond energy correction found for model chemistry: M062X/MG3S
Saving statistical mechanics parameters for WCASXYBKJHWFMY-UHFFFAOYSA...
Loading statistical mechanics parameters for OUUQCZGPVNCOIJ-UHFFFAOYSA-u2...
Warning: No bond energy correction found for model chemistry: M062X/MG3S
Saving statistical mechanics parameters for OUUQCZGPVNCOIJ-UHFFFAOYSA-u2...
Loading statistical mechanics parameters for MHAJPDPJQMAIIY-UHFFFAOYSA...
Warning: No bond energy correction found for model chemistry: M062X/MG3S
Saving statistical mechanics parameters for MHAJPDPJQMAIIY-UHFFFAOYSA...
Loading statistical mechanics parameters for GZSMAFANHDULAC-UHFFFAOYSA-u4...
Warning: No bond energy correction found for model chemistry: M062X/MG3S
Saving statistical mechanics parameters for GZSMAFANHDULAC-UHFFFAOYSA-u4...
Loading statistical mechanics parameters for TS...
Warning: No bond energy correction found for model chemistry: M062X/MG3S
Saving statistical mechanics parameters for TS...
Generating Arrhenius kinetics model for Arrhenius...
Saving kinetics for WCASXYBKJHWFMY-UHFFFAOYSA + OUUQCZGPVNCOIJ-UHFFFAOYSA-u2 <=> MHAJPDPJQMAIIY-UHFFFAOYSA + GZSMAFANHDULAC-UHFFFAOYSA-u4...

CanTherm execution terminated at Sun Aug  6 22:19:55 2017
Saving kinetics data file /gss_gpfs_scratch/harms.n/QMfiles/CC=CCO+[O]O_CC=C[CH]O+OO.kinetics
Removing 'core*' files
Yay, reaction kinetics calculated!!!
Reaction(label='CC=CCO+[O]O_CC=C[CH]O+OO', reactants=[Species(label="WCASXYBKJHWFMY-UHFFFAOYSA", conformer=Conformer(E0=(-167.784,'kJ/mol'), modes=[IdealGasTranslation(mass=(72.0575,'amu')), NonlinearRotor(inertia=([24.836,238.239,245.701],'amu*angstrom^2'), symmetry=1), HarmonicOscillator(frequencies=([86.92,171.458,202.991,240.584,287.426,442.094,496.116,785.945,903.19,978.63,997.542,1048.57,1060.17,1101.86,1142.33,1220.09,1243.38,1297.62,1316.33,1393.41,1425.89,1458.3,1469.96,1490.12,1740.36,2961.32,2988.52,3007.08,3046.1,3067.82,3083.33,3091.17,3853.8],'cm^-1'))])), Species(label="OUUQCZGPVNCOIJ-UHFFFAOYSA-u2", conformer=Conformer(E0=(6.19549,'kJ/mol'), modes=[IdealGasTranslation(mass=(32.9977,'amu')), NonlinearRotor(inertia=([0.800947,14.5112,15.3121],'amu*angstrom^2'), symmetry=1), HarmonicOscillator(frequencies=([1245.9,1447.19,3645.15],'cm^-1'))], spinMultiplicity=2))], products=[Species(label="MHAJPDPJQMAIIY-UHFFFAOYSA", conformer=Conformer(E0=(-134.382,'kJ/mol'), modes=[IdealGasTranslation(mass=(34.0055,'amu')), NonlinearRotor(inertia=([1.63801,18.4022,19.029],'amu*angstrom^2'), symmetry=1), HarmonicOscillator(frequencies=([378.1,1029.14,1344.99,1458.5,3786.54,3787.27],'cm^-1'))])), Species(label="GZSMAFANHDULAC-UHFFFAOYSA-u4", conformer=Conformer(E0=(-50.897,'kJ/mol'), modes=[IdealGasTranslation(mass=(71.0497,'amu')), NonlinearRotor(inertia=([17.2039,242,256.111],'amu*angstrom^2'), symmetry=1), HarmonicOscillator(frequencies=([161.118,184.522,198.077,219.788,284.867,458.611,497.331,674.038,743.041,928.928,951.233,1025.01,1069.73,1113.35,1195.03,1213.2,1283.69,1308.33,1396.39,1457.76,1458.19,1507.02,1531.83,2985.93,3030.47,3067.13,3088.47,3098.16,3135.28,3864],'cm^-1'))], spinMultiplicity=2))], kinetics=Arrhenius(A=(9.37726e-06,'cm^3/(mol*s)'), n=4.76078, Ea=(25.8407,'kJ/mol'), T0=(1,'K'), Tmin=(303.03,'K'), Tmax=(2500,'K'), comment="""Fitted to 59 data points; dA = *|/ 1.83062, dn = +|- 0.0793556, dEa = +|- 0.436535 kJ/mol"""), transitionState=TransitionState(label="TS", conformer=Conformer(E0=(-114.009,'kJ/mol'), modes=[IdealGasTranslation(mass=(105.055,'amu')), NonlinearRotor(inertia=([130.119,363.988,386.077],'amu*angstrom^2'), symmetry=1), HarmonicOscillator(frequencies=([37.7233,91.4793,132.82,143.597,205.325,247.246,262.821,355.618,413.947,459.096,528.884,598.291,690.111,733.52,888.522,979.305,985.939,1005.13,1053.85,1084.49,1096.28,1176.36,1248.77,1263.72,1316.43,1370.82,1389.46,1395.33,1426.23,1455.08,1472.79,1521.25,1673.4,3000.11,3005.29,3062.72,3093.46,3112.1,3135.11,3737.95,3753.49],'cm^-1'))], spinMultiplicity=2), frequency=(-1495.57,'cm^-1'), tunneling=Eckart(frequency=(-1495.57,'cm^-1'), E0_reac=(-161.588,'kJ/mol'), E0_TS=(-114.009,'kJ/mol'), E0_prod=(-185.279,'kJ/mol'))))
For reaction Reaction(label='CC=CCO+[O]O_CC=C[CH]O+OO', reactants=[Species(label="WCASXYBKJHWFMY-UHFFFAOYSA", conformer=Conformer(E0=(-167.784,'kJ/mol'), modes=[IdealGasTranslation(mass=(72.0575,'amu')), NonlinearRotor(inertia=([24.836,238.239,245.701],'amu*angstrom^2'), symmetry=1), HarmonicOscillator(frequencies=([86.92,171.458,202.991,240.584,287.426,442.094,496.116,785.945,903.19,978.63,997.542,1048.57,1060.17,1101.86,1142.33,1220.09,1243.38,1297.62,1316.33,1393.41,1425.89,1458.3,1469.96,1490.12,1740.36,2961.32,2988.52,3007.08,3046.1,3067.82,3083.33,3091.17,3853.8],'cm^-1'))])), Species(label="OUUQCZGPVNCOIJ-UHFFFAOYSA-u2", conformer=Conformer(E0=(6.19549,'kJ/mol'), modes=[IdealGasTranslation(mass=(32.9977,'amu')), NonlinearRotor(inertia=([0.800947,14.5112,15.3121],'amu*angstrom^2'), symmetry=1), HarmonicOscillator(frequencies=([1245.9,1447.19,3645.15],'cm^-1'))], spinMultiplicity=2))], products=[Species(label="MHAJPDPJQMAIIY-UHFFFAOYSA", conformer=Conformer(E0=(-134.382,'kJ/mol'), modes=[IdealGasTranslation(mass=(34.0055,'amu')), NonlinearRotor(inertia=([1.63801,18.4022,19.029],'amu*angstrom^2'), symmetry=1), HarmonicOscillator(frequencies=([378.1,1029.14,1344.99,1458.5,3786.54,3787.27],'cm^-1'))])), Species(label="GZSMAFANHDULAC-UHFFFAOYSA-u4", conformer=Conformer(E0=(-50.897,'kJ/mol'), modes=[IdealGasTranslation(mass=(71.0497,'amu')), NonlinearRotor(inertia=([17.2039,242,256.111],'amu*angstrom^2'), symmetry=1), HarmonicOscillator(frequencies=([161.118,184.522,198.077,219.788,284.867,458.611,497.331,674.038,743.041,928.928,951.233,1025.01,1069.73,1113.35,1195.03,1213.2,1283.69,1308.33,1396.39,1457.76,1458.19,1507.02,1531.83,2985.93,3030.47,3067.13,3088.47,3098.16,3135.28,3864],'cm^-1'))], spinMultiplicity=2))], kinetics=Arrhenius(A=(9.37726e-06,'cm^3/(mol*s)'), n=4.76078, Ea=(25.8407,'kJ/mol'), T0=(1,'K'), Tmin=(303.03,'K'), Tmax=(2500,'K'), comment="""Fitted to 59 data points; dA = *|/ 1.83062, dn = +|- 0.0793556, dEa = +|- 0.436535 kJ/mol"""), transitionState=TransitionState(label="TS", conformer=Conformer(E0=(-114.009,'kJ/mol'), modes=[IdealGasTranslation(mass=(105.055,'amu')), NonlinearRotor(inertia=([130.119,363.988,386.077],'amu*angstrom^2'), symmetry=1), HarmonicOscillator(frequencies=([37.7233,91.4793,132.82,143.597,205.325,247.246,262.821,355.618,413.947,459.096,528.884,598.291,690.111,733.52,888.522,979.305,985.939,1005.13,1053.85,1084.49,1096.28,1176.36,1248.77,1263.72,1316.43,1370.82,1389.46,1395.33,1426.23,1455.08,1472.79,1521.25,1673.4,3000.11,3005.29,3062.72,3093.46,3112.1,3135.11,3737.95,3753.49],'cm^-1'))], spinMultiplicity=2), frequency=(-1495.57,'cm^-1'), tunneling=Eckart(frequency=(-1495.57,'cm^-1'), E0_reac=(-161.588,'kJ/mol'), E0_TS=(-114.009,'kJ/mol'), E0_prod=(-185.279,'kJ/mol'))))
We have calculated kinetics Arrhenius(A=(9.37726e-06,'cm^3/(mol*s)'), n=4.76078, Ea=(25.8407,'kJ/mol'), T0=(1,'K'), Tmin=(303.03,'K'), Tmax=(2500,'K'), comment="""Fitted to 59 data points; dA = *|/ 1.83062, dn = +|- 0.0793556, dEa = +|- 0.436535 kJ/mol""")
