comparerTST.py:41 <module> INFO RUNNING WITH JOB NUMBER i = 42
comparerTST.py:45 <module> INFO Loading RMG Database ...
comparerTST.py:48 <module> INFO /home/harms.n/Code/RMG-database/input
thermo.py:760 loadLibraries INFO Loading thermodynamics library from thermo_DFT_CCSDTF12_BAC.py in /home/harms.n/Code/RMG-database/input/thermo/libraries...
thermo.py:760 loadLibraries INFO Loading thermodynamics library from CBS_QB3_1dHR.py in /home/harms.n/Code/RMG-database/input/thermo/libraries...
thermo.py:760 loadLibraries INFO Loading thermodynamics library from primaryThermoLibrary.py in /home/harms.n/Code/RMG-database/input/thermo/libraries...
thermo.py:760 loadLibraries INFO Loading thermodynamics library from KlippensteinH2O2.py in /home/harms.n/Code/RMG-database/input/thermo/libraries...
thermo.py:774 loadGroups INFO Loading thermodynamics group database from /home/harms.n/Code/RMG-database/input/thermo/groups...
transport.py:294 loadGroups INFO Loading transport group database from /home/harms.n/Code/RMG-database/input/transport/groups...
database.py:165 loadFamilies INFO Loading the user-specified kinetics families from /home/harms.n/Code/RMG-database/input/kinetics/families
statmech.py:526 loadGroups INFO Loading frequencies group database from /home/harms.n/Code/RMG-database/input/statmech/groups...
comparerTST.py:57 <module> INFO RMG Database Loaded
comparerTST.py:81 <module> INFO generateReactionsFromFamilies successfuly performed
comparerTST.py:141 performCalcs INFO chemkinRxn: Reaction(reactants=[Molecule(SMILES="C=O"), Molecule(SMILES="[O]O")], products=[Molecule(SMILES="OO"), Molecule(SMILES="[CH]=O")], degeneracy=2, pairs=[[Molecule(SMILES="C=O"), Molecule(SMILES="[CH]=O")], [Molecule(SMILES="[O]O"), Molecule(SMILES="OO")]])
comparerTST.py:143 performCalcs INFO Ensuring resonance isomers have been generated
<type 'rmgpy.molecule.molecule.Molecule'>
<type 'rmgpy.molecule.molecule.Molecule'>
<type 'rmgpy.molecule.molecule.Molecule'>
<type 'rmgpy.molecule.molecule.Molecule'>
[Molecule(SMILES="C=O"), Molecule(SMILES="[O]O")]
[Molecule(SMILES="OO"), Molecule(SMILES="[CH]=O")]
comparerTST.py:162 performCalcs INFO Generated one reaction:
comparerTST.py:163 performCalcs INFO [Reaction(reactants=[Molecule(SMILES="C=O"), Molecule(SMILES="[O]O")], products=[Molecule(SMILES="OO"), Molecule(SMILES="[CH]=O")], degeneracy=2, pairs=[[Molecule(SMILES="C=O"), Molecule(SMILES="[CH]=O")], [Molecule(SMILES="[O]O"), Molecule(SMILES="OO")]])]
comparerTST.py:172 performCalcs INFO The reaction of interest is as follows: 
comparerTST.py:173 performCalcs INFO <Molecule "C=O"> + <Molecule "[O]O"> <=> <Molecule "OO"> + <Molecule "[CH]=O">
comparerTST.py:175 performCalcs INFO asserting that the testReaction is Isomorphic
comparerTST.py:177 performCalcs INFO reaction: Reaction(reactants=[Molecule(SMILES="C=O"), Molecule(SMILES="[O]O")], products=[Molecule(SMILES="OO"), Molecule(SMILES="[CH]=O")], degeneracy=2, pairs=[[Molecule(SMILES="C=O"), Molecule(SMILES="[CH]=O")], [Molecule(SMILES="[O]O"), Molecule(SMILES="OO")]])
comparerTST.py:183 performCalcs INFO Labeling reactant atoms
comparerTST.py:193 performCalcs INFO Labeling product atoms
comparerTST.py:209 performCalcs INFO We have generated a H_Abstraction reaction that matches, and used it to label the atoms.
comparerTST.py:211 performCalcs INFO Calculating reaction kinetics
comparerTST.py:119 calculate INFO Calculating reaction rate for <Molecule "C=O"> + <Molecule "[O]O"> <=> <Molecule "OO"> + <Molecule "[CH]=O">
comparerTST.py:121 calculate INFO Selecting the appropriate TS distance database for family 'H_Abstraction'
comparerTST.py:123 calculate INFO Calculating kinetic data by calling qmCalc.getKineticData
reaction.py:96 loadKineticsDataFile INFO Reading existing kinetics file /gss_gpfs_scratch/harms.n/QMfiles/C=O+[O]O_OO+[CH]=O.kinetics
comparerTST.py:125 calculate INFO Removing 'core*' files
comparerTST.py:133 calculate INFO Yay, reaction kinetics calculated!!!
comparerTST.py:134 calculate INFO Reaction(label='C=O+[O]O_OO+[CH]=O', reactants=[Species(label="WSFSSNUMVMOOMR-UHFFFAOYSA", conformer=Conformer(E0=(-113.566,'kJ/mol'), modes=[IdealGasTranslation(mass=(30.0106,'amu')), NonlinearRotor(inertia=([1.77512,12.7887,14.5638],'amu*angstrom^2'), symmetry=1), HarmonicOscillator(frequencies=([1198.32,1252.95,1512.86,1844.55,2910.74,2976.87],'cm^-1'))])), Species(label="OUUQCZGPVNCOIJ-UHFFFAOYSA-u2", conformer=Conformer(E0=(6.19549,'kJ/mol'), modes=[IdealGasTranslation(mass=(32.9977,'amu')), NonlinearRotor(inertia=([0.800947,14.5112,15.3121],'amu*angstrom^2'), symmetry=1), HarmonicOscillator(frequencies=([1245.9,1447.19,3645.15],'cm^-1'))], spinMultiplicity=2))], products=[Species(label="MHAJPDPJQMAIIY-UHFFFAOYSA", conformer=Conformer(E0=(-134.382,'kJ/mol'), modes=[IdealGasTranslation(mass=(34.0055,'amu')), NonlinearRotor(inertia=([1.63801,18.4022,19.029],'amu*angstrom^2'), symmetry=1), HarmonicOscillator(frequencies=([378.1,1029.14,1344.99,1458.5,3786.54,3787.27],'cm^-1'))])), Species(label="CFHIDWOYWUOIHU-UHFFFAOYSA-u1", conformer=Conformer(E0=(35.8414,'kJ/mol'), modes=[IdealGasTranslation(mass=(29.0027,'amu')), NonlinearRotor(inertia=([0.701847,11.1052,11.807],'amu*angstrom^2'), symmetry=1), HarmonicOscillator(frequencies=([1088.12,1970.24,2676.55],'cm^-1'))], spinMultiplicity=2))], kinetics=Arrhenius(A=(4.25716e-06,'cm^3/(mol*s)'), n=5.20307, Ea=(21.3304,'kJ/mol'), T0=(1,'K'), Tmin=(303.03,'K'), Tmax=(2500,'K'), comment="""Fitted to 59 data points; dA = *|/ 2.04573, dn = +|- 0.0939363, dEa = +|- 0.516744 kJ/mol"""), transitionState=TransitionState(label="TS", conformer=Conformer(E0=(-59.853,'kJ/mol'), modes=[IdealGasTranslation(mass=(63.0082,'amu')), NonlinearRotor(inertia=([17.2037,171.884,187.026],'amu*angstrom^2'), symmetry=1), HarmonicOscillator(frequencies=([74.3069,120.814,308.885,379.943,516.94,575.535,1075.42,1148.98,1202.23,1402.71,1578.75,1927.43,2836.91,3730.6],'cm^-1'))], spinMultiplicity=2), frequency=(-1838.47,'cm^-1'), tunneling=Eckart(frequency=(-1838.47,'cm^-1'), E0_reac=(-107.371,'kJ/mol'), E0_TS=(-59.853,'kJ/mol'), E0_prod=(-98.5403,'kJ/mol'))))
comparerTST.py:214 performCalcs INFO For reaction Reaction(label='C=O+[O]O_OO+[CH]=O', reactants=[Species(label="WSFSSNUMVMOOMR-UHFFFAOYSA", conformer=Conformer(E0=(-113.566,'kJ/mol'), modes=[IdealGasTranslation(mass=(30.0106,'amu')), NonlinearRotor(inertia=([1.77512,12.7887,14.5638],'amu*angstrom^2'), symmetry=1), HarmonicOscillator(frequencies=([1198.32,1252.95,1512.86,1844.55,2910.74,2976.87],'cm^-1'))])), Species(label="OUUQCZGPVNCOIJ-UHFFFAOYSA-u2", conformer=Conformer(E0=(6.19549,'kJ/mol'), modes=[IdealGasTranslation(mass=(32.9977,'amu')), NonlinearRotor(inertia=([0.800947,14.5112,15.3121],'amu*angstrom^2'), symmetry=1), HarmonicOscillator(frequencies=([1245.9,1447.19,3645.15],'cm^-1'))], spinMultiplicity=2))], products=[Species(label="MHAJPDPJQMAIIY-UHFFFAOYSA", conformer=Conformer(E0=(-134.382,'kJ/mol'), modes=[IdealGasTranslation(mass=(34.0055,'amu')), NonlinearRotor(inertia=([1.63801,18.4022,19.029],'amu*angstrom^2'), symmetry=1), HarmonicOscillator(frequencies=([378.1,1029.14,1344.99,1458.5,3786.54,3787.27],'cm^-1'))])), Species(label="CFHIDWOYWUOIHU-UHFFFAOYSA-u1", conformer=Conformer(E0=(35.8414,'kJ/mol'), modes=[IdealGasTranslation(mass=(29.0027,'amu')), NonlinearRotor(inertia=([0.701847,11.1052,11.807],'amu*angstrom^2'), symmetry=1), HarmonicOscillator(frequencies=([1088.12,1970.24,2676.55],'cm^-1'))], spinMultiplicity=2))], kinetics=Arrhenius(A=(4.25716e-06,'cm^3/(mol*s)'), n=5.20307, Ea=(21.3304,'kJ/mol'), T0=(1,'K'), Tmin=(303.03,'K'), Tmax=(2500,'K'), comment="""Fitted to 59 data points; dA = *|/ 2.04573, dn = +|- 0.0939363, dEa = +|- 0.516744 kJ/mol"""), transitionState=TransitionState(label="TS", conformer=Conformer(E0=(-59.853,'kJ/mol'), modes=[IdealGasTranslation(mass=(63.0082,'amu')), NonlinearRotor(inertia=([17.2037,171.884,187.026],'amu*angstrom^2'), symmetry=1), HarmonicOscillator(frequencies=([74.3069,120.814,308.885,379.943,516.94,575.535,1075.42,1148.98,1202.23,1402.71,1578.75,1927.43,2836.91,3730.6],'cm^-1'))], spinMultiplicity=2), frequency=(-1838.47,'cm^-1'), tunneling=Eckart(frequency=(-1838.47,'cm^-1'), E0_reac=(-107.371,'kJ/mol'), E0_TS=(-59.853,'kJ/mol'), E0_prod=(-98.5403,'kJ/mol'))))
comparerTST.py:216 performCalcs INFO We have calculated kinetics Arrhenius(A=(4.25716e-06,'cm^3/(mol*s)'), n=5.20307, Ea=(21.3304,'kJ/mol'), T0=(1,'K'), Tmin=(303.03,'K'), Tmax=(2500,'K'), comment="""Fitted to 59 data points; dA = *|/ 2.04573, dn = +|- 0.0939363, dEa = +|- 0.516744 kJ/mol""")
