comparerTST.py:41 <module> INFO RUNNING WITH JOB NUMBER i = 332
comparerTST.py:45 <module> INFO Loading RMG Database ...
comparerTST.py:48 <module> INFO /home/harms.n/Code/RMG-database/input
thermo.py:760 loadLibraries INFO Loading thermodynamics library from thermo_DFT_CCSDTF12_BAC.py in /home/harms.n/Code/RMG-database/input/thermo/libraries...
thermo.py:760 loadLibraries INFO Loading thermodynamics library from CBS_QB3_1dHR.py in /home/harms.n/Code/RMG-database/input/thermo/libraries...
thermo.py:760 loadLibraries INFO Loading thermodynamics library from primaryThermoLibrary.py in /home/harms.n/Code/RMG-database/input/thermo/libraries...
thermo.py:760 loadLibraries INFO Loading thermodynamics library from KlippensteinH2O2.py in /home/harms.n/Code/RMG-database/input/thermo/libraries...
thermo.py:774 loadGroups INFO Loading thermodynamics group database from /home/harms.n/Code/RMG-database/input/thermo/groups...
transport.py:294 loadGroups INFO Loading transport group database from /home/harms.n/Code/RMG-database/input/transport/groups...
database.py:165 loadFamilies INFO Loading the user-specified kinetics families from /home/harms.n/Code/RMG-database/input/kinetics/families
statmech.py:526 loadGroups INFO Loading frequencies group database from /home/harms.n/Code/RMG-database/input/statmech/groups...
comparerTST.py:57 <module> INFO RMG Database Loaded
comparerTST.py:81 <module> INFO generateReactionsFromFamilies successfuly performed
comparerTST.py:141 performCalcs INFO chemkinRxn: Reaction(reactants=[Molecule(SMILES="CCCC=O"), Molecule(SMILES="[O]O")], products=[Molecule(SMILES="OO"), Molecule(SMILES="C[CH]CC=O")], degeneracy=2, pairs=[[Molecule(SMILES="CCCC=O"), Molecule(SMILES="C[CH]CC=O")], [Molecule(SMILES="[O]O"), Molecule(SMILES="OO")]])
comparerTST.py:143 performCalcs INFO Ensuring resonance isomers have been generated
<type 'rmgpy.molecule.molecule.Molecule'>
<type 'rmgpy.molecule.molecule.Molecule'>
<type 'rmgpy.molecule.molecule.Molecule'>
<type 'rmgpy.molecule.molecule.Molecule'>
[Molecule(SMILES="CCCC=O"), Molecule(SMILES="[O]O")]
[Molecule(SMILES="OO"), Molecule(SMILES="C[CH]CC=O")]
comparerTST.py:162 performCalcs INFO Generated one reaction:
comparerTST.py:163 performCalcs INFO [Reaction(reactants=[Molecule(SMILES="CCCC=O"), Molecule(SMILES="[O]O")], products=[Molecule(SMILES="OO"), Molecule(SMILES="C[CH]CC=O")], degeneracy=2, pairs=[[Molecule(SMILES="CCCC=O"), Molecule(SMILES="C[CH]CC=O")], [Molecule(SMILES="[O]O"), Molecule(SMILES="OO")]])]
comparerTST.py:172 performCalcs INFO The reaction of interest is as follows: 
comparerTST.py:173 performCalcs INFO <Molecule "CCCC=O"> + <Molecule "[O]O"> <=> <Molecule "OO"> + <Molecule "C[CH]CC=O">
comparerTST.py:175 performCalcs INFO asserting that the testReaction is Isomorphic
comparerTST.py:177 performCalcs INFO reaction: Reaction(reactants=[Molecule(SMILES="CCCC=O"), Molecule(SMILES="[O]O")], products=[Molecule(SMILES="OO"), Molecule(SMILES="C[CH]CC=O")], degeneracy=2, pairs=[[Molecule(SMILES="CCCC=O"), Molecule(SMILES="C[CH]CC=O")], [Molecule(SMILES="[O]O"), Molecule(SMILES="OO")]])
comparerTST.py:183 performCalcs INFO Labeling reactant atoms
comparerTST.py:193 performCalcs INFO Labeling product atoms
comparerTST.py:209 performCalcs INFO We have generated a H_Abstraction reaction that matches, and used it to label the atoms.
comparerTST.py:211 performCalcs INFO Calculating reaction kinetics
comparerTST.py:119 calculate INFO Calculating reaction rate for <Molecule "CCCC=O"> + <Molecule "[O]O"> <=> <Molecule "OO"> + <Molecule "C[CH]CC=O">
comparerTST.py:121 calculate INFO Selecting the appropriate TS distance database for family 'H_Abstraction'
comparerTST.py:123 calculate INFO Calculating kinetic data by calling qmCalc.getKineticData
reaction.py:96 loadKineticsDataFile INFO Reading existing kinetics file /gss_gpfs_scratch/harms.n/QMfiles/CCCC=O+[O]O_C[CH]CC=O+OO.kinetics
comparerTST.py:125 calculate INFO Removing 'core*' files
comparerTST.py:133 calculate INFO Yay, reaction kinetics calculated!!!
comparerTST.py:134 calculate INFO Reaction(label='CCCC=O+[O]O_C[CH]CC=O+OO', reactants=[Species(label="ZTQSAGDEMFDKMZ-UHFFFAOYSA", conformer=Conformer(E0=(-215.028,'kJ/mol'), modes=[IdealGasTranslation(mass=(72.0575,'amu')), NonlinearRotor(inertia=([24.811,232.931,237.479],'amu*angstrom^2'), symmetry=1), HarmonicOscillator(frequencies=([51.1623,101.867,214.055,244.721,378.544,511.159,734.885,801.022,896.829,941.118,1005.53,1050.04,1125.37,1149.28,1233.77,1264.72,1303.67,1359.06,1392.65,1410.36,1442.04,1469.8,1474.79,1483.4,1833.24,2897.31,2979.02,2990.02,2993.55,3025.33,3057.2,3064.23,3067.31],'cm^-1'))])), Species(label="OUUQCZGPVNCOIJ-UHFFFAOYSA-u2", conformer=Conformer(E0=(6.19549,'kJ/mol'), modes=[IdealGasTranslation(mass=(32.9977,'amu')), NonlinearRotor(inertia=([0.800947,14.5112,15.3121],'amu*angstrom^2'), symmetry=1), HarmonicOscillator(frequencies=([1245.9,1447.19,3645.15],'cm^-1'))], spinMultiplicity=2))], products=[Species(label="XVFUASHVCZFHNN-UHFFFAOYSA-u2", conformer=Conformer(E0=(-27.2824,'kJ/mol'), modes=[IdealGasTranslation(mass=(71.0497,'amu')), NonlinearRotor(inertia=([32.6412,201.71,209.817],'amu*angstrom^2'), symmetry=1), HarmonicOscillator(frequencies=([73.4196,76.5865,283.898,371.78,433.754,496.983,809.294,883.349,941.705,963.887,1026.5,1114.66,1134.52,1218.54,1242.65,1358.43,1388.49,1397.41,1433.9,1452.14,1463.58,1819.1,2910.18,2939.47,2990.44,3009.24,3057.28,3070.69,3151.06],'cm^-1'))], spinMultiplicity=2)), Species(label="MHAJPDPJQMAIIY-UHFFFAOYSA", conformer=Conformer(E0=(-134.382,'kJ/mol'), modes=[IdealGasTranslation(mass=(34.0055,'amu')), NonlinearRotor(inertia=([1.63801,18.4022,19.029],'amu*angstrom^2'), symmetry=1), HarmonicOscillator(frequencies=([378.1,1029.14,1344.99,1458.5,3786.54,3787.27],'cm^-1'))]))], kinetics=Arrhenius(A=(0.000579204,'cm^3/(mol*s)'), n=4.35936, Ea=(44.6765,'kJ/mol'), T0=(1,'K'), Tmin=(303.03,'K'), Tmax=(2500,'K'), comment="""Fitted to 59 data points; dA = *|/ 1.23418, dn = +|- 0.027614, dEa = +|- 0.151904 kJ/mol"""), transitionState=TransitionState(label="TS", conformer=Conformer(E0=(-147.999,'kJ/mol'), modes=[IdealGasTranslation(mass=(105.055,'amu')), NonlinearRotor(inertia=([102.071,422.791,467.364],'amu*angstrom^2'), symmetry=1), HarmonicOscillator(frequencies=([54.691,64.8948,119.238,144.764,166.503,183.859,191.238,325.334,391.314,449.411,560.533,669.403,715.378,840.438,844.206,937.152,954.966,1054.04,1066.26,1110.38,1127.65,1145.69,1229.91,1302.2,1350.04,1379.18,1395.78,1405.1,1424.77,1455.21,1465.12,1471.76,1823.44,2918.87,2978.64,2979.44,3012.87,3035.22,3065.15,3081.41,3741.96],'cm^-1'))], spinMultiplicity=2), frequency=(-1813.1,'cm^-1'), tunneling=Eckart(frequency=(-1813.1,'cm^-1'), E0_reac=(-208.833,'kJ/mol'), E0_TS=(-147.999,'kJ/mol'), E0_prod=(-161.664,'kJ/mol'))))
comparerTST.py:214 performCalcs INFO For reaction Reaction(label='CCCC=O+[O]O_C[CH]CC=O+OO', reactants=[Species(label="ZTQSAGDEMFDKMZ-UHFFFAOYSA", conformer=Conformer(E0=(-215.028,'kJ/mol'), modes=[IdealGasTranslation(mass=(72.0575,'amu')), NonlinearRotor(inertia=([24.811,232.931,237.479],'amu*angstrom^2'), symmetry=1), HarmonicOscillator(frequencies=([51.1623,101.867,214.055,244.721,378.544,511.159,734.885,801.022,896.829,941.118,1005.53,1050.04,1125.37,1149.28,1233.77,1264.72,1303.67,1359.06,1392.65,1410.36,1442.04,1469.8,1474.79,1483.4,1833.24,2897.31,2979.02,2990.02,2993.55,3025.33,3057.2,3064.23,3067.31],'cm^-1'))])), Species(label="OUUQCZGPVNCOIJ-UHFFFAOYSA-u2", conformer=Conformer(E0=(6.19549,'kJ/mol'), modes=[IdealGasTranslation(mass=(32.9977,'amu')), NonlinearRotor(inertia=([0.800947,14.5112,15.3121],'amu*angstrom^2'), symmetry=1), HarmonicOscillator(frequencies=([1245.9,1447.19,3645.15],'cm^-1'))], spinMultiplicity=2))], products=[Species(label="XVFUASHVCZFHNN-UHFFFAOYSA-u2", conformer=Conformer(E0=(-27.2824,'kJ/mol'), modes=[IdealGasTranslation(mass=(71.0497,'amu')), NonlinearRotor(inertia=([32.6412,201.71,209.817],'amu*angstrom^2'), symmetry=1), HarmonicOscillator(frequencies=([73.4196,76.5865,283.898,371.78,433.754,496.983,809.294,883.349,941.705,963.887,1026.5,1114.66,1134.52,1218.54,1242.65,1358.43,1388.49,1397.41,1433.9,1452.14,1463.58,1819.1,2910.18,2939.47,2990.44,3009.24,3057.28,3070.69,3151.06],'cm^-1'))], spinMultiplicity=2)), Species(label="MHAJPDPJQMAIIY-UHFFFAOYSA", conformer=Conformer(E0=(-134.382,'kJ/mol'), modes=[IdealGasTranslation(mass=(34.0055,'amu')), NonlinearRotor(inertia=([1.63801,18.4022,19.029],'amu*angstrom^2'), symmetry=1), HarmonicOscillator(frequencies=([378.1,1029.14,1344.99,1458.5,3786.54,3787.27],'cm^-1'))]))], kinetics=Arrhenius(A=(0.000579204,'cm^3/(mol*s)'), n=4.35936, Ea=(44.6765,'kJ/mol'), T0=(1,'K'), Tmin=(303.03,'K'), Tmax=(2500,'K'), comment="""Fitted to 59 data points; dA = *|/ 1.23418, dn = +|- 0.027614, dEa = +|- 0.151904 kJ/mol"""), transitionState=TransitionState(label="TS", conformer=Conformer(E0=(-147.999,'kJ/mol'), modes=[IdealGasTranslation(mass=(105.055,'amu')), NonlinearRotor(inertia=([102.071,422.791,467.364],'amu*angstrom^2'), symmetry=1), HarmonicOscillator(frequencies=([54.691,64.8948,119.238,144.764,166.503,183.859,191.238,325.334,391.314,449.411,560.533,669.403,715.378,840.438,844.206,937.152,954.966,1054.04,1066.26,1110.38,1127.65,1145.69,1229.91,1302.2,1350.04,1379.18,1395.78,1405.1,1424.77,1455.21,1465.12,1471.76,1823.44,2918.87,2978.64,2979.44,3012.87,3035.22,3065.15,3081.41,3741.96],'cm^-1'))], spinMultiplicity=2), frequency=(-1813.1,'cm^-1'), tunneling=Eckart(frequency=(-1813.1,'cm^-1'), E0_reac=(-208.833,'kJ/mol'), E0_TS=(-147.999,'kJ/mol'), E0_prod=(-161.664,'kJ/mol'))))
comparerTST.py:216 performCalcs INFO We have calculated kinetics Arrhenius(A=(0.000579204,'cm^3/(mol*s)'), n=4.35936, Ea=(44.6765,'kJ/mol'), T0=(1,'K'), Tmin=(303.03,'K'), Tmax=(2500,'K'), comment="""Fitted to 59 data points; dA = *|/ 1.23418, dn = +|- 0.027614, dEa = +|- 0.151904 kJ/mol""")
