comparerTST.py:41 <module> INFO RUNNING WITH JOB NUMBER i = 128
comparerTST.py:45 <module> INFO Loading RMG Database ...
comparerTST.py:48 <module> INFO /home/harms.n/Code/RMG-database/input
thermo.py:760 loadLibraries INFO Loading thermodynamics library from thermo_DFT_CCSDTF12_BAC.py in /home/harms.n/Code/RMG-database/input/thermo/libraries...
thermo.py:760 loadLibraries INFO Loading thermodynamics library from CBS_QB3_1dHR.py in /home/harms.n/Code/RMG-database/input/thermo/libraries...
thermo.py:760 loadLibraries INFO Loading thermodynamics library from primaryThermoLibrary.py in /home/harms.n/Code/RMG-database/input/thermo/libraries...
thermo.py:760 loadLibraries INFO Loading thermodynamics library from KlippensteinH2O2.py in /home/harms.n/Code/RMG-database/input/thermo/libraries...
thermo.py:774 loadGroups INFO Loading thermodynamics group database from /home/harms.n/Code/RMG-database/input/thermo/groups...
transport.py:294 loadGroups INFO Loading transport group database from /home/harms.n/Code/RMG-database/input/transport/groups...
database.py:165 loadFamilies INFO Loading the user-specified kinetics families from /home/harms.n/Code/RMG-database/input/kinetics/families
statmech.py:526 loadGroups INFO Loading frequencies group database from /home/harms.n/Code/RMG-database/input/statmech/groups...
comparerTST.py:57 <module> INFO RMG Database Loaded
comparerTST.py:81 <module> INFO generateReactionsFromFamilies successfuly performed
comparerTST.py:141 performCalcs INFO chemkinRxn: Reaction(reactants=[Molecule(SMILES="C[C]=O"), Molecule(SMILES="OO")], products=[Molecule(SMILES="CC=O"), Molecule(SMILES="[O]O")], degeneracy=2, pairs=[[Molecule(SMILES="C[C]=O"), Molecule(SMILES="CC=O")], [Molecule(SMILES="OO"), Molecule(SMILES="[O]O")]])
comparerTST.py:143 performCalcs INFO Ensuring resonance isomers have been generated
<type 'rmgpy.molecule.molecule.Molecule'>
<type 'rmgpy.molecule.molecule.Molecule'>
<type 'rmgpy.molecule.molecule.Molecule'>
<type 'rmgpy.molecule.molecule.Molecule'>
[Molecule(SMILES="C[C]=O"), Molecule(SMILES="OO")]
[Molecule(SMILES="CC=O"), Molecule(SMILES="[O]O")]
comparerTST.py:162 performCalcs INFO Generated one reaction:
comparerTST.py:163 performCalcs INFO [Reaction(reactants=[Molecule(SMILES="C[C]=O"), Molecule(SMILES="OO")], products=[Molecule(SMILES="CC=O"), Molecule(SMILES="[O]O")], degeneracy=2, pairs=[[Molecule(SMILES="C[C]=O"), Molecule(SMILES="CC=O")], [Molecule(SMILES="OO"), Molecule(SMILES="[O]O")]])]
comparerTST.py:172 performCalcs INFO The reaction of interest is as follows: 
comparerTST.py:173 performCalcs INFO <Molecule "C[C]=O"> + <Molecule "OO"> <=> <Molecule "CC=O"> + <Molecule "[O]O">
comparerTST.py:175 performCalcs INFO asserting that the testReaction is Isomorphic
comparerTST.py:177 performCalcs INFO reaction: Reaction(reactants=[Molecule(SMILES="C[C]=O"), Molecule(SMILES="OO")], products=[Molecule(SMILES="CC=O"), Molecule(SMILES="[O]O")], degeneracy=2, pairs=[[Molecule(SMILES="C[C]=O"), Molecule(SMILES="CC=O")], [Molecule(SMILES="OO"), Molecule(SMILES="[O]O")]])
comparerTST.py:183 performCalcs INFO Labeling reactant atoms
comparerTST.py:193 performCalcs INFO Labeling product atoms
comparerTST.py:209 performCalcs INFO We have generated a H_Abstraction reaction that matches, and used it to label the atoms.
comparerTST.py:211 performCalcs INFO Calculating reaction kinetics
comparerTST.py:119 calculate INFO Calculating reaction rate for <Molecule "C[C]=O"> + <Molecule "OO"> <=> <Molecule "CC=O"> + <Molecule "[O]O">
comparerTST.py:121 calculate INFO Selecting the appropriate TS distance database for family 'H_Abstraction'
comparerTST.py:123 calculate INFO Calculating kinetic data by calling qmCalc.getKineticData
reaction.py:96 loadKineticsDataFile INFO Reading existing kinetics file /gss_gpfs_scratch/harms.n/QMfiles/C[C]=O+OO_CC=O+[O]O.kinetics
comparerTST.py:125 calculate INFO Removing 'core*' files
comparerTST.py:133 calculate INFO Yay, reaction kinetics calculated!!!
comparerTST.py:134 calculate INFO Reaction(label='C[C]=O+OO_CC=O+[O]O', reactants=[Species(label="MHAJPDPJQMAIIY-UHFFFAOYSA", conformer=Conformer(E0=(-134.382,'kJ/mol'), modes=[IdealGasTranslation(mass=(34.0055,'amu')), NonlinearRotor(inertia=([1.63801,18.4022,19.029],'amu*angstrom^2'), symmetry=1), HarmonicOscillator(frequencies=([378.1,1029.14,1344.99,1458.5,3786.54,3787.27],'cm^-1'))])), Species(label="TUCNEACPLKLKNU-UHFFFAOYSA-u2", conformer=Conformer(E0=(-19.6992,'kJ/mol'), modes=[IdealGasTranslation(mass=(43.0184,'amu')), NonlinearRotor(inertia=([5.96202,50.2393,53.0907],'amu*angstrom^2'), symmetry=1), HarmonicOscillator(frequencies=([148.75,464.147,852.13,945.186,1035.16,1337.11,1439.23,1444.54,1966.3,3006.13,3100.47,3108.63],'cm^-1'))], spinMultiplicity=2))], products=[Species(label="OUUQCZGPVNCOIJ-UHFFFAOYSA-u2", conformer=Conformer(E0=(6.19549,'kJ/mol'), modes=[IdealGasTranslation(mass=(32.9977,'amu')), NonlinearRotor(inertia=([0.800947,14.5112,15.3121],'amu*angstrom^2'), symmetry=1), HarmonicOscillator(frequencies=([1245.9,1447.19,3645.15],'cm^-1'))], spinMultiplicity=2)), Species(label="IKHGUXGNUITLKF-UHFFFAOYSA", conformer=Conformer(E0=(-172.884,'kJ/mol'), modes=[IdealGasTranslation(mass=(44.0262,'amu')), NonlinearRotor(inertia=([8.81557,49.2561,54.9719],'amu*angstrom^2'), symmetry=1), HarmonicOscillator(frequencies=([165.807,504.334,763.899,884.837,1118.15,1123.59,1359.94,1404.85,1443.34,1447.44,1838.7,2921.64,2998.31,3063.44,3107.7],'cm^-1'))]))], kinetics=Arrhenius(A=(0.000356088,'cm^3/(mol*s)'), n=4.44236, Ea=(7.94843,'kJ/mol'), T0=(1,'K'), Tmin=(303.03,'K'), Tmax=(2500,'K'), comment="""Fitted to 59 data points; dA = *|/ 1.42249, dn = +|- 0.04625, dEa = +|- 0.254422 kJ/mol"""), transitionState=TransitionState(label="TS", conformer=Conformer(E0=(-125.207,'kJ/mol'), modes=[IdealGasTranslation(mass=(77.0239,'amu')), NonlinearRotor(inertia=([63.7786,197.853,235.004],'amu*angstrom^2'), symmetry=1), HarmonicOscillator(frequencies=([62.1783,104.693,113.504,151.849,377.404,421.68,473.545,578.852,871.971,928.846,1066.84,1110.96,1201.32,1340.32,1402.67,1423.33,1437.45,1446.39,1917.66,3002.52,3081.03,3109.83,3732.57],'cm^-1'))], spinMultiplicity=2), frequency=(-1683.86,'cm^-1'), tunneling=Eckart(frequency=(-1683.86,'cm^-1'), E0_reac=(-154.081,'kJ/mol'), E0_TS=(-125.207,'kJ/mol'), E0_prod=(-166.689,'kJ/mol'))))
comparerTST.py:214 performCalcs INFO For reaction Reaction(label='C[C]=O+OO_CC=O+[O]O', reactants=[Species(label="MHAJPDPJQMAIIY-UHFFFAOYSA", conformer=Conformer(E0=(-134.382,'kJ/mol'), modes=[IdealGasTranslation(mass=(34.0055,'amu')), NonlinearRotor(inertia=([1.63801,18.4022,19.029],'amu*angstrom^2'), symmetry=1), HarmonicOscillator(frequencies=([378.1,1029.14,1344.99,1458.5,3786.54,3787.27],'cm^-1'))])), Species(label="TUCNEACPLKLKNU-UHFFFAOYSA-u2", conformer=Conformer(E0=(-19.6992,'kJ/mol'), modes=[IdealGasTranslation(mass=(43.0184,'amu')), NonlinearRotor(inertia=([5.96202,50.2393,53.0907],'amu*angstrom^2'), symmetry=1), HarmonicOscillator(frequencies=([148.75,464.147,852.13,945.186,1035.16,1337.11,1439.23,1444.54,1966.3,3006.13,3100.47,3108.63],'cm^-1'))], spinMultiplicity=2))], products=[Species(label="OUUQCZGPVNCOIJ-UHFFFAOYSA-u2", conformer=Conformer(E0=(6.19549,'kJ/mol'), modes=[IdealGasTranslation(mass=(32.9977,'amu')), NonlinearRotor(inertia=([0.800947,14.5112,15.3121],'amu*angstrom^2'), symmetry=1), HarmonicOscillator(frequencies=([1245.9,1447.19,3645.15],'cm^-1'))], spinMultiplicity=2)), Species(label="IKHGUXGNUITLKF-UHFFFAOYSA", conformer=Conformer(E0=(-172.884,'kJ/mol'), modes=[IdealGasTranslation(mass=(44.0262,'amu')), NonlinearRotor(inertia=([8.81557,49.2561,54.9719],'amu*angstrom^2'), symmetry=1), HarmonicOscillator(frequencies=([165.807,504.334,763.899,884.837,1118.15,1123.59,1359.94,1404.85,1443.34,1447.44,1838.7,2921.64,2998.31,3063.44,3107.7],'cm^-1'))]))], kinetics=Arrhenius(A=(0.000356088,'cm^3/(mol*s)'), n=4.44236, Ea=(7.94843,'kJ/mol'), T0=(1,'K'), Tmin=(303.03,'K'), Tmax=(2500,'K'), comment="""Fitted to 59 data points; dA = *|/ 1.42249, dn = +|- 0.04625, dEa = +|- 0.254422 kJ/mol"""), transitionState=TransitionState(label="TS", conformer=Conformer(E0=(-125.207,'kJ/mol'), modes=[IdealGasTranslation(mass=(77.0239,'amu')), NonlinearRotor(inertia=([63.7786,197.853,235.004],'amu*angstrom^2'), symmetry=1), HarmonicOscillator(frequencies=([62.1783,104.693,113.504,151.849,377.404,421.68,473.545,578.852,871.971,928.846,1066.84,1110.96,1201.32,1340.32,1402.67,1423.33,1437.45,1446.39,1917.66,3002.52,3081.03,3109.83,3732.57],'cm^-1'))], spinMultiplicity=2), frequency=(-1683.86,'cm^-1'), tunneling=Eckart(frequency=(-1683.86,'cm^-1'), E0_reac=(-154.081,'kJ/mol'), E0_TS=(-125.207,'kJ/mol'), E0_prod=(-166.689,'kJ/mol'))))
comparerTST.py:216 performCalcs INFO We have calculated kinetics Arrhenius(A=(0.000356088,'cm^3/(mol*s)'), n=4.44236, Ea=(7.94843,'kJ/mol'), T0=(1,'K'), Tmin=(303.03,'K'), Tmax=(2500,'K'), comment="""Fitted to 59 data points; dA = *|/ 1.42249, dn = +|- 0.04625, dEa = +|- 0.254422 kJ/mol""")
