comparerTST.py:41 <module> INFO RUNNING WITH JOB NUMBER i = 291
comparerTST.py:45 <module> INFO Loading RMG Database ...
comparerTST.py:48 <module> INFO /home/harms.n/Code/RMG-database/input
thermo.py:760 loadLibraries INFO Loading thermodynamics library from thermo_DFT_CCSDTF12_BAC.py in /home/harms.n/Code/RMG-database/input/thermo/libraries...
thermo.py:760 loadLibraries INFO Loading thermodynamics library from CBS_QB3_1dHR.py in /home/harms.n/Code/RMG-database/input/thermo/libraries...
thermo.py:760 loadLibraries INFO Loading thermodynamics library from primaryThermoLibrary.py in /home/harms.n/Code/RMG-database/input/thermo/libraries...
thermo.py:760 loadLibraries INFO Loading thermodynamics library from KlippensteinH2O2.py in /home/harms.n/Code/RMG-database/input/thermo/libraries...
thermo.py:774 loadGroups INFO Loading thermodynamics group database from /home/harms.n/Code/RMG-database/input/thermo/groups...
transport.py:294 loadGroups INFO Loading transport group database from /home/harms.n/Code/RMG-database/input/transport/groups...
database.py:165 loadFamilies INFO Loading the user-specified kinetics families from /home/harms.n/Code/RMG-database/input/kinetics/families
statmech.py:526 loadGroups INFO Loading frequencies group database from /home/harms.n/Code/RMG-database/input/statmech/groups...
comparerTST.py:57 <module> INFO RMG Database Loaded
comparerTST.py:81 <module> INFO generateReactionsFromFamilies successfuly performed
comparerTST.py:141 performCalcs INFO chemkinRxn: Reaction(reactants=[Molecule(SMILES="CC=CC=O"), Molecule(SMILES="[O]O")], products=[Molecule(SMILES="OO"), Molecule(SMILES="[CH2]C=CC=O")], degeneracy=3, pairs=[[Molecule(SMILES="CC=CC=O"), Molecule(SMILES="[CH2]C=CC=O")], [Molecule(SMILES="[O]O"), Molecule(SMILES="OO")]])
comparerTST.py:143 performCalcs INFO Ensuring resonance isomers have been generated
<type 'rmgpy.molecule.molecule.Molecule'>
<type 'rmgpy.molecule.molecule.Molecule'>
<type 'rmgpy.molecule.molecule.Molecule'>
<type 'rmgpy.molecule.molecule.Molecule'>
[Molecule(SMILES="CC=CC=O"), Molecule(SMILES="[O]O")]
[Molecule(SMILES="OO"), Molecule(SMILES="[CH2]C=CC=O")]
comparerTST.py:162 performCalcs INFO Generated one reaction:
comparerTST.py:163 performCalcs INFO [Reaction(reactants=[Molecule(SMILES="CC=CC=O"), Molecule(SMILES="[O]O")], products=[Molecule(SMILES="OO"), Molecule(SMILES="[CH2]C=CC=O")], degeneracy=3, pairs=[[Molecule(SMILES="CC=CC=O"), Molecule(SMILES="[CH2]C=CC=O")], [Molecule(SMILES="[O]O"), Molecule(SMILES="OO")]])]
comparerTST.py:172 performCalcs INFO The reaction of interest is as follows: 
comparerTST.py:173 performCalcs INFO <Molecule "CC=CC=O"> + <Molecule "[O]O"> <=> <Molecule "OO"> + <Molecule "[CH2]C=CC=O">
comparerTST.py:175 performCalcs INFO asserting that the testReaction is Isomorphic
comparerTST.py:177 performCalcs INFO reaction: Reaction(reactants=[Molecule(SMILES="CC=CC=O"), Molecule(SMILES="[O]O")], products=[Molecule(SMILES="OO"), Molecule(SMILES="[CH2]C=CC=O")], degeneracy=3, pairs=[[Molecule(SMILES="CC=CC=O"), Molecule(SMILES="[CH2]C=CC=O")], [Molecule(SMILES="[O]O"), Molecule(SMILES="OO")]])
comparerTST.py:183 performCalcs INFO Labeling reactant atoms
comparerTST.py:193 performCalcs INFO Labeling product atoms
comparerTST.py:209 performCalcs INFO We have generated a H_Abstraction reaction that matches, and used it to label the atoms.
comparerTST.py:211 performCalcs INFO Calculating reaction kinetics
comparerTST.py:119 calculate INFO Calculating reaction rate for <Molecule "CC=CC=O"> + <Molecule "[O]O"> <=> <Molecule "OO"> + <Molecule "[CH2]C=CC=O">
comparerTST.py:121 calculate INFO Selecting the appropriate TS distance database for family 'H_Abstraction'
comparerTST.py:123 calculate INFO Calculating kinetic data by calling qmCalc.getKineticData
reaction.py:96 loadKineticsDataFile INFO Reading existing kinetics file /gss_gpfs_scratch/harms.n/QMfiles/CC=CC=O+[O]O_OO+[CH2]C=CC=O.kinetics
comparerTST.py:125 calculate INFO Removing 'core*' files
comparerTST.py:133 calculate INFO Yay, reaction kinetics calculated!!!
comparerTST.py:134 calculate INFO Reaction(label='CC=CC=O+[O]O_OO+[CH2]C=CC=O', reactants=[Species(label="MLUCVPSAIODCQM-UHFFFAOYSA", conformer=Conformer(E0=(-115.17,'kJ/mol'), modes=[IdealGasTranslation(mass=(70.0419,'amu')), NonlinearRotor(inertia=([15.21,229.694,241.81],'amu*angstrom^2'), symmetry=1), HarmonicOscillator(frequencies=([126.629,200.588,207.366,293.828,457.635,540.119,790.17,926.259,1000.38,1023.47,1061.45,1090.07,1153.7,1255.62,1307.12,1386.11,1398.3,1456.2,1463.52,1707.58,1804.48,2911.58,2991.4,3048.31,3075.6,3091.33,3119.55],'cm^-1'))])), Species(label="OUUQCZGPVNCOIJ-UHFFFAOYSA-u2", conformer=Conformer(E0=(6.19549,'kJ/mol'), modes=[IdealGasTranslation(mass=(32.9977,'amu')), NonlinearRotor(inertia=([0.800947,14.5112,15.3121],'amu*angstrom^2'), symmetry=1), HarmonicOscillator(frequencies=([1245.9,1447.19,3645.15],'cm^-1'))], spinMultiplicity=2))], products=[Species(label="HAAHANSKHZOLBU-UHFFFAOYSA-u1", conformer=Conformer(E0=(23.4449,'kJ/mol'), modes=[IdealGasTranslation(mass=(69.034,'amu')), NonlinearRotor(inertia=([13.9162,216.274,230.191],'amu*angstrom^2'), symmetry=1), HarmonicOscillator(frequencies=([145.235,215.331,270.595,464.768,538.692,587.732,813.267,908.507,958.106,984.452,1010.01,1120.88,1192.64,1265.94,1283.48,1394.6,1454.17,1507.91,1695.97,2926.56,3099.91,3115.76,3128.38,3215.3],'cm^-1'))], spinMultiplicity=2)), Species(label="MHAJPDPJQMAIIY-UHFFFAOYSA", conformer=Conformer(E0=(-134.382,'kJ/mol'), modes=[IdealGasTranslation(mass=(34.0055,'amu')), NonlinearRotor(inertia=([1.63801,18.4022,19.029],'amu*angstrom^2'), symmetry=1), HarmonicOscillator(frequencies=([378.1,1029.14,1344.99,1458.5,3786.54,3787.27],'cm^-1'))]))], kinetics=Arrhenius(A=(2.07977e-10,'cm^3/(mol*s)'), n=6.18894, Ea=(24.1903,'kJ/mol'), T0=(1,'K'), Tmin=(303.03,'K'), Tmax=(2500,'K'), comment="""Fitted to 59 data points; dA = *|/ 3.55647, dn = +|- 0.166515, dEa = +|- 0.915997 kJ/mol"""), transitionState=TransitionState(label="TS", conformer=Conformer(E0=(-49.8935,'kJ/mol'), modes=[IdealGasTranslation(mass=(103.04,'amu')), NonlinearRotor(inertia=([121.844,403.941,495.596],'amu*angstrom^2'), symmetry=1), HarmonicOscillator(frequencies=([57.5576,94.3322,139.188,173.956,204.868,231.343,319.532,406.855,460.741,539.204,578.504,622.09,826.904,935.815,979.223,1015.57,1038.4,1097.25,1121.04,1153.68,1203.55,1263.82,1296.59,1404.91,1421.52,1435.19,1453.37,1619.03,1782.65,2911.09,3056.27,3083.74,3141.66,3146.71,3697.04],'cm^-1'))], spinMultiplicity=2), frequency=(-1977.27,'cm^-1'), tunneling=Eckart(frequency=(-1977.27,'cm^-1'), E0_reac=(-108.974,'kJ/mol'), E0_TS=(-49.8935,'kJ/mol'), E0_prod=(-110.937,'kJ/mol'))))
comparerTST.py:214 performCalcs INFO For reaction Reaction(label='CC=CC=O+[O]O_OO+[CH2]C=CC=O', reactants=[Species(label="MLUCVPSAIODCQM-UHFFFAOYSA", conformer=Conformer(E0=(-115.17,'kJ/mol'), modes=[IdealGasTranslation(mass=(70.0419,'amu')), NonlinearRotor(inertia=([15.21,229.694,241.81],'amu*angstrom^2'), symmetry=1), HarmonicOscillator(frequencies=([126.629,200.588,207.366,293.828,457.635,540.119,790.17,926.259,1000.38,1023.47,1061.45,1090.07,1153.7,1255.62,1307.12,1386.11,1398.3,1456.2,1463.52,1707.58,1804.48,2911.58,2991.4,3048.31,3075.6,3091.33,3119.55],'cm^-1'))])), Species(label="OUUQCZGPVNCOIJ-UHFFFAOYSA-u2", conformer=Conformer(E0=(6.19549,'kJ/mol'), modes=[IdealGasTranslation(mass=(32.9977,'amu')), NonlinearRotor(inertia=([0.800947,14.5112,15.3121],'amu*angstrom^2'), symmetry=1), HarmonicOscillator(frequencies=([1245.9,1447.19,3645.15],'cm^-1'))], spinMultiplicity=2))], products=[Species(label="HAAHANSKHZOLBU-UHFFFAOYSA-u1", conformer=Conformer(E0=(23.4449,'kJ/mol'), modes=[IdealGasTranslation(mass=(69.034,'amu')), NonlinearRotor(inertia=([13.9162,216.274,230.191],'amu*angstrom^2'), symmetry=1), HarmonicOscillator(frequencies=([145.235,215.331,270.595,464.768,538.692,587.732,813.267,908.507,958.106,984.452,1010.01,1120.88,1192.64,1265.94,1283.48,1394.6,1454.17,1507.91,1695.97,2926.56,3099.91,3115.76,3128.38,3215.3],'cm^-1'))], spinMultiplicity=2)), Species(label="MHAJPDPJQMAIIY-UHFFFAOYSA", conformer=Conformer(E0=(-134.382,'kJ/mol'), modes=[IdealGasTranslation(mass=(34.0055,'amu')), NonlinearRotor(inertia=([1.63801,18.4022,19.029],'amu*angstrom^2'), symmetry=1), HarmonicOscillator(frequencies=([378.1,1029.14,1344.99,1458.5,3786.54,3787.27],'cm^-1'))]))], kinetics=Arrhenius(A=(2.07977e-10,'cm^3/(mol*s)'), n=6.18894, Ea=(24.1903,'kJ/mol'), T0=(1,'K'), Tmin=(303.03,'K'), Tmax=(2500,'K'), comment="""Fitted to 59 data points; dA = *|/ 3.55647, dn = +|- 0.166515, dEa = +|- 0.915997 kJ/mol"""), transitionState=TransitionState(label="TS", conformer=Conformer(E0=(-49.8935,'kJ/mol'), modes=[IdealGasTranslation(mass=(103.04,'amu')), NonlinearRotor(inertia=([121.844,403.941,495.596],'amu*angstrom^2'), symmetry=1), HarmonicOscillator(frequencies=([57.5576,94.3322,139.188,173.956,204.868,231.343,319.532,406.855,460.741,539.204,578.504,622.09,826.904,935.815,979.223,1015.57,1038.4,1097.25,1121.04,1153.68,1203.55,1263.82,1296.59,1404.91,1421.52,1435.19,1453.37,1619.03,1782.65,2911.09,3056.27,3083.74,3141.66,3146.71,3697.04],'cm^-1'))], spinMultiplicity=2), frequency=(-1977.27,'cm^-1'), tunneling=Eckart(frequency=(-1977.27,'cm^-1'), E0_reac=(-108.974,'kJ/mol'), E0_TS=(-49.8935,'kJ/mol'), E0_prod=(-110.937,'kJ/mol'))))
comparerTST.py:216 performCalcs INFO We have calculated kinetics Arrhenius(A=(2.07977e-10,'cm^3/(mol*s)'), n=6.18894, Ea=(24.1903,'kJ/mol'), T0=(1,'K'), Tmin=(303.03,'K'), Tmax=(2500,'K'), comment="""Fitted to 59 data points; dA = *|/ 3.55647, dn = +|- 0.166515, dEa = +|- 0.915997 kJ/mol""")
