comparerTST.py:41 <module> INFO RUNNING WITH JOB NUMBER i = 16
comparerTST.py:45 <module> INFO Loading RMG Database ...
comparerTST.py:48 <module> INFO /home/harms.n/Code/RMG-database/input
thermo.py:760 loadLibraries INFO Loading thermodynamics library from thermo_DFT_CCSDTF12_BAC.py in /home/harms.n/Code/RMG-database/input/thermo/libraries...
thermo.py:760 loadLibraries INFO Loading thermodynamics library from CBS_QB3_1dHR.py in /home/harms.n/Code/RMG-database/input/thermo/libraries...
thermo.py:760 loadLibraries INFO Loading thermodynamics library from primaryThermoLibrary.py in /home/harms.n/Code/RMG-database/input/thermo/libraries...
thermo.py:760 loadLibraries INFO Loading thermodynamics library from KlippensteinH2O2.py in /home/harms.n/Code/RMG-database/input/thermo/libraries...
thermo.py:774 loadGroups INFO Loading thermodynamics group database from /home/harms.n/Code/RMG-database/input/thermo/groups...
transport.py:294 loadGroups INFO Loading transport group database from /home/harms.n/Code/RMG-database/input/transport/groups...
database.py:165 loadFamilies INFO Loading the user-specified kinetics families from /home/harms.n/Code/RMG-database/input/kinetics/families
statmech.py:526 loadGroups INFO Loading frequencies group database from /home/harms.n/Code/RMG-database/input/statmech/groups...
comparerTST.py:57 <module> INFO RMG Database Loaded
comparerTST.py:81 <module> INFO generateReactionsFromFamilies successfuly performed
comparerTST.py:141 performCalcs INFO chemkinRxn: Reaction(reactants=[Molecule(SMILES="[O]O"), Molecule(SMILES="O")], products=[Molecule(SMILES="OO"), Molecule(SMILES="[OH]")], degeneracy=2, pairs=[[Molecule(SMILES="[O]O"), Molecule(SMILES="OO")], [Molecule(SMILES="O"), Molecule(SMILES="[OH]")]])
comparerTST.py:143 performCalcs INFO Ensuring resonance isomers have been generated
<type 'rmgpy.molecule.molecule.Molecule'>
<type 'rmgpy.molecule.molecule.Molecule'>
<type 'rmgpy.molecule.molecule.Molecule'>
<type 'rmgpy.molecule.molecule.Molecule'>
[Molecule(SMILES="[O]O"), Molecule(SMILES="O")]
[Molecule(SMILES="OO"), Molecule(SMILES="[OH]")]
comparerTST.py:162 performCalcs INFO Generated one reaction:
comparerTST.py:163 performCalcs INFO [Reaction(reactants=[Molecule(SMILES="[O]O"), Molecule(SMILES="O")], products=[Molecule(SMILES="OO"), Molecule(SMILES="[OH]")], degeneracy=2, pairs=[[Molecule(SMILES="[O]O"), Molecule(SMILES="OO")], [Molecule(SMILES="O"), Molecule(SMILES="[OH]")]])]
comparerTST.py:172 performCalcs INFO The reaction of interest is as follows: 
comparerTST.py:173 performCalcs INFO <Molecule "[O]O"> + <Molecule "O"> <=> <Molecule "OO"> + <Molecule "[OH]">
comparerTST.py:175 performCalcs INFO asserting that the testReaction is Isomorphic
comparerTST.py:177 performCalcs INFO reaction: Reaction(reactants=[Molecule(SMILES="[O]O"), Molecule(SMILES="O")], products=[Molecule(SMILES="OO"), Molecule(SMILES="[OH]")], degeneracy=2, pairs=[[Molecule(SMILES="[O]O"), Molecule(SMILES="OO")], [Molecule(SMILES="O"), Molecule(SMILES="[OH]")]])
comparerTST.py:183 performCalcs INFO Labeling reactant atoms
comparerTST.py:193 performCalcs INFO Labeling product atoms
comparerTST.py:209 performCalcs INFO We have generated a H_Abstraction reaction that matches, and used it to label the atoms.
comparerTST.py:211 performCalcs INFO Calculating reaction kinetics
comparerTST.py:119 calculate INFO Calculating reaction rate for <Molecule "[O]O"> + <Molecule "O"> <=> <Molecule "OO"> + <Molecule "[OH]">
comparerTST.py:121 calculate INFO Selecting the appropriate TS distance database for family 'H_Abstraction'
comparerTST.py:123 calculate INFO Calculating kinetic data by calling qmCalc.getKineticData
reaction.py:619 loadKineticsData INFO Kinetics results file /gss_gpfs_scratch/harms.n/QMfiles/O+[O]O_OO+[OH].kinetics does not exist or is invalid
reaction.py:520 generateTSGeometryDirectGuess INFO Generating a TS geometry via the direct guess method
reaction.py:300 generateBoundsMatrix INFO Generating bounds matrix for O.[O]O
reaction.py:537 generateTSGeometryDirectGuess INFO TS file /gss_gpfs_scratch/harms.n/QMfiles/O+[O]O_OO+[OH].ts exists. Loading it to save time.
reaction.py:54 loadTSDataFile INFO Reading existing ts file /gss_gpfs_scratch/harms.n/QMfiles/O+[O]O_OO+[OH].ts
gaussian.py:168 verifyOutputFile INFO Successful GaussianMolM062X quantum result in /gss_gpfs_scratch/harms.n/QMscratch/OUUQCZGPVNCOIJ-UHFFFAOYSA-u2.log
gaussian.py:268 generateQMData INFO Found a successful output file; using that.
symmetry.py:221 writeInputFile INFO Symmetry input file written to /gss_gpfs_scratch/harms.n/QMscratch/OUUQCZGPVNCOIJ-UHFFFAOYSA-u2.symm
symmetry.py:188 parse INFO Point group: Cs
gaussian.py:168 verifyOutputFile INFO Successful GaussianMolM062X quantum result in /gss_gpfs_scratch/harms.n/QMscratch/XLYOFNOQVPJJNP-UHFFFAOYSA.log
gaussian.py:268 generateQMData INFO Found a successful output file; using that.
symmetry.py:221 writeInputFile INFO Symmetry input file written to /gss_gpfs_scratch/harms.n/QMscratch/XLYOFNOQVPJJNP-UHFFFAOYSA.symm
symmetry.py:188 parse INFO Point group: C2v
gaussian.py:168 verifyOutputFile INFO Successful GaussianMolM062X quantum result in /gss_gpfs_scratch/harms.n/QMscratch/MHAJPDPJQMAIIY-UHFFFAOYSA.log
gaussian.py:268 generateQMData INFO Found a successful output file; using that.
symmetry.py:221 writeInputFile INFO Symmetry input file written to /gss_gpfs_scratch/harms.n/QMscratch/MHAJPDPJQMAIIY-UHFFFAOYSA.symm
symmetry.py:188 parse INFO Point group: C2
gaussian.py:168 verifyOutputFile INFO Successful GaussianMolM062X quantum result in /gss_gpfs_scratch/harms.n/QMscratch/TUJKJAMUKRIRHC-UHFFFAOYSA-u1.log
gaussian.py:268 generateQMData INFO Found a successful output file; using that.
symmetry.py:221 writeInputFile INFO Symmetry input file written to /gss_gpfs_scratch/harms.n/QMscratch/TUJKJAMUKRIRHC-UHFFFAOYSA-u1.symm
symmetry.py:188 parse INFO Point group: Cinfv
CanTherm execution initiated at Mon Jul 31 09:38:25 2017

###############################################################
#                                                             #
#                          CanTherm                           #
#                                                             #
#   Version: 0.1.0 (14 May 2009)                              #
#   Authors: RMG Developers (rmg_dev@mit.edu)                 #
#   P.I.:    William H. Green (whgreen@mit.edu)               #
#   Website: http://rmg.sourceforge.net/                      #
#                                                             #
###############################################################

Loading species OUUQCZGPVNCOIJ-UHFFFAOYSA-u2...
Loading species XLYOFNOQVPJJNP-UHFFFAOYSA...
Loading species MHAJPDPJQMAIIY-UHFFFAOYSA...
Loading species TUJKJAMUKRIRHC-UHFFFAOYSA-u1...
Loading transition state TS...
Loading reaction O+[O]O_OO+[OH]...


Loading statistical mechanics parameters for OUUQCZGPVNCOIJ-UHFFFAOYSA-u2...
Warning: No bond energy correction found for model chemistry: M062X/MG3S
Saving statistical mechanics parameters for OUUQCZGPVNCOIJ-UHFFFAOYSA-u2...
Loading statistical mechanics parameters for XLYOFNOQVPJJNP-UHFFFAOYSA...
Warning: No bond energy correction found for model chemistry: M062X/MG3S
Saving statistical mechanics parameters for XLYOFNOQVPJJNP-UHFFFAOYSA...
Loading statistical mechanics parameters for MHAJPDPJQMAIIY-UHFFFAOYSA...
Warning: No bond energy correction found for model chemistry: M062X/MG3S
Saving statistical mechanics parameters for MHAJPDPJQMAIIY-UHFFFAOYSA...
Loading statistical mechanics parameters for TUJKJAMUKRIRHC-UHFFFAOYSA-u1...
Warning: No bond energy correction found for model chemistry: M062X/MG3S
Saving statistical mechanics parameters for TUJKJAMUKRIRHC-UHFFFAOYSA-u1...
Loading statistical mechanics parameters for TS...
Warning: No bond energy correction found for model chemistry: M062X/MG3S
Saving statistical mechanics parameters for TS...
Generating Arrhenius kinetics model for Arrhenius...
One or both of the barrier heights of -1.1742 and 131.491 kJ/mol encountered in Eckart method are invalid.
Removing 'core*' files
Boo, reaction kinetics not calculated!!!
For reaction Reaction(reactants=[Molecule(SMILES="[O]O"), Molecule(SMILES="O")], products=[Molecule(SMILES="OO"), Molecule(SMILES="[OH]")], degeneracy=2, pairs=[[Molecule(SMILES="[O]O"), Molecule(SMILES="OO")], [Molecule(SMILES="O"), Molecule(SMILES="[OH]")]])
Warning: Couldn't calculate kinetics.
