comparerTST.py:41 <module> INFO RUNNING WITH JOB NUMBER i = 246
comparerTST.py:45 <module> INFO Loading RMG Database ...
comparerTST.py:48 <module> INFO /home/harms.n/Code/RMG-database/input
thermo.py:760 loadLibraries INFO Loading thermodynamics library from thermo_DFT_CCSDTF12_BAC.py in /home/harms.n/Code/RMG-database/input/thermo/libraries...
thermo.py:760 loadLibraries INFO Loading thermodynamics library from CBS_QB3_1dHR.py in /home/harms.n/Code/RMG-database/input/thermo/libraries...
thermo.py:760 loadLibraries INFO Loading thermodynamics library from primaryThermoLibrary.py in /home/harms.n/Code/RMG-database/input/thermo/libraries...
thermo.py:760 loadLibraries INFO Loading thermodynamics library from KlippensteinH2O2.py in /home/harms.n/Code/RMG-database/input/thermo/libraries...
thermo.py:774 loadGroups INFO Loading thermodynamics group database from /home/harms.n/Code/RMG-database/input/thermo/groups...
transport.py:294 loadGroups INFO Loading transport group database from /home/harms.n/Code/RMG-database/input/transport/groups...
database.py:165 loadFamilies INFO Loading the user-specified kinetics families from /home/harms.n/Code/RMG-database/input/kinetics/families
statmech.py:526 loadGroups INFO Loading frequencies group database from /home/harms.n/Code/RMG-database/input/statmech/groups...
comparerTST.py:57 <module> INFO RMG Database Loaded
comparerTST.py:81 <module> INFO generateReactionsFromFamilies successfuly performed
comparerTST.py:141 performCalcs INFO chemkinRxn: Reaction(reactants=[Molecule(SMILES="[O]O"), Molecule(SMILES="CCC=O")], products=[Molecule(SMILES="OO"), Molecule(SMILES="C[CH]C=O")], degeneracy=2, pairs=[[Molecule(SMILES="[O]O"), Molecule(SMILES="OO")], [Molecule(SMILES="CCC=O"), Molecule(SMILES="C[CH]C=O")]])
comparerTST.py:143 performCalcs INFO Ensuring resonance isomers have been generated
<type 'rmgpy.molecule.molecule.Molecule'>
<type 'rmgpy.molecule.molecule.Molecule'>
<type 'rmgpy.molecule.molecule.Molecule'>
<type 'rmgpy.molecule.molecule.Molecule'>
[Molecule(SMILES="[O]O"), Molecule(SMILES="CCC=O")]
[Molecule(SMILES="OO"), Molecule(SMILES="C[CH]C=O")]
comparerTST.py:162 performCalcs INFO Generated one reaction:
comparerTST.py:163 performCalcs INFO [Reaction(reactants=[Molecule(SMILES="[O]O"), Molecule(SMILES="CCC=O")], products=[Molecule(SMILES="OO"), Molecule(SMILES="C[CH]C=O")], degeneracy=2, pairs=[[Molecule(SMILES="[O]O"), Molecule(SMILES="OO")], [Molecule(SMILES="CCC=O"), Molecule(SMILES="C[CH]C=O")]])]
comparerTST.py:172 performCalcs INFO The reaction of interest is as follows: 
comparerTST.py:173 performCalcs INFO <Molecule "[O]O"> + <Molecule "CCC=O"> <=> <Molecule "OO"> + <Molecule "C[CH]C=O">
comparerTST.py:175 performCalcs INFO asserting that the testReaction is Isomorphic
comparerTST.py:177 performCalcs INFO reaction: Reaction(reactants=[Molecule(SMILES="[O]O"), Molecule(SMILES="CCC=O")], products=[Molecule(SMILES="OO"), Molecule(SMILES="C[CH]C=O")], degeneracy=2, pairs=[[Molecule(SMILES="[O]O"), Molecule(SMILES="OO")], [Molecule(SMILES="CCC=O"), Molecule(SMILES="C[CH]C=O")]])
comparerTST.py:183 performCalcs INFO Labeling reactant atoms
comparerTST.py:193 performCalcs INFO Labeling product atoms
comparerTST.py:209 performCalcs INFO We have generated a H_Abstraction reaction that matches, and used it to label the atoms.
comparerTST.py:211 performCalcs INFO Calculating reaction kinetics
comparerTST.py:119 calculate INFO Calculating reaction rate for <Molecule "[O]O"> + <Molecule "CCC=O"> <=> <Molecule "OO"> + <Molecule "C[CH]C=O">
comparerTST.py:121 calculate INFO Selecting the appropriate TS distance database for family 'H_Abstraction'
comparerTST.py:123 calculate INFO Calculating kinetic data by calling qmCalc.getKineticData
reaction.py:96 loadKineticsDataFile INFO Reading existing kinetics file /gss_gpfs_scratch/harms.n/QMfiles/CCC=O+[O]O_C[CH]C=O+OO.kinetics
comparerTST.py:125 calculate INFO Removing 'core*' files
comparerTST.py:133 calculate INFO Yay, reaction kinetics calculated!!!
comparerTST.py:134 calculate INFO Reaction(label='CCC=O+[O]O_C[CH]C=O+OO', reactants=[Species(label="OUUQCZGPVNCOIJ-UHFFFAOYSA-u2", conformer=Conformer(E0=(6.19549,'kJ/mol'), modes=[IdealGasTranslation(mass=(32.9977,'amu')), NonlinearRotor(inertia=([0.800947,14.5112,15.3121],'amu*angstrom^2'), symmetry=1), HarmonicOscillator(frequencies=([1245.9,1447.19,3645.15],'cm^-1'))], spinMultiplicity=2)), Species(label="NBBJYMSMWIIQGU-UHFFFAOYSA", conformer=Conformer(E0=(-191.785,'kJ/mol'), modes=[IdealGasTranslation(mass=(58.0419,'amu')), NonlinearRotor(inertia=([19.7091,115.064,119.579],'amu*angstrom^2'), symmetry=1), HarmonicOscillator(frequencies=([81.6372,224.565,327.511,504.122,758.767,872.899,910.902,1012.82,1123.85,1147.67,1255.66,1311.09,1391.05,1406.14,1449.65,1484.28,1485.28,1836.94,2894.53,2992.11,3009.06,3066.98,3084.71,3086.25],'cm^-1'))]))], products=[Species(label="MHAJPDPJQMAIIY-UHFFFAOYSA", conformer=Conformer(E0=(-134.382,'kJ/mol'), modes=[IdealGasTranslation(mass=(34.0055,'amu')), NonlinearRotor(inertia=([1.63801,18.4022,19.029],'amu*angstrom^2'), symmetry=1), HarmonicOscillator(frequencies=([378.1,1029.14,1344.99,1458.5,3786.54,3787.27],'cm^-1'))])), Species(label="TWBIDQDUOXHFSN-UHFFFAOYSA-u2", conformer=Conformer(E0=(-41.2658,'kJ/mol'), modes=[IdealGasTranslation(mass=(57.034,'amu')), NonlinearRotor(inertia=([11.807,120.076,128.798],'amu*angstrom^2'), symmetry=1), HarmonicOscillator(frequencies=([173.956,208.007,308.059,552.35,717.249,891.293,923.652,1007.71,1131.91,1177.3,1327.57,1388.67,1422.87,1448.78,1479.18,1598.76,2928.79,2986.06,3037.03,3071.78,3146.52],'cm^-1'))], spinMultiplicity=2))], kinetics=Arrhenius(A=(1.5612e-08,'cm^3/(mol*s)'), n=5.63323, Ea=(25.7729,'kJ/mol'), T0=(1,'K'), Tmin=(303.03,'K'), Tmax=(2500,'K'), comment="""Fitted to 59 data points; dA = *|/ 2.52069, dn = +|- 0.121336, dEa = +|- 0.667472 kJ/mol"""), transitionState=TransitionState(label="TS", conformer=Conformer(E0=(-130.487,'kJ/mol'), modes=[IdealGasTranslation(mass=(91.0395,'amu')), NonlinearRotor(inertia=([120.278,192.799,265.232],'amu*angstrom^2'), symmetry=1), HarmonicOscillator(frequencies=([93.8408,99.1441,132.199,152.095,213.672,266.357,308.421,505.794,566.096,662.585,776.042,873.145,959.71,1033.68,1072.86,1095.83,1133.48,1161.47,1349.76,1382.4,1397.37,1412.64,1436.41,1460.67,1466.45,1729.15,2955.22,2992.46,3062.85,3081.24,3104.67,3687.82],'cm^-1'))], spinMultiplicity=2), frequency=(-1914.49,'cm^-1'), tunneling=Eckart(frequency=(-1914.49,'cm^-1'), E0_reac=(-185.589,'kJ/mol'), E0_TS=(-130.487,'kJ/mol'), E0_prod=(-175.648,'kJ/mol'))))
comparerTST.py:214 performCalcs INFO For reaction Reaction(label='CCC=O+[O]O_C[CH]C=O+OO', reactants=[Species(label="OUUQCZGPVNCOIJ-UHFFFAOYSA-u2", conformer=Conformer(E0=(6.19549,'kJ/mol'), modes=[IdealGasTranslation(mass=(32.9977,'amu')), NonlinearRotor(inertia=([0.800947,14.5112,15.3121],'amu*angstrom^2'), symmetry=1), HarmonicOscillator(frequencies=([1245.9,1447.19,3645.15],'cm^-1'))], spinMultiplicity=2)), Species(label="NBBJYMSMWIIQGU-UHFFFAOYSA", conformer=Conformer(E0=(-191.785,'kJ/mol'), modes=[IdealGasTranslation(mass=(58.0419,'amu')), NonlinearRotor(inertia=([19.7091,115.064,119.579],'amu*angstrom^2'), symmetry=1), HarmonicOscillator(frequencies=([81.6372,224.565,327.511,504.122,758.767,872.899,910.902,1012.82,1123.85,1147.67,1255.66,1311.09,1391.05,1406.14,1449.65,1484.28,1485.28,1836.94,2894.53,2992.11,3009.06,3066.98,3084.71,3086.25],'cm^-1'))]))], products=[Species(label="MHAJPDPJQMAIIY-UHFFFAOYSA", conformer=Conformer(E0=(-134.382,'kJ/mol'), modes=[IdealGasTranslation(mass=(34.0055,'amu')), NonlinearRotor(inertia=([1.63801,18.4022,19.029],'amu*angstrom^2'), symmetry=1), HarmonicOscillator(frequencies=([378.1,1029.14,1344.99,1458.5,3786.54,3787.27],'cm^-1'))])), Species(label="TWBIDQDUOXHFSN-UHFFFAOYSA-u2", conformer=Conformer(E0=(-41.2658,'kJ/mol'), modes=[IdealGasTranslation(mass=(57.034,'amu')), NonlinearRotor(inertia=([11.807,120.076,128.798],'amu*angstrom^2'), symmetry=1), HarmonicOscillator(frequencies=([173.956,208.007,308.059,552.35,717.249,891.293,923.652,1007.71,1131.91,1177.3,1327.57,1388.67,1422.87,1448.78,1479.18,1598.76,2928.79,2986.06,3037.03,3071.78,3146.52],'cm^-1'))], spinMultiplicity=2))], kinetics=Arrhenius(A=(1.5612e-08,'cm^3/(mol*s)'), n=5.63323, Ea=(25.7729,'kJ/mol'), T0=(1,'K'), Tmin=(303.03,'K'), Tmax=(2500,'K'), comment="""Fitted to 59 data points; dA = *|/ 2.52069, dn = +|- 0.121336, dEa = +|- 0.667472 kJ/mol"""), transitionState=TransitionState(label="TS", conformer=Conformer(E0=(-130.487,'kJ/mol'), modes=[IdealGasTranslation(mass=(91.0395,'amu')), NonlinearRotor(inertia=([120.278,192.799,265.232],'amu*angstrom^2'), symmetry=1), HarmonicOscillator(frequencies=([93.8408,99.1441,132.199,152.095,213.672,266.357,308.421,505.794,566.096,662.585,776.042,873.145,959.71,1033.68,1072.86,1095.83,1133.48,1161.47,1349.76,1382.4,1397.37,1412.64,1436.41,1460.67,1466.45,1729.15,2955.22,2992.46,3062.85,3081.24,3104.67,3687.82],'cm^-1'))], spinMultiplicity=2), frequency=(-1914.49,'cm^-1'), tunneling=Eckart(frequency=(-1914.49,'cm^-1'), E0_reac=(-185.589,'kJ/mol'), E0_TS=(-130.487,'kJ/mol'), E0_prod=(-175.648,'kJ/mol'))))
comparerTST.py:216 performCalcs INFO We have calculated kinetics Arrhenius(A=(1.5612e-08,'cm^3/(mol*s)'), n=5.63323, Ea=(25.7729,'kJ/mol'), T0=(1,'K'), Tmin=(303.03,'K'), Tmax=(2500,'K'), comment="""Fitted to 59 data points; dA = *|/ 2.52069, dn = +|- 0.121336, dEa = +|- 0.667472 kJ/mol""")
