comparerTST.py:41 <module> INFO RUNNING WITH JOB NUMBER i = 133
comparerTST.py:45 <module> INFO Loading RMG Database ...
comparerTST.py:48 <module> INFO /home/harms.n/Code/RMG-database/input
thermo.py:760 loadLibraries INFO Loading thermodynamics library from thermo_DFT_CCSDTF12_BAC.py in /home/harms.n/Code/RMG-database/input/thermo/libraries...
thermo.py:760 loadLibraries INFO Loading thermodynamics library from CBS_QB3_1dHR.py in /home/harms.n/Code/RMG-database/input/thermo/libraries...
thermo.py:760 loadLibraries INFO Loading thermodynamics library from primaryThermoLibrary.py in /home/harms.n/Code/RMG-database/input/thermo/libraries...
thermo.py:760 loadLibraries INFO Loading thermodynamics library from KlippensteinH2O2.py in /home/harms.n/Code/RMG-database/input/thermo/libraries...
thermo.py:774 loadGroups INFO Loading thermodynamics group database from /home/harms.n/Code/RMG-database/input/thermo/groups...
transport.py:294 loadGroups INFO Loading transport group database from /home/harms.n/Code/RMG-database/input/transport/groups...
database.py:165 loadFamilies INFO Loading the user-specified kinetics families from /home/harms.n/Code/RMG-database/input/kinetics/families
statmech.py:526 loadGroups INFO Loading frequencies group database from /home/harms.n/Code/RMG-database/input/statmech/groups...
comparerTST.py:57 <module> INFO RMG Database Loaded
comparerTST.py:81 <module> INFO generateReactionsFromFamilies successfuly performed
comparerTST.py:141 performCalcs INFO chemkinRxn: Reaction(reactants=[Molecule(SMILES="OO"), Molecule(SMILES="[CH2]CC")], products=[Molecule(SMILES="CCC"), Molecule(SMILES="[O]O")], degeneracy=2, pairs=[[Molecule(SMILES="OO"), Molecule(SMILES="[O]O")], [Molecule(SMILES="[CH2]CC"), Molecule(SMILES="CCC")]])
comparerTST.py:143 performCalcs INFO Ensuring resonance isomers have been generated
<type 'rmgpy.molecule.molecule.Molecule'>
<type 'rmgpy.molecule.molecule.Molecule'>
<type 'rmgpy.molecule.molecule.Molecule'>
<type 'rmgpy.molecule.molecule.Molecule'>
[Molecule(SMILES="OO"), Molecule(SMILES="[CH2]CC")]
[Molecule(SMILES="CCC"), Molecule(SMILES="[O]O")]
comparerTST.py:162 performCalcs INFO Generated one reaction:
comparerTST.py:163 performCalcs INFO [Reaction(reactants=[Molecule(SMILES="OO"), Molecule(SMILES="[CH2]CC")], products=[Molecule(SMILES="CCC"), Molecule(SMILES="[O]O")], degeneracy=2, pairs=[[Molecule(SMILES="OO"), Molecule(SMILES="[O]O")], [Molecule(SMILES="[CH2]CC"), Molecule(SMILES="CCC")]])]
comparerTST.py:172 performCalcs INFO The reaction of interest is as follows: 
comparerTST.py:173 performCalcs INFO <Molecule "OO"> + <Molecule "[CH2]CC"> <=> <Molecule "CCC"> + <Molecule "[O]O">
comparerTST.py:175 performCalcs INFO asserting that the testReaction is Isomorphic
comparerTST.py:177 performCalcs INFO reaction: Reaction(reactants=[Molecule(SMILES="OO"), Molecule(SMILES="[CH2]CC")], products=[Molecule(SMILES="CCC"), Molecule(SMILES="[O]O")], degeneracy=2, pairs=[[Molecule(SMILES="OO"), Molecule(SMILES="[O]O")], [Molecule(SMILES="[CH2]CC"), Molecule(SMILES="CCC")]])
comparerTST.py:183 performCalcs INFO Labeling reactant atoms
comparerTST.py:193 performCalcs INFO Labeling product atoms
comparerTST.py:209 performCalcs INFO We have generated a H_Abstraction reaction that matches, and used it to label the atoms.
comparerTST.py:211 performCalcs INFO Calculating reaction kinetics
comparerTST.py:119 calculate INFO Calculating reaction rate for <Molecule "OO"> + <Molecule "[CH2]CC"> <=> <Molecule "CCC"> + <Molecule "[O]O">
comparerTST.py:121 calculate INFO Selecting the appropriate TS distance database for family 'H_Abstraction'
comparerTST.py:123 calculate INFO Calculating kinetic data by calling qmCalc.getKineticData
reaction.py:96 loadKineticsDataFile INFO Reading existing kinetics file /gss_gpfs_scratch/harms.n/QMfiles/OO+[CH2]CC_CCC+[O]O.kinetics
comparerTST.py:125 calculate INFO Removing 'core*' files
comparerTST.py:133 calculate INFO Yay, reaction kinetics calculated!!!
comparerTST.py:134 calculate INFO Reaction(label='OO+[CH2]CC_CCC+[O]O', reactants=[Species(label="OCBFFGCSTGGPSQ-UHFFFAOYSA-u1", conformer=Conformer(E0=(92.028,'kJ/mol'), modes=[IdealGasTranslation(mass=(43.0548,'amu')), NonlinearRotor(inertia=([15.3859,55.5713,64.311],'amu*angstrom^2'), symmetry=1), HarmonicOscillator(frequencies=([171.478,232.599,366.907,448.906,737.144,878.646,909.551,1032.74,1081.15,1155.87,1247.99,1336.26,1385.08,1444.09,1448.36,1474.82,1483.22,2925.56,2987.84,2992.05,3059.78,3069.36,3103.93,3204.87],'cm^-1'))], spinMultiplicity=2)), Species(label="MHAJPDPJQMAIIY-UHFFFAOYSA", conformer=Conformer(E0=(-134.382,'kJ/mol'), modes=[IdealGasTranslation(mass=(34.0055,'amu')), NonlinearRotor(inertia=([1.63801,18.4022,19.029],'amu*angstrom^2'), symmetry=1), HarmonicOscillator(frequencies=([378.1,1029.14,1344.99,1458.5,3786.54,3787.27],'cm^-1'))]))], products=[Species(label="ATUOYWHBWRKTHZ-UHFFFAOYSA", conformer=Conformer(E0=(-107.804,'kJ/mol'), modes=[IdealGasTranslation(mass=(44.0626,'amu')), NonlinearRotor(inertia=([17.1736,59.2056,67.0514],'amu*angstrom^2'), symmetry=1), HarmonicOscillator(frequencies=([243.185,297.937,367.48,741.881,875.902,898.876,925.201,1058.96,1164.65,1196.53,1301.15,1351.23,1387.44,1400.65,1472.92,1475.76,1476.58,1493.54,1493.94,2999.95,3000.29,3007.7,3032.58,3062.48,3073.04,3076.78,3078.5],'cm^-1'))])), Species(label="OUUQCZGPVNCOIJ-UHFFFAOYSA-u2", conformer=Conformer(E0=(6.19549,'kJ/mol'), modes=[IdealGasTranslation(mass=(32.9977,'amu')), NonlinearRotor(inertia=([0.800947,14.5112,15.3121],'amu*angstrom^2'), symmetry=1), HarmonicOscillator(frequencies=([1245.9,1447.19,3645.15],'cm^-1'))], spinMultiplicity=2))], kinetics=Arrhenius(A=(0.00640782,'cm^3/(mol*s)'), n=3.87119, Ea=(-2.05191,'kJ/mol'), T0=(1,'K'), Tmin=(303.03,'K'), Tmax=(2500,'K'), comment="""Fitted to 59 data points; dA = *|/ 1.07684, dn = +|- 0.00971556, dEa = +|- 0.0534453 kJ/mol"""), transitionState=TransitionState(label="TS", conformer=Conformer(E0=(-25.2911,'kJ/mol'), modes=[IdealGasTranslation(mass=(77.0602,'amu')), NonlinearRotor(inertia=([73.0307,200.056,240.703],'amu*angstrom^2'), symmetry=1), HarmonicOscillator(frequencies=([65.5568,83.2412,129.776,179.539,260.842,359.099,435.057,547.674,610.781,739.212,877.185,902.145,917.741,1057.06,1063.45,1106.98,1176.13,1185.74,1262.87,1341.22,1388.02,1402.58,1429.24,1435.86,1449.1,1476.08,1481.11,2952.24,2995.98,3015.69,3041.44,3066.87,3077.21,3123.41,3749.74],'cm^-1'))], spinMultiplicity=2), frequency=(-1836.86,'cm^-1'), tunneling=Eckart(frequency=(-1836.86,'cm^-1'), E0_reac=(-42.3537,'kJ/mol'), E0_TS=(-25.2911,'kJ/mol'), E0_prod=(-101.608,'kJ/mol'))))
comparerTST.py:214 performCalcs INFO For reaction Reaction(label='OO+[CH2]CC_CCC+[O]O', reactants=[Species(label="OCBFFGCSTGGPSQ-UHFFFAOYSA-u1", conformer=Conformer(E0=(92.028,'kJ/mol'), modes=[IdealGasTranslation(mass=(43.0548,'amu')), NonlinearRotor(inertia=([15.3859,55.5713,64.311],'amu*angstrom^2'), symmetry=1), HarmonicOscillator(frequencies=([171.478,232.599,366.907,448.906,737.144,878.646,909.551,1032.74,1081.15,1155.87,1247.99,1336.26,1385.08,1444.09,1448.36,1474.82,1483.22,2925.56,2987.84,2992.05,3059.78,3069.36,3103.93,3204.87],'cm^-1'))], spinMultiplicity=2)), Species(label="MHAJPDPJQMAIIY-UHFFFAOYSA", conformer=Conformer(E0=(-134.382,'kJ/mol'), modes=[IdealGasTranslation(mass=(34.0055,'amu')), NonlinearRotor(inertia=([1.63801,18.4022,19.029],'amu*angstrom^2'), symmetry=1), HarmonicOscillator(frequencies=([378.1,1029.14,1344.99,1458.5,3786.54,3787.27],'cm^-1'))]))], products=[Species(label="ATUOYWHBWRKTHZ-UHFFFAOYSA", conformer=Conformer(E0=(-107.804,'kJ/mol'), modes=[IdealGasTranslation(mass=(44.0626,'amu')), NonlinearRotor(inertia=([17.1736,59.2056,67.0514],'amu*angstrom^2'), symmetry=1), HarmonicOscillator(frequencies=([243.185,297.937,367.48,741.881,875.902,898.876,925.201,1058.96,1164.65,1196.53,1301.15,1351.23,1387.44,1400.65,1472.92,1475.76,1476.58,1493.54,1493.94,2999.95,3000.29,3007.7,3032.58,3062.48,3073.04,3076.78,3078.5],'cm^-1'))])), Species(label="OUUQCZGPVNCOIJ-UHFFFAOYSA-u2", conformer=Conformer(E0=(6.19549,'kJ/mol'), modes=[IdealGasTranslation(mass=(32.9977,'amu')), NonlinearRotor(inertia=([0.800947,14.5112,15.3121],'amu*angstrom^2'), symmetry=1), HarmonicOscillator(frequencies=([1245.9,1447.19,3645.15],'cm^-1'))], spinMultiplicity=2))], kinetics=Arrhenius(A=(0.00640782,'cm^3/(mol*s)'), n=3.87119, Ea=(-2.05191,'kJ/mol'), T0=(1,'K'), Tmin=(303.03,'K'), Tmax=(2500,'K'), comment="""Fitted to 59 data points; dA = *|/ 1.07684, dn = +|- 0.00971556, dEa = +|- 0.0534453 kJ/mol"""), transitionState=TransitionState(label="TS", conformer=Conformer(E0=(-25.2911,'kJ/mol'), modes=[IdealGasTranslation(mass=(77.0602,'amu')), NonlinearRotor(inertia=([73.0307,200.056,240.703],'amu*angstrom^2'), symmetry=1), HarmonicOscillator(frequencies=([65.5568,83.2412,129.776,179.539,260.842,359.099,435.057,547.674,610.781,739.212,877.185,902.145,917.741,1057.06,1063.45,1106.98,1176.13,1185.74,1262.87,1341.22,1388.02,1402.58,1429.24,1435.86,1449.1,1476.08,1481.11,2952.24,2995.98,3015.69,3041.44,3066.87,3077.21,3123.41,3749.74],'cm^-1'))], spinMultiplicity=2), frequency=(-1836.86,'cm^-1'), tunneling=Eckart(frequency=(-1836.86,'cm^-1'), E0_reac=(-42.3537,'kJ/mol'), E0_TS=(-25.2911,'kJ/mol'), E0_prod=(-101.608,'kJ/mol'))))
comparerTST.py:216 performCalcs INFO We have calculated kinetics Arrhenius(A=(0.00640782,'cm^3/(mol*s)'), n=3.87119, Ea=(-2.05191,'kJ/mol'), T0=(1,'K'), Tmin=(303.03,'K'), Tmax=(2500,'K'), comment="""Fitted to 59 data points; dA = *|/ 1.07684, dn = +|- 0.00971556, dEa = +|- 0.0534453 kJ/mol""")
