comparerTST.py:41 <module> INFO RUNNING WITH JOB NUMBER i = 8
comparerTST.py:45 <module> INFO Loading RMG Database ...
comparerTST.py:48 <module> INFO /home/harms.n/Code/RMG-database/input
thermo.py:760 loadLibraries INFO Loading thermodynamics library from thermo_DFT_CCSDTF12_BAC.py in /home/harms.n/Code/RMG-database/input/thermo/libraries...
thermo.py:760 loadLibraries INFO Loading thermodynamics library from CBS_QB3_1dHR.py in /home/harms.n/Code/RMG-database/input/thermo/libraries...
thermo.py:760 loadLibraries INFO Loading thermodynamics library from primaryThermoLibrary.py in /home/harms.n/Code/RMG-database/input/thermo/libraries...
thermo.py:760 loadLibraries INFO Loading thermodynamics library from KlippensteinH2O2.py in /home/harms.n/Code/RMG-database/input/thermo/libraries...
thermo.py:774 loadGroups INFO Loading thermodynamics group database from /home/harms.n/Code/RMG-database/input/thermo/groups...
transport.py:294 loadGroups INFO Loading transport group database from /home/harms.n/Code/RMG-database/input/transport/groups...
database.py:165 loadFamilies INFO Loading the user-specified kinetics families from /home/harms.n/Code/RMG-database/input/kinetics/families
statmech.py:526 loadGroups INFO Loading frequencies group database from /home/harms.n/Code/RMG-database/input/statmech/groups...
comparerTST.py:57 <module> INFO RMG Database Loaded
comparerTST.py:81 <module> INFO generateReactionsFromFamilies successfuly performed
comparerTST.py:141 performCalcs INFO chemkinRxn: Reaction(reactants=[Molecule(SMILES="[CH3]"), Molecule(SMILES="[O]O")], products=[Molecule(SMILES="OO"), Molecule(SMILES="[CH2]")], degeneracy=3, pairs=[[Molecule(SMILES="[CH3]"), Molecule(SMILES="[CH2]")], [Molecule(SMILES="[O]O"), Molecule(SMILES="OO")]])
comparerTST.py:143 performCalcs INFO Ensuring resonance isomers have been generated
<type 'rmgpy.molecule.molecule.Molecule'>
<type 'rmgpy.molecule.molecule.Molecule'>
<type 'rmgpy.molecule.molecule.Molecule'>
<type 'rmgpy.molecule.molecule.Molecule'>
[Molecule(SMILES="[CH3]"), Molecule(SMILES="[O]O")]
[Molecule(SMILES="OO"), Molecule(SMILES="[CH2]")]
comparerTST.py:162 performCalcs INFO Generated one reaction:
comparerTST.py:163 performCalcs INFO [Reaction(reactants=[Molecule(SMILES="[CH3]"), Molecule(SMILES="[O]O")], products=[Molecule(SMILES="OO"), Molecule(SMILES="[CH2]")], degeneracy=3, pairs=[[Molecule(SMILES="[CH3]"), Molecule(SMILES="[CH2]")], [Molecule(SMILES="[O]O"), Molecule(SMILES="OO")]])]
comparerTST.py:172 performCalcs INFO The reaction of interest is as follows: 
comparerTST.py:173 performCalcs INFO <Molecule "[CH3]"> + <Molecule "[O]O"> <=> <Molecule "OO"> + <Molecule "[CH2]">
comparerTST.py:175 performCalcs INFO asserting that the testReaction is Isomorphic
comparerTST.py:177 performCalcs INFO reaction: Reaction(reactants=[Molecule(SMILES="[CH3]"), Molecule(SMILES="[O]O")], products=[Molecule(SMILES="OO"), Molecule(SMILES="[CH2]")], degeneracy=3, pairs=[[Molecule(SMILES="[CH3]"), Molecule(SMILES="[CH2]")], [Molecule(SMILES="[O]O"), Molecule(SMILES="OO")]])
comparerTST.py:183 performCalcs INFO Labeling reactant atoms
comparerTST.py:193 performCalcs INFO Labeling product atoms
comparerTST.py:209 performCalcs INFO We have generated a H_Abstraction reaction that matches, and used it to label the atoms.
comparerTST.py:211 performCalcs INFO Calculating reaction kinetics
comparerTST.py:119 calculate INFO Calculating reaction rate for <Molecule "[CH3]"> + <Molecule "[O]O"> <=> <Molecule "OO"> + <Molecule "[CH2]">
comparerTST.py:121 calculate INFO Selecting the appropriate TS distance database for family 'H_Abstraction'
comparerTST.py:123 calculate INFO Calculating kinetic data by calling qmCalc.getKineticData
reaction.py:619 loadKineticsData INFO Kinetics results file /gss_gpfs_scratch/harms.n/QMfiles/[CH3]+[O]O_OO+[CH2].kinetics does not exist or is invalid
reaction.py:520 generateTSGeometryDirectGuess INFO Generating a TS geometry via the direct guess method
reaction.py:300 generateBoundsMatrix INFO Generating bounds matrix for [CH3].[O]O
reaction.py:338 bmPreEdit INFO Changing lower limit 2.9 to 2.347751
reaction.py:338 bmPreEdit INFO Changing lower limit 2.511967 to 2.449127
reaction.py:338 bmPreEdit INFO Changing lower limit 2.9 to 2.87371658085
reaction.py:338 bmPreEdit INFO Changing lower limit 2.9 to 2.87371658085
reaction.py:561 generateTSGeometryDirectGuess INFO TS estimate made. About to try the search...
reaction.py:426 optimizeTS INFO Starting optimization steps of the TS search.
gaussian.py:535 optEstimate INFO Running loose optimization of TS with frozen center
gaussian.py:189 writeInputFile INFO Writing gaussian input file /gss_gpfs_scratch/harms.n/QMscratch/[CH3]+[O]O_OO+[CH2]Est.gjf
gaussian.py:590 optRxnCenter INFO Optimization of TS reaction center distances
gaussian.py:189 writeInputFile INFO Writing gaussian input file /gss_gpfs_scratch/harms.n/QMscratch/[CH3]+[O]O_OO+[CH2]RxnC.gjf
reaction.py:443 optimizeTS INFO Optimizing TS attempt 1
gaussian.py:485 createInputFile INFO Creating input file
gaussian.py:189 writeInputFile INFO Writing gaussian input file None
gaussian.py:748 verifyOutputFile INFO Verifying output file /gss_gpfs_scratch/harms.n/QMscratch/[CH3]+[O]O_OO+[CH2].log
gaussian.py:516 createIRCFile INFO Creating IRC file
gaussian.py:189 writeInputFile INFO Writing gaussian input file /gss_gpfs_scratch/harms.n/QMscratch/[CH3]+[O]O_OO+[CH2]IRC.gjf
gaussian.py:685 runIRC INFO Running IRC
gaussian.py:843 verifyIRCOutputFile INFO Verifying the IRC output file /gss_gpfs_scratch/harms.n/QMscratch/[CH3]+[O]O_OO+[CH2]IRC.log
gaussian.py:878 verifyIRCOutputFile INFO Checking if all the success keywords are found in the file.
reaction.py:570 saveTSData INFO Saving TS result file /gss_gpfs_scratch/harms.n/QMfiles/[CH3]+[O]O_OO+[CH2].ts
gaussian.py:991 parse INFO Parsing the gaussian output /gss_gpfs_scratch/harms.n/QMscratch/[CH3]+[O]O_OO+[CH2].log
gaussian.py:168 verifyOutputFile INFO Successful GaussianMolM062X quantum result in /gss_gpfs_scratch/harms.n/QMscratch/WCYWZMWISLQXQU-UHFFFAOYSA-u1.log
gaussian.py:268 generateQMData INFO Found a successful output file; using that.
symmetry.py:221 writeInputFile INFO Symmetry input file written to /gss_gpfs_scratch/harms.n/QMscratch/WCYWZMWISLQXQU-UHFFFAOYSA-u1.symm
symmetry.py:188 parse INFO Point group: D3h
gaussian.py:168 verifyOutputFile INFO Successful GaussianMolM062X quantum result in /gss_gpfs_scratch/harms.n/QMscratch/OUUQCZGPVNCOIJ-UHFFFAOYSA-u2.log
gaussian.py:268 generateQMData INFO Found a successful output file; using that.
symmetry.py:221 writeInputFile INFO Symmetry input file written to /gss_gpfs_scratch/harms.n/QMscratch/OUUQCZGPVNCOIJ-UHFFFAOYSA-u2.symm
symmetry.py:188 parse INFO Point group: Cs
gaussian.py:168 verifyOutputFile INFO Successful GaussianMolM062X quantum result in /gss_gpfs_scratch/harms.n/QMscratch/MHAJPDPJQMAIIY-UHFFFAOYSA.log
gaussian.py:268 generateQMData INFO Found a successful output file; using that.
symmetry.py:221 writeInputFile INFO Symmetry input file written to /gss_gpfs_scratch/harms.n/QMscratch/MHAJPDPJQMAIIY-UHFFFAOYSA.symm
symmetry.py:188 parse INFO Point group: C2
gaussian.py:168 verifyOutputFile INFO Successful GaussianMolM062X quantum result in /gss_gpfs_scratch/harms.n/QMscratch/HZVOZRGWRWCICA-UHFFFAOYSA-u1,1.log
gaussian.py:268 generateQMData INFO Found a successful output file; using that.
symmetry.py:221 writeInputFile INFO Symmetry input file written to /gss_gpfs_scratch/harms.n/QMscratch/HZVOZRGWRWCICA-UHFFFAOYSA-u1,1.symm
symmetry.py:188 parse INFO Point group: C2v
CanTherm execution initiated at Mon Jul 31 11:12:40 2017

###############################################################
#                                                             #
#                          CanTherm                           #
#                                                             #
#   Version: 0.1.0 (14 May 2009)                              #
#   Authors: RMG Developers (rmg_dev@mit.edu)                 #
#   P.I.:    William H. Green (whgreen@mit.edu)               #
#   Website: http://rmg.sourceforge.net/                      #
#                                                             #
###############################################################

Loading species WCYWZMWISLQXQU-UHFFFAOYSA-u1...
Loading species OUUQCZGPVNCOIJ-UHFFFAOYSA-u2...
Loading species MHAJPDPJQMAIIY-UHFFFAOYSA...
Loading species HZVOZRGWRWCICA-UHFFFAOYSA-u1,1...
Loading transition state TS...
Loading reaction [CH3]+[O]O_OO+[CH2]...


Loading statistical mechanics parameters for WCYWZMWISLQXQU-UHFFFAOYSA-u1...
Warning: No bond energy correction found for model chemistry: M062X/MG3S
Saving statistical mechanics parameters for WCYWZMWISLQXQU-UHFFFAOYSA-u1...
Loading statistical mechanics parameters for OUUQCZGPVNCOIJ-UHFFFAOYSA-u2...
Warning: No bond energy correction found for model chemistry: M062X/MG3S
Saving statistical mechanics parameters for OUUQCZGPVNCOIJ-UHFFFAOYSA-u2...
Loading statistical mechanics parameters for MHAJPDPJQMAIIY-UHFFFAOYSA...
Warning: No bond energy correction found for model chemistry: M062X/MG3S
Saving statistical mechanics parameters for MHAJPDPJQMAIIY-UHFFFAOYSA...
Loading statistical mechanics parameters for HZVOZRGWRWCICA-UHFFFAOYSA-u1,1...
Warning: No bond energy correction found for model chemistry: M062X/MG3S
Saving statistical mechanics parameters for HZVOZRGWRWCICA-UHFFFAOYSA-u1,1...
Loading statistical mechanics parameters for TS...
Warning: No bond energy correction found for model chemistry: M062X/MG3S
Saving statistical mechanics parameters for TS...
Generating Arrhenius kinetics model for Arrhenius...
Saving kinetics for OUUQCZGPVNCOIJ-UHFFFAOYSA-u2 + WCYWZMWISLQXQU-UHFFFAOYSA-u1 <=> HZVOZRGWRWCICA-UHFFFAOYSA-u1,1 + MHAJPDPJQMAIIY-UHFFFAOYSA...

CanTherm execution terminated at Mon Jul 31 11:12:42 2017
Saving kinetics data file /gss_gpfs_scratch/harms.n/QMfiles/[CH3]+[O]O_OO+[CH2].kinetics
Removing 'core*' files
Yay, reaction kinetics calculated!!!
Reaction(label='[CH3]+[O]O_OO+[CH2]', reactants=[Species(label="OUUQCZGPVNCOIJ-UHFFFAOYSA-u2", conformer=Conformer(E0=(6.19549,'kJ/mol'), modes=[IdealGasTranslation(mass=(32.9977,'amu')), NonlinearRotor(inertia=([0.800947,14.5112,15.3121],'amu*angstrom^2'), symmetry=1), HarmonicOscillator(frequencies=([1245.9,1447.19,3645.15],'cm^-1'))], spinMultiplicity=2)), Species(label="WCYWZMWISLQXQU-UHFFFAOYSA-u1", conformer=Conformer(E0=(141.085,'kJ/mol'), modes=[IdealGasTranslation(mass=(15.0235,'amu')), NonlinearRotor(inertia=([1.75167,1.7526,3.50427],'amu*angstrom^2'), symmetry=1), HarmonicOscillator(frequencies=([435.712,1387.77,1390.09,3083.04,3251.22,3266.91],'cm^-1'))], spinMultiplicity=2))], products=[Species(label="HZVOZRGWRWCICA-UHFFFAOYSA-u1,1", conformer=Conformer(E0=(375.132,'kJ/mol'), modes=[IdealGasTranslation(mass=(14.0157,'amu')), NonlinearRotor(inertia=([0.298995,1.98324,2.28223],'amu*angstrom^2'), symmetry=1), HarmonicOscillator(frequencies=([1092.33,3149.7,3366.48],'cm^-1'))], spinMultiplicity=3)), Species(label="MHAJPDPJQMAIIY-UHFFFAOYSA", conformer=Conformer(E0=(-134.382,'kJ/mol'), modes=[IdealGasTranslation(mass=(34.0055,'amu')), NonlinearRotor(inertia=([1.63801,18.4022,19.029],'amu*angstrom^2'), symmetry=1), HarmonicOscillator(frequencies=([378.1,1029.14,1344.99,1458.5,3786.54,3787.27],'cm^-1'))]))], kinetics=Arrhenius(A=(0.214438,'cm^3/(mol*s)'), n=3.86399, Ea=(86.7883,'kJ/mol'), T0=(1,'K'), Tmin=(303.03,'K'), Tmax=(2500,'K'), comment="""Fitted to 59 data points; dA = *|/ 1.06054, dn = +|- 0.00771469, dEa = +|- 0.0424385 kJ/mol"""), transitionState=TransitionState(label="TS", conformer=Conformer(E0=(247.775,'kJ/mol'), modes=[IdealGasTranslation(mass=(48.0211,'amu')), NonlinearRotor(inertia=([15.3243,81.8762,94.382],'amu*angstrom^2'), symmetry=1), HarmonicOscillator(frequencies=([134.11,171.158,313.328,360.689,465.989,614.651,802.216,1068.17,1217.46,1381.44,1416.16,3119.48,3309.12,3753.91],'cm^-1'))], spinMultiplicity=3), frequency=(-1746.29,'cm^-1'), tunneling=Eckart(frequency=(-1746.29,'cm^-1'), E0_reac=(147.281,'kJ/mol'), E0_TS=(247.775,'kJ/mol'), E0_prod=(240.75,'kJ/mol'))))
For reaction Reaction(label='[CH3]+[O]O_OO+[CH2]', reactants=[Species(label="OUUQCZGPVNCOIJ-UHFFFAOYSA-u2", conformer=Conformer(E0=(6.19549,'kJ/mol'), modes=[IdealGasTranslation(mass=(32.9977,'amu')), NonlinearRotor(inertia=([0.800947,14.5112,15.3121],'amu*angstrom^2'), symmetry=1), HarmonicOscillator(frequencies=([1245.9,1447.19,3645.15],'cm^-1'))], spinMultiplicity=2)), Species(label="WCYWZMWISLQXQU-UHFFFAOYSA-u1", conformer=Conformer(E0=(141.085,'kJ/mol'), modes=[IdealGasTranslation(mass=(15.0235,'amu')), NonlinearRotor(inertia=([1.75167,1.7526,3.50427],'amu*angstrom^2'), symmetry=1), HarmonicOscillator(frequencies=([435.712,1387.77,1390.09,3083.04,3251.22,3266.91],'cm^-1'))], spinMultiplicity=2))], products=[Species(label="HZVOZRGWRWCICA-UHFFFAOYSA-u1,1", conformer=Conformer(E0=(375.132,'kJ/mol'), modes=[IdealGasTranslation(mass=(14.0157,'amu')), NonlinearRotor(inertia=([0.298995,1.98324,2.28223],'amu*angstrom^2'), symmetry=1), HarmonicOscillator(frequencies=([1092.33,3149.7,3366.48],'cm^-1'))], spinMultiplicity=3)), Species(label="MHAJPDPJQMAIIY-UHFFFAOYSA", conformer=Conformer(E0=(-134.382,'kJ/mol'), modes=[IdealGasTranslation(mass=(34.0055,'amu')), NonlinearRotor(inertia=([1.63801,18.4022,19.029],'amu*angstrom^2'), symmetry=1), HarmonicOscillator(frequencies=([378.1,1029.14,1344.99,1458.5,3786.54,3787.27],'cm^-1'))]))], kinetics=Arrhenius(A=(0.214438,'cm^3/(mol*s)'), n=3.86399, Ea=(86.7883,'kJ/mol'), T0=(1,'K'), Tmin=(303.03,'K'), Tmax=(2500,'K'), comment="""Fitted to 59 data points; dA = *|/ 1.06054, dn = +|- 0.00771469, dEa = +|- 0.0424385 kJ/mol"""), transitionState=TransitionState(label="TS", conformer=Conformer(E0=(247.775,'kJ/mol'), modes=[IdealGasTranslation(mass=(48.0211,'amu')), NonlinearRotor(inertia=([15.3243,81.8762,94.382],'amu*angstrom^2'), symmetry=1), HarmonicOscillator(frequencies=([134.11,171.158,313.328,360.689,465.989,614.651,802.216,1068.17,1217.46,1381.44,1416.16,3119.48,3309.12,3753.91],'cm^-1'))], spinMultiplicity=3), frequency=(-1746.29,'cm^-1'), tunneling=Eckart(frequency=(-1746.29,'cm^-1'), E0_reac=(147.281,'kJ/mol'), E0_TS=(247.775,'kJ/mol'), E0_prod=(240.75,'kJ/mol'))))
We have calculated kinetics Arrhenius(A=(0.214438,'cm^3/(mol*s)'), n=3.86399, Ea=(86.7883,'kJ/mol'), T0=(1,'K'), Tmin=(303.03,'K'), Tmax=(2500,'K'), comment="""Fitted to 59 data points; dA = *|/ 1.06054, dn = +|- 0.00771469, dEa = +|- 0.0424385 kJ/mol""")
