comparerTST.py:41 <module> INFO RUNNING WITH JOB NUMBER i = 132
comparerTST.py:45 <module> INFO Loading RMG Database ...
comparerTST.py:48 <module> INFO /home/harms.n/Code/RMG-database/input
thermo.py:760 loadLibraries INFO Loading thermodynamics library from thermo_DFT_CCSDTF12_BAC.py in /home/harms.n/Code/RMG-database/input/thermo/libraries...
thermo.py:760 loadLibraries INFO Loading thermodynamics library from CBS_QB3_1dHR.py in /home/harms.n/Code/RMG-database/input/thermo/libraries...
thermo.py:760 loadLibraries INFO Loading thermodynamics library from primaryThermoLibrary.py in /home/harms.n/Code/RMG-database/input/thermo/libraries...
thermo.py:760 loadLibraries INFO Loading thermodynamics library from KlippensteinH2O2.py in /home/harms.n/Code/RMG-database/input/thermo/libraries...
thermo.py:774 loadGroups INFO Loading thermodynamics group database from /home/harms.n/Code/RMG-database/input/thermo/groups...
transport.py:294 loadGroups INFO Loading transport group database from /home/harms.n/Code/RMG-database/input/transport/groups...
database.py:165 loadFamilies INFO Loading the user-specified kinetics families from /home/harms.n/Code/RMG-database/input/kinetics/families
statmech.py:526 loadGroups INFO Loading frequencies group database from /home/harms.n/Code/RMG-database/input/statmech/groups...
comparerTST.py:57 <module> INFO RMG Database Loaded
comparerTST.py:81 <module> INFO generateReactionsFromFamilies successfuly performed
comparerTST.py:141 performCalcs INFO chemkinRxn: Reaction(reactants=[Molecule(SMILES="CCC"), Molecule(SMILES="[O]O")], products=[Molecule(SMILES="OO"), Molecule(SMILES="C[CH]C")], degeneracy=2, pairs=[[Molecule(SMILES="CCC"), Molecule(SMILES="C[CH]C")], [Molecule(SMILES="[O]O"), Molecule(SMILES="OO")]])
comparerTST.py:143 performCalcs INFO Ensuring resonance isomers have been generated
<type 'rmgpy.molecule.molecule.Molecule'>
<type 'rmgpy.molecule.molecule.Molecule'>
<type 'rmgpy.molecule.molecule.Molecule'>
<type 'rmgpy.molecule.molecule.Molecule'>
[Molecule(SMILES="CCC"), Molecule(SMILES="[O]O")]
[Molecule(SMILES="OO"), Molecule(SMILES="C[CH]C")]
comparerTST.py:162 performCalcs INFO Generated one reaction:
comparerTST.py:163 performCalcs INFO [Reaction(reactants=[Molecule(SMILES="CCC"), Molecule(SMILES="[O]O")], products=[Molecule(SMILES="OO"), Molecule(SMILES="C[CH]C")], degeneracy=2, pairs=[[Molecule(SMILES="CCC"), Molecule(SMILES="C[CH]C")], [Molecule(SMILES="[O]O"), Molecule(SMILES="OO")]])]
comparerTST.py:172 performCalcs INFO The reaction of interest is as follows: 
comparerTST.py:173 performCalcs INFO <Molecule "CCC"> + <Molecule "[O]O"> <=> <Molecule "OO"> + <Molecule "C[CH]C">
comparerTST.py:175 performCalcs INFO asserting that the testReaction is Isomorphic
comparerTST.py:177 performCalcs INFO reaction: Reaction(reactants=[Molecule(SMILES="CCC"), Molecule(SMILES="[O]O")], products=[Molecule(SMILES="OO"), Molecule(SMILES="C[CH]C")], degeneracy=2, pairs=[[Molecule(SMILES="CCC"), Molecule(SMILES="C[CH]C")], [Molecule(SMILES="[O]O"), Molecule(SMILES="OO")]])
comparerTST.py:183 performCalcs INFO Labeling reactant atoms
comparerTST.py:193 performCalcs INFO Labeling product atoms
comparerTST.py:209 performCalcs INFO We have generated a H_Abstraction reaction that matches, and used it to label the atoms.
comparerTST.py:211 performCalcs INFO Calculating reaction kinetics
comparerTST.py:119 calculate INFO Calculating reaction rate for <Molecule "CCC"> + <Molecule "[O]O"> <=> <Molecule "OO"> + <Molecule "C[CH]C">
comparerTST.py:121 calculate INFO Selecting the appropriate TS distance database for family 'H_Abstraction'
comparerTST.py:123 calculate INFO Calculating kinetic data by calling qmCalc.getKineticData
reaction.py:96 loadKineticsDataFile INFO Reading existing kinetics file /gss_gpfs_scratch/harms.n/QMfiles/CCC+[O]O_C[CH]C+OO.kinetics
comparerTST.py:125 calculate INFO Removing 'core*' files
comparerTST.py:133 calculate INFO Yay, reaction kinetics calculated!!!
comparerTST.py:134 calculate INFO Reaction(label='CCC+[O]O_C[CH]C+OO', reactants=[Species(label="ATUOYWHBWRKTHZ-UHFFFAOYSA", conformer=Conformer(E0=(-107.804,'kJ/mol'), modes=[IdealGasTranslation(mass=(44.0626,'amu')), NonlinearRotor(inertia=([17.1736,59.2056,67.0514],'amu*angstrom^2'), symmetry=1), HarmonicOscillator(frequencies=([243.185,297.937,367.48,741.881,875.902,898.876,925.201,1058.96,1164.65,1196.53,1301.15,1351.23,1387.44,1400.65,1472.92,1475.76,1476.58,1493.54,1493.94,2999.95,3000.29,3007.7,3032.58,3062.48,3073.04,3076.78,3078.5],'cm^-1'))])), Species(label="OUUQCZGPVNCOIJ-UHFFFAOYSA-u2", conformer=Conformer(E0=(6.19549,'kJ/mol'), modes=[IdealGasTranslation(mass=(32.9977,'amu')), NonlinearRotor(inertia=([0.800947,14.5112,15.3121],'amu*angstrom^2'), symmetry=1), HarmonicOscillator(frequencies=([1245.9,1447.19,3645.15],'cm^-1'))], spinMultiplicity=2))], products=[Species(label="MHAJPDPJQMAIIY-UHFFFAOYSA", conformer=Conformer(E0=(-134.382,'kJ/mol'), modes=[IdealGasTranslation(mass=(34.0055,'amu')), NonlinearRotor(inertia=([1.63801,18.4022,19.029],'amu*angstrom^2'), symmetry=1), HarmonicOscillator(frequencies=([378.1,1029.14,1344.99,1458.5,3786.54,3787.27],'cm^-1'))])), Species(label="HNUALPPJLMYHDK-UHFFFAOYSA-u3", conformer=Conformer(E0=(77.5032,'kJ/mol'), modes=[IdealGasTranslation(mass=(43.0548,'amu')), NonlinearRotor(inertia=([13.5908,59.7417,67.072],'amu*angstrom^2'), symmetry=1), HarmonicOscillator(frequencies=([109.17,115.306,314.489,373.22,885.54,921.352,931.474,1009.25,1135.77,1163.09,1343.85,1391.09,1395.74,1444.46,1456,1460.86,1473.82,2942.52,2945.39,2990.17,2991.65,3063.21,3064.14,3146.14],'cm^-1'))], spinMultiplicity=2))], kinetics=Arrhenius(A=(0.000350577,'cm^3/(mol*s)'), n=4.58335, Ea=(45.0715,'kJ/mol'), T0=(1,'K'), Tmin=(303.03,'K'), Tmax=(2500,'K'), comment="""Fitted to 59 data points; dA = *|/ 1.35079, dn = +|- 0.0394627, dEa = +|- 0.217085 kJ/mol"""), transitionState=TransitionState(label="TS", conformer=Conformer(E0=(-38.7551,'kJ/mol'), modes=[IdealGasTranslation(mass=(77.0602,'amu')), NonlinearRotor(inertia=([82.7326,180.113,210.236],'amu*angstrom^2'), symmetry=1), HarmonicOscillator(frequencies=([78.1631,131.974,137.134,202.37,224.572,314.673,399.682,441.65,558.465,828.057,894.214,909.36,922.034,1064.89,1075.64,1140.98,1164.87,1177.44,1329.57,1380.86,1389.54,1399.93,1446.52,1453.96,1462.75,1466.26,1483.18,2970.55,2978.03,3032.53,3044.39,3050.36,3072.55,3081.92,3747.02],'cm^-1'))], spinMultiplicity=2), frequency=(-1787.01,'cm^-1'), tunneling=Eckart(frequency=(-1787.01,'cm^-1'), E0_reac=(-101.608,'kJ/mol'), E0_TS=(-38.7551,'kJ/mol'), E0_prod=(-56.8786,'kJ/mol'))))
comparerTST.py:214 performCalcs INFO For reaction Reaction(label='CCC+[O]O_C[CH]C+OO', reactants=[Species(label="ATUOYWHBWRKTHZ-UHFFFAOYSA", conformer=Conformer(E0=(-107.804,'kJ/mol'), modes=[IdealGasTranslation(mass=(44.0626,'amu')), NonlinearRotor(inertia=([17.1736,59.2056,67.0514],'amu*angstrom^2'), symmetry=1), HarmonicOscillator(frequencies=([243.185,297.937,367.48,741.881,875.902,898.876,925.201,1058.96,1164.65,1196.53,1301.15,1351.23,1387.44,1400.65,1472.92,1475.76,1476.58,1493.54,1493.94,2999.95,3000.29,3007.7,3032.58,3062.48,3073.04,3076.78,3078.5],'cm^-1'))])), Species(label="OUUQCZGPVNCOIJ-UHFFFAOYSA-u2", conformer=Conformer(E0=(6.19549,'kJ/mol'), modes=[IdealGasTranslation(mass=(32.9977,'amu')), NonlinearRotor(inertia=([0.800947,14.5112,15.3121],'amu*angstrom^2'), symmetry=1), HarmonicOscillator(frequencies=([1245.9,1447.19,3645.15],'cm^-1'))], spinMultiplicity=2))], products=[Species(label="MHAJPDPJQMAIIY-UHFFFAOYSA", conformer=Conformer(E0=(-134.382,'kJ/mol'), modes=[IdealGasTranslation(mass=(34.0055,'amu')), NonlinearRotor(inertia=([1.63801,18.4022,19.029],'amu*angstrom^2'), symmetry=1), HarmonicOscillator(frequencies=([378.1,1029.14,1344.99,1458.5,3786.54,3787.27],'cm^-1'))])), Species(label="HNUALPPJLMYHDK-UHFFFAOYSA-u3", conformer=Conformer(E0=(77.5032,'kJ/mol'), modes=[IdealGasTranslation(mass=(43.0548,'amu')), NonlinearRotor(inertia=([13.5908,59.7417,67.072],'amu*angstrom^2'), symmetry=1), HarmonicOscillator(frequencies=([109.17,115.306,314.489,373.22,885.54,921.352,931.474,1009.25,1135.77,1163.09,1343.85,1391.09,1395.74,1444.46,1456,1460.86,1473.82,2942.52,2945.39,2990.17,2991.65,3063.21,3064.14,3146.14],'cm^-1'))], spinMultiplicity=2))], kinetics=Arrhenius(A=(0.000350577,'cm^3/(mol*s)'), n=4.58335, Ea=(45.0715,'kJ/mol'), T0=(1,'K'), Tmin=(303.03,'K'), Tmax=(2500,'K'), comment="""Fitted to 59 data points; dA = *|/ 1.35079, dn = +|- 0.0394627, dEa = +|- 0.217085 kJ/mol"""), transitionState=TransitionState(label="TS", conformer=Conformer(E0=(-38.7551,'kJ/mol'), modes=[IdealGasTranslation(mass=(77.0602,'amu')), NonlinearRotor(inertia=([82.7326,180.113,210.236],'amu*angstrom^2'), symmetry=1), HarmonicOscillator(frequencies=([78.1631,131.974,137.134,202.37,224.572,314.673,399.682,441.65,558.465,828.057,894.214,909.36,922.034,1064.89,1075.64,1140.98,1164.87,1177.44,1329.57,1380.86,1389.54,1399.93,1446.52,1453.96,1462.75,1466.26,1483.18,2970.55,2978.03,3032.53,3044.39,3050.36,3072.55,3081.92,3747.02],'cm^-1'))], spinMultiplicity=2), frequency=(-1787.01,'cm^-1'), tunneling=Eckart(frequency=(-1787.01,'cm^-1'), E0_reac=(-101.608,'kJ/mol'), E0_TS=(-38.7551,'kJ/mol'), E0_prod=(-56.8786,'kJ/mol'))))
comparerTST.py:216 performCalcs INFO We have calculated kinetics Arrhenius(A=(0.000350577,'cm^3/(mol*s)'), n=4.58335, Ea=(45.0715,'kJ/mol'), T0=(1,'K'), Tmin=(303.03,'K'), Tmax=(2500,'K'), comment="""Fitted to 59 data points; dA = *|/ 1.35079, dn = +|- 0.0394627, dEa = +|- 0.217085 kJ/mol""")
