comparerTST.py:41 <module> INFO RUNNING WITH JOB NUMBER i = 46
comparerTST.py:45 <module> INFO Loading RMG Database ...
comparerTST.py:48 <module> INFO /home/harms.n/Code/RMG-database/input
thermo.py:760 loadLibraries INFO Loading thermodynamics library from thermo_DFT_CCSDTF12_BAC.py in /home/harms.n/Code/RMG-database/input/thermo/libraries...
thermo.py:760 loadLibraries INFO Loading thermodynamics library from CBS_QB3_1dHR.py in /home/harms.n/Code/RMG-database/input/thermo/libraries...
thermo.py:760 loadLibraries INFO Loading thermodynamics library from primaryThermoLibrary.py in /home/harms.n/Code/RMG-database/input/thermo/libraries...
thermo.py:760 loadLibraries INFO Loading thermodynamics library from KlippensteinH2O2.py in /home/harms.n/Code/RMG-database/input/thermo/libraries...
thermo.py:774 loadGroups INFO Loading thermodynamics group database from /home/harms.n/Code/RMG-database/input/thermo/groups...
transport.py:294 loadGroups INFO Loading transport group database from /home/harms.n/Code/RMG-database/input/transport/groups...
database.py:165 loadFamilies INFO Loading the user-specified kinetics families from /home/harms.n/Code/RMG-database/input/kinetics/families
statmech.py:526 loadGroups INFO Loading frequencies group database from /home/harms.n/Code/RMG-database/input/statmech/groups...
comparerTST.py:57 <module> INFO RMG Database Loaded
comparerTST.py:81 <module> INFO generateReactionsFromFamilies successfuly performed
comparerTST.py:141 performCalcs INFO chemkinRxn: Reaction(reactants=[Molecule(SMILES="CC"), Molecule(SMILES="[O]O")], products=[Molecule(SMILES="OO"), Molecule(SMILES="C[CH2]")], degeneracy=6, pairs=[[Molecule(SMILES="CC"), Molecule(SMILES="C[CH2]")], [Molecule(SMILES="[O]O"), Molecule(SMILES="OO")]])
comparerTST.py:143 performCalcs INFO Ensuring resonance isomers have been generated
<type 'rmgpy.molecule.molecule.Molecule'>
<type 'rmgpy.molecule.molecule.Molecule'>
<type 'rmgpy.molecule.molecule.Molecule'>
<type 'rmgpy.molecule.molecule.Molecule'>
[Molecule(SMILES="CC"), Molecule(SMILES="[O]O")]
[Molecule(SMILES="OO"), Molecule(SMILES="C[CH2]")]
comparerTST.py:162 performCalcs INFO Generated one reaction:
comparerTST.py:163 performCalcs INFO [Reaction(reactants=[Molecule(SMILES="CC"), Molecule(SMILES="[O]O")], products=[Molecule(SMILES="OO"), Molecule(SMILES="C[CH2]")], degeneracy=6, pairs=[[Molecule(SMILES="CC"), Molecule(SMILES="C[CH2]")], [Molecule(SMILES="[O]O"), Molecule(SMILES="OO")]])]
comparerTST.py:172 performCalcs INFO The reaction of interest is as follows: 
comparerTST.py:173 performCalcs INFO <Molecule "CC"> + <Molecule "[O]O"> <=> <Molecule "OO"> + <Molecule "C[CH2]">
comparerTST.py:175 performCalcs INFO asserting that the testReaction is Isomorphic
comparerTST.py:177 performCalcs INFO reaction: Reaction(reactants=[Molecule(SMILES="CC"), Molecule(SMILES="[O]O")], products=[Molecule(SMILES="OO"), Molecule(SMILES="C[CH2]")], degeneracy=6, pairs=[[Molecule(SMILES="CC"), Molecule(SMILES="C[CH2]")], [Molecule(SMILES="[O]O"), Molecule(SMILES="OO")]])
comparerTST.py:183 performCalcs INFO Labeling reactant atoms
comparerTST.py:193 performCalcs INFO Labeling product atoms
comparerTST.py:209 performCalcs INFO We have generated a H_Abstraction reaction that matches, and used it to label the atoms.
comparerTST.py:211 performCalcs INFO Calculating reaction kinetics
comparerTST.py:119 calculate INFO Calculating reaction rate for <Molecule "CC"> + <Molecule "[O]O"> <=> <Molecule "OO"> + <Molecule "C[CH2]">
comparerTST.py:121 calculate INFO Selecting the appropriate TS distance database for family 'H_Abstraction'
comparerTST.py:123 calculate INFO Calculating kinetic data by calling qmCalc.getKineticData
reaction.py:96 loadKineticsDataFile INFO Reading existing kinetics file /gss_gpfs_scratch/harms.n/QMfiles/CC+[O]O_C[CH2]+OO.kinetics
comparerTST.py:125 calculate INFO Removing 'core*' files
comparerTST.py:133 calculate INFO Yay, reaction kinetics calculated!!!
comparerTST.py:134 calculate INFO Reaction(label='CC+[O]O_C[CH2]+OO', reactants=[Species(label="OTMSDBZUPAUEDD-UHFFFAOYSA", conformer=Conformer(E0=(-87.0244,'kJ/mol'), modes=[IdealGasTranslation(mass=(30.0469,'amu')), NonlinearRotor(inertia=([6.23629,25.1568,25.158],'amu*angstrom^2'), symmetry=1), HarmonicOscillator(frequencies=([305.363,799.07,808.489,1000.88,1197,1201.36,1383.16,1400.47,1481.73,1483.56,1484.55,1486.06,2997.1,2999.49,3050.76,3056.33,3073.45,3078.73],'cm^-1'))])), Species(label="OUUQCZGPVNCOIJ-UHFFFAOYSA-u2", conformer=Conformer(E0=(6.19549,'kJ/mol'), modes=[IdealGasTranslation(mass=(32.9977,'amu')), NonlinearRotor(inertia=([0.800947,14.5112,15.3121],'amu*angstrom^2'), symmetry=1), HarmonicOscillator(frequencies=([1245.9,1447.19,3645.15],'cm^-1'))], spinMultiplicity=2))], products=[Species(label="QUPDWYMUPZLYJZ-UHFFFAOYSA-u1", conformer=Conformer(E0=(112.269,'kJ/mol'), modes=[IdealGasTranslation(mass=(29.0391,'amu')), NonlinearRotor(inertia=([4.84491,22.1047,23.8427],'amu*angstrom^2'), symmetry=1), HarmonicOscillator(frequencies=([80.7499,427.816,791.351,968.562,1061.78,1172.91,1380.88,1446.51,1461.41,1462.55,2941.14,3015.29,3059.47,3110.16,3210.04],'cm^-1'))], spinMultiplicity=2)), Species(label="MHAJPDPJQMAIIY-UHFFFAOYSA", conformer=Conformer(E0=(-134.382,'kJ/mol'), modes=[IdealGasTranslation(mass=(34.0055,'amu')), NonlinearRotor(inertia=([1.63801,18.4022,19.029],'amu*angstrom^2'), symmetry=1), HarmonicOscillator(frequencies=([378.1,1029.14,1344.99,1458.5,3786.54,3787.27],'cm^-1'))]))], kinetics=Arrhenius(A=(0.00110227,'cm^3/(mol*s)'), n=4.64487, Ea=(58.9253,'kJ/mol'), T0=(1,'K'), Tmin=(303.03,'K'), Tmax=(2500,'K'), comment="""Fitted to 59 data points; dA = *|/ 1.37627, dn = +|- 0.0419155, dEa = +|- 0.230577 kJ/mol"""), transitionState=TransitionState(label="TS", conformer=Conformer(E0=(-3.33498,'kJ/mol'), modes=[IdealGasTranslation(mass=(63.0446,'amu')), NonlinearRotor(inertia=([39.9881,133.321,162.565],'amu*angstrom^2'), symmetry=1), HarmonicOscillator(frequencies=([27.0486,123.742,151.392,268.534,374.653,498.409,561.461,808.195,862.777,1037.76,1062.64,1094.17,1175.98,1208.14,1372.91,1394.63,1436.28,1449.37,1458.22,1469.76,2973.35,3034.81,3050.76,3065.76,3132.39,3752.53],'cm^-1'))], spinMultiplicity=2), frequency=(-1822.47,'cm^-1'), tunneling=Eckart(frequency=(-1822.47,'cm^-1'), E0_reac=(-80.8289,'kJ/mol'), E0_TS=(-3.33498,'kJ/mol'), E0_prod=(-22.1127,'kJ/mol'))))
comparerTST.py:214 performCalcs INFO For reaction Reaction(label='CC+[O]O_C[CH2]+OO', reactants=[Species(label="OTMSDBZUPAUEDD-UHFFFAOYSA", conformer=Conformer(E0=(-87.0244,'kJ/mol'), modes=[IdealGasTranslation(mass=(30.0469,'amu')), NonlinearRotor(inertia=([6.23629,25.1568,25.158],'amu*angstrom^2'), symmetry=1), HarmonicOscillator(frequencies=([305.363,799.07,808.489,1000.88,1197,1201.36,1383.16,1400.47,1481.73,1483.56,1484.55,1486.06,2997.1,2999.49,3050.76,3056.33,3073.45,3078.73],'cm^-1'))])), Species(label="OUUQCZGPVNCOIJ-UHFFFAOYSA-u2", conformer=Conformer(E0=(6.19549,'kJ/mol'), modes=[IdealGasTranslation(mass=(32.9977,'amu')), NonlinearRotor(inertia=([0.800947,14.5112,15.3121],'amu*angstrom^2'), symmetry=1), HarmonicOscillator(frequencies=([1245.9,1447.19,3645.15],'cm^-1'))], spinMultiplicity=2))], products=[Species(label="QUPDWYMUPZLYJZ-UHFFFAOYSA-u1", conformer=Conformer(E0=(112.269,'kJ/mol'), modes=[IdealGasTranslation(mass=(29.0391,'amu')), NonlinearRotor(inertia=([4.84491,22.1047,23.8427],'amu*angstrom^2'), symmetry=1), HarmonicOscillator(frequencies=([80.7499,427.816,791.351,968.562,1061.78,1172.91,1380.88,1446.51,1461.41,1462.55,2941.14,3015.29,3059.47,3110.16,3210.04],'cm^-1'))], spinMultiplicity=2)), Species(label="MHAJPDPJQMAIIY-UHFFFAOYSA", conformer=Conformer(E0=(-134.382,'kJ/mol'), modes=[IdealGasTranslation(mass=(34.0055,'amu')), NonlinearRotor(inertia=([1.63801,18.4022,19.029],'amu*angstrom^2'), symmetry=1), HarmonicOscillator(frequencies=([378.1,1029.14,1344.99,1458.5,3786.54,3787.27],'cm^-1'))]))], kinetics=Arrhenius(A=(0.00110227,'cm^3/(mol*s)'), n=4.64487, Ea=(58.9253,'kJ/mol'), T0=(1,'K'), Tmin=(303.03,'K'), Tmax=(2500,'K'), comment="""Fitted to 59 data points; dA = *|/ 1.37627, dn = +|- 0.0419155, dEa = +|- 0.230577 kJ/mol"""), transitionState=TransitionState(label="TS", conformer=Conformer(E0=(-3.33498,'kJ/mol'), modes=[IdealGasTranslation(mass=(63.0446,'amu')), NonlinearRotor(inertia=([39.9881,133.321,162.565],'amu*angstrom^2'), symmetry=1), HarmonicOscillator(frequencies=([27.0486,123.742,151.392,268.534,374.653,498.409,561.461,808.195,862.777,1037.76,1062.64,1094.17,1175.98,1208.14,1372.91,1394.63,1436.28,1449.37,1458.22,1469.76,2973.35,3034.81,3050.76,3065.76,3132.39,3752.53],'cm^-1'))], spinMultiplicity=2), frequency=(-1822.47,'cm^-1'), tunneling=Eckart(frequency=(-1822.47,'cm^-1'), E0_reac=(-80.8289,'kJ/mol'), E0_TS=(-3.33498,'kJ/mol'), E0_prod=(-22.1127,'kJ/mol'))))
comparerTST.py:216 performCalcs INFO We have calculated kinetics Arrhenius(A=(0.00110227,'cm^3/(mol*s)'), n=4.64487, Ea=(58.9253,'kJ/mol'), T0=(1,'K'), Tmin=(303.03,'K'), Tmax=(2500,'K'), comment="""Fitted to 59 data points; dA = *|/ 1.37627, dn = +|- 0.0419155, dEa = +|- 0.230577 kJ/mol""")
