comparerTST.py:41 <module> INFO RUNNING WITH JOB NUMBER i = 433
comparerTST.py:45 <module> INFO Loading RMG Database ...
comparerTST.py:48 <module> INFO /home/harms.n/Code/RMG-database/input
thermo.py:760 loadLibraries INFO Loading thermodynamics library from thermo_DFT_CCSDTF12_BAC.py in /home/harms.n/Code/RMG-database/input/thermo/libraries...
thermo.py:760 loadLibraries INFO Loading thermodynamics library from CBS_QB3_1dHR.py in /home/harms.n/Code/RMG-database/input/thermo/libraries...
thermo.py:760 loadLibraries INFO Loading thermodynamics library from primaryThermoLibrary.py in /home/harms.n/Code/RMG-database/input/thermo/libraries...
thermo.py:760 loadLibraries INFO Loading thermodynamics library from KlippensteinH2O2.py in /home/harms.n/Code/RMG-database/input/thermo/libraries...
thermo.py:774 loadGroups INFO Loading thermodynamics group database from /home/harms.n/Code/RMG-database/input/thermo/groups...
transport.py:294 loadGroups INFO Loading transport group database from /home/harms.n/Code/RMG-database/input/transport/groups...
database.py:165 loadFamilies INFO Loading the user-specified kinetics families from /home/harms.n/Code/RMG-database/input/kinetics/families
statmech.py:526 loadGroups INFO Loading frequencies group database from /home/harms.n/Code/RMG-database/input/statmech/groups...
comparerTST.py:57 <module> INFO RMG Database Loaded
comparerTST.py:96 performCalcs INFO rmgRxn: Reaction(reactants=[Species(label="sc4h7oh-mooh-1", molecule=[Molecule(SMILES="CC[C](O)COO")]), Species(label="o2", molecule=[Molecule(SMILES="[O][O]")])], products=[Species(label="nc4ket21", molecule=[Molecule(SMILES="CCC(=O)COO")]), Species(label="ho2", molecule=[Molecule(SMILES="[O]O")])])
[Species(label="sc4h7oh-mooh-1", molecule=[Molecule(SMILES="CC[C](O)COO")]), Species(label="o2", molecule=[Molecule(SMILES="[O][O]")])]
[Species(label="nc4ket21", molecule=[Molecule(SMILES="CCC(=O)COO")]), Species(label="ho2", molecule=[Molecule(SMILES="[O]O")])]
comparerTST.py:125 performCalcs INFO The reaction of interest is as follows: 
comparerTST.py:126 performCalcs INFO sc4h7oh-mooh-1 + o2 <=> nc4ket21 + ho2
comparerTST.py:128 performCalcs INFO asserting that the testReaction is Isomorphic
Traceback (most recent call last):
  File "/home/harms.n/Code/OOHabstraction/ComparerTST/comparerTST.py", line 256, in <module>
    performCalcs(oohReaction)
  File "/home/harms.n/Code/OOHabstraction/ComparerTST/comparerTST.py", line 129, in performCalcs
    assert testReaction.isIsomorphic(reaction)
NameError: global name 'testReaction' is not defined
