comparerTST.py:41 <module> INFO RUNNING WITH JOB NUMBER i = 303
comparerTST.py:45 <module> INFO Loading RMG Database ...
comparerTST.py:48 <module> INFO /home/harms.n/Code/RMG-database/input
thermo.py:760 loadLibraries INFO Loading thermodynamics library from thermo_DFT_CCSDTF12_BAC.py in /home/harms.n/Code/RMG-database/input/thermo/libraries...
thermo.py:760 loadLibraries INFO Loading thermodynamics library from CBS_QB3_1dHR.py in /home/harms.n/Code/RMG-database/input/thermo/libraries...
thermo.py:760 loadLibraries INFO Loading thermodynamics library from primaryThermoLibrary.py in /home/harms.n/Code/RMG-database/input/thermo/libraries...
thermo.py:760 loadLibraries INFO Loading thermodynamics library from KlippensteinH2O2.py in /home/harms.n/Code/RMG-database/input/thermo/libraries...
thermo.py:774 loadGroups INFO Loading thermodynamics group database from /home/harms.n/Code/RMG-database/input/thermo/groups...
transport.py:294 loadGroups INFO Loading transport group database from /home/harms.n/Code/RMG-database/input/transport/groups...
database.py:165 loadFamilies INFO Loading the user-specified kinetics families from /home/harms.n/Code/RMG-database/input/kinetics/families
statmech.py:526 loadGroups INFO Loading frequencies group database from /home/harms.n/Code/RMG-database/input/statmech/groups...
comparerTST.py:57 <module> INFO RMG Database Loaded
comparerTST.py:81 <module> INFO generateReactionsFromFamilies successfuly performed
comparerTST.py:141 performCalcs INFO chemkinRxn: Reaction(reactants=[Molecule(SMILES="[CH2]C(=O)CC"), Molecule(SMILES="[O]O")], products=[Molecule(SMILES="OO"), Molecule(SMILES="[CH2]C(=O)[CH]C")], degeneracy=2, pairs=[[Molecule(SMILES="[CH2]C(=O)CC"), Molecule(SMILES="[CH2]C(=O)[CH]C")], [Molecule(SMILES="[O]O"), Molecule(SMILES="OO")]])
comparerTST.py:143 performCalcs INFO Ensuring resonance isomers have been generated
<type 'rmgpy.molecule.molecule.Molecule'>
<type 'rmgpy.molecule.molecule.Molecule'>
<type 'rmgpy.molecule.molecule.Molecule'>
<type 'rmgpy.molecule.molecule.Molecule'>
[Molecule(SMILES="[CH2]C(=O)CC"), Molecule(SMILES="[O]O")]
[Molecule(SMILES="OO"), Molecule(SMILES="[CH2]C(=O)[CH]C")]
comparerTST.py:162 performCalcs INFO Generated one reaction:
comparerTST.py:163 performCalcs INFO [Reaction(reactants=[Molecule(SMILES="[CH2]C(=O)CC"), Molecule(SMILES="[O]O")], products=[Molecule(SMILES="OO"), Molecule(SMILES="[CH2]C(=O)[CH]C")], degeneracy=2, pairs=[[Molecule(SMILES="[CH2]C(=O)CC"), Molecule(SMILES="[CH2]C(=O)[CH]C")], [Molecule(SMILES="[O]O"), Molecule(SMILES="OO")]])]
comparerTST.py:172 performCalcs INFO The reaction of interest is as follows: 
comparerTST.py:173 performCalcs INFO <Molecule "[CH2]C(=O)CC"> + <Molecule "[O]O"> <=> <Molecule "OO"> + <Molecule "[CH2]C(=O)[CH]C">
comparerTST.py:175 performCalcs INFO asserting that the testReaction is Isomorphic
comparerTST.py:177 performCalcs INFO reaction: Reaction(reactants=[Molecule(SMILES="[CH2]C(=O)CC"), Molecule(SMILES="[O]O")], products=[Molecule(SMILES="OO"), Molecule(SMILES="[CH2]C(=O)[CH]C")], degeneracy=2, pairs=[[Molecule(SMILES="[CH2]C(=O)CC"), Molecule(SMILES="[CH2]C(=O)[CH]C")], [Molecule(SMILES="[O]O"), Molecule(SMILES="OO")]])
comparerTST.py:183 performCalcs INFO Labeling reactant atoms
comparerTST.py:193 performCalcs INFO Labeling product atoms
comparerTST.py:209 performCalcs INFO We have generated a H_Abstraction reaction that matches, and used it to label the atoms.
comparerTST.py:211 performCalcs INFO Calculating reaction kinetics
comparerTST.py:119 calculate INFO Calculating reaction rate for <Molecule "[CH2]C(=O)CC"> + <Molecule "[O]O"> <=> <Molecule "OO"> + <Molecule "[CH2]C(=O)[CH]C">
comparerTST.py:121 calculate INFO Selecting the appropriate TS distance database for family 'H_Abstraction'
comparerTST.py:123 calculate INFO Calculating kinetic data by calling qmCalc.getKineticData
reaction.py:619 loadKineticsData INFO Kinetics results file /gss_gpfs_scratch/harms.n/QMfiles/[CH2]C(=O)CC+[O]O_OO+[CH2]C(=O)[CH]C.kinetics does not exist or is invalid
reaction.py:520 generateTSGeometryDirectGuess INFO Generating a TS geometry via the direct guess method
reaction.py:300 generateBoundsMatrix INFO Generating bounds matrix for [CH2]C(=O)CC.[O]O
reaction.py:338 bmPreEdit INFO Changing lower limit 2.9 to 2.484712
reaction.py:338 bmPreEdit INFO Changing lower limit 2.538448 to 2.481728
reaction.py:338 bmPreEdit INFO Changing lower limit 3.65 to 3.35377859416
reaction.py:338 bmPreEdit INFO Changing lower limit 3.65 to 3.33195383943
reaction.py:561 generateTSGeometryDirectGuess INFO TS estimate made. About to try the search...
reaction.py:426 optimizeTS INFO Starting optimization steps of the TS search.
gaussian.py:535 optEstimate INFO Running loose optimization of TS with frozen center
gaussian.py:189 writeInputFile INFO Writing gaussian input file /gss_gpfs_scratch/harms.n/QMscratch/[CH2]C(=O)CC+[O]O_OO+[CH2]C(=O)[CH]CEst.gjf
gaussian.py:590 optRxnCenter INFO Optimization of TS reaction center distances
gaussian.py:189 writeInputFile INFO Writing gaussian input file /gss_gpfs_scratch/harms.n/QMscratch/[CH2]C(=O)CC+[O]O_OO+[CH2]C(=O)[CH]CRxnC.gjf
Error: segmentation violation
   rax 0000000000000000, rbx ffffffffffffffff, rcx ffffffffffffffff
   rdx 000000000000216e, rsp 00007fff0d20e308, rbp 00007fff0d20e8e0
   rsi 000000000000000b, rdi 000000000000216e, r8  00002b44304e76c0
   r9  0000000000000000, r10 00007fff0d20e090, r11 0000000000000202
   r12 0000000000000000, r13 0000000000000000, r14 00007fff0d20e928
   r15 00002b443108ee10
  --- traceback not available
gaussian.py:680 runAlt WARNING Gaussian finished with return code 1
reaction.py:443 optimizeTS INFO Optimizing TS attempt 1
gaussian.py:485 createInputFile INFO Creating input file
gaussian.py:189 writeInputFile INFO Writing gaussian input file None
gaussian.py:748 verifyOutputFile INFO Verifying output file /gss_gpfs_scratch/harms.n/QMscratch/[CH2]C(=O)CC+[O]O_OO+[CH2]C(=O)[CH]C.log
gaussian.py:516 createIRCFile INFO Creating IRC file
gaussian.py:189 writeInputFile INFO Writing gaussian input file /gss_gpfs_scratch/harms.n/QMscratch/[CH2]C(=O)CC+[O]O_OO+[CH2]C(=O)[CH]CIRC.gjf
gaussian.py:685 runIRC INFO Running IRC
gaussian.py:843 verifyIRCOutputFile INFO Verifying the IRC output file /gss_gpfs_scratch/harms.n/QMscratch/[CH2]C(=O)CC+[O]O_OO+[CH2]C(=O)[CH]CIRC.log
gaussian.py:878 verifyIRCOutputFile INFO Checking if all the success keywords are found in the file.
reaction.py:570 saveTSData INFO Saving TS result file /gss_gpfs_scratch/harms.n/QMfiles/[CH2]C(=O)CC+[O]O_OO+[CH2]C(=O)[CH]C.ts
gaussian.py:991 parse INFO Parsing the gaussian output /gss_gpfs_scratch/harms.n/QMscratch/[CH2]C(=O)CC+[O]O_OO+[CH2]C(=O)[CH]C.log
gaussian.py:168 verifyOutputFile INFO Successful GaussianMolM062X quantum result in /gss_gpfs_scratch/harms.n/QMscratch/LCBOCOFOQAPBJK-UHFFFAOYSA-u2.log
gaussian.py:268 generateQMData INFO Found a successful output file; using that.
symmetry.py:221 writeInputFile INFO Symmetry input file written to /gss_gpfs_scratch/harms.n/QMscratch/LCBOCOFOQAPBJK-UHFFFAOYSA-u2.symm
symmetry.py:188 parse INFO Point group: C1
gaussian.py:168 verifyOutputFile INFO Successful GaussianMolM062X quantum result in /gss_gpfs_scratch/harms.n/QMscratch/OUUQCZGPVNCOIJ-UHFFFAOYSA-u2.log
gaussian.py:268 generateQMData INFO Found a successful output file; using that.
symmetry.py:221 writeInputFile INFO Symmetry input file written to /gss_gpfs_scratch/harms.n/QMscratch/OUUQCZGPVNCOIJ-UHFFFAOYSA-u2.symm
symmetry.py:188 parse INFO Point group: Cs
gaussian.py:168 verifyOutputFile INFO Successful GaussianMolM062X quantum result in /gss_gpfs_scratch/harms.n/QMscratch/MHAJPDPJQMAIIY-UHFFFAOYSA.log
gaussian.py:268 generateQMData INFO Found a successful output file; using that.
symmetry.py:221 writeInputFile INFO Symmetry input file written to /gss_gpfs_scratch/harms.n/QMscratch/MHAJPDPJQMAIIY-UHFFFAOYSA.symm
symmetry.py:188 parse INFO Point group: C2
gaussian.py:168 verifyOutputFile INFO Successful GaussianMolM062X quantum result in /gss_gpfs_scratch/harms.n/QMscratch/ZEYHJZPBRUFJFN-UHFFFAOYSA-u2,3.log
gaussian.py:268 generateQMData INFO Found a successful output file; using that.
symmetry.py:221 writeInputFile INFO Symmetry input file written to /gss_gpfs_scratch/harms.n/QMscratch/ZEYHJZPBRUFJFN-UHFFFAOYSA-u2,3.symm
symmetry.py:188 parse INFO Point group: Cs
CanTherm execution initiated at Sat Aug  5 12:15:42 2017

###############################################################
#                                                             #
#                          CanTherm                           #
#                                                             #
#   Version: 0.1.0 (14 May 2009)                              #
#   Authors: RMG Developers (rmg_dev@mit.edu)                 #
#   P.I.:    William H. Green (whgreen@mit.edu)               #
#   Website: http://rmg.sourceforge.net/                      #
#                                                             #
###############################################################

Loading species LCBOCOFOQAPBJK-UHFFFAOYSA-u2...
Loading species OUUQCZGPVNCOIJ-UHFFFAOYSA-u2...
Loading species MHAJPDPJQMAIIY-UHFFFAOYSA...
Loading species ZEYHJZPBRUFJFN-UHFFFAOYSA-u2,3...
Loading transition state TS...
Loading reaction [CH2]C(=O)CC+[O]O_OO+[CH2]C(=O)[CH]C...


Loading statistical mechanics parameters for LCBOCOFOQAPBJK-UHFFFAOYSA-u2...
Warning: No bond energy correction found for model chemistry: M062X/MG3S
Saving statistical mechanics parameters for LCBOCOFOQAPBJK-UHFFFAOYSA-u2...
Loading statistical mechanics parameters for OUUQCZGPVNCOIJ-UHFFFAOYSA-u2...
Warning: No bond energy correction found for model chemistry: M062X/MG3S
Saving statistical mechanics parameters for OUUQCZGPVNCOIJ-UHFFFAOYSA-u2...
Loading statistical mechanics parameters for MHAJPDPJQMAIIY-UHFFFAOYSA...
Warning: No bond energy correction found for model chemistry: M062X/MG3S
Saving statistical mechanics parameters for MHAJPDPJQMAIIY-UHFFFAOYSA...
Loading statistical mechanics parameters for ZEYHJZPBRUFJFN-UHFFFAOYSA-u2,3...
Warning: No bond energy correction found for model chemistry: M062X/MG3S
Saving statistical mechanics parameters for ZEYHJZPBRUFJFN-UHFFFAOYSA-u2,3...
Loading statistical mechanics parameters for TS...
Warning: No bond energy correction found for model chemistry: M062X/MG3S
Saving statistical mechanics parameters for TS...
Generating Arrhenius kinetics model for Arrhenius...
Saving kinetics for OUUQCZGPVNCOIJ-UHFFFAOYSA-u2 + LCBOCOFOQAPBJK-UHFFFAOYSA-u2 <=> ZEYHJZPBRUFJFN-UHFFFAOYSA-u2,3 + MHAJPDPJQMAIIY-UHFFFAOYSA...

CanTherm execution terminated at Sat Aug  5 12:15:44 2017
Saving kinetics data file /gss_gpfs_scratch/harms.n/QMfiles/[CH2]C(=O)CC+[O]O_OO+[CH2]C(=O)[CH]C.kinetics
Removing 'core*' files
Yay, reaction kinetics calculated!!!
Reaction(label='[CH2]C(=O)CC+[O]O_OO+[CH2]C(=O)[CH]C', reactants=[Species(label="OUUQCZGPVNCOIJ-UHFFFAOYSA-u2", conformer=Conformer(E0=(6.19549,'kJ/mol'), modes=[IdealGasTranslation(mass=(32.9977,'amu')), NonlinearRotor(inertia=([0.800947,14.5112,15.3121],'amu*angstrom^2'), symmetry=1), HarmonicOscillator(frequencies=([1245.9,1447.19,3645.15],'cm^-1'))], spinMultiplicity=2)), Species(label="LCBOCOFOQAPBJK-UHFFFAOYSA-u2", conformer=Conformer(E0=(-65.1165,'kJ/mol'), modes=[IdealGasTranslation(mass=(71.0497,'amu')), NonlinearRotor(inertia=([61.5196,128.039,159.969],'amu*angstrom^2'), symmetry=1), HarmonicOscillator(frequencies=([30.9595,227.657,235.636,385.861,403.92,515.343,617.49,768.868,793.705,794.777,959.526,986.404,1057.79,1087.99,1225.66,1283.21,1330.06,1387.63,1445.39,1465.63,1477.73,1488.73,1629.06,3002.24,3018.93,3065.31,3081.1,3088.6,3105.16,3218.03],'cm^-1'))], spinMultiplicity=2))], products=[Species(label="ZEYHJZPBRUFJFN-UHFFFAOYSA-u2,3", conformer=Conformer(E0=(88.669,'kJ/mol'), modes=[IdealGasTranslation(mass=(70.0419,'amu')), NonlinearRotor(inertia=([46.4831,132.143,175.536],'amu*angstrom^2'), symmetry=1), HarmonicOscillator(frequencies=([103.342,127.844,265.114,325.518,425.556,531.574,600.543,622.657,726.51,798.463,970.255,974.125,1046.21,1125.95,1218.57,1373.02,1408,1443.91,1450.41,1456.56,1489.73,2974.94,3017.38,3104.01,3118.27,3135.68,3231.57],'cm^-1'))], spinMultiplicity=3)), Species(label="MHAJPDPJQMAIIY-UHFFFAOYSA", conformer=Conformer(E0=(-134.382,'kJ/mol'), modes=[IdealGasTranslation(mass=(34.0055,'amu')), NonlinearRotor(inertia=([1.63801,18.4022,19.029],'amu*angstrom^2'), symmetry=1), HarmonicOscillator(frequencies=([378.1,1029.14,1344.99,1458.5,3786.54,3787.27],'cm^-1'))]))], kinetics=Arrhenius(A=(9.3798e-08,'cm^3/(mol*s)'), n=5.33619, Ea=(25.1757,'kJ/mol'), T0=(1,'K'), Tmin=(303.03,'K'), Tmax=(2500,'K'), comment="""Fitted to 59 data points; dA = *|/ 2.10371, dn = +|- 0.0976042, dEa = +|- 0.536921 kJ/mol"""), transitionState=TransitionState(label="TS", conformer=Conformer(E0=(-7.73816,'kJ/mol'), modes=[IdealGasTranslation(mass=(104.047,'amu')), NonlinearRotor(inertia=([187.992,229.882,320.959],'amu*angstrom^2'), symmetry=1), HarmonicOscillator(frequencies=([52.3499,77.6649,135.072,159.466,166.414,250.426,267.967,344.554,409.346,495.87,547.777,600.918,623.087,751.382,797.691,819.136,979.408,1039.03,1060.79,1093.38,1105,1160.17,1220.75,1376.7,1387.42,1429.88,1434.67,1454.66,1461.68,1470.34,1519.12,2987.26,3059.66,3076.35,3099.72,3118.79,3232.41,3689.89],'cm^-1'))], spinMultiplicity=3), frequency=(-1869.28,'cm^-1'), tunneling=Eckart(frequency=(-1869.28,'cm^-1'), E0_reac=(-58.921,'kJ/mol'), E0_TS=(-7.73816,'kJ/mol'), E0_prod=(-45.7127,'kJ/mol'))))
For reaction Reaction(label='[CH2]C(=O)CC+[O]O_OO+[CH2]C(=O)[CH]C', reactants=[Species(label="OUUQCZGPVNCOIJ-UHFFFAOYSA-u2", conformer=Conformer(E0=(6.19549,'kJ/mol'), modes=[IdealGasTranslation(mass=(32.9977,'amu')), NonlinearRotor(inertia=([0.800947,14.5112,15.3121],'amu*angstrom^2'), symmetry=1), HarmonicOscillator(frequencies=([1245.9,1447.19,3645.15],'cm^-1'))], spinMultiplicity=2)), Species(label="LCBOCOFOQAPBJK-UHFFFAOYSA-u2", conformer=Conformer(E0=(-65.1165,'kJ/mol'), modes=[IdealGasTranslation(mass=(71.0497,'amu')), NonlinearRotor(inertia=([61.5196,128.039,159.969],'amu*angstrom^2'), symmetry=1), HarmonicOscillator(frequencies=([30.9595,227.657,235.636,385.861,403.92,515.343,617.49,768.868,793.705,794.777,959.526,986.404,1057.79,1087.99,1225.66,1283.21,1330.06,1387.63,1445.39,1465.63,1477.73,1488.73,1629.06,3002.24,3018.93,3065.31,3081.1,3088.6,3105.16,3218.03],'cm^-1'))], spinMultiplicity=2))], products=[Species(label="ZEYHJZPBRUFJFN-UHFFFAOYSA-u2,3", conformer=Conformer(E0=(88.669,'kJ/mol'), modes=[IdealGasTranslation(mass=(70.0419,'amu')), NonlinearRotor(inertia=([46.4831,132.143,175.536],'amu*angstrom^2'), symmetry=1), HarmonicOscillator(frequencies=([103.342,127.844,265.114,325.518,425.556,531.574,600.543,622.657,726.51,798.463,970.255,974.125,1046.21,1125.95,1218.57,1373.02,1408,1443.91,1450.41,1456.56,1489.73,2974.94,3017.38,3104.01,3118.27,3135.68,3231.57],'cm^-1'))], spinMultiplicity=3)), Species(label="MHAJPDPJQMAIIY-UHFFFAOYSA", conformer=Conformer(E0=(-134.382,'kJ/mol'), modes=[IdealGasTranslation(mass=(34.0055,'amu')), NonlinearRotor(inertia=([1.63801,18.4022,19.029],'amu*angstrom^2'), symmetry=1), HarmonicOscillator(frequencies=([378.1,1029.14,1344.99,1458.5,3786.54,3787.27],'cm^-1'))]))], kinetics=Arrhenius(A=(9.3798e-08,'cm^3/(mol*s)'), n=5.33619, Ea=(25.1757,'kJ/mol'), T0=(1,'K'), Tmin=(303.03,'K'), Tmax=(2500,'K'), comment="""Fitted to 59 data points; dA = *|/ 2.10371, dn = +|- 0.0976042, dEa = +|- 0.536921 kJ/mol"""), transitionState=TransitionState(label="TS", conformer=Conformer(E0=(-7.73816,'kJ/mol'), modes=[IdealGasTranslation(mass=(104.047,'amu')), NonlinearRotor(inertia=([187.992,229.882,320.959],'amu*angstrom^2'), symmetry=1), HarmonicOscillator(frequencies=([52.3499,77.6649,135.072,159.466,166.414,250.426,267.967,344.554,409.346,495.87,547.777,600.918,623.087,751.382,797.691,819.136,979.408,1039.03,1060.79,1093.38,1105,1160.17,1220.75,1376.7,1387.42,1429.88,1434.67,1454.66,1461.68,1470.34,1519.12,2987.26,3059.66,3076.35,3099.72,3118.79,3232.41,3689.89],'cm^-1'))], spinMultiplicity=3), frequency=(-1869.28,'cm^-1'), tunneling=Eckart(frequency=(-1869.28,'cm^-1'), E0_reac=(-58.921,'kJ/mol'), E0_TS=(-7.73816,'kJ/mol'), E0_prod=(-45.7127,'kJ/mol'))))
We have calculated kinetics Arrhenius(A=(9.3798e-08,'cm^3/(mol*s)'), n=5.33619, Ea=(25.1757,'kJ/mol'), T0=(1,'K'), Tmin=(303.03,'K'), Tmax=(2500,'K'), comment="""Fitted to 59 data points; dA = *|/ 2.10371, dn = +|- 0.0976042, dEa = +|- 0.536921 kJ/mol""")
