comparerTST.py:41 <module> INFO RUNNING WITH JOB NUMBER i = 274
comparerTST.py:45 <module> INFO Loading RMG Database ...
comparerTST.py:48 <module> INFO /home/harms.n/Code/RMG-database/input
thermo.py:760 loadLibraries INFO Loading thermodynamics library from thermo_DFT_CCSDTF12_BAC.py in /home/harms.n/Code/RMG-database/input/thermo/libraries...
thermo.py:760 loadLibraries INFO Loading thermodynamics library from CBS_QB3_1dHR.py in /home/harms.n/Code/RMG-database/input/thermo/libraries...
thermo.py:760 loadLibraries INFO Loading thermodynamics library from primaryThermoLibrary.py in /home/harms.n/Code/RMG-database/input/thermo/libraries...
thermo.py:760 loadLibraries INFO Loading thermodynamics library from KlippensteinH2O2.py in /home/harms.n/Code/RMG-database/input/thermo/libraries...
thermo.py:774 loadGroups INFO Loading thermodynamics group database from /home/harms.n/Code/RMG-database/input/thermo/groups...
transport.py:294 loadGroups INFO Loading transport group database from /home/harms.n/Code/RMG-database/input/transport/groups...
database.py:165 loadFamilies INFO Loading the user-specified kinetics families from /home/harms.n/Code/RMG-database/input/kinetics/families
statmech.py:526 loadGroups INFO Loading frequencies group database from /home/harms.n/Code/RMG-database/input/statmech/groups...
comparerTST.py:57 <module> INFO RMG Database Loaded
comparerTST.py:81 <module> INFO generateReactionsFromFamilies successfuly performed
comparerTST.py:141 performCalcs INFO chemkinRxn: Reaction(reactants=[Molecule(SMILES="COC=O"), Molecule(SMILES="[O]O")], products=[Molecule(SMILES="OO"), Molecule(SMILES="[CH2]OC=O")], degeneracy=3, pairs=[[Molecule(SMILES="COC=O"), Molecule(SMILES="[CH2]OC=O")], [Molecule(SMILES="[O]O"), Molecule(SMILES="OO")]])
comparerTST.py:143 performCalcs INFO Ensuring resonance isomers have been generated
<type 'rmgpy.molecule.molecule.Molecule'>
<type 'rmgpy.molecule.molecule.Molecule'>
<type 'rmgpy.molecule.molecule.Molecule'>
<type 'rmgpy.molecule.molecule.Molecule'>
[Molecule(SMILES="COC=O"), Molecule(SMILES="[O]O")]
[Molecule(SMILES="OO"), Molecule(SMILES="[CH2]OC=O")]
comparerTST.py:162 performCalcs INFO Generated one reaction:
comparerTST.py:163 performCalcs INFO [Reaction(reactants=[Molecule(SMILES="COC=O"), Molecule(SMILES="[O]O")], products=[Molecule(SMILES="OO"), Molecule(SMILES="[CH2]OC=O")], degeneracy=3, pairs=[[Molecule(SMILES="COC=O"), Molecule(SMILES="[CH2]OC=O")], [Molecule(SMILES="[O]O"), Molecule(SMILES="OO")]])]
comparerTST.py:172 performCalcs INFO The reaction of interest is as follows: 
comparerTST.py:173 performCalcs INFO <Molecule "COC=O"> + <Molecule "[O]O"> <=> <Molecule "OO"> + <Molecule "[CH2]OC=O">
comparerTST.py:175 performCalcs INFO asserting that the testReaction is Isomorphic
comparerTST.py:177 performCalcs INFO reaction: Reaction(reactants=[Molecule(SMILES="COC=O"), Molecule(SMILES="[O]O")], products=[Molecule(SMILES="OO"), Molecule(SMILES="[CH2]OC=O")], degeneracy=3, pairs=[[Molecule(SMILES="COC=O"), Molecule(SMILES="[CH2]OC=O")], [Molecule(SMILES="[O]O"), Molecule(SMILES="OO")]])
comparerTST.py:183 performCalcs INFO Labeling reactant atoms
comparerTST.py:193 performCalcs INFO Labeling product atoms
comparerTST.py:209 performCalcs INFO We have generated a H_Abstraction reaction that matches, and used it to label the atoms.
comparerTST.py:211 performCalcs INFO Calculating reaction kinetics
comparerTST.py:119 calculate INFO Calculating reaction rate for <Molecule "COC=O"> + <Molecule "[O]O"> <=> <Molecule "OO"> + <Molecule "[CH2]OC=O">
comparerTST.py:121 calculate INFO Selecting the appropriate TS distance database for family 'H_Abstraction'
comparerTST.py:123 calculate INFO Calculating kinetic data by calling qmCalc.getKineticData
reaction.py:96 loadKineticsDataFile INFO Reading existing kinetics file /gss_gpfs_scratch/harms.n/QMfiles/COC=O+[O]O_OO+[CH2]OC=O.kinetics
comparerTST.py:125 calculate INFO Removing 'core*' files
comparerTST.py:133 calculate INFO Yay, reaction kinetics calculated!!!
comparerTST.py:134 calculate INFO Reaction(label='COC=O+[O]O_OO+[CH2]OC=O', reactants=[Species(label="OUUQCZGPVNCOIJ-UHFFFAOYSA-u2", conformer=Conformer(E0=(6.19549,'kJ/mol'), modes=[IdealGasTranslation(mass=(32.9977,'amu')), NonlinearRotor(inertia=([0.800947,14.5112,15.3121],'amu*angstrom^2'), symmetry=1), HarmonicOscillator(frequencies=([1245.9,1447.19,3645.15],'cm^-1'))], spinMultiplicity=2)), Species(label="TZIHFWKZFHZASV-UHFFFAOYSA", conformer=Conformer(E0=(-377.727,'kJ/mol'), modes=[IdealGasTranslation(mass=(60.0211,'amu')), NonlinearRotor(inertia=([24.8998,72.2501,93.9855],'amu*angstrom^2'), symmetry=1), HarmonicOscillator(frequencies=([92.8853,314.666,345.086,778.219,968.221,1052.93,1162.03,1182.23,1250.69,1379.1,1450.47,1462.8,1475.41,1819.79,3016.71,3048.96,3091.5,3122.6],'cm^-1'))]))], products=[Species(label="CITMLGLJEGPAMN-UHFFFAOYSA-u1", conformer=Conformer(E0=(-181.732,'kJ/mol'), modes=[IdealGasTranslation(mass=(59.0133,'amu')), NonlinearRotor(inertia=([21.412,70.6849,92.0637],'amu*angstrom^2'), symmetry=1), HarmonicOscillator(frequencies=([255.204,287.406,342.042,364.586,757.695,1011.23,1026.35,1169.66,1252.23,1391.16,1444.74,1824.24,3084.06,3161.09,3311.41],'cm^-1'))], spinMultiplicity=2)), Species(label="MHAJPDPJQMAIIY-UHFFFAOYSA", conformer=Conformer(E0=(-134.382,'kJ/mol'), modes=[IdealGasTranslation(mass=(34.0055,'amu')), NonlinearRotor(inertia=([1.63801,18.4022,19.029],'amu*angstrom^2'), symmetry=1), HarmonicOscillator(frequencies=([378.1,1029.14,1344.99,1458.5,3786.54,3787.27],'cm^-1'))]))], kinetics=Arrhenius(A=(0.000103691,'cm^3/(mol*s)'), n=4.50995, Ea=(53.773,'kJ/mol'), T0=(1,'K'), Tmin=(303.03,'K'), Tmax=(2500,'K'), comment="""Fitted to 59 data points; dA = *|/ 1.3151, dn = +|- 0.0359487, dEa = +|- 0.197754 kJ/mol"""), transitionState=TransitionState(label="TS", conformer=Conformer(E0=(-298.775,'kJ/mol'), modes=[IdealGasTranslation(mass=(93.0188,'amu')), NonlinearRotor(inertia=([103.957,190.19,242.597],'amu*angstrom^2'), symmetry=1), HarmonicOscillator(frequencies=([76.3203,107.457,120.664,232.121,335.804,364.88,420.342,502.43,577.003,775.106,1014.97,1039.46,1066.73,1075.17,1160.05,1201.19,1253.61,1386.41,1427,1438.87,1499.98,1812.54,3061.26,3089.47,3179.35,3710.56],'cm^-1'))], spinMultiplicity=2), frequency=(-1844.89,'cm^-1'), tunneling=Eckart(frequency=(-1844.89,'cm^-1'), E0_reac=(-371.532,'kJ/mol'), E0_TS=(-298.775,'kJ/mol'), E0_prod=(-316.114,'kJ/mol'))))
comparerTST.py:214 performCalcs INFO For reaction Reaction(label='COC=O+[O]O_OO+[CH2]OC=O', reactants=[Species(label="OUUQCZGPVNCOIJ-UHFFFAOYSA-u2", conformer=Conformer(E0=(6.19549,'kJ/mol'), modes=[IdealGasTranslation(mass=(32.9977,'amu')), NonlinearRotor(inertia=([0.800947,14.5112,15.3121],'amu*angstrom^2'), symmetry=1), HarmonicOscillator(frequencies=([1245.9,1447.19,3645.15],'cm^-1'))], spinMultiplicity=2)), Species(label="TZIHFWKZFHZASV-UHFFFAOYSA", conformer=Conformer(E0=(-377.727,'kJ/mol'), modes=[IdealGasTranslation(mass=(60.0211,'amu')), NonlinearRotor(inertia=([24.8998,72.2501,93.9855],'amu*angstrom^2'), symmetry=1), HarmonicOscillator(frequencies=([92.8853,314.666,345.086,778.219,968.221,1052.93,1162.03,1182.23,1250.69,1379.1,1450.47,1462.8,1475.41,1819.79,3016.71,3048.96,3091.5,3122.6],'cm^-1'))]))], products=[Species(label="CITMLGLJEGPAMN-UHFFFAOYSA-u1", conformer=Conformer(E0=(-181.732,'kJ/mol'), modes=[IdealGasTranslation(mass=(59.0133,'amu')), NonlinearRotor(inertia=([21.412,70.6849,92.0637],'amu*angstrom^2'), symmetry=1), HarmonicOscillator(frequencies=([255.204,287.406,342.042,364.586,757.695,1011.23,1026.35,1169.66,1252.23,1391.16,1444.74,1824.24,3084.06,3161.09,3311.41],'cm^-1'))], spinMultiplicity=2)), Species(label="MHAJPDPJQMAIIY-UHFFFAOYSA", conformer=Conformer(E0=(-134.382,'kJ/mol'), modes=[IdealGasTranslation(mass=(34.0055,'amu')), NonlinearRotor(inertia=([1.63801,18.4022,19.029],'amu*angstrom^2'), symmetry=1), HarmonicOscillator(frequencies=([378.1,1029.14,1344.99,1458.5,3786.54,3787.27],'cm^-1'))]))], kinetics=Arrhenius(A=(0.000103691,'cm^3/(mol*s)'), n=4.50995, Ea=(53.773,'kJ/mol'), T0=(1,'K'), Tmin=(303.03,'K'), Tmax=(2500,'K'), comment="""Fitted to 59 data points; dA = *|/ 1.3151, dn = +|- 0.0359487, dEa = +|- 0.197754 kJ/mol"""), transitionState=TransitionState(label="TS", conformer=Conformer(E0=(-298.775,'kJ/mol'), modes=[IdealGasTranslation(mass=(93.0188,'amu')), NonlinearRotor(inertia=([103.957,190.19,242.597],'amu*angstrom^2'), symmetry=1), HarmonicOscillator(frequencies=([76.3203,107.457,120.664,232.121,335.804,364.88,420.342,502.43,577.003,775.106,1014.97,1039.46,1066.73,1075.17,1160.05,1201.19,1253.61,1386.41,1427,1438.87,1499.98,1812.54,3061.26,3089.47,3179.35,3710.56],'cm^-1'))], spinMultiplicity=2), frequency=(-1844.89,'cm^-1'), tunneling=Eckart(frequency=(-1844.89,'cm^-1'), E0_reac=(-371.532,'kJ/mol'), E0_TS=(-298.775,'kJ/mol'), E0_prod=(-316.114,'kJ/mol'))))
comparerTST.py:216 performCalcs INFO We have calculated kinetics Arrhenius(A=(0.000103691,'cm^3/(mol*s)'), n=4.50995, Ea=(53.773,'kJ/mol'), T0=(1,'K'), Tmin=(303.03,'K'), Tmax=(2500,'K'), comment="""Fitted to 59 data points; dA = *|/ 1.3151, dn = +|- 0.0359487, dEa = +|- 0.197754 kJ/mol""")
