comparerTST.py:41 <module> INFO RUNNING WITH JOB NUMBER i = 210
comparerTST.py:45 <module> INFO Loading RMG Database ...
comparerTST.py:48 <module> INFO /home/harms.n/Code/RMG-database/input
thermo.py:760 loadLibraries INFO Loading thermodynamics library from thermo_DFT_CCSDTF12_BAC.py in /home/harms.n/Code/RMG-database/input/thermo/libraries...
thermo.py:760 loadLibraries INFO Loading thermodynamics library from CBS_QB3_1dHR.py in /home/harms.n/Code/RMG-database/input/thermo/libraries...
thermo.py:760 loadLibraries INFO Loading thermodynamics library from primaryThermoLibrary.py in /home/harms.n/Code/RMG-database/input/thermo/libraries...
thermo.py:760 loadLibraries INFO Loading thermodynamics library from KlippensteinH2O2.py in /home/harms.n/Code/RMG-database/input/thermo/libraries...
thermo.py:774 loadGroups INFO Loading thermodynamics group database from /home/harms.n/Code/RMG-database/input/thermo/groups...
transport.py:294 loadGroups INFO Loading transport group database from /home/harms.n/Code/RMG-database/input/transport/groups...
database.py:165 loadFamilies INFO Loading the user-specified kinetics families from /home/harms.n/Code/RMG-database/input/kinetics/families
statmech.py:526 loadGroups INFO Loading frequencies group database from /home/harms.n/Code/RMG-database/input/statmech/groups...
comparerTST.py:57 <module> INFO RMG Database Loaded
comparerTST.py:81 <module> INFO generateReactionsFromFamilies successfuly performed
comparerTST.py:141 performCalcs INFO chemkinRxn: Reaction(reactants=[Molecule(SMILES="C=C[CH]C"), Molecule(SMILES="OO")], products=[Molecule(SMILES="C=CCC"), Molecule(SMILES="[O]O")], degeneracy=2, pairs=[[Molecule(SMILES="C=C[CH]C"), Molecule(SMILES="C=CCC")], [Molecule(SMILES="OO"), Molecule(SMILES="[O]O")]])
comparerTST.py:143 performCalcs INFO Ensuring resonance isomers have been generated
<type 'rmgpy.molecule.molecule.Molecule'>
<type 'rmgpy.molecule.molecule.Molecule'>
<type 'rmgpy.molecule.molecule.Molecule'>
<type 'rmgpy.molecule.molecule.Molecule'>
[Molecule(SMILES="C=C[CH]C"), Molecule(SMILES="OO")]
[Molecule(SMILES="C=CCC"), Molecule(SMILES="[O]O")]
comparerTST.py:162 performCalcs INFO Generated one reaction:
comparerTST.py:163 performCalcs INFO [Reaction(reactants=[Molecule(SMILES="C=C[CH]C"), Molecule(SMILES="OO")], products=[Molecule(SMILES="C=CCC"), Molecule(SMILES="[O]O")], degeneracy=2, pairs=[[Molecule(SMILES="C=C[CH]C"), Molecule(SMILES="C=CCC")], [Molecule(SMILES="OO"), Molecule(SMILES="[O]O")]])]
comparerTST.py:172 performCalcs INFO The reaction of interest is as follows: 
comparerTST.py:173 performCalcs INFO <Molecule "C=C[CH]C"> + <Molecule "OO"> <=> <Molecule "C=CCC"> + <Molecule "[O]O">
comparerTST.py:175 performCalcs INFO asserting that the testReaction is Isomorphic
comparerTST.py:177 performCalcs INFO reaction: Reaction(reactants=[Molecule(SMILES="C=C[CH]C"), Molecule(SMILES="OO")], products=[Molecule(SMILES="C=CCC"), Molecule(SMILES="[O]O")], degeneracy=2, pairs=[[Molecule(SMILES="C=C[CH]C"), Molecule(SMILES="C=CCC")], [Molecule(SMILES="OO"), Molecule(SMILES="[O]O")]])
comparerTST.py:183 performCalcs INFO Labeling reactant atoms
comparerTST.py:193 performCalcs INFO Labeling product atoms
comparerTST.py:209 performCalcs INFO We have generated a H_Abstraction reaction that matches, and used it to label the atoms.
comparerTST.py:211 performCalcs INFO Calculating reaction kinetics
comparerTST.py:119 calculate INFO Calculating reaction rate for <Molecule "C=C[CH]C"> + <Molecule "OO"> <=> <Molecule "C=CCC"> + <Molecule "[O]O">
comparerTST.py:121 calculate INFO Selecting the appropriate TS distance database for family 'H_Abstraction'
comparerTST.py:123 calculate INFO Calculating kinetic data by calling qmCalc.getKineticData
reaction.py:619 loadKineticsData INFO Kinetics results file /gss_gpfs_scratch/harms.n/QMfiles/C=C[CH]C+OO_C=CCC+[O]O.kinetics does not exist or is invalid
reaction.py:520 generateTSGeometryDirectGuess INFO Generating a TS geometry via the direct guess method
reaction.py:300 generateBoundsMatrix INFO Generating bounds matrix for C=C[CH]C.OO
reaction.py:338 bmPreEdit INFO Changing lower limit 2.544767 to 2.489916
reaction.py:338 bmPreEdit INFO Changing lower limit 3.65 to 3.14066613735
reaction.py:338 bmPreEdit INFO Changing lower limit 3.15 to 2.731923
reaction.py:338 bmPreEdit INFO Changing lower limit 3.15 to 2.706923
reaction.py:338 bmPreEdit INFO Changing lower limit 2.4 to 2.32732379488
reaction.py:561 generateTSGeometryDirectGuess INFO TS estimate made. About to try the search...
reaction.py:426 optimizeTS INFO Starting optimization steps of the TS search.
gaussian.py:535 optEstimate INFO Running loose optimization of TS with frozen center
gaussian.py:189 writeInputFile INFO Writing gaussian input file /gss_gpfs_scratch/harms.n/QMscratch/C=C[CH]C+OO_C=CCC+[O]OEst.gjf
Error: segmentation violation
   rax 0000000000000000, rbx ffffffffffffffff, rcx ffffffffffffffff
   rdx 00000000000007fb, rsp 00007ffff4716528, rbp 00007ffff4716b00
   rsi 000000000000000b, rdi 00000000000007fb, r8  00002b35676336c0
   r9  0000000000000000, r10 00007ffff47162b0, r11 0000000000000206
   r12 0000000000000000, r13 0000000000000000, r14 00007ffff4716b48
   r15 0000000000000000
  --- traceback not available
gaussian.py:680 runAlt WARNING Gaussian finished with return code 1
gaussian.py:590 optRxnCenter INFO Optimization of TS reaction center distances
gaussian.py:189 writeInputFile INFO Writing gaussian input file /gss_gpfs_scratch/harms.n/QMscratch/C=C[CH]C+OO_C=CCC+[O]ORxnC.gjf
Error: segmentation violation
   rax 0000000000000000, rbx ffffffffffffffff, rcx ffffffffffffffff
   rdx 00000000000029c2, rsp 00007fffa0bb30c8, rbp 00007fffa0bb36a0
   rsi 000000000000000b, rdi 00000000000029c2, r8  00002b0fc427a6c0
   r9  0000000000000000, r10 00007fffa0bb2e50, r11 0000000000000202
   r12 0000000000000000, r13 0000000000000000, r14 00007fffa0bb36e8
   r15 00002b0fc4e21e10
  --- traceback not available
gaussian.py:680 runAlt WARNING Gaussian finished with return code 1
reaction.py:443 optimizeTS INFO Optimizing TS attempt 1
gaussian.py:485 createInputFile INFO Creating input file
gaussian.py:189 writeInputFile INFO Writing gaussian input file None
gaussian.py:748 verifyOutputFile INFO Verifying output file /gss_gpfs_scratch/harms.n/QMscratch/C=C[CH]C+OO_C=CCC+[O]O.log
gaussian.py:516 createIRCFile INFO Creating IRC file
gaussian.py:189 writeInputFile INFO Writing gaussian input file /gss_gpfs_scratch/harms.n/QMscratch/C=C[CH]C+OO_C=CCC+[O]OIRC.gjf
gaussian.py:685 runIRC INFO Running IRC
gaussian.py:843 verifyIRCOutputFile INFO Verifying the IRC output file /gss_gpfs_scratch/harms.n/QMscratch/C=C[CH]C+OO_C=CCC+[O]OIRC.log
gaussian.py:878 verifyIRCOutputFile INFO Checking if all the success keywords are found in the file.
reaction.py:570 saveTSData INFO Saving TS result file /gss_gpfs_scratch/harms.n/QMfiles/C=C[CH]C+OO_C=CCC+[O]O.ts
gaussian.py:991 parse INFO Parsing the gaussian output /gss_gpfs_scratch/harms.n/QMscratch/C=C[CH]C+OO_C=CCC+[O]O.log
gaussian.py:168 verifyOutputFile INFO Successful GaussianMolM062X quantum result in /gss_gpfs_scratch/harms.n/QMscratch/CRPTXKKKIGGDBX-UHFFFAOYSA-u4.log
gaussian.py:268 generateQMData INFO Found a successful output file; using that.
symmetry.py:221 writeInputFile INFO Symmetry input file written to /gss_gpfs_scratch/harms.n/QMscratch/CRPTXKKKIGGDBX-UHFFFAOYSA-u4.symm
symmetry.py:188 parse INFO Point group: Cs
gaussian.py:168 verifyOutputFile INFO Successful GaussianMolM062X quantum result in /gss_gpfs_scratch/harms.n/QMscratch/MHAJPDPJQMAIIY-UHFFFAOYSA.log
gaussian.py:268 generateQMData INFO Found a successful output file; using that.
symmetry.py:221 writeInputFile INFO Symmetry input file written to /gss_gpfs_scratch/harms.n/QMscratch/MHAJPDPJQMAIIY-UHFFFAOYSA.symm
symmetry.py:188 parse INFO Point group: C2
gaussian.py:168 verifyOutputFile INFO Successful GaussianMolM062X quantum result in /gss_gpfs_scratch/harms.n/QMscratch/VXNZUUAINFGPBY-UHFFFAOYSA.log
gaussian.py:268 generateQMData INFO Found a successful output file; using that.
symmetry.py:221 writeInputFile INFO Symmetry input file written to /gss_gpfs_scratch/harms.n/QMscratch/VXNZUUAINFGPBY-UHFFFAOYSA.symm
symmetry.py:188 parse INFO Point group: C1
gaussian.py:168 verifyOutputFile INFO Successful GaussianMolM062X quantum result in /gss_gpfs_scratch/harms.n/QMscratch/OUUQCZGPVNCOIJ-UHFFFAOYSA-u2.log
gaussian.py:268 generateQMData INFO Found a successful output file; using that.
symmetry.py:221 writeInputFile INFO Symmetry input file written to /gss_gpfs_scratch/harms.n/QMscratch/OUUQCZGPVNCOIJ-UHFFFAOYSA-u2.symm
symmetry.py:188 parse INFO Point group: Cs
CanTherm execution initiated at Wed Aug  2 17:57:47 2017

###############################################################
#                                                             #
#                          CanTherm                           #
#                                                             #
#   Version: 0.1.0 (14 May 2009)                              #
#   Authors: RMG Developers (rmg_dev@mit.edu)                 #
#   P.I.:    William H. Green (whgreen@mit.edu)               #
#   Website: http://rmg.sourceforge.net/                      #
#                                                             #
###############################################################

Loading species CRPTXKKKIGGDBX-UHFFFAOYSA-u4...
Loading species MHAJPDPJQMAIIY-UHFFFAOYSA...
Loading species VXNZUUAINFGPBY-UHFFFAOYSA...
Loading species OUUQCZGPVNCOIJ-UHFFFAOYSA-u2...
Loading transition state TS...
Loading reaction C=C[CH]C+OO_C=CCC+[O]O...


Loading statistical mechanics parameters for CRPTXKKKIGGDBX-UHFFFAOYSA-u4...
Warning: No bond energy correction found for model chemistry: M062X/MG3S
Saving statistical mechanics parameters for CRPTXKKKIGGDBX-UHFFFAOYSA-u4...
Loading statistical mechanics parameters for MHAJPDPJQMAIIY-UHFFFAOYSA...
Warning: No bond energy correction found for model chemistry: M062X/MG3S
Saving statistical mechanics parameters for MHAJPDPJQMAIIY-UHFFFAOYSA...
Loading statistical mechanics parameters for VXNZUUAINFGPBY-UHFFFAOYSA...
Warning: No bond energy correction found for model chemistry: M062X/MG3S
Saving statistical mechanics parameters for VXNZUUAINFGPBY-UHFFFAOYSA...
Loading statistical mechanics parameters for OUUQCZGPVNCOIJ-UHFFFAOYSA-u2...
Warning: No bond energy correction found for model chemistry: M062X/MG3S
Saving statistical mechanics parameters for OUUQCZGPVNCOIJ-UHFFFAOYSA-u2...
Loading statistical mechanics parameters for TS...
Warning: No bond energy correction found for model chemistry: M062X/MG3S
Saving statistical mechanics parameters for TS...
Generating Arrhenius kinetics model for Arrhenius...
Saving kinetics for MHAJPDPJQMAIIY-UHFFFAOYSA + CRPTXKKKIGGDBX-UHFFFAOYSA-u4 <=> OUUQCZGPVNCOIJ-UHFFFAOYSA-u2 + VXNZUUAINFGPBY-UHFFFAOYSA...

CanTherm execution terminated at Wed Aug  2 17:57:48 2017
Saving kinetics data file /gss_gpfs_scratch/harms.n/QMfiles/C=C[CH]C+OO_C=CCC+[O]O.kinetics
Removing 'core*' files
Yay, reaction kinetics calculated!!!
Reaction(label='C=C[CH]C+OO_C=CCC+[O]O', reactants=[Species(label="MHAJPDPJQMAIIY-UHFFFAOYSA", conformer=Conformer(E0=(-134.382,'kJ/mol'), modes=[IdealGasTranslation(mass=(34.0055,'amu')), NonlinearRotor(inertia=([1.63801,18.4022,19.029],'amu*angstrom^2'), symmetry=1), HarmonicOscillator(frequencies=([378.1,1029.14,1344.99,1458.5,3786.54,3787.27],'cm^-1'))])), Species(label="CRPTXKKKIGGDBX-UHFFFAOYSA-u4", conformer=Conformer(E0=(127.7,'kJ/mol'), modes=[IdealGasTranslation(mass=(55.0548,'amu')), NonlinearRotor(inertia=([29.0994,87.4621,113.462],'amu*angstrom^2'), symmetry=1), HarmonicOscillator(frequencies=([21.1652,265.149,308.817,528.652,567.775,652.913,817.061,897.641,989.475,997.317,997.699,1079.98,1162.4,1190.79,1365.74,1401.98,1427.44,1454.93,1463.81,1513.19,2967.44,3009.53,3086.68,3102.92,3110.64,3128.92,3196.65],'cm^-1'))], spinMultiplicity=2))], products=[Species(label="OUUQCZGPVNCOIJ-UHFFFAOYSA-u2", conformer=Conformer(E0=(6.19549,'kJ/mol'), modes=[IdealGasTranslation(mass=(32.9977,'amu')), NonlinearRotor(inertia=([0.800947,14.5112,15.3121],'amu*angstrom^2'), symmetry=1), HarmonicOscillator(frequencies=([1245.9,1447.19,3645.15],'cm^-1'))], spinMultiplicity=2)), Species(label="VXNZUUAINFGPBY-UHFFFAOYSA", conformer=Conformer(E0=(-6.08164,'kJ/mol'), modes=[IdealGasTranslation(mass=(56.0626,'amu')), NonlinearRotor(inertia=([22.5522,120.025,122.755],'amu*angstrom^2'), symmetry=1), HarmonicOscillator(frequencies=([99.2191,221.904,313.219,426.15,651.152,779.318,853.283,952.311,966.795,1016.61,1029.16,1081.65,1182.09,1268.17,1298.98,1323.01,1385.38,1429.93,1461.25,1478.38,1483.64,1700.16,2987,2996.61,3026.75,3064.55,3079.59,3080.82,3089.47,3169.46],'cm^-1'))]))], kinetics=Arrhenius(A=(4.42917e-08,'cm^3/(mol*s)'), n=5.18689, Ea=(31.6545,'kJ/mol'), T0=(1,'K'), Tmin=(303.03,'K'), Tmax=(2500,'K'), comment="""Fitted to 59 data points; dA = *|/ 2.46013, dn = +|- 0.118145, dEa = +|- 0.649917 kJ/mol"""), transitionState=TransitionState(label="TS", conformer=Conformer(E0=(54.4857,'kJ/mol'), modes=[IdealGasTranslation(mass=(89.0602,'amu')), NonlinearRotor(inertia=([97.1842,300.443,370.127],'amu*angstrom^2'), symmetry=1), HarmonicOscillator(frequencies=([80.5929,86.6811,135.837,162.21,207.536,228.012,301.841,447.356,481.578,558.288,658.087,811.997,869.029,944.353,976.582,1011.9,1075.28,1089.83,1104.04,1188.98,1220.82,1287.73,1314.93,1385.12,1400.55,1414.76,1439.62,1466.33,1471.17,1649.12,2984.25,3036.74,3054.43,3083.64,3087.1,3091.89,3179.83,3736.56],'cm^-1'))], spinMultiplicity=2), frequency=(-1818.04,'cm^-1'), tunneling=Eckart(frequency=(-1818.04,'cm^-1'), E0_reac=(-6.68196,'kJ/mol'), E0_TS=(54.4857,'kJ/mol'), E0_prod=(0.113849,'kJ/mol'))))
For reaction Reaction(label='C=C[CH]C+OO_C=CCC+[O]O', reactants=[Species(label="MHAJPDPJQMAIIY-UHFFFAOYSA", conformer=Conformer(E0=(-134.382,'kJ/mol'), modes=[IdealGasTranslation(mass=(34.0055,'amu')), NonlinearRotor(inertia=([1.63801,18.4022,19.029],'amu*angstrom^2'), symmetry=1), HarmonicOscillator(frequencies=([378.1,1029.14,1344.99,1458.5,3786.54,3787.27],'cm^-1'))])), Species(label="CRPTXKKKIGGDBX-UHFFFAOYSA-u4", conformer=Conformer(E0=(127.7,'kJ/mol'), modes=[IdealGasTranslation(mass=(55.0548,'amu')), NonlinearRotor(inertia=([29.0994,87.4621,113.462],'amu*angstrom^2'), symmetry=1), HarmonicOscillator(frequencies=([21.1652,265.149,308.817,528.652,567.775,652.913,817.061,897.641,989.475,997.317,997.699,1079.98,1162.4,1190.79,1365.74,1401.98,1427.44,1454.93,1463.81,1513.19,2967.44,3009.53,3086.68,3102.92,3110.64,3128.92,3196.65],'cm^-1'))], spinMultiplicity=2))], products=[Species(label="OUUQCZGPVNCOIJ-UHFFFAOYSA-u2", conformer=Conformer(E0=(6.19549,'kJ/mol'), modes=[IdealGasTranslation(mass=(32.9977,'amu')), NonlinearRotor(inertia=([0.800947,14.5112,15.3121],'amu*angstrom^2'), symmetry=1), HarmonicOscillator(frequencies=([1245.9,1447.19,3645.15],'cm^-1'))], spinMultiplicity=2)), Species(label="VXNZUUAINFGPBY-UHFFFAOYSA", conformer=Conformer(E0=(-6.08164,'kJ/mol'), modes=[IdealGasTranslation(mass=(56.0626,'amu')), NonlinearRotor(inertia=([22.5522,120.025,122.755],'amu*angstrom^2'), symmetry=1), HarmonicOscillator(frequencies=([99.2191,221.904,313.219,426.15,651.152,779.318,853.283,952.311,966.795,1016.61,1029.16,1081.65,1182.09,1268.17,1298.98,1323.01,1385.38,1429.93,1461.25,1478.38,1483.64,1700.16,2987,2996.61,3026.75,3064.55,3079.59,3080.82,3089.47,3169.46],'cm^-1'))]))], kinetics=Arrhenius(A=(4.42917e-08,'cm^3/(mol*s)'), n=5.18689, Ea=(31.6545,'kJ/mol'), T0=(1,'K'), Tmin=(303.03,'K'), Tmax=(2500,'K'), comment="""Fitted to 59 data points; dA = *|/ 2.46013, dn = +|- 0.118145, dEa = +|- 0.649917 kJ/mol"""), transitionState=TransitionState(label="TS", conformer=Conformer(E0=(54.4857,'kJ/mol'), modes=[IdealGasTranslation(mass=(89.0602,'amu')), NonlinearRotor(inertia=([97.1842,300.443,370.127],'amu*angstrom^2'), symmetry=1), HarmonicOscillator(frequencies=([80.5929,86.6811,135.837,162.21,207.536,228.012,301.841,447.356,481.578,558.288,658.087,811.997,869.029,944.353,976.582,1011.9,1075.28,1089.83,1104.04,1188.98,1220.82,1287.73,1314.93,1385.12,1400.55,1414.76,1439.62,1466.33,1471.17,1649.12,2984.25,3036.74,3054.43,3083.64,3087.1,3091.89,3179.83,3736.56],'cm^-1'))], spinMultiplicity=2), frequency=(-1818.04,'cm^-1'), tunneling=Eckart(frequency=(-1818.04,'cm^-1'), E0_reac=(-6.68196,'kJ/mol'), E0_TS=(54.4857,'kJ/mol'), E0_prod=(0.113849,'kJ/mol'))))
We have calculated kinetics Arrhenius(A=(4.42917e-08,'cm^3/(mol*s)'), n=5.18689, Ea=(31.6545,'kJ/mol'), T0=(1,'K'), Tmin=(303.03,'K'), Tmax=(2500,'K'), comment="""Fitted to 59 data points; dA = *|/ 2.46013, dn = +|- 0.118145, dEa = +|- 0.649917 kJ/mol""")
