comparerTST.py:41 <module> INFO RUNNING WITH JOB NUMBER i = 351
comparerTST.py:45 <module> INFO Loading RMG Database ...
comparerTST.py:48 <module> INFO /home/harms.n/Code/RMG-database/input
thermo.py:760 loadLibraries INFO Loading thermodynamics library from thermo_DFT_CCSDTF12_BAC.py in /home/harms.n/Code/RMG-database/input/thermo/libraries...
thermo.py:760 loadLibraries INFO Loading thermodynamics library from CBS_QB3_1dHR.py in /home/harms.n/Code/RMG-database/input/thermo/libraries...
thermo.py:760 loadLibraries INFO Loading thermodynamics library from primaryThermoLibrary.py in /home/harms.n/Code/RMG-database/input/thermo/libraries...
thermo.py:760 loadLibraries INFO Loading thermodynamics library from KlippensteinH2O2.py in /home/harms.n/Code/RMG-database/input/thermo/libraries...
thermo.py:774 loadGroups INFO Loading thermodynamics group database from /home/harms.n/Code/RMG-database/input/thermo/groups...
transport.py:294 loadGroups INFO Loading transport group database from /home/harms.n/Code/RMG-database/input/transport/groups...
database.py:165 loadFamilies INFO Loading the user-specified kinetics families from /home/harms.n/Code/RMG-database/input/kinetics/families
statmech.py:526 loadGroups INFO Loading frequencies group database from /home/harms.n/Code/RMG-database/input/statmech/groups...
comparerTST.py:57 <module> INFO RMG Database Loaded
comparerTST.py:81 <module> INFO generateReactionsFromFamilies successfuly performed
comparerTST.py:141 performCalcs INFO chemkinRxn: Reaction(reactants=[Molecule(SMILES="CC(C)C=O"), Molecule(SMILES="[O]O")], products=[Molecule(SMILES="OO"), Molecule(SMILES="C[C](C)C=O")], pairs=[[Molecule(SMILES="CC(C)C=O"), Molecule(SMILES="C[C](C)C=O")], [Molecule(SMILES="[O]O"), Molecule(SMILES="OO")]])
comparerTST.py:143 performCalcs INFO Ensuring resonance isomers have been generated
<type 'rmgpy.molecule.molecule.Molecule'>
<type 'rmgpy.molecule.molecule.Molecule'>
<type 'rmgpy.molecule.molecule.Molecule'>
<type 'rmgpy.molecule.molecule.Molecule'>
[Molecule(SMILES="CC(C)C=O"), Molecule(SMILES="[O]O")]
[Molecule(SMILES="OO"), Molecule(SMILES="C[C](C)C=O")]
comparerTST.py:162 performCalcs INFO Generated one reaction:
comparerTST.py:163 performCalcs INFO [Reaction(reactants=[Molecule(SMILES="CC(C)C=O"), Molecule(SMILES="[O]O")], products=[Molecule(SMILES="OO"), Molecule(SMILES="C[C](C)C=O")], pairs=[[Molecule(SMILES="CC(C)C=O"), Molecule(SMILES="C[C](C)C=O")], [Molecule(SMILES="[O]O"), Molecule(SMILES="OO")]])]
comparerTST.py:172 performCalcs INFO The reaction of interest is as follows: 
comparerTST.py:173 performCalcs INFO <Molecule "CC(C)C=O"> + <Molecule "[O]O"> <=> <Molecule "OO"> + <Molecule "C[C](C)C=O">
comparerTST.py:175 performCalcs INFO asserting that the testReaction is Isomorphic
comparerTST.py:177 performCalcs INFO reaction: Reaction(reactants=[Molecule(SMILES="CC(C)C=O"), Molecule(SMILES="[O]O")], products=[Molecule(SMILES="OO"), Molecule(SMILES="C[C](C)C=O")], pairs=[[Molecule(SMILES="CC(C)C=O"), Molecule(SMILES="C[C](C)C=O")], [Molecule(SMILES="[O]O"), Molecule(SMILES="OO")]])
comparerTST.py:183 performCalcs INFO Labeling reactant atoms
comparerTST.py:193 performCalcs INFO Labeling product atoms
comparerTST.py:209 performCalcs INFO We have generated a H_Abstraction reaction that matches, and used it to label the atoms.
comparerTST.py:211 performCalcs INFO Calculating reaction kinetics
comparerTST.py:119 calculate INFO Calculating reaction rate for <Molecule "CC(C)C=O"> + <Molecule "[O]O"> <=> <Molecule "OO"> + <Molecule "C[C](C)C=O">
comparerTST.py:121 calculate INFO Selecting the appropriate TS distance database for family 'H_Abstraction'
comparerTST.py:123 calculate INFO Calculating kinetic data by calling qmCalc.getKineticData
reaction.py:96 loadKineticsDataFile INFO Reading existing kinetics file /gss_gpfs_scratch/harms.n/QMfiles/CC(C)C=O+[O]O_C[C](C)C=O+OO.kinetics
comparerTST.py:125 calculate INFO Removing 'core*' files
comparerTST.py:133 calculate INFO Yay, reaction kinetics calculated!!!
comparerTST.py:134 calculate INFO Reaction(label='CC(C)C=O+[O]O_C[C](C)C=O+OO', reactants=[Species(label="OUUQCZGPVNCOIJ-UHFFFAOYSA-u2", conformer=Conformer(E0=(6.19549,'kJ/mol'), modes=[IdealGasTranslation(mass=(32.9977,'amu')), NonlinearRotor(inertia=([0.800947,14.5112,15.3121],'amu*angstrom^2'), symmetry=1), HarmonicOscillator(frequencies=([1245.9,1447.19,3645.15],'cm^-1'))], spinMultiplicity=2)), Species(label="AMIMRNSIRUDHCM-UHFFFAOYSA", conformer=Conformer(E0=(-221.236,'kJ/mol'), modes=[IdealGasTranslation(mass=(72.0575,'amu')), NonlinearRotor(inertia=([65.0221,134.428,177.818],'amu*angstrom^2'), symmetry=1), HarmonicOscillator(frequencies=([71.8975,202.745,237.015,323.471,333.306,355.399,543.641,840.581,917.127,918.396,938.565,982.732,1127.65,1166.04,1171.67,1300.1,1324.56,1374.3,1386.86,1402.49,1464.98,1467.56,1481.01,1488.71,1836.44,2872.32,2987.62,2988.89,3032.81,3055.28,3061.62,3072.35,3073.27],'cm^-1'))]))], products=[Species(label="MHAJPDPJQMAIIY-UHFFFAOYSA", conformer=Conformer(E0=(-134.382,'kJ/mol'), modes=[IdealGasTranslation(mass=(34.0055,'amu')), NonlinearRotor(inertia=([1.63801,18.4022,19.029],'amu*angstrom^2'), symmetry=1), HarmonicOscillator(frequencies=([378.1,1029.14,1344.99,1458.5,3786.54,3787.27],'cm^-1'))])), Species(label="IVJRWJRXATUQHM-UHFFFAOYSA-u4", conformer=Conformer(E0=(-92.4411,'kJ/mol'), modes=[IdealGasTranslation(mass=(71.0497,'amu')), NonlinearRotor(inertia=([59.9314,125.673,179.422],'amu*angstrom^2'), symmetry=1), HarmonicOscillator(frequencies=([80.0537,167.329,231.793,283.454,354.485,370.872,597.485,815.048,921.12,943.889,946.38,1009.31,1041.78,1264.21,1336.31,1375.96,1397.34,1403.64,1443.08,1445.9,1460.14,1485.11,1596.64,2939.54,2973.14,2984.31,3021.25,3032.28,3075.23,3092.06],'cm^-1'))], spinMultiplicity=2))], kinetics=Arrhenius(A=(1.82403e-08,'cm^3/(mol*s)'), n=5.57399, Ea=(18.5241,'kJ/mol'), T0=(1,'K'), Tmin=(303.03,'K'), Tmax=(2500,'K'), comment="""Fitted to 59 data points; dA = *|/ 2.58674, dn = +|- 0.124731, dEa = +|- 0.686146 kJ/mol"""), transitionState=TransitionState(label="TS", conformer=Conformer(E0=(-168.04,'kJ/mol'), modes=[IdealGasTranslation(mass=(105.055,'amu')), NonlinearRotor(inertia=([178.556,265.088,322.722],'amu*angstrom^2'), symmetry=1), HarmonicOscillator(frequencies=([82.7088,96.4549,133.441,168.182,196.5,224.033,229.213,280.301,336.384,355.768,514.817,555.073,600.413,808.96,933.214,959.519,978.357,986.813,1087.64,1126.37,1134.05,1233.64,1276.25,1377.29,1393.32,1394.71,1409.96,1432.93,1455.06,1461.17,1476.42,1481.93,1745.87,2936,2982.98,2992.66,3055.98,3061.35,3089.16,3094.61,3683.22],'cm^-1'))], spinMultiplicity=2), frequency=(-1867.75,'cm^-1'), tunneling=Eckart(frequency=(-1867.75,'cm^-1'), E0_reac=(-215.04,'kJ/mol'), E0_TS=(-168.04,'kJ/mol'), E0_prod=(-226.823,'kJ/mol'))))
comparerTST.py:214 performCalcs INFO For reaction Reaction(label='CC(C)C=O+[O]O_C[C](C)C=O+OO', reactants=[Species(label="OUUQCZGPVNCOIJ-UHFFFAOYSA-u2", conformer=Conformer(E0=(6.19549,'kJ/mol'), modes=[IdealGasTranslation(mass=(32.9977,'amu')), NonlinearRotor(inertia=([0.800947,14.5112,15.3121],'amu*angstrom^2'), symmetry=1), HarmonicOscillator(frequencies=([1245.9,1447.19,3645.15],'cm^-1'))], spinMultiplicity=2)), Species(label="AMIMRNSIRUDHCM-UHFFFAOYSA", conformer=Conformer(E0=(-221.236,'kJ/mol'), modes=[IdealGasTranslation(mass=(72.0575,'amu')), NonlinearRotor(inertia=([65.0221,134.428,177.818],'amu*angstrom^2'), symmetry=1), HarmonicOscillator(frequencies=([71.8975,202.745,237.015,323.471,333.306,355.399,543.641,840.581,917.127,918.396,938.565,982.732,1127.65,1166.04,1171.67,1300.1,1324.56,1374.3,1386.86,1402.49,1464.98,1467.56,1481.01,1488.71,1836.44,2872.32,2987.62,2988.89,3032.81,3055.28,3061.62,3072.35,3073.27],'cm^-1'))]))], products=[Species(label="MHAJPDPJQMAIIY-UHFFFAOYSA", conformer=Conformer(E0=(-134.382,'kJ/mol'), modes=[IdealGasTranslation(mass=(34.0055,'amu')), NonlinearRotor(inertia=([1.63801,18.4022,19.029],'amu*angstrom^2'), symmetry=1), HarmonicOscillator(frequencies=([378.1,1029.14,1344.99,1458.5,3786.54,3787.27],'cm^-1'))])), Species(label="IVJRWJRXATUQHM-UHFFFAOYSA-u4", conformer=Conformer(E0=(-92.4411,'kJ/mol'), modes=[IdealGasTranslation(mass=(71.0497,'amu')), NonlinearRotor(inertia=([59.9314,125.673,179.422],'amu*angstrom^2'), symmetry=1), HarmonicOscillator(frequencies=([80.0537,167.329,231.793,283.454,354.485,370.872,597.485,815.048,921.12,943.889,946.38,1009.31,1041.78,1264.21,1336.31,1375.96,1397.34,1403.64,1443.08,1445.9,1460.14,1485.11,1596.64,2939.54,2973.14,2984.31,3021.25,3032.28,3075.23,3092.06],'cm^-1'))], spinMultiplicity=2))], kinetics=Arrhenius(A=(1.82403e-08,'cm^3/(mol*s)'), n=5.57399, Ea=(18.5241,'kJ/mol'), T0=(1,'K'), Tmin=(303.03,'K'), Tmax=(2500,'K'), comment="""Fitted to 59 data points; dA = *|/ 2.58674, dn = +|- 0.124731, dEa = +|- 0.686146 kJ/mol"""), transitionState=TransitionState(label="TS", conformer=Conformer(E0=(-168.04,'kJ/mol'), modes=[IdealGasTranslation(mass=(105.055,'amu')), NonlinearRotor(inertia=([178.556,265.088,322.722],'amu*angstrom^2'), symmetry=1), HarmonicOscillator(frequencies=([82.7088,96.4549,133.441,168.182,196.5,224.033,229.213,280.301,336.384,355.768,514.817,555.073,600.413,808.96,933.214,959.519,978.357,986.813,1087.64,1126.37,1134.05,1233.64,1276.25,1377.29,1393.32,1394.71,1409.96,1432.93,1455.06,1461.17,1476.42,1481.93,1745.87,2936,2982.98,2992.66,3055.98,3061.35,3089.16,3094.61,3683.22],'cm^-1'))], spinMultiplicity=2), frequency=(-1867.75,'cm^-1'), tunneling=Eckart(frequency=(-1867.75,'cm^-1'), E0_reac=(-215.04,'kJ/mol'), E0_TS=(-168.04,'kJ/mol'), E0_prod=(-226.823,'kJ/mol'))))
comparerTST.py:216 performCalcs INFO We have calculated kinetics Arrhenius(A=(1.82403e-08,'cm^3/(mol*s)'), n=5.57399, Ea=(18.5241,'kJ/mol'), T0=(1,'K'), Tmin=(303.03,'K'), Tmax=(2500,'K'), comment="""Fitted to 59 data points; dA = *|/ 2.58674, dn = +|- 0.124731, dEa = +|- 0.686146 kJ/mol""")
