comparerTST.py:41 <module> INFO RUNNING WITH JOB NUMBER i = 5
comparerTST.py:45 <module> INFO Loading RMG Database ...
comparerTST.py:48 <module> INFO /home/harms.n/Code/RMG-database/input
thermo.py:760 loadLibraries INFO Loading thermodynamics library from thermo_DFT_CCSDTF12_BAC.py in /home/harms.n/Code/RMG-database/input/thermo/libraries...
thermo.py:760 loadLibraries INFO Loading thermodynamics library from CBS_QB3_1dHR.py in /home/harms.n/Code/RMG-database/input/thermo/libraries...
thermo.py:760 loadLibraries INFO Loading thermodynamics library from primaryThermoLibrary.py in /home/harms.n/Code/RMG-database/input/thermo/libraries...
thermo.py:760 loadLibraries INFO Loading thermodynamics library from KlippensteinH2O2.py in /home/harms.n/Code/RMG-database/input/thermo/libraries...
thermo.py:774 loadGroups INFO Loading thermodynamics group database from /home/harms.n/Code/RMG-database/input/thermo/groups...
transport.py:294 loadGroups INFO Loading transport group database from /home/harms.n/Code/RMG-database/input/transport/groups...
database.py:165 loadFamilies INFO Loading the user-specified kinetics families from /home/harms.n/Code/RMG-database/input/kinetics/families
statmech.py:526 loadGroups INFO Loading frequencies group database from /home/harms.n/Code/RMG-database/input/statmech/groups...
comparerTST.py:57 <module> INFO RMG Database Loaded
comparerTST.py:81 <module> INFO generateReactionsFromFamilies successfuly performed
comparerTST.py:141 performCalcs INFO chemkinRxn: Reaction(reactants=[Molecule(SMILES="OO"), Molecule(SMILES="[H]")], products=[Molecule(SMILES="[H][H]"), Molecule(SMILES="[O]O")], degeneracy=2, pairs=[[Molecule(SMILES="OO"), Molecule(SMILES="[O]O")], [Molecule(SMILES="[H]"), Molecule(SMILES="[H][H]")]])
comparerTST.py:143 performCalcs INFO Ensuring resonance isomers have been generated
<type 'rmgpy.molecule.molecule.Molecule'>
<type 'rmgpy.molecule.molecule.Molecule'>
<type 'rmgpy.molecule.molecule.Molecule'>
<type 'rmgpy.molecule.molecule.Molecule'>
[Molecule(SMILES="OO"), Molecule(SMILES="[H]")]
[Molecule(SMILES="[H][H]"), Molecule(SMILES="[O]O")]
comparerTST.py:162 performCalcs INFO Generated one reaction:
comparerTST.py:163 performCalcs INFO [Reaction(reactants=[Molecule(SMILES="OO"), Molecule(SMILES="[H]")], products=[Molecule(SMILES="[H][H]"), Molecule(SMILES="[O]O")], degeneracy=2, pairs=[[Molecule(SMILES="OO"), Molecule(SMILES="[O]O")], [Molecule(SMILES="[H]"), Molecule(SMILES="[H][H]")]])]
comparerTST.py:172 performCalcs INFO The reaction of interest is as follows: 
comparerTST.py:173 performCalcs INFO <Molecule "OO"> + <Molecule "[H]"> <=> <Molecule "[H][H]"> + <Molecule "[O]O">
comparerTST.py:175 performCalcs INFO asserting that the testReaction is Isomorphic
comparerTST.py:177 performCalcs INFO reaction: Reaction(reactants=[Molecule(SMILES="OO"), Molecule(SMILES="[H]")], products=[Molecule(SMILES="[H][H]"), Molecule(SMILES="[O]O")], degeneracy=2, pairs=[[Molecule(SMILES="OO"), Molecule(SMILES="[O]O")], [Molecule(SMILES="[H]"), Molecule(SMILES="[H][H]")]])
comparerTST.py:183 performCalcs INFO Labeling reactant atoms
comparerTST.py:193 performCalcs INFO Labeling product atoms
comparerTST.py:209 performCalcs INFO We have generated a H_Abstraction reaction that matches, and used it to label the atoms.
comparerTST.py:211 performCalcs INFO Calculating reaction kinetics
comparerTST.py:119 calculate INFO Calculating reaction rate for <Molecule "OO"> + <Molecule "[H]"> <=> <Molecule "[H][H]"> + <Molecule "[O]O">
comparerTST.py:121 calculate INFO Selecting the appropriate TS distance database for family 'H_Abstraction'
comparerTST.py:123 calculate INFO Calculating kinetic data by calling qmCalc.getKineticData
reaction.py:96 loadKineticsDataFile INFO Reading existing kinetics file /gss_gpfs_scratch/harms.n/QMfiles/OO+[H]_[H][H]+[O]O.kinetics
comparerTST.py:125 calculate INFO Removing 'core*' files
comparerTST.py:133 calculate INFO Yay, reaction kinetics calculated!!!
comparerTST.py:134 calculate INFO Reaction(label='OO+[H]_[H][H]+[O]O', reactants=[Species(label="MHAJPDPJQMAIIY-UHFFFAOYSA", conformer=Conformer(E0=(-134.382,'kJ/mol'), modes=[IdealGasTranslation(mass=(34.0055,'amu')), NonlinearRotor(inertia=([1.63801,18.4022,19.029],'amu*angstrom^2'), symmetry=1), HarmonicOscillator(frequencies=([378.1,1029.14,1344.99,1458.5,3786.54,3787.27],'cm^-1'))])), Species(label="YZCKVEUIGOORGS-UHFFFAOYSA-u1", conformer=Conformer(E0=(211.794,'kJ/mol'), modes=[IdealGasTranslation(mass=(1.00783,'amu'))], spinMultiplicity=2))], products=[Species(label="UFHFLCQGNIYNRP-UHFFFAOYSA", conformer=Conformer(E0=(-2.99057,'kJ/mol'), modes=[IdealGasTranslation(mass=(2.01565,'amu')), LinearRotor(inertia=(0.274682,'amu*angstrom^2'), symmetry=1), HarmonicOscillator(frequencies=([4390.65],'cm^-1'))])), Species(label="OUUQCZGPVNCOIJ-UHFFFAOYSA-u2", conformer=Conformer(E0=(6.19549,'kJ/mol'), modes=[IdealGasTranslation(mass=(32.9977,'amu')), NonlinearRotor(inertia=([0.800947,14.5112,15.3121],'amu*angstrom^2'), symmetry=1), HarmonicOscillator(frequencies=([1245.9,1447.19,3645.15],'cm^-1'))], spinMultiplicity=2))], kinetics=Arrhenius(A=(165.058,'cm^3/(mol*s)'), n=3.26741, Ea=(4.25087,'kJ/mol'), T0=(1,'K'), Tmin=(303.03,'K'), Tmax=(2500,'K'), comment="""Fitted to 59 data points; dA = *|/ 1.57377, dn = +|- 0.0595145, dEa = +|- 0.327389 kJ/mol"""), transitionState=TransitionState(label="TS", conformer=Conformer(E0=(106.802,'kJ/mol'), modes=[IdealGasTranslation(mass=(35.0133,'amu')), NonlinearRotor(inertia=([5.066,20.2174,23.6676],'amu*angstrom^2'), symmetry=1), HarmonicOscillator(frequencies=([386.953,462.495,728.442,1078.78,1286.3,1423.28,1496.65,3754.96],'cm^-1'))], spinMultiplicity=2), frequency=(-2093.99,'cm^-1'), tunneling=Eckart(frequency=(-2093.99,'cm^-1'), E0_reac=(77.4119,'kJ/mol'), E0_TS=(106.802,'kJ/mol'), E0_prod=(3.20491,'kJ/mol'))))
comparerTST.py:214 performCalcs INFO For reaction Reaction(label='OO+[H]_[H][H]+[O]O', reactants=[Species(label="MHAJPDPJQMAIIY-UHFFFAOYSA", conformer=Conformer(E0=(-134.382,'kJ/mol'), modes=[IdealGasTranslation(mass=(34.0055,'amu')), NonlinearRotor(inertia=([1.63801,18.4022,19.029],'amu*angstrom^2'), symmetry=1), HarmonicOscillator(frequencies=([378.1,1029.14,1344.99,1458.5,3786.54,3787.27],'cm^-1'))])), Species(label="YZCKVEUIGOORGS-UHFFFAOYSA-u1", conformer=Conformer(E0=(211.794,'kJ/mol'), modes=[IdealGasTranslation(mass=(1.00783,'amu'))], spinMultiplicity=2))], products=[Species(label="UFHFLCQGNIYNRP-UHFFFAOYSA", conformer=Conformer(E0=(-2.99057,'kJ/mol'), modes=[IdealGasTranslation(mass=(2.01565,'amu')), LinearRotor(inertia=(0.274682,'amu*angstrom^2'), symmetry=1), HarmonicOscillator(frequencies=([4390.65],'cm^-1'))])), Species(label="OUUQCZGPVNCOIJ-UHFFFAOYSA-u2", conformer=Conformer(E0=(6.19549,'kJ/mol'), modes=[IdealGasTranslation(mass=(32.9977,'amu')), NonlinearRotor(inertia=([0.800947,14.5112,15.3121],'amu*angstrom^2'), symmetry=1), HarmonicOscillator(frequencies=([1245.9,1447.19,3645.15],'cm^-1'))], spinMultiplicity=2))], kinetics=Arrhenius(A=(165.058,'cm^3/(mol*s)'), n=3.26741, Ea=(4.25087,'kJ/mol'), T0=(1,'K'), Tmin=(303.03,'K'), Tmax=(2500,'K'), comment="""Fitted to 59 data points; dA = *|/ 1.57377, dn = +|- 0.0595145, dEa = +|- 0.327389 kJ/mol"""), transitionState=TransitionState(label="TS", conformer=Conformer(E0=(106.802,'kJ/mol'), modes=[IdealGasTranslation(mass=(35.0133,'amu')), NonlinearRotor(inertia=([5.066,20.2174,23.6676],'amu*angstrom^2'), symmetry=1), HarmonicOscillator(frequencies=([386.953,462.495,728.442,1078.78,1286.3,1423.28,1496.65,3754.96],'cm^-1'))], spinMultiplicity=2), frequency=(-2093.99,'cm^-1'), tunneling=Eckart(frequency=(-2093.99,'cm^-1'), E0_reac=(77.4119,'kJ/mol'), E0_TS=(106.802,'kJ/mol'), E0_prod=(3.20491,'kJ/mol'))))
comparerTST.py:216 performCalcs INFO We have calculated kinetics Arrhenius(A=(165.058,'cm^3/(mol*s)'), n=3.26741, Ea=(4.25087,'kJ/mol'), T0=(1,'K'), Tmin=(303.03,'K'), Tmax=(2500,'K'), comment="""Fitted to 59 data points; dA = *|/ 1.57377, dn = +|- 0.0595145, dEa = +|- 0.327389 kJ/mol""")
