comparerTST.py:41 <module> INFO RUNNING WITH JOB NUMBER i = 91
comparerTST.py:45 <module> INFO Loading RMG Database ...
comparerTST.py:48 <module> INFO /home/harms.n/Code/RMG-database/input
thermo.py:760 loadLibraries INFO Loading thermodynamics library from thermo_DFT_CCSDTF12_BAC.py in /home/harms.n/Code/RMG-database/input/thermo/libraries...
thermo.py:760 loadLibraries INFO Loading thermodynamics library from CBS_QB3_1dHR.py in /home/harms.n/Code/RMG-database/input/thermo/libraries...
thermo.py:760 loadLibraries INFO Loading thermodynamics library from primaryThermoLibrary.py in /home/harms.n/Code/RMG-database/input/thermo/libraries...
thermo.py:760 loadLibraries INFO Loading thermodynamics library from KlippensteinH2O2.py in /home/harms.n/Code/RMG-database/input/thermo/libraries...
thermo.py:774 loadGroups INFO Loading thermodynamics group database from /home/harms.n/Code/RMG-database/input/thermo/groups...
transport.py:294 loadGroups INFO Loading transport group database from /home/harms.n/Code/RMG-database/input/transport/groups...
database.py:165 loadFamilies INFO Loading the user-specified kinetics families from /home/harms.n/Code/RMG-database/input/kinetics/families
statmech.py:526 loadGroups INFO Loading frequencies group database from /home/harms.n/Code/RMG-database/input/statmech/groups...
comparerTST.py:57 <module> INFO RMG Database Loaded
comparerTST.py:81 <module> INFO generateReactionsFromFamilies successfuly performed
comparerTST.py:141 performCalcs INFO chemkinRxn: Reaction(reactants=[Molecule(SMILES="[CH]=C=O"), Molecule(SMILES="OO")], products=[Molecule(SMILES="C=C=O"), Molecule(SMILES="[O]O")], degeneracy=2, pairs=[[Molecule(SMILES="[CH]=C=O"), Molecule(SMILES="C=C=O")], [Molecule(SMILES="OO"), Molecule(SMILES="[O]O")]])
comparerTST.py:143 performCalcs INFO Ensuring resonance isomers have been generated
<type 'rmgpy.molecule.molecule.Molecule'>
<type 'rmgpy.molecule.molecule.Molecule'>
<type 'rmgpy.molecule.molecule.Molecule'>
<type 'rmgpy.molecule.molecule.Molecule'>
[Molecule(SMILES="[CH]=C=O"), Molecule(SMILES="OO")]
[Molecule(SMILES="C=C=O"), Molecule(SMILES="[O]O")]
comparerTST.py:162 performCalcs INFO Generated one reaction:
comparerTST.py:163 performCalcs INFO [Reaction(reactants=[Molecule(SMILES="[CH]=C=O"), Molecule(SMILES="OO")], products=[Molecule(SMILES="C=C=O"), Molecule(SMILES="[O]O")], degeneracy=2, pairs=[[Molecule(SMILES="[CH]=C=O"), Molecule(SMILES="C=C=O")], [Molecule(SMILES="OO"), Molecule(SMILES="[O]O")]])]
comparerTST.py:172 performCalcs INFO The reaction of interest is as follows: 
comparerTST.py:173 performCalcs INFO <Molecule "[CH]=C=O"> + <Molecule "OO"> <=> <Molecule "C=C=O"> + <Molecule "[O]O">
comparerTST.py:175 performCalcs INFO asserting that the testReaction is Isomorphic
comparerTST.py:177 performCalcs INFO reaction: Reaction(reactants=[Molecule(SMILES="[CH]=C=O"), Molecule(SMILES="OO")], products=[Molecule(SMILES="C=C=O"), Molecule(SMILES="[O]O")], degeneracy=2, pairs=[[Molecule(SMILES="[CH]=C=O"), Molecule(SMILES="C=C=O")], [Molecule(SMILES="OO"), Molecule(SMILES="[O]O")]])
comparerTST.py:183 performCalcs INFO Labeling reactant atoms
comparerTST.py:193 performCalcs INFO Labeling product atoms
comparerTST.py:209 performCalcs INFO We have generated a H_Abstraction reaction that matches, and used it to label the atoms.
comparerTST.py:211 performCalcs INFO Calculating reaction kinetics
comparerTST.py:119 calculate INFO Calculating reaction rate for <Molecule "[CH]=C=O"> + <Molecule "OO"> <=> <Molecule "C=C=O"> + <Molecule "[O]O">
comparerTST.py:121 calculate INFO Selecting the appropriate TS distance database for family 'H_Abstraction'
comparerTST.py:123 calculate INFO Calculating kinetic data by calling qmCalc.getKineticData
reaction.py:619 loadKineticsData INFO Kinetics results file /gss_gpfs_scratch/harms.n/QMfiles/OO+[CH]=C=O_C=C=O+[O]O.kinetics does not exist or is invalid
reaction.py:520 generateTSGeometryDirectGuess INFO Generating a TS geometry via the direct guess method
reaction.py:300 generateBoundsMatrix INFO Generating bounds matrix for OO.[CH]=C=O
reaction.py:338 bmPreEdit INFO Changing lower limit 2.49998710254 to 2.45998710254
reaction.py:338 bmPreEdit INFO Changing lower limit 2.505243 to 2.451556
reaction.py:338 bmPreEdit INFO Changing lower limit 3.65 to 3.22935713735
reaction.py:338 bmPreEdit INFO Changing lower limit 3.15 to 2.60912446161
reaction.py:338 bmPreEdit INFO Changing lower limit 2.4 to 2.38803204033
reaction.py:561 generateTSGeometryDirectGuess INFO TS estimate made. About to try the search...
reaction.py:426 optimizeTS INFO Starting optimization steps of the TS search.
gaussian.py:535 optEstimate INFO Running loose optimization of TS with frozen center
gaussian.py:189 writeInputFile INFO Writing gaussian input file /gss_gpfs_scratch/harms.n/QMscratch/OO+[CH]=C=O_C=C=O+[O]OEst.gjf
gaussian.py:590 optRxnCenter INFO Optimization of TS reaction center distances
gaussian.py:189 writeInputFile INFO Writing gaussian input file /gss_gpfs_scratch/harms.n/QMscratch/OO+[CH]=C=O_C=C=O+[O]ORxnC.gjf
reaction.py:443 optimizeTS INFO Optimizing TS attempt 1
gaussian.py:485 createInputFile INFO Creating input file
gaussian.py:189 writeInputFile INFO Writing gaussian input file None
gaussian.py:748 verifyOutputFile INFO Verifying output file /gss_gpfs_scratch/harms.n/QMscratch/OO+[CH]=C=O_C=C=O+[O]O.log
gaussian.py:516 createIRCFile INFO Creating IRC file
gaussian.py:189 writeInputFile INFO Writing gaussian input file /gss_gpfs_scratch/harms.n/QMscratch/OO+[CH]=C=O_C=C=O+[O]OIRC.gjf
gaussian.py:685 runIRC INFO Running IRC
gaussian.py:843 verifyIRCOutputFile INFO Verifying the IRC output file /gss_gpfs_scratch/harms.n/QMscratch/OO+[CH]=C=O_C=C=O+[O]OIRC.log
gaussian.py:878 verifyIRCOutputFile INFO Checking if all the success keywords are found in the file.
reaction.py:570 saveTSData INFO Saving TS result file /gss_gpfs_scratch/harms.n/QMfiles/OO+[CH]=C=O_C=C=O+[O]O.ts
gaussian.py:991 parse INFO Parsing the gaussian output /gss_gpfs_scratch/harms.n/QMscratch/OO+[CH]=C=O_C=C=O+[O]O.log
gaussian.py:168 verifyOutputFile INFO Successful GaussianMolM062X quantum result in /gss_gpfs_scratch/harms.n/QMscratch/QEJQAPYSVNHDJF-UHFFFAOYSA-u1.log
gaussian.py:268 generateQMData INFO Found a successful output file; using that.
symmetry.py:221 writeInputFile INFO Symmetry input file written to /gss_gpfs_scratch/harms.n/QMscratch/QEJQAPYSVNHDJF-UHFFFAOYSA-u1.symm
symmetry.py:188 parse INFO Point group: Cs
gaussian.py:168 verifyOutputFile INFO Successful GaussianMolM062X quantum result in /gss_gpfs_scratch/harms.n/QMscratch/MHAJPDPJQMAIIY-UHFFFAOYSA.log
gaussian.py:268 generateQMData INFO Found a successful output file; using that.
symmetry.py:221 writeInputFile INFO Symmetry input file written to /gss_gpfs_scratch/harms.n/QMscratch/MHAJPDPJQMAIIY-UHFFFAOYSA.symm
symmetry.py:188 parse INFO Point group: C2
gaussian.py:168 verifyOutputFile INFO Successful GaussianMolM062X quantum result in /gss_gpfs_scratch/harms.n/QMscratch/CCGKOQOJPYTBIH-UHFFFAOYSA.log
gaussian.py:268 generateQMData INFO Found a successful output file; using that.
symmetry.py:221 writeInputFile INFO Symmetry input file written to /gss_gpfs_scratch/harms.n/QMscratch/CCGKOQOJPYTBIH-UHFFFAOYSA.symm
symmetry.py:188 parse INFO Point group: C2v
gaussian.py:168 verifyOutputFile INFO Successful GaussianMolM062X quantum result in /gss_gpfs_scratch/harms.n/QMscratch/OUUQCZGPVNCOIJ-UHFFFAOYSA-u2.log
gaussian.py:268 generateQMData INFO Found a successful output file; using that.
symmetry.py:221 writeInputFile INFO Symmetry input file written to /gss_gpfs_scratch/harms.n/QMscratch/OUUQCZGPVNCOIJ-UHFFFAOYSA-u2.symm
symmetry.py:188 parse INFO Point group: Cs
CanTherm execution initiated at Mon Jul 31 21:23:00 2017

###############################################################
#                                                             #
#                          CanTherm                           #
#                                                             #
#   Version: 0.1.0 (14 May 2009)                              #
#   Authors: RMG Developers (rmg_dev@mit.edu)                 #
#   P.I.:    William H. Green (whgreen@mit.edu)               #
#   Website: http://rmg.sourceforge.net/                      #
#                                                             #
###############################################################

Loading species QEJQAPYSVNHDJF-UHFFFAOYSA-u1...
Loading species MHAJPDPJQMAIIY-UHFFFAOYSA...
Loading species CCGKOQOJPYTBIH-UHFFFAOYSA...
Loading species OUUQCZGPVNCOIJ-UHFFFAOYSA-u2...
Loading transition state TS...
Loading reaction OO+[CH]=C=O_C=C=O+[O]O...


Loading statistical mechanics parameters for QEJQAPYSVNHDJF-UHFFFAOYSA-u1...
Warning: No bond energy correction found for model chemistry: M062X/MG3S
Saving statistical mechanics parameters for QEJQAPYSVNHDJF-UHFFFAOYSA-u1...
Loading statistical mechanics parameters for MHAJPDPJQMAIIY-UHFFFAOYSA...
Warning: No bond energy correction found for model chemistry: M062X/MG3S
Saving statistical mechanics parameters for MHAJPDPJQMAIIY-UHFFFAOYSA...
Loading statistical mechanics parameters for CCGKOQOJPYTBIH-UHFFFAOYSA...
Warning: No bond energy correction found for model chemistry: M062X/MG3S
Saving statistical mechanics parameters for CCGKOQOJPYTBIH-UHFFFAOYSA...
Loading statistical mechanics parameters for OUUQCZGPVNCOIJ-UHFFFAOYSA-u2...
Warning: No bond energy correction found for model chemistry: M062X/MG3S
Saving statistical mechanics parameters for OUUQCZGPVNCOIJ-UHFFFAOYSA-u2...
Loading statistical mechanics parameters for TS...
Warning: No bond energy correction found for model chemistry: M062X/MG3S
Saving statistical mechanics parameters for TS...
Generating Arrhenius kinetics model for Arrhenius...
Saving kinetics for QEJQAPYSVNHDJF-UHFFFAOYSA-u1 + MHAJPDPJQMAIIY-UHFFFAOYSA <=> CCGKOQOJPYTBIH-UHFFFAOYSA + OUUQCZGPVNCOIJ-UHFFFAOYSA-u2...

CanTherm execution terminated at Mon Jul 31 21:23:02 2017
Saving kinetics data file /gss_gpfs_scratch/harms.n/QMfiles/OO+[CH]=C=O_C=C=O+[O]O.kinetics
Removing 'core*' files
Yay, reaction kinetics calculated!!!
Reaction(label='OO+[CH]=C=O_C=C=O+[O]O', reactants=[Species(label="QEJQAPYSVNHDJF-UHFFFAOYSA-u1", conformer=Conformer(E0=(158.286,'kJ/mol'), modes=[IdealGasTranslation(mass=(41.0027,'amu')), NonlinearRotor(inertia=([0.358982,45.931,46.29],'amu*angstrom^2'), symmetry=1), HarmonicOscillator(frequencies=([369.125,517.978,574.075,1279.68,2101.56,3319.27],'cm^-1'))], spinMultiplicity=2)), Species(label="MHAJPDPJQMAIIY-UHFFFAOYSA", conformer=Conformer(E0=(-134.382,'kJ/mol'), modes=[IdealGasTranslation(mass=(34.0055,'amu')), NonlinearRotor(inertia=([1.63801,18.4022,19.029],'amu*angstrom^2'), symmetry=1), HarmonicOscillator(frequencies=([378.1,1029.14,1344.99,1458.5,3786.54,3787.27],'cm^-1'))]))], products=[Species(label="CCGKOQOJPYTBIH-UHFFFAOYSA", conformer=Conformer(E0=(-67.2336,'kJ/mol'), modes=[IdealGasTranslation(mass=(42.0106,'amu')), NonlinearRotor(inertia=([1.78109,48.5434,50.3245],'amu*angstrom^2'), symmetry=1), HarmonicOscillator(frequencies=([442.046,570.812,602.891,975.237,1163.47,1395.31,2218.36,3147.33,3248.03],'cm^-1'))])), Species(label="OUUQCZGPVNCOIJ-UHFFFAOYSA-u2", conformer=Conformer(E0=(6.19549,'kJ/mol'), modes=[IdealGasTranslation(mass=(32.9977,'amu')), NonlinearRotor(inertia=([0.800947,14.5112,15.3121],'amu*angstrom^2'), symmetry=1), HarmonicOscillator(frequencies=([1245.9,1447.19,3645.15],'cm^-1'))], spinMultiplicity=2))], kinetics=Arrhenius(A=(0.00416742,'cm^3/(mol*s)'), n=4.15785, Ea=(-4.10334,'kJ/mol'), T0=(1,'K'), Tmin=(303.03,'K'), Tmax=(2500,'K'), comment="""Fitted to 59 data points; dA = *|/ 1.11609, dn = +|- 0.0144141, dEa = +|- 0.0792921 kJ/mol"""), transitionState=TransitionState(label="TS", conformer=Conformer(E0=(41.5176,'kJ/mol'), modes=[IdealGasTranslation(mass=(75.0082,'amu')), NonlinearRotor(inertia=([56.3721,160.714,211.901],'amu*angstrom^2'), symmetry=1), HarmonicOscillator(frequencies=([78.5181,83.9715,224.811,310.666,431.303,521.417,575.371,593.199,816.297,1017.88,1083.43,1222.96,1411.41,1455.53,2121.35,3214.12,3721.7],'cm^-1'))], spinMultiplicity=2), frequency=(-2277.29,'cm^-1'), tunneling=Eckart(frequency=(-2277.29,'cm^-1'), E0_reac=(23.9039,'kJ/mol'), E0_TS=(41.5176,'kJ/mol'), E0_prod=(-61.0381,'kJ/mol'))))
For reaction Reaction(label='OO+[CH]=C=O_C=C=O+[O]O', reactants=[Species(label="QEJQAPYSVNHDJF-UHFFFAOYSA-u1", conformer=Conformer(E0=(158.286,'kJ/mol'), modes=[IdealGasTranslation(mass=(41.0027,'amu')), NonlinearRotor(inertia=([0.358982,45.931,46.29],'amu*angstrom^2'), symmetry=1), HarmonicOscillator(frequencies=([369.125,517.978,574.075,1279.68,2101.56,3319.27],'cm^-1'))], spinMultiplicity=2)), Species(label="MHAJPDPJQMAIIY-UHFFFAOYSA", conformer=Conformer(E0=(-134.382,'kJ/mol'), modes=[IdealGasTranslation(mass=(34.0055,'amu')), NonlinearRotor(inertia=([1.63801,18.4022,19.029],'amu*angstrom^2'), symmetry=1), HarmonicOscillator(frequencies=([378.1,1029.14,1344.99,1458.5,3786.54,3787.27],'cm^-1'))]))], products=[Species(label="CCGKOQOJPYTBIH-UHFFFAOYSA", conformer=Conformer(E0=(-67.2336,'kJ/mol'), modes=[IdealGasTranslation(mass=(42.0106,'amu')), NonlinearRotor(inertia=([1.78109,48.5434,50.3245],'amu*angstrom^2'), symmetry=1), HarmonicOscillator(frequencies=([442.046,570.812,602.891,975.237,1163.47,1395.31,2218.36,3147.33,3248.03],'cm^-1'))])), Species(label="OUUQCZGPVNCOIJ-UHFFFAOYSA-u2", conformer=Conformer(E0=(6.19549,'kJ/mol'), modes=[IdealGasTranslation(mass=(32.9977,'amu')), NonlinearRotor(inertia=([0.800947,14.5112,15.3121],'amu*angstrom^2'), symmetry=1), HarmonicOscillator(frequencies=([1245.9,1447.19,3645.15],'cm^-1'))], spinMultiplicity=2))], kinetics=Arrhenius(A=(0.00416742,'cm^3/(mol*s)'), n=4.15785, Ea=(-4.10334,'kJ/mol'), T0=(1,'K'), Tmin=(303.03,'K'), Tmax=(2500,'K'), comment="""Fitted to 59 data points; dA = *|/ 1.11609, dn = +|- 0.0144141, dEa = +|- 0.0792921 kJ/mol"""), transitionState=TransitionState(label="TS", conformer=Conformer(E0=(41.5176,'kJ/mol'), modes=[IdealGasTranslation(mass=(75.0082,'amu')), NonlinearRotor(inertia=([56.3721,160.714,211.901],'amu*angstrom^2'), symmetry=1), HarmonicOscillator(frequencies=([78.5181,83.9715,224.811,310.666,431.303,521.417,575.371,593.199,816.297,1017.88,1083.43,1222.96,1411.41,1455.53,2121.35,3214.12,3721.7],'cm^-1'))], spinMultiplicity=2), frequency=(-2277.29,'cm^-1'), tunneling=Eckart(frequency=(-2277.29,'cm^-1'), E0_reac=(23.9039,'kJ/mol'), E0_TS=(41.5176,'kJ/mol'), E0_prod=(-61.0381,'kJ/mol'))))
We have calculated kinetics Arrhenius(A=(0.00416742,'cm^3/(mol*s)'), n=4.15785, Ea=(-4.10334,'kJ/mol'), T0=(1,'K'), Tmin=(303.03,'K'), Tmax=(2500,'K'), comment="""Fitted to 59 data points; dA = *|/ 1.11609, dn = +|- 0.0144141, dEa = +|- 0.0792921 kJ/mol""")
