comparerTST.py:41 <module> INFO RUNNING WITH JOB NUMBER i = 161
comparerTST.py:45 <module> INFO Loading RMG Database ...
comparerTST.py:48 <module> INFO /home/harms.n/Code/RMG-database/input
thermo.py:760 loadLibraries INFO Loading thermodynamics library from thermo_DFT_CCSDTF12_BAC.py in /home/harms.n/Code/RMG-database/input/thermo/libraries...
thermo.py:760 loadLibraries INFO Loading thermodynamics library from CBS_QB3_1dHR.py in /home/harms.n/Code/RMG-database/input/thermo/libraries...
thermo.py:760 loadLibraries INFO Loading thermodynamics library from primaryThermoLibrary.py in /home/harms.n/Code/RMG-database/input/thermo/libraries...
thermo.py:760 loadLibraries INFO Loading thermodynamics library from KlippensteinH2O2.py in /home/harms.n/Code/RMG-database/input/thermo/libraries...
thermo.py:774 loadGroups INFO Loading thermodynamics group database from /home/harms.n/Code/RMG-database/input/thermo/groups...
transport.py:294 loadGroups INFO Loading transport group database from /home/harms.n/Code/RMG-database/input/transport/groups...
database.py:165 loadFamilies INFO Loading the user-specified kinetics families from /home/harms.n/Code/RMG-database/input/kinetics/families
statmech.py:526 loadGroups INFO Loading frequencies group database from /home/harms.n/Code/RMG-database/input/statmech/groups...
comparerTST.py:57 <module> INFO RMG Database Loaded
comparerTST.py:81 <module> INFO generateReactionsFromFamilies successfuly performed
comparerTST.py:141 performCalcs INFO chemkinRxn: Reaction(reactants=[Molecule(SMILES="C=[C]C=C"), Molecule(SMILES="[O][O]")], products=[Molecule(SMILES="[O]O"), Molecule(SMILES="[CH]=C[C]=C")], degeneracy=4, pairs=[[Molecule(SMILES="C=[C]C=C"), Molecule(SMILES="[CH]=C[C]=C")], [Molecule(SMILES="[O][O]"), Molecule(SMILES="[O]O")]])
comparerTST.py:143 performCalcs INFO Ensuring resonance isomers have been generated
<type 'rmgpy.molecule.molecule.Molecule'>
<type 'rmgpy.molecule.molecule.Molecule'>
<type 'rmgpy.molecule.molecule.Molecule'>
<type 'rmgpy.molecule.molecule.Molecule'>
[Molecule(SMILES="C=[C]C=C"), Molecule(SMILES="[O][O]")]
[Molecule(SMILES="[O]O"), Molecule(SMILES="[CH]=C[C]=C")]
comparerTST.py:162 performCalcs INFO Generated one reaction:
comparerTST.py:163 performCalcs INFO [Reaction(reactants=[Molecule(SMILES="C=[C]C=C"), Molecule(SMILES="[O][O]")], products=[Molecule(SMILES="[O]O"), Molecule(SMILES="[CH]=C[C]=C")], degeneracy=4, pairs=[[Molecule(SMILES="C=[C]C=C"), Molecule(SMILES="[CH]=C[C]=C")], [Molecule(SMILES="[O][O]"), Molecule(SMILES="[O]O")]])]
comparerTST.py:172 performCalcs INFO The reaction of interest is as follows: 
comparerTST.py:173 performCalcs INFO <Molecule "C=[C]C=C"> + <Molecule "[O][O]"> <=> <Molecule "[O]O"> + <Molecule "[CH]=C[C]=C">
comparerTST.py:175 performCalcs INFO asserting that the testReaction is Isomorphic
comparerTST.py:177 performCalcs INFO reaction: Reaction(reactants=[Molecule(SMILES="C=[C]C=C"), Molecule(SMILES="[O][O]")], products=[Molecule(SMILES="[O]O"), Molecule(SMILES="[CH]=C[C]=C")], degeneracy=4, pairs=[[Molecule(SMILES="C=[C]C=C"), Molecule(SMILES="[CH]=C[C]=C")], [Molecule(SMILES="[O][O]"), Molecule(SMILES="[O]O")]])
comparerTST.py:183 performCalcs INFO Labeling reactant atoms
comparerTST.py:193 performCalcs INFO Labeling product atoms
comparerTST.py:209 performCalcs INFO We have generated a H_Abstraction reaction that matches, and used it to label the atoms.
comparerTST.py:211 performCalcs INFO Calculating reaction kinetics
comparerTST.py:119 calculate INFO Calculating reaction rate for <Molecule "C=[C]C=C"> + <Molecule "[O][O]"> <=> <Molecule "[O]O"> + <Molecule "[CH]=C[C]=C">
comparerTST.py:121 calculate INFO Selecting the appropriate TS distance database for family 'H_Abstraction'
comparerTST.py:123 calculate INFO Calculating kinetic data by calling qmCalc.getKineticData
reaction.py:619 loadKineticsData INFO Kinetics results file /gss_gpfs_scratch/harms.n/QMfiles/C=[C]C=C+[O][O]_[CH]=C[C]=C+[O]O.kinetics does not exist or is invalid
reaction.py:520 generateTSGeometryDirectGuess INFO Generating a TS geometry via the direct guess method
reaction.py:300 generateBoundsMatrix INFO Generating bounds matrix for C=[C]C=C.[O][O]
reaction.py:338 bmPreEdit INFO Changing lower limit 3.65 to 3.13306137707
reaction.py:338 bmPreEdit INFO Changing lower limit 2.521554 to 2.462274
reaction.py:338 bmPreEdit INFO Changing lower limit 2.9 to 2.332928
reaction.py:561 generateTSGeometryDirectGuess INFO TS estimate made. About to try the search...
reaction.py:426 optimizeTS INFO Starting optimization steps of the TS search.
gaussian.py:535 optEstimate INFO Running loose optimization of TS with frozen center
gaussian.py:189 writeInputFile INFO Writing gaussian input file /gss_gpfs_scratch/harms.n/QMscratch/C=[C]C=C+[O][O]_[CH]=C[C]=C+[O]OEst.gjf
Error: segmentation violation
   rax 0000000000000000, rbx ffffffffffffffff, rcx ffffffffffffffff
   rdx 0000000000003895, rsp 00007fffef05a178, rbp 00007fffef05a750
   rsi 000000000000000b, rdi 0000000000003895, r8  00002b7decbd86c0
   r9  0000000000000000, r10 00007fffef059f00, r11 0000000000000206
   r12 0000000000000000, r13 0000000000000000, r14 00007fffef05a798
   r15 0000000000000000
  --- traceback not available
gaussian.py:680 runAlt WARNING Gaussian finished with return code 1
gaussian.py:590 optRxnCenter INFO Optimization of TS reaction center distances
gaussian.py:189 writeInputFile INFO Writing gaussian input file /gss_gpfs_scratch/harms.n/QMscratch/C=[C]C=C+[O][O]_[CH]=C[C]=C+[O]ORxnC.gjf
Error: segmentation violation
   rax 0000000000000000, rbx ffffffffffffffff, rcx ffffffffffffffff
   rdx 00000000000059b5, rsp 00007fffdef8f988, rbp 00007fffdef8ff60
   rsi 000000000000000b, rdi 00000000000059b5, r8  00002b3bb940a6c0
   r9  0000000000000000, r10 00007fffdef8f710, r11 0000000000000206
   r12 0000000000000000, r13 0000000000000000, r14 00007fffdef8ffa8
   r15 000000000000005e
  --- traceback not available
gaussian.py:680 runAlt WARNING Gaussian finished with return code 1
reaction.py:443 optimizeTS INFO Optimizing TS attempt 1
gaussian.py:485 createInputFile INFO Creating input file
gaussian.py:189 writeInputFile INFO Writing gaussian input file None
gaussian.py:748 verifyOutputFile INFO Verifying output file /gss_gpfs_scratch/harms.n/QMscratch/C=[C]C=C+[O][O]_[CH]=C[C]=C+[O]O.log
gaussian.py:516 createIRCFile INFO Creating IRC file
gaussian.py:189 writeInputFile INFO Writing gaussian input file /gss_gpfs_scratch/harms.n/QMscratch/C=[C]C=C+[O][O]_[CH]=C[C]=C+[O]OIRC.gjf
gaussian.py:685 runIRC INFO Running IRC
gaussian.py:843 verifyIRCOutputFile INFO Verifying the IRC output file /gss_gpfs_scratch/harms.n/QMscratch/C=[C]C=C+[O][O]_[CH]=C[C]=C+[O]OIRC.log
gaussian.py:878 verifyIRCOutputFile INFO Checking if all the success keywords are found in the file.
reaction.py:570 saveTSData INFO Saving TS result file /gss_gpfs_scratch/harms.n/QMfiles/C=[C]C=C+[O][O]_[CH]=C[C]=C+[O]O.ts
gaussian.py:991 parse INFO Parsing the gaussian output /gss_gpfs_scratch/harms.n/QMscratch/C=[C]C=C+[O][O]_[CH]=C[C]=C+[O]O.log
gaussian.py:111 verifyOutputFile INFO Output file /gss_gpfs_scratch/harms.n/QMscratch/ZQHGTWBTOVSLEJ-UHFFFAOYSA-u4.log does not exist.
gaussian.py:189 writeInputFile INFO Writing gaussian input file None
gaussian.py:275 generateQMData INFO Trying GaussianMolM062X attempt 1 of 36 on molecule C=[C]C=C.
Error: segmentation violation
   rax 0000000000000000, rbx ffffffffffffffff, rcx ffffffffffffffff
   rdx 0000000000009fca, rsp 00007fff9bac5458, rbp 00007fff9bac5a30
   rsi 000000000000000b, rdi 0000000000009fca, r8  00002b4e77f936c0
   r9  0000000000000000, r10 00007fff9bac51e0, r11 0000000000000202
   r12 0000000000000000, r13 0000000000000000, r14 00007fff9bac5a78
   r15 0000000003bfc358
  --- traceback not available
gaussian.py:89 run WARNING Gaussian finished with return code 1
gaussian.py:148 verifyOutputFile ERROR Not all of the required keywords for success were found in the output file!
gaussian.py:189 writeInputFile INFO Writing gaussian input file None
gaussian.py:275 generateQMData INFO Trying GaussianMolM062X attempt 2 of 36 on molecule C=[C]C=C.
Error: segmentation violation
   rax 0000000000000000, rbx ffffffffffffffff, rcx ffffffffffffffff
   rdx 000000000000a01b, rsp 00007fff0ad800c8, rbp 00007fff0ad806a0
   rsi 000000000000000b, rdi 000000000000a01b, r8  00002af7611526c0
   r9  0000000000000000, r10 00007fff0ad7fe50, r11 0000000000000202
   r12 0000000000000000, r13 0000000000000000, r14 00007fff0ad806e8
   r15 0000000003bfc358
  --- traceback not available
gaussian.py:89 run WARNING Gaussian finished with return code 1
gaussian.py:148 verifyOutputFile ERROR Not all of the required keywords for success were found in the output file!
gaussian.py:189 writeInputFile INFO Writing gaussian input file None
gaussian.py:275 generateQMData INFO Trying GaussianMolM062X attempt 3 of 36 on molecule C=[C]C=C.
Error: segmentation violation
   rax 0000000000000000, rbx ffffffffffffffff, rcx ffffffffffffffff
   rdx 000000000000a09b, rsp 00007fffe0996f48, rbp 00007fffe0997520
   rsi 000000000000000b, rdi 000000000000a09b, r8  00002b94073cb6c0
   r9  0000000000000000, r10 00007fffe0996cd0, r11 0000000000000206
   r12 0000000000000000, r13 0000000000000000, r14 00007fffe0997568
   r15 0000000003bfc358
  --- traceback not available
gaussian.py:89 run WARNING Gaussian finished with return code 1
gaussian.py:148 verifyOutputFile ERROR Not all of the required keywords for success were found in the output file!
gaussian.py:189 writeInputFile INFO Writing gaussian input file None
gaussian.py:275 generateQMData INFO Trying GaussianMolM062X attempt 4 of 36 on molecule C=[C]C=C.
Error: segmentation violation
   rax 0000000000000000, rbx ffffffffffffffff, rcx ffffffffffffffff
   rdx 000000000000a100, rsp 00007fff368380d8, rbp 00007fff368386b0
   rsi 000000000000000b, rdi 000000000000a100, r8  00002afe27fb16c0
   r9  0000000000000000, r10 00007fff36837e60, r11 0000000000000206
   r12 0000000000000000, r13 0000000000000000, r14 00007fff368386f8
   r15 0000000003bfc358
  --- traceback not available
gaussian.py:89 run WARNING Gaussian finished with return code 1
gaussian.py:148 verifyOutputFile ERROR Not all of the required keywords for success were found in the output file!
gaussian.py:189 writeInputFile INFO Writing gaussian input file None
gaussian.py:275 generateQMData INFO Trying GaussianMolM062X attempt 5 of 36 on molecule C=[C]C=C.
Error: segmentation violation
   rax 0000000000000000, rbx ffffffffffffffff, rcx ffffffffffffffff
   rdx 000000000000a164, rsp 00007fff5fd51ef8, rbp 00007fff5fd524d0
   rsi 000000000000000b, rdi 000000000000a164, r8  00002b905233d6c0
   r9  0000000000000000, r10 00007fff5fd51c80, r11 0000000000000202
   r12 0000000000000000, r13 0000000000000000, r14 00007fff5fd52518
   r15 0000000003bfc358
  --- traceback not available
gaussian.py:89 run WARNING Gaussian finished with return code 1
gaussian.py:148 verifyOutputFile ERROR Not all of the required keywords for success were found in the output file!
gaussian.py:189 writeInputFile INFO Writing gaussian input file None
gaussian.py:275 generateQMData INFO Trying GaussianMolM062X attempt 6 of 36 on molecule C=[C]C=C.
Error: segmentation violation
   rax 0000000000000000, rbx ffffffffffffffff, rcx ffffffffffffffff
   rdx 000000000000a1b6, rsp 00007fff082aa4c8, rbp 00007fff082aaaa0
   rsi 000000000000000b, rdi 000000000000a1b6, r8  00002b15b021e6c0
   r9  0000000000000000, r10 00007fff082aa250, r11 0000000000000202
   r12 0000000000000000, r13 0000000000000000, r14 00007fff082aaae8
   r15 0000000003bfc358
  --- traceback not available
gaussian.py:89 run WARNING Gaussian finished with return code 1
gaussian.py:148 verifyOutputFile ERROR Not all of the required keywords for success were found in the output file!
gaussian.py:189 writeInputFile INFO Writing gaussian input file None
gaussian.py:275 generateQMData INFO Trying GaussianMolM062X attempt 7 of 36 on molecule C=[C]C=C.
Error: segmentation violation
   rax 0000000000000000, rbx ffffffffffffffff, rcx ffffffffffffffff
   rdx 000000000000a20a, rsp 00007fff51a6fc28, rbp 00007fff51a70200
   rsi 000000000000000b, rdi 000000000000a20a, r8  00002ad4fc66a6c0
   r9  0000000000000000, r10 00007fff51a6f9b0, r11 0000000000000206
   r12 0000000000000000, r13 0000000000000000, r14 00007fff51a70248
   r15 0000000003bfc358
  --- traceback not available
gaussian.py:89 run WARNING Gaussian finished with return code 1
gaussian.py:148 verifyOutputFile ERROR Not all of the required keywords for success were found in the output file!
gaussian.py:189 writeInputFile INFO Writing gaussian input file None
gaussian.py:275 generateQMData INFO Trying GaussianMolM062X attempt 8 of 36 on molecule C=[C]C=C.
Error: segmentation violation
   rax 0000000000000000, rbx ffffffffffffffff, rcx ffffffffffffffff
   rdx 000000000000a27a, rsp 00007fff32fdbfa8, rbp 00007fff32fdc580
   rsi 000000000000000b, rdi 000000000000a27a, r8  00002b22209726c0
   r9  0000000000000000, r10 00007fff32fdbd30, r11 0000000000000202
   r12 0000000000000000, r13 0000000000000000, r14 00007fff32fdc5c8
   r15 0000000003bfc358
  --- traceback not available
gaussian.py:89 run WARNING Gaussian finished with return code 1
gaussian.py:148 verifyOutputFile ERROR Not all of the required keywords for success were found in the output file!
gaussian.py:189 writeInputFile INFO Writing gaussian input file None
gaussian.py:275 generateQMData INFO Trying GaussianMolM062X attempt 9 of 36 on molecule C=[C]C=C.
Error: segmentation violation
   rax 0000000000000000, rbx ffffffffffffffff, rcx ffffffffffffffff
   rdx 000000000000a300, rsp 00007fff70e36a88, rbp 00007fff70e37060
   rsi 000000000000000b, rdi 000000000000a300, r8  00002b77b743f6c0
   r9  0000000000000000, r10 00007fff70e36810, r11 0000000000000206
   r12 0000000000000000, r13 0000000000000000, r14 00007fff70e370a8
   r15 0000000003bfc358
  --- traceback not available
gaussian.py:89 run WARNING Gaussian finished with return code 1
gaussian.py:148 verifyOutputFile ERROR Not all of the required keywords for success were found in the output file!
gaussian.py:189 writeInputFile INFO Writing gaussian input file None
gaussian.py:275 generateQMData INFO Trying GaussianMolM062X attempt 10 of 36 on molecule C=[C]C=C.
Error: segmentation violation
   rax 0000000000000000, rbx ffffffffffffffff, rcx ffffffffffffffff
   rdx 000000000000a398, rsp 00007fffc21d2be8, rbp 00007fffc21d31c0
   rsi 000000000000000b, rdi 000000000000a398, r8  00002b4c0bb006c0
   r9  0000000000000000, r10 00007fffc21d2970, r11 0000000000000206
   r12 0000000000000000, r13 0000000000000000, r14 00007fffc21d3208
   r15 0000000003bfc358
  --- traceback not available
gaussian.py:89 run WARNING Gaussian finished with return code 1
gaussian.py:148 verifyOutputFile ERROR Not all of the required keywords for success were found in the output file!
gaussian.py:189 writeInputFile INFO Writing gaussian input file None
gaussian.py:275 generateQMData INFO Trying GaussianMolM062X attempt 11 of 36 on molecule C=[C]C=C.
Error: segmentation violation
   rax 0000000000000000, rbx ffffffffffffffff, rcx ffffffffffffffff
   rdx 000000000000a3eb, rsp 00007fff635409c8, rbp 00007fff63540fa0
   rsi 000000000000000b, rdi 000000000000a3eb, r8  00002ae853ed86c0
   r9  0000000000000000, r10 00007fff63540750, r11 0000000000000202
   r12 0000000000000000, r13 0000000000000000, r14 00007fff63540fe8
   r15 0000000003bfc358
  --- traceback not available
gaussian.py:89 run WARNING Gaussian finished with return code 1
gaussian.py:148 verifyOutputFile ERROR Not all of the required keywords for success were found in the output file!
gaussian.py:189 writeInputFile INFO Writing gaussian input file None
gaussian.py:275 generateQMData INFO Trying GaussianMolM062X attempt 12 of 36 on molecule C=[C]C=C.
Error: segmentation violation
   rax 0000000000000000, rbx ffffffffffffffff, rcx ffffffffffffffff
   rdx 000000000000a44f, rsp 00007fff121c0828, rbp 00007fff121c0e00
   rsi 000000000000000b, rdi 000000000000a44f, r8  00002ae0dafef6c0
   r9  0000000000000000, r10 00007fff121c05b0, r11 0000000000000206
   r12 0000000000000000, r13 0000000000000000, r14 00007fff121c0e48
   r15 0000000003bfc358
  --- traceback not available
gaussian.py:89 run WARNING Gaussian finished with return code 1
gaussian.py:148 verifyOutputFile ERROR Not all of the required keywords for success were found in the output file!
gaussian.py:189 writeInputFile INFO Writing gaussian input file None
gaussian.py:275 generateQMData INFO Trying GaussianMolM062X attempt 13 of 36 on molecule C=[C]C=C.
Error: segmentation violation
   rax 0000000000000000, rbx ffffffffffffffff, rcx ffffffffffffffff
   rdx 000000000000a49e, rsp 00007fff70fa2128, rbp 00007fff70fa2700
   rsi 000000000000000b, rdi 000000000000a49e, r8  00002afce9af16c0
   r9  0000000000000000, r10 00007fff70fa1eb0, r11 0000000000000206
   r12 0000000000000000, r13 0000000000000000, r14 00007fff70fa2748
   r15 0000000003bfc358
  --- traceback not available
gaussian.py:89 run WARNING Gaussian finished with return code 1
gaussian.py:148 verifyOutputFile ERROR Not all of the required keywords for success were found in the output file!
gaussian.py:189 writeInputFile INFO Writing gaussian input file None
gaussian.py:275 generateQMData INFO Trying GaussianMolM062X attempt 14 of 36 on molecule C=[C]C=C.
Error: segmentation violation
   rax 0000000000000000, rbx ffffffffffffffff, rcx ffffffffffffffff
   rdx 000000000000a501, rsp 00007fff05be3a88, rbp 00007fff05be4060
   rsi 000000000000000b, rdi 000000000000a501, r8  00002b6daae406c0
   r9  0000000000000000, r10 00007fff05be3810, r11 0000000000000206
   r12 0000000000000000, r13 0000000000000000, r14 00007fff05be40a8
   r15 0000000003bfc358
  --- traceback not available
gaussian.py:89 run WARNING Gaussian finished with return code 1
gaussian.py:148 verifyOutputFile ERROR Not all of the required keywords for success were found in the output file!
gaussian.py:189 writeInputFile INFO Writing gaussian input file None
gaussian.py:275 generateQMData INFO Trying GaussianMolM062X attempt 15 of 36 on molecule C=[C]C=C.
Error: segmentation violation
   rax 0000000000000000, rbx ffffffffffffffff, rcx ffffffffffffffff
   rdx 000000000000a554, rsp 00007fff59af9a28, rbp 00007fff59afa000
   rsi 000000000000000b, rdi 000000000000a554, r8  00002b2bfe87f6c0
   r9  0000000000000000, r10 00007fff59af97b0, r11 0000000000000206
   r12 0000000000000000, r13 0000000000000000, r14 00007fff59afa048
   r15 0000000003bfc358
  --- traceback not available
gaussian.py:89 run WARNING Gaussian finished with return code 1
gaussian.py:148 verifyOutputFile ERROR Not all of the required keywords for success were found in the output file!
gaussian.py:189 writeInputFile INFO Writing gaussian input file None
gaussian.py:275 generateQMData INFO Trying GaussianMolM062X attempt 16 of 36 on molecule C=[C]C=C.
Error: segmentation violation
   rax 0000000000000000, rbx ffffffffffffffff, rcx ffffffffffffffff
   rdx 000000000000a5a3, rsp 00007fff323dd068, rbp 00007fff323dd640
   rsi 000000000000000b, rdi 000000000000a5a3, r8  00002acdbaef16c0
   r9  0000000000000000, r10 00007fff323dcdf0, r11 0000000000000202
   r12 0000000000000000, r13 0000000000000000, r14 00007fff323dd688
   r15 0000000003bfc358
  --- traceback not available
gaussian.py:89 run WARNING Gaussian finished with return code 1
gaussian.py:148 verifyOutputFile ERROR Not all of the required keywords for success were found in the output file!
gaussian.py:189 writeInputFile INFO Writing gaussian input file None
gaussian.py:275 generateQMData INFO Trying GaussianMolM062X attempt 17 of 36 on molecule C=[C]C=C.
Error: segmentation violation
   rax 0000000000000000, rbx ffffffffffffffff, rcx ffffffffffffffff
   rdx 000000000000a623, rsp 00007fffb9821708, rbp 00007fffb9821ce0
   rsi 000000000000000b, rdi 000000000000a623, r8  00002aeafef7c6c0
   r9  0000000000000000, r10 00007fffb9821490, r11 0000000000000202
   r12 0000000000000000, r13 0000000000000000, r14 00007fffb9821d28
   r15 0000000003bfc358
  --- traceback not available
gaussian.py:89 run WARNING Gaussian finished with return code 1
gaussian.py:148 verifyOutputFile ERROR Not all of the required keywords for success were found in the output file!
gaussian.py:189 writeInputFile INFO Writing gaussian input file None
gaussian.py:275 generateQMData INFO Trying GaussianMolM062X attempt 18 of 36 on molecule C=[C]C=C.
Error: segmentation violation
   rax 0000000000000000, rbx ffffffffffffffff, rcx ffffffffffffffff
   rdx 000000000000a687, rsp 00007fffe608c6b8, rbp 00007fffe608cc90
   rsi 000000000000000b, rdi 000000000000a687, r8  00002b675aee76c0
   r9  0000000000000000, r10 00007fffe608c440, r11 0000000000000206
   r12 0000000000000000, r13 0000000000000000, r14 00007fffe608ccd8
   r15 0000000003bfc358
  --- traceback not available
gaussian.py:89 run WARNING Gaussian finished with return code 1
gaussian.py:148 verifyOutputFile ERROR Not all of the required keywords for success were found in the output file!
gaussian.py:189 writeInputFile INFO Writing gaussian input file None
gaussian.py:275 generateQMData INFO Trying GaussianMolM062X attempt 19 of 36 on molecule C=[C]C=C.
gaussian.py:168 verifyOutputFile INFO Successful GaussianMolM062X quantum result in /gss_gpfs_scratch/harms.n/QMscratch/ZQHGTWBTOVSLEJ-UHFFFAOYSA-u4.log
gaussian.py:278 generateQMData INFO Attempt 19 of 36 on species InChI=1S/C4H5/c1-3-4-2/h3H,1-2H2/u4 succeeded.
symmetry.py:221 writeInputFile INFO Symmetry input file written to /gss_gpfs_scratch/harms.n/QMscratch/ZQHGTWBTOVSLEJ-UHFFFAOYSA-u4.symm
symmetry.py:188 parse INFO Point group: Cs
gaussian.py:168 verifyOutputFile INFO Successful GaussianMolM062X quantum result in /gss_gpfs_scratch/harms.n/QMscratch/MYMOFIZGZYHOMD-UHFFFAOYSA-u1,2.log
gaussian.py:268 generateQMData INFO Found a successful output file; using that.
symmetry.py:221 writeInputFile INFO Symmetry input file written to /gss_gpfs_scratch/harms.n/QMscratch/MYMOFIZGZYHOMD-UHFFFAOYSA-u1,2.symm
symmetry.py:188 parse INFO Point group: Dinfh
gaussian.py:168 verifyOutputFile INFO Successful GaussianMolM062X quantum result in /gss_gpfs_scratch/harms.n/QMscratch/OUUQCZGPVNCOIJ-UHFFFAOYSA-u2.log
gaussian.py:268 generateQMData INFO Found a successful output file; using that.
symmetry.py:221 writeInputFile INFO Symmetry input file written to /gss_gpfs_scratch/harms.n/QMscratch/OUUQCZGPVNCOIJ-UHFFFAOYSA-u2.symm
symmetry.py:188 parse INFO Point group: Cs
gaussian.py:168 verifyOutputFile INFO Successful GaussianMolM062X quantum result in /gss_gpfs_scratch/harms.n/QMscratch/WXBUKAPYXQZTGS-UHFFFAOYSA-u1,4.log
gaussian.py:268 generateQMData INFO Found a successful output file; using that.
symmetry.py:221 writeInputFile INFO Symmetry input file written to /gss_gpfs_scratch/harms.n/QMscratch/WXBUKAPYXQZTGS-UHFFFAOYSA-u1,4.symm
symmetry.py:188 parse INFO Point group: Cs
CanTherm execution initiated at Wed Aug  2 03:20:01 2017

###############################################################
#                                                             #
#                          CanTherm                           #
#                                                             #
#   Version: 0.1.0 (14 May 2009)                              #
#   Authors: RMG Developers (rmg_dev@mit.edu)                 #
#   P.I.:    William H. Green (whgreen@mit.edu)               #
#   Website: http://rmg.sourceforge.net/                      #
#                                                             #
###############################################################

Loading species ZQHGTWBTOVSLEJ-UHFFFAOYSA-u4...
Loading species MYMOFIZGZYHOMD-UHFFFAOYSA-u1,2...
Loading species OUUQCZGPVNCOIJ-UHFFFAOYSA-u2...
Loading species WXBUKAPYXQZTGS-UHFFFAOYSA-u1,4...
Loading transition state TS...
Loading reaction C=[C]C=C+[O][O]_[CH]=C[C]=C+[O]O...


Loading statistical mechanics parameters for ZQHGTWBTOVSLEJ-UHFFFAOYSA-u4...
Warning: No bond energy correction found for model chemistry: M062X/MG3S
Saving statistical mechanics parameters for ZQHGTWBTOVSLEJ-UHFFFAOYSA-u4...
Loading statistical mechanics parameters for MYMOFIZGZYHOMD-UHFFFAOYSA-u1,2...
Warning: No bond energy correction found for model chemistry: M062X/MG3S
Saving statistical mechanics parameters for MYMOFIZGZYHOMD-UHFFFAOYSA-u1,2...
Loading statistical mechanics parameters for OUUQCZGPVNCOIJ-UHFFFAOYSA-u2...
Warning: No bond energy correction found for model chemistry: M062X/MG3S
Saving statistical mechanics parameters for OUUQCZGPVNCOIJ-UHFFFAOYSA-u2...
Loading statistical mechanics parameters for WXBUKAPYXQZTGS-UHFFFAOYSA-u1,4...
Warning: No bond energy correction found for model chemistry: M062X/MG3S
Saving statistical mechanics parameters for WXBUKAPYXQZTGS-UHFFFAOYSA-u1,4...
Loading statistical mechanics parameters for TS...
Warning: No bond energy correction found for model chemistry: M062X/MG3S
Saving statistical mechanics parameters for TS...
Generating Arrhenius kinetics model for Arrhenius...
One or both of the barrier heights of -24.6743 and 226.538 kJ/mol encountered in Eckart method are invalid.
Removing 'core*' files
Boo, reaction kinetics not calculated!!!
For reaction Reaction(reactants=[Molecule(SMILES="C=[C]C=C"), Molecule(SMILES="[O][O]")], products=[Molecule(SMILES="[O]O"), Molecule(SMILES="[CH]=C[C]=C")], degeneracy=4, pairs=[[Molecule(SMILES="C=[C]C=C"), Molecule(SMILES="[CH]=C[C]=C")], [Molecule(SMILES="[O][O]"), Molecule(SMILES="[O]O")]])
Warning: Couldn't calculate kinetics.
