comparerTST.py:41 <module> INFO RUNNING WITH JOB NUMBER i = 157
comparerTST.py:45 <module> INFO Loading RMG Database ...
comparerTST.py:48 <module> INFO /home/harms.n/Code/RMG-database/input
thermo.py:760 loadLibraries INFO Loading thermodynamics library from thermo_DFT_CCSDTF12_BAC.py in /home/harms.n/Code/RMG-database/input/thermo/libraries...
thermo.py:760 loadLibraries INFO Loading thermodynamics library from CBS_QB3_1dHR.py in /home/harms.n/Code/RMG-database/input/thermo/libraries...
thermo.py:760 loadLibraries INFO Loading thermodynamics library from primaryThermoLibrary.py in /home/harms.n/Code/RMG-database/input/thermo/libraries...
thermo.py:760 loadLibraries INFO Loading thermodynamics library from KlippensteinH2O2.py in /home/harms.n/Code/RMG-database/input/thermo/libraries...
thermo.py:774 loadGroups INFO Loading thermodynamics group database from /home/harms.n/Code/RMG-database/input/thermo/groups...
transport.py:294 loadGroups INFO Loading transport group database from /home/harms.n/Code/RMG-database/input/transport/groups...
database.py:165 loadFamilies INFO Loading the user-specified kinetics families from /home/harms.n/Code/RMG-database/input/kinetics/families
statmech.py:526 loadGroups INFO Loading frequencies group database from /home/harms.n/Code/RMG-database/input/statmech/groups...
comparerTST.py:57 <module> INFO RMG Database Loaded
comparerTST.py:81 <module> INFO generateReactionsFromFamilies successfuly performed
comparerTST.py:141 performCalcs INFO chemkinRxn: Reaction(reactants=[Molecule(SMILES="[O][O]"), Molecule(SMILES="C#CC=C")], products=[Molecule(SMILES="[O]O"), Molecule(SMILES="C#C[C]=C")], degeneracy=2, pairs=[[Molecule(SMILES="[O][O]"), Molecule(SMILES="[O]O")], [Molecule(SMILES="C#CC=C"), Molecule(SMILES="C#C[C]=C")]])
comparerTST.py:143 performCalcs INFO Ensuring resonance isomers have been generated
<type 'rmgpy.molecule.molecule.Molecule'>
<type 'rmgpy.molecule.molecule.Molecule'>
<type 'rmgpy.molecule.molecule.Molecule'>
<type 'rmgpy.molecule.molecule.Molecule'>
[Molecule(SMILES="[O][O]"), Molecule(SMILES="C#CC=C")]
[Molecule(SMILES="[O]O"), Molecule(SMILES="C#C[C]=C")]
comparerTST.py:162 performCalcs INFO Generated one reaction:
comparerTST.py:163 performCalcs INFO [Reaction(reactants=[Molecule(SMILES="[O][O]"), Molecule(SMILES="C#CC=C")], products=[Molecule(SMILES="[O]O"), Molecule(SMILES="C#C[C]=C")], degeneracy=2, pairs=[[Molecule(SMILES="[O][O]"), Molecule(SMILES="[O]O")], [Molecule(SMILES="C#CC=C"), Molecule(SMILES="C#C[C]=C")]])]
comparerTST.py:172 performCalcs INFO The reaction of interest is as follows: 
comparerTST.py:173 performCalcs INFO <Molecule "[O][O]"> + <Molecule "C#CC=C"> <=> <Molecule "[O]O"> + <Molecule "C#C[C]=C">
comparerTST.py:175 performCalcs INFO asserting that the testReaction is Isomorphic
comparerTST.py:177 performCalcs INFO reaction: Reaction(reactants=[Molecule(SMILES="[O][O]"), Molecule(SMILES="C#CC=C")], products=[Molecule(SMILES="[O]O"), Molecule(SMILES="C#C[C]=C")], degeneracy=2, pairs=[[Molecule(SMILES="[O][O]"), Molecule(SMILES="[O]O")], [Molecule(SMILES="C#CC=C"), Molecule(SMILES="C#C[C]=C")]])
comparerTST.py:183 performCalcs INFO Labeling reactant atoms
comparerTST.py:193 performCalcs INFO Labeling product atoms
comparerTST.py:209 performCalcs INFO We have generated a H_Abstraction reaction that matches, and used it to label the atoms.
comparerTST.py:211 performCalcs INFO Calculating reaction kinetics
comparerTST.py:119 calculate INFO Calculating reaction rate for <Molecule "[O][O]"> + <Molecule "C#CC=C"> <=> <Molecule "[O]O"> + <Molecule "C#C[C]=C">
comparerTST.py:121 calculate INFO Selecting the appropriate TS distance database for family 'H_Abstraction'
comparerTST.py:123 calculate INFO Calculating kinetic data by calling qmCalc.getKineticData
reaction.py:619 loadKineticsData INFO Kinetics results file /gss_gpfs_scratch/harms.n/QMfiles/C#CC=C+[O][O]_C#C[C]=C+[O]O.kinetics does not exist or is invalid
reaction.py:520 generateTSGeometryDirectGuess INFO Generating a TS geometry via the direct guess method
reaction.py:300 generateBoundsMatrix INFO Generating bounds matrix for C#CC=C.[O][O]
reaction.py:338 bmPreEdit INFO Changing lower limit 2.517238 to 2.457494
reaction.py:338 bmPreEdit INFO Changing lower limit 3.65 to 3.16906937707
reaction.py:338 bmPreEdit INFO Changing lower limit 3.65 to 3.26937714163
reaction.py:338 bmPreEdit INFO Changing lower limit 2.60037475853 to 2.56037475853
reaction.py:338 bmPreEdit INFO Changing lower limit 2.9 to 2.368936
reaction.py:338 bmPreEdit INFO Changing lower limit 2.22380768291 to 2.18380768291
reaction.py:561 generateTSGeometryDirectGuess INFO TS estimate made. About to try the search...
reaction.py:426 optimizeTS INFO Starting optimization steps of the TS search.
gaussian.py:535 optEstimate INFO Running loose optimization of TS with frozen center
gaussian.py:541 optEstimate INFO Output file /gss_gpfs_scratch/harms.n/QMscratch/C#CC=C+[O][O]_C#C[C]=C+[O]OEst.log exists.
gaussian.py:702 checkComplete INFO Checking file /gss_gpfs_scratch/harms.n/QMscratch/C#CC=C+[O][O]_C#C[C]=C+[O]OEst.log is complete
gaussian.py:729 checkComplete INFO IRC file /gss_gpfs_scratch/harms.n/QMscratch/C#CC=C+[O][O]_C#C[C]=C+[O]OEst.log is complete
gaussian.py:543 optEstimate INFO Existing output file looks complete, so using it instead of re-running.
gaussian.py:590 optRxnCenter INFO Optimization of TS reaction center distances
gaussian.py:189 writeInputFile INFO Writing gaussian input file /gss_gpfs_scratch/harms.n/QMscratch/C#CC=C+[O][O]_C#C[C]=C+[O]ORxnC.gjf
Error: segmentation violation
   rax 0000000000000000, rbx ffffffffffffffff, rcx ffffffffffffffff
   rdx 0000000000000f20, rsp 00007fff8767a478, rbp 00007fff8767aa50
   rsi 000000000000000b, rdi 0000000000000f20, r8  00002b6c6ac8f6c0
   r9  0000000000000000, r10 00007fff8767a200, r11 0000000000000206
   r12 0000000000000000, r13 0000000000000000, r14 00007fff8767aa98
   r15 0000000000000058
  --- traceback not available
gaussian.py:680 runAlt WARNING Gaussian finished with return code 1
reaction.py:443 optimizeTS INFO Optimizing TS attempt 1
gaussian.py:485 createInputFile INFO Creating input file
gaussian.py:189 writeInputFile INFO Writing gaussian input file None
Error: segmentation violation
   rax 0000000000000000, rbx ffffffffffffffff, rcx ffffffffffffffff
   rdx 00000000000014d1, rsp 00007fffff0685c8, rbp 00007fffff068ba0
   rsi 000000000000000b, rdi 00000000000014d1, r8  00002b19d94d86c0
   r9  0000000000000000, r10 00007fffff068350, r11 0000000000000202
   r12 0000000000000000, r13 0000000000000000, r14 00007fffff068be8
   r15 00002b19da076120
  --- traceback not available
gaussian.py:89 run WARNING Gaussian finished with return code 1
gaussian.py:748 verifyOutputFile INFO Verifying output file /gss_gpfs_scratch/harms.n/QMscratch/C#CC=C+[O][O]_C#C[C]=C+[O]O.log
gaussian.py:763 verifyOutputFile ERROR Gaussian output file contains the following error: Error in internal coordinate system.
gaussian.py:763 verifyOutputFile ERROR Gaussian output file contains the following error: Error termination
reaction.py:452 optimizeTS INFO Optimizing TS attempt 2
gaussian.py:485 createInputFile INFO Creating input file
gaussian.py:189 writeInputFile INFO Writing gaussian input file None
Error: segmentation violation
   rax 0000000000000000, rbx ffffffffffffffff, rcx ffffffffffffffff
   rdx 000000000000395a, rsp 00007fff656a1a98, rbp 00007fff656a2070
   rsi 000000000000000b, rdi 000000000000395a, r8  00002b1599f656c0
   r9  0000000000000000, r10 00007fff656a1820, r11 0000000000000202
   r12 0000000000000000, r13 0000000000000000, r14 00007fff656a20b8
   r15 0000000000000058
  --- traceback not available
gaussian.py:89 run WARNING Gaussian finished with return code 1
gaussian.py:748 verifyOutputFile INFO Verifying output file /gss_gpfs_scratch/harms.n/QMscratch/C#CC=C+[O][O]_C#C[C]=C+[O]O.log
gaussian.py:763 verifyOutputFile ERROR Gaussian output file contains the following error: Error termination
gaussian.py:763 verifyOutputFile ERROR Gaussian output file contains the following error: Error termination
gaussian.py:702 checkComplete INFO Checking file /gss_gpfs_scratch/harms.n/QMscratch/C#CC=C+[O][O]_C#C[C]=C+[O]OIRC.log is complete
gaussian.py:729 checkComplete INFO IRC file /gss_gpfs_scratch/harms.n/QMscratch/C#CC=C+[O][O]_C#C[C]=C+[O]OIRC.log is complete
gaussian.py:843 verifyIRCOutputFile INFO Verifying the IRC output file /gss_gpfs_scratch/harms.n/QMscratch/C#CC=C+[O][O]_C#C[C]=C+[O]OIRC.log
gaussian.py:878 verifyIRCOutputFile INFO Checking if all the success keywords are found in the file.
gaussian.py:880 verifyIRCOutputFile ERROR Not all of the required keywords for success were found in the IRC output file!
gaussian.py:702 checkComplete INFO Checking file /gss_gpfs_scratch/harms.n/QMscratch/C#CC=C+[O][O]_C#C[C]=C+[O]OIRC.log is complete
gaussian.py:729 checkComplete INFO IRC file /gss_gpfs_scratch/harms.n/QMscratch/C#CC=C+[O][O]_C#C[C]=C+[O]OIRC.log is complete
reaction.py:842 generateKineticData WARNING Couldn't find transition state. Not using TST
comparerTST.py:125 calculate INFO Removing 'core*' files
comparerTST.py:136 calculate INFO Boo, reaction kinetics not calculated!!!
comparerTST.py:214 performCalcs INFO For reaction Reaction(reactants=[Molecule(SMILES="[O][O]"), Molecule(SMILES="C#CC=C")], products=[Molecule(SMILES="[O]O"), Molecule(SMILES="C#C[C]=C")], degeneracy=2, pairs=[[Molecule(SMILES="[O][O]"), Molecule(SMILES="[O]O")], [Molecule(SMILES="C#CC=C"), Molecule(SMILES="C#C[C]=C")]])
comparerTST.py:219 performCalcs WARNING Couldn't calculate kinetics.
