comparerTST.py:41 <module> INFO RUNNING WITH JOB NUMBER i = 337
comparerTST.py:45 <module> INFO Loading RMG Database ...
comparerTST.py:48 <module> INFO /home/harms.n/Code/RMG-database/input
thermo.py:760 loadLibraries INFO Loading thermodynamics library from thermo_DFT_CCSDTF12_BAC.py in /home/harms.n/Code/RMG-database/input/thermo/libraries...
thermo.py:760 loadLibraries INFO Loading thermodynamics library from CBS_QB3_1dHR.py in /home/harms.n/Code/RMG-database/input/thermo/libraries...
thermo.py:760 loadLibraries INFO Loading thermodynamics library from primaryThermoLibrary.py in /home/harms.n/Code/RMG-database/input/thermo/libraries...
thermo.py:760 loadLibraries INFO Loading thermodynamics library from KlippensteinH2O2.py in /home/harms.n/Code/RMG-database/input/thermo/libraries...
thermo.py:774 loadGroups INFO Loading thermodynamics group database from /home/harms.n/Code/RMG-database/input/thermo/groups...
transport.py:294 loadGroups INFO Loading transport group database from /home/harms.n/Code/RMG-database/input/transport/groups...
database.py:165 loadFamilies INFO Loading the user-specified kinetics families from /home/harms.n/Code/RMG-database/input/kinetics/families
statmech.py:526 loadGroups INFO Loading frequencies group database from /home/harms.n/Code/RMG-database/input/statmech/groups...
comparerTST.py:57 <module> INFO RMG Database Loaded
comparerTST.py:81 <module> INFO generateReactionsFromFamilies successfuly performed
comparerTST.py:141 performCalcs INFO chemkinRxn: Reaction(reactants=[Molecule(SMILES="C=C(C)CO"), Molecule(SMILES="[O]O")], products=[Molecule(SMILES="OO"), Molecule(SMILES="C=C(C)[CH]O")], degeneracy=2, pairs=[[Molecule(SMILES="C=C(C)CO"), Molecule(SMILES="C=C(C)[CH]O")], [Molecule(SMILES="[O]O"), Molecule(SMILES="OO")]])
comparerTST.py:143 performCalcs INFO Ensuring resonance isomers have been generated
<type 'rmgpy.molecule.molecule.Molecule'>
<type 'rmgpy.molecule.molecule.Molecule'>
<type 'rmgpy.molecule.molecule.Molecule'>
<type 'rmgpy.molecule.molecule.Molecule'>
[Molecule(SMILES="C=C(C)CO"), Molecule(SMILES="[O]O")]
[Molecule(SMILES="OO"), Molecule(SMILES="C=C(C)[CH]O")]
comparerTST.py:162 performCalcs INFO Generated one reaction:
comparerTST.py:163 performCalcs INFO [Reaction(reactants=[Molecule(SMILES="C=C(C)CO"), Molecule(SMILES="[O]O")], products=[Molecule(SMILES="OO"), Molecule(SMILES="C=C(C)[CH]O")], degeneracy=2, pairs=[[Molecule(SMILES="C=C(C)CO"), Molecule(SMILES="C=C(C)[CH]O")], [Molecule(SMILES="[O]O"), Molecule(SMILES="OO")]])]
comparerTST.py:172 performCalcs INFO The reaction of interest is as follows: 
comparerTST.py:173 performCalcs INFO <Molecule "C=C(C)CO"> + <Molecule "[O]O"> <=> <Molecule "OO"> + <Molecule "C=C(C)[CH]O">
comparerTST.py:175 performCalcs INFO asserting that the testReaction is Isomorphic
comparerTST.py:177 performCalcs INFO reaction: Reaction(reactants=[Molecule(SMILES="C=C(C)CO"), Molecule(SMILES="[O]O")], products=[Molecule(SMILES="OO"), Molecule(SMILES="C=C(C)[CH]O")], degeneracy=2, pairs=[[Molecule(SMILES="C=C(C)CO"), Molecule(SMILES="C=C(C)[CH]O")], [Molecule(SMILES="[O]O"), Molecule(SMILES="OO")]])
comparerTST.py:183 performCalcs INFO Labeling reactant atoms
comparerTST.py:193 performCalcs INFO Labeling product atoms
comparerTST.py:209 performCalcs INFO We have generated a H_Abstraction reaction that matches, and used it to label the atoms.
comparerTST.py:211 performCalcs INFO Calculating reaction kinetics
comparerTST.py:119 calculate INFO Calculating reaction rate for <Molecule "C=C(C)CO"> + <Molecule "[O]O"> <=> <Molecule "OO"> + <Molecule "C=C(C)[CH]O">
comparerTST.py:121 calculate INFO Selecting the appropriate TS distance database for family 'H_Abstraction'
comparerTST.py:123 calculate INFO Calculating kinetic data by calling qmCalc.getKineticData
reaction.py:96 loadKineticsDataFile INFO Reading existing kinetics file /gss_gpfs_scratch/harms.n/QMfiles/C=C(C)CO+[O]O_C=C(C)[CH]O+OO.kinetics
comparerTST.py:125 calculate INFO Removing 'core*' files
comparerTST.py:133 calculate INFO Yay, reaction kinetics calculated!!!
comparerTST.py:134 calculate INFO Reaction(label='C=C(C)CO+[O]O_C=C(C)[CH]O+OO', reactants=[Species(label="BYDRTKVGBRTTIT-UHFFFAOYSA", conformer=Conformer(E0=(-172.504,'kJ/mol'), modes=[IdealGasTranslation(mass=(72.0575,'amu')), NonlinearRotor(inertia=([64.6523,126.186,172.278],'amu*angstrom^2'), symmetry=1), HarmonicOscillator(frequencies=([86.2921,166.68,257.975,272.493,392.556,418.97,554.704,714.02,820.583,940.08,960.522,968.89,1035.65,1071.77,1093.23,1205.13,1242.22,1305.21,1386.19,1412.72,1440,1453.29,1472.93,1492.04,1718.86,2964.44,2987.21,3017.2,3050.98,3088.8,3090.81,3170.73,3857.36],'cm^-1'))])), Species(label="OUUQCZGPVNCOIJ-UHFFFAOYSA-u2", conformer=Conformer(E0=(6.19549,'kJ/mol'), modes=[IdealGasTranslation(mass=(32.9977,'amu')), NonlinearRotor(inertia=([0.800947,14.5112,15.3121],'amu*angstrom^2'), symmetry=1), HarmonicOscillator(frequencies=([1245.9,1447.19,3645.15],'cm^-1'))], spinMultiplicity=2))], products=[Species(label="BMXLPXAAAHFOAB-UHFFFAOYSA-u3", conformer=Conformer(E0=(-54.311,'kJ/mol'), modes=[IdealGasTranslation(mass=(71.0497,'amu')), NonlinearRotor(inertia=([57.081,122.894,176.881],'amu*angstrom^2'), symmetry=1), HarmonicOscillator(frequencies=([100.823,206.902,248.693,291.303,400.166,465.375,549.449,580.586,673.253,767.626,839.585,949.567,985.619,1038.73,1183.83,1230.58,1285.32,1366.74,1406.09,1455.74,1460.78,1493.03,1527.97,2999.67,3057.99,3090.08,3096.77,3143,3187.99,3861.1],'cm^-1'))], spinMultiplicity=2)), Species(label="MHAJPDPJQMAIIY-UHFFFAOYSA", conformer=Conformer(E0=(-134.382,'kJ/mol'), modes=[IdealGasTranslation(mass=(34.0055,'amu')), NonlinearRotor(inertia=([1.63801,18.4022,19.029],'amu*angstrom^2'), symmetry=1), HarmonicOscillator(frequencies=([378.1,1029.14,1344.99,1458.5,3786.54,3787.27],'cm^-1'))]))], kinetics=Arrhenius(A=(8.04843e-06,'cm^3/(mol*s)'), n=4.79274, Ea=(14.1732,'kJ/mol'), T0=(1,'K'), Tmin=(303.03,'K'), Tmax=(2500,'K'), comment="""Fitted to 59 data points; dA = *|/ 1.74322, dn = +|- 0.0729353, dEa = +|- 0.401217 kJ/mol"""), transitionState=TransitionState(label="TS", conformer=Conformer(E0=(-130.46,'kJ/mol'), modes=[IdealGasTranslation(mass=(105.055,'amu')), NonlinearRotor(inertia=([127.332,370.844,391.293],'amu*angstrom^2'), symmetry=1), HarmonicOscillator(frequencies=([59.2639,90.9537,121.927,172.932,193.613,262.698,309.322,350.103,418.943,458.693,523.731,548.992,590.605,705.7,826.31,939.418,954.407,975.442,1024.63,1061.04,1096.78,1164.9,1229,1284.35,1302.85,1380.09,1396.73,1404.49,1430.85,1456.79,1470.02,1519.89,1688.06,2992.74,3019,3053.69,3088.21,3105.31,3189.62,3743.95,3788.81],'cm^-1'))], spinMultiplicity=2), frequency=(-1607.39,'cm^-1'), tunneling=Eckart(frequency=(-1607.39,'cm^-1'), E0_reac=(-166.309,'kJ/mol'), E0_TS=(-130.46,'kJ/mol'), E0_prod=(-188.693,'kJ/mol'))))
comparerTST.py:214 performCalcs INFO For reaction Reaction(label='C=C(C)CO+[O]O_C=C(C)[CH]O+OO', reactants=[Species(label="BYDRTKVGBRTTIT-UHFFFAOYSA", conformer=Conformer(E0=(-172.504,'kJ/mol'), modes=[IdealGasTranslation(mass=(72.0575,'amu')), NonlinearRotor(inertia=([64.6523,126.186,172.278],'amu*angstrom^2'), symmetry=1), HarmonicOscillator(frequencies=([86.2921,166.68,257.975,272.493,392.556,418.97,554.704,714.02,820.583,940.08,960.522,968.89,1035.65,1071.77,1093.23,1205.13,1242.22,1305.21,1386.19,1412.72,1440,1453.29,1472.93,1492.04,1718.86,2964.44,2987.21,3017.2,3050.98,3088.8,3090.81,3170.73,3857.36],'cm^-1'))])), Species(label="OUUQCZGPVNCOIJ-UHFFFAOYSA-u2", conformer=Conformer(E0=(6.19549,'kJ/mol'), modes=[IdealGasTranslation(mass=(32.9977,'amu')), NonlinearRotor(inertia=([0.800947,14.5112,15.3121],'amu*angstrom^2'), symmetry=1), HarmonicOscillator(frequencies=([1245.9,1447.19,3645.15],'cm^-1'))], spinMultiplicity=2))], products=[Species(label="BMXLPXAAAHFOAB-UHFFFAOYSA-u3", conformer=Conformer(E0=(-54.311,'kJ/mol'), modes=[IdealGasTranslation(mass=(71.0497,'amu')), NonlinearRotor(inertia=([57.081,122.894,176.881],'amu*angstrom^2'), symmetry=1), HarmonicOscillator(frequencies=([100.823,206.902,248.693,291.303,400.166,465.375,549.449,580.586,673.253,767.626,839.585,949.567,985.619,1038.73,1183.83,1230.58,1285.32,1366.74,1406.09,1455.74,1460.78,1493.03,1527.97,2999.67,3057.99,3090.08,3096.77,3143,3187.99,3861.1],'cm^-1'))], spinMultiplicity=2)), Species(label="MHAJPDPJQMAIIY-UHFFFAOYSA", conformer=Conformer(E0=(-134.382,'kJ/mol'), modes=[IdealGasTranslation(mass=(34.0055,'amu')), NonlinearRotor(inertia=([1.63801,18.4022,19.029],'amu*angstrom^2'), symmetry=1), HarmonicOscillator(frequencies=([378.1,1029.14,1344.99,1458.5,3786.54,3787.27],'cm^-1'))]))], kinetics=Arrhenius(A=(8.04843e-06,'cm^3/(mol*s)'), n=4.79274, Ea=(14.1732,'kJ/mol'), T0=(1,'K'), Tmin=(303.03,'K'), Tmax=(2500,'K'), comment="""Fitted to 59 data points; dA = *|/ 1.74322, dn = +|- 0.0729353, dEa = +|- 0.401217 kJ/mol"""), transitionState=TransitionState(label="TS", conformer=Conformer(E0=(-130.46,'kJ/mol'), modes=[IdealGasTranslation(mass=(105.055,'amu')), NonlinearRotor(inertia=([127.332,370.844,391.293],'amu*angstrom^2'), symmetry=1), HarmonicOscillator(frequencies=([59.2639,90.9537,121.927,172.932,193.613,262.698,309.322,350.103,418.943,458.693,523.731,548.992,590.605,705.7,826.31,939.418,954.407,975.442,1024.63,1061.04,1096.78,1164.9,1229,1284.35,1302.85,1380.09,1396.73,1404.49,1430.85,1456.79,1470.02,1519.89,1688.06,2992.74,3019,3053.69,3088.21,3105.31,3189.62,3743.95,3788.81],'cm^-1'))], spinMultiplicity=2), frequency=(-1607.39,'cm^-1'), tunneling=Eckart(frequency=(-1607.39,'cm^-1'), E0_reac=(-166.309,'kJ/mol'), E0_TS=(-130.46,'kJ/mol'), E0_prod=(-188.693,'kJ/mol'))))
comparerTST.py:216 performCalcs INFO We have calculated kinetics Arrhenius(A=(8.04843e-06,'cm^3/(mol*s)'), n=4.79274, Ea=(14.1732,'kJ/mol'), T0=(1,'K'), Tmin=(303.03,'K'), Tmax=(2500,'K'), comment="""Fitted to 59 data points; dA = *|/ 1.74322, dn = +|- 0.0729353, dEa = +|- 0.401217 kJ/mol""")
