comparerTST.py:41 <module> INFO RUNNING WITH JOB NUMBER i = 59
comparerTST.py:45 <module> INFO Loading RMG Database ...
comparerTST.py:48 <module> INFO /home/harms.n/Code/RMG-database/input
thermo.py:760 loadLibraries INFO Loading thermodynamics library from thermo_DFT_CCSDTF12_BAC.py in /home/harms.n/Code/RMG-database/input/thermo/libraries...
thermo.py:760 loadLibraries INFO Loading thermodynamics library from CBS_QB3_1dHR.py in /home/harms.n/Code/RMG-database/input/thermo/libraries...
thermo.py:760 loadLibraries INFO Loading thermodynamics library from primaryThermoLibrary.py in /home/harms.n/Code/RMG-database/input/thermo/libraries...
thermo.py:760 loadLibraries INFO Loading thermodynamics library from KlippensteinH2O2.py in /home/harms.n/Code/RMG-database/input/thermo/libraries...
thermo.py:774 loadGroups INFO Loading thermodynamics group database from /home/harms.n/Code/RMG-database/input/thermo/groups...
transport.py:294 loadGroups INFO Loading transport group database from /home/harms.n/Code/RMG-database/input/transport/groups...
database.py:165 loadFamilies INFO Loading the user-specified kinetics families from /home/harms.n/Code/RMG-database/input/kinetics/families
statmech.py:526 loadGroups INFO Loading frequencies group database from /home/harms.n/Code/RMG-database/input/statmech/groups...
comparerTST.py:57 <module> INFO RMG Database Loaded
comparerTST.py:81 <module> INFO generateReactionsFromFamilies successfuly performed
comparerTST.py:141 performCalcs INFO chemkinRxn: Reaction(reactants=[Molecule(SMILES="CO"), Molecule(SMILES="[O]O")], products=[Molecule(SMILES="OO"), Molecule(SMILES="[CH2]O")], degeneracy=3, pairs=[[Molecule(SMILES="CO"), Molecule(SMILES="[CH2]O")], [Molecule(SMILES="[O]O"), Molecule(SMILES="OO")]])
comparerTST.py:143 performCalcs INFO Ensuring resonance isomers have been generated
<type 'rmgpy.molecule.molecule.Molecule'>
<type 'rmgpy.molecule.molecule.Molecule'>
<type 'rmgpy.molecule.molecule.Molecule'>
<type 'rmgpy.molecule.molecule.Molecule'>
[Molecule(SMILES="CO"), Molecule(SMILES="[O]O")]
[Molecule(SMILES="OO"), Molecule(SMILES="[CH2]O")]
comparerTST.py:162 performCalcs INFO Generated one reaction:
comparerTST.py:163 performCalcs INFO [Reaction(reactants=[Molecule(SMILES="CO"), Molecule(SMILES="[O]O")], products=[Molecule(SMILES="OO"), Molecule(SMILES="[CH2]O")], degeneracy=3, pairs=[[Molecule(SMILES="CO"), Molecule(SMILES="[CH2]O")], [Molecule(SMILES="[O]O"), Molecule(SMILES="OO")]])]
comparerTST.py:172 performCalcs INFO The reaction of interest is as follows: 
comparerTST.py:173 performCalcs INFO <Molecule "CO"> + <Molecule "[O]O"> <=> <Molecule "OO"> + <Molecule "[CH2]O">
comparerTST.py:175 performCalcs INFO asserting that the testReaction is Isomorphic
comparerTST.py:177 performCalcs INFO reaction: Reaction(reactants=[Molecule(SMILES="CO"), Molecule(SMILES="[O]O")], products=[Molecule(SMILES="OO"), Molecule(SMILES="[CH2]O")], degeneracy=3, pairs=[[Molecule(SMILES="CO"), Molecule(SMILES="[CH2]O")], [Molecule(SMILES="[O]O"), Molecule(SMILES="OO")]])
comparerTST.py:183 performCalcs INFO Labeling reactant atoms
comparerTST.py:193 performCalcs INFO Labeling product atoms
comparerTST.py:209 performCalcs INFO We have generated a H_Abstraction reaction that matches, and used it to label the atoms.
comparerTST.py:211 performCalcs INFO Calculating reaction kinetics
comparerTST.py:119 calculate INFO Calculating reaction rate for <Molecule "CO"> + <Molecule "[O]O"> <=> <Molecule "OO"> + <Molecule "[CH2]O">
comparerTST.py:121 calculate INFO Selecting the appropriate TS distance database for family 'H_Abstraction'
comparerTST.py:123 calculate INFO Calculating kinetic data by calling qmCalc.getKineticData
reaction.py:96 loadKineticsDataFile INFO Reading existing kinetics file /gss_gpfs_scratch/harms.n/QMfiles/CO+[O]O_OO+[CH2]O.kinetics
comparerTST.py:125 calculate INFO Removing 'core*' files
comparerTST.py:133 calculate INFO Yay, reaction kinetics calculated!!!
comparerTST.py:134 calculate INFO Reaction(label='CO+[O]O_OO+[CH2]O', reactants=[Species(label="OUUQCZGPVNCOIJ-UHFFFAOYSA-u2", conformer=Conformer(E0=(6.19549,'kJ/mol'), modes=[IdealGasTranslation(mass=(32.9977,'amu')), NonlinearRotor(inertia=([0.800947,14.5112,15.3121],'amu*angstrom^2'), symmetry=1), HarmonicOscillator(frequencies=([1245.9,1447.19,3645.15],'cm^-1'))], spinMultiplicity=2)), Species(label="OKKJLVBELUTLKV-UHFFFAOYSA", conformer=Conformer(E0=(-207.832,'kJ/mol'), modes=[IdealGasTranslation(mass=(32.0262,'amu')), NonlinearRotor(inertia=([3.91331,20.2153,20.9368],'amu*angstrom^2'), symmetry=1), HarmonicOscillator(frequencies=([338.275,1054.1,1098.17,1161.11,1350.36,1461.7,1479.11,1495.57,2975.6,3031.19,3078.47,3860.16],'cm^-1'))]))], products=[Species(label="CBOIHMRHGLHBPB-UHFFFAOYSA-u1", conformer=Conformer(E0=(-27.3863,'kJ/mol'), modes=[IdealGasTranslation(mass=(31.0184,'amu')), NonlinearRotor(inertia=([2.59179,16.7441,19.1613],'amu*angstrom^2'), symmetry=1), HarmonicOscillator(frequencies=([408.541,565.454,1044.86,1217.62,1338.11,1469.39,3095.45,3229.03,3849.82],'cm^-1'))], spinMultiplicity=2)), Species(label="MHAJPDPJQMAIIY-UHFFFAOYSA", conformer=Conformer(E0=(-134.382,'kJ/mol'), modes=[IdealGasTranslation(mass=(34.0055,'amu')), NonlinearRotor(inertia=([1.63801,18.4022,19.029],'amu*angstrom^2'), symmetry=1), HarmonicOscillator(frequencies=([378.1,1029.14,1344.99,1458.5,3786.54,3787.27],'cm^-1'))]))], kinetics=Arrhenius(A=(8.65209e-05,'cm^3/(mol*s)'), n=4.75281, Ea=(41.0752,'kJ/mol'), T0=(1,'K'), Tmin=(303.03,'K'), Tmax=(2500,'K'), comment="""Fitted to 59 data points; dA = *|/ 1.49501, dn = +|- 0.0527765, dEa = +|- 0.290324 kJ/mol"""), transitionState=TransitionState(label="TS", conformer=Conformer(E0=(-138.348,'kJ/mol'), modes=[IdealGasTranslation(mass=(65.0239,'amu')), NonlinearRotor(inertia=([35.2314,131.679,149.186],'amu*angstrom^2'), symmetry=1), HarmonicOscillator(frequencies=([82.8589,120.726,184.126,376.64,420.396,564.935,604.706,1054.62,1073.37,1122.89,1162.99,1250.19,1349.14,1417.95,1455.2,1507.82,3027.77,3138.93,3741.5,3825.17],'cm^-1'))], spinMultiplicity=2), frequency=(-1908.34,'cm^-1'), tunneling=Eckart(frequency=(-1908.34,'cm^-1'), E0_reac=(-201.636,'kJ/mol'), E0_TS=(-138.348,'kJ/mol'), E0_prod=(-161.768,'kJ/mol'))))
comparerTST.py:214 performCalcs INFO For reaction Reaction(label='CO+[O]O_OO+[CH2]O', reactants=[Species(label="OUUQCZGPVNCOIJ-UHFFFAOYSA-u2", conformer=Conformer(E0=(6.19549,'kJ/mol'), modes=[IdealGasTranslation(mass=(32.9977,'amu')), NonlinearRotor(inertia=([0.800947,14.5112,15.3121],'amu*angstrom^2'), symmetry=1), HarmonicOscillator(frequencies=([1245.9,1447.19,3645.15],'cm^-1'))], spinMultiplicity=2)), Species(label="OKKJLVBELUTLKV-UHFFFAOYSA", conformer=Conformer(E0=(-207.832,'kJ/mol'), modes=[IdealGasTranslation(mass=(32.0262,'amu')), NonlinearRotor(inertia=([3.91331,20.2153,20.9368],'amu*angstrom^2'), symmetry=1), HarmonicOscillator(frequencies=([338.275,1054.1,1098.17,1161.11,1350.36,1461.7,1479.11,1495.57,2975.6,3031.19,3078.47,3860.16],'cm^-1'))]))], products=[Species(label="CBOIHMRHGLHBPB-UHFFFAOYSA-u1", conformer=Conformer(E0=(-27.3863,'kJ/mol'), modes=[IdealGasTranslation(mass=(31.0184,'amu')), NonlinearRotor(inertia=([2.59179,16.7441,19.1613],'amu*angstrom^2'), symmetry=1), HarmonicOscillator(frequencies=([408.541,565.454,1044.86,1217.62,1338.11,1469.39,3095.45,3229.03,3849.82],'cm^-1'))], spinMultiplicity=2)), Species(label="MHAJPDPJQMAIIY-UHFFFAOYSA", conformer=Conformer(E0=(-134.382,'kJ/mol'), modes=[IdealGasTranslation(mass=(34.0055,'amu')), NonlinearRotor(inertia=([1.63801,18.4022,19.029],'amu*angstrom^2'), symmetry=1), HarmonicOscillator(frequencies=([378.1,1029.14,1344.99,1458.5,3786.54,3787.27],'cm^-1'))]))], kinetics=Arrhenius(A=(8.65209e-05,'cm^3/(mol*s)'), n=4.75281, Ea=(41.0752,'kJ/mol'), T0=(1,'K'), Tmin=(303.03,'K'), Tmax=(2500,'K'), comment="""Fitted to 59 data points; dA = *|/ 1.49501, dn = +|- 0.0527765, dEa = +|- 0.290324 kJ/mol"""), transitionState=TransitionState(label="TS", conformer=Conformer(E0=(-138.348,'kJ/mol'), modes=[IdealGasTranslation(mass=(65.0239,'amu')), NonlinearRotor(inertia=([35.2314,131.679,149.186],'amu*angstrom^2'), symmetry=1), HarmonicOscillator(frequencies=([82.8589,120.726,184.126,376.64,420.396,564.935,604.706,1054.62,1073.37,1122.89,1162.99,1250.19,1349.14,1417.95,1455.2,1507.82,3027.77,3138.93,3741.5,3825.17],'cm^-1'))], spinMultiplicity=2), frequency=(-1908.34,'cm^-1'), tunneling=Eckart(frequency=(-1908.34,'cm^-1'), E0_reac=(-201.636,'kJ/mol'), E0_TS=(-138.348,'kJ/mol'), E0_prod=(-161.768,'kJ/mol'))))
comparerTST.py:216 performCalcs INFO We have calculated kinetics Arrhenius(A=(8.65209e-05,'cm^3/(mol*s)'), n=4.75281, Ea=(41.0752,'kJ/mol'), T0=(1,'K'), Tmin=(303.03,'K'), Tmax=(2500,'K'), comment="""Fitted to 59 data points; dA = *|/ 1.49501, dn = +|- 0.0527765, dEa = +|- 0.290324 kJ/mol""")
