comparerTST.py:41 <module> INFO RUNNING WITH JOB NUMBER i = 243
comparerTST.py:45 <module> INFO Loading RMG Database ...
comparerTST.py:48 <module> INFO /home/harms.n/Code/RMG-database/input
thermo.py:760 loadLibraries INFO Loading thermodynamics library from thermo_DFT_CCSDTF12_BAC.py in /home/harms.n/Code/RMG-database/input/thermo/libraries...
thermo.py:760 loadLibraries INFO Loading thermodynamics library from CBS_QB3_1dHR.py in /home/harms.n/Code/RMG-database/input/thermo/libraries...
thermo.py:760 loadLibraries INFO Loading thermodynamics library from primaryThermoLibrary.py in /home/harms.n/Code/RMG-database/input/thermo/libraries...
thermo.py:760 loadLibraries INFO Loading thermodynamics library from KlippensteinH2O2.py in /home/harms.n/Code/RMG-database/input/thermo/libraries...
thermo.py:774 loadGroups INFO Loading thermodynamics group database from /home/harms.n/Code/RMG-database/input/thermo/groups...
transport.py:294 loadGroups INFO Loading transport group database from /home/harms.n/Code/RMG-database/input/transport/groups...
database.py:165 loadFamilies INFO Loading the user-specified kinetics families from /home/harms.n/Code/RMG-database/input/kinetics/families
statmech.py:526 loadGroups INFO Loading frequencies group database from /home/harms.n/Code/RMG-database/input/statmech/groups...
comparerTST.py:57 <module> INFO RMG Database Loaded
comparerTST.py:81 <module> INFO generateReactionsFromFamilies successfuly performed
comparerTST.py:141 performCalcs INFO chemkinRxn: Reaction(reactants=[Molecule(SMILES="CC=CO"), Molecule(SMILES="[O]O")], products=[Molecule(SMILES="OO"), Molecule(SMILES="[CH2]C=CO")], degeneracy=3, pairs=[[Molecule(SMILES="CC=CO"), Molecule(SMILES="[CH2]C=CO")], [Molecule(SMILES="[O]O"), Molecule(SMILES="OO")]])
comparerTST.py:143 performCalcs INFO Ensuring resonance isomers have been generated
<type 'rmgpy.molecule.molecule.Molecule'>
<type 'rmgpy.molecule.molecule.Molecule'>
<type 'rmgpy.molecule.molecule.Molecule'>
<type 'rmgpy.molecule.molecule.Molecule'>
[Molecule(SMILES="CC=CO"), Molecule(SMILES="[O]O")]
[Molecule(SMILES="OO"), Molecule(SMILES="[CH2]C=CO")]
comparerTST.py:162 performCalcs INFO Generated one reaction:
comparerTST.py:163 performCalcs INFO [Reaction(reactants=[Molecule(SMILES="CC=CO"), Molecule(SMILES="[O]O")], products=[Molecule(SMILES="OO"), Molecule(SMILES="[CH2]C=CO")], degeneracy=3, pairs=[[Molecule(SMILES="CC=CO"), Molecule(SMILES="[CH2]C=CO")], [Molecule(SMILES="[O]O"), Molecule(SMILES="OO")]])]
comparerTST.py:172 performCalcs INFO The reaction of interest is as follows: 
comparerTST.py:173 performCalcs INFO <Molecule "CC=CO"> + <Molecule "[O]O"> <=> <Molecule "OO"> + <Molecule "[CH2]C=CO">
comparerTST.py:175 performCalcs INFO asserting that the testReaction is Isomorphic
comparerTST.py:177 performCalcs INFO reaction: Reaction(reactants=[Molecule(SMILES="CC=CO"), Molecule(SMILES="[O]O")], products=[Molecule(SMILES="OO"), Molecule(SMILES="[CH2]C=CO")], degeneracy=3, pairs=[[Molecule(SMILES="CC=CO"), Molecule(SMILES="[CH2]C=CO")], [Molecule(SMILES="[O]O"), Molecule(SMILES="OO")]])
comparerTST.py:183 performCalcs INFO Labeling reactant atoms
comparerTST.py:193 performCalcs INFO Labeling product atoms
comparerTST.py:209 performCalcs INFO We have generated a H_Abstraction reaction that matches, and used it to label the atoms.
comparerTST.py:211 performCalcs INFO Calculating reaction kinetics
comparerTST.py:119 calculate INFO Calculating reaction rate for <Molecule "CC=CO"> + <Molecule "[O]O"> <=> <Molecule "OO"> + <Molecule "[CH2]C=CO">
comparerTST.py:121 calculate INFO Selecting the appropriate TS distance database for family 'H_Abstraction'
comparerTST.py:123 calculate INFO Calculating kinetic data by calling qmCalc.getKineticData
reaction.py:619 loadKineticsData INFO Kinetics results file /gss_gpfs_scratch/harms.n/QMfiles/CC=CO+[O]O_OO+[CH2]C=CO.kinetics does not exist or is invalid
reaction.py:520 generateTSGeometryDirectGuess INFO Generating a TS geometry via the direct guess method
reaction.py:300 generateBoundsMatrix INFO Generating bounds matrix for CC=CO.[O]O
reaction.py:338 bmPreEdit INFO Changing lower limit 2.9 to 2.471329
reaction.py:338 bmPreEdit INFO Changing lower limit 2.537443 to 2.477557
reaction.py:338 bmPreEdit INFO Changing lower limit 3.65 to 3.31595655824
reaction.py:561 generateTSGeometryDirectGuess INFO TS estimate made. About to try the search...
reaction.py:426 optimizeTS INFO Starting optimization steps of the TS search.
gaussian.py:535 optEstimate INFO Running loose optimization of TS with frozen center
gaussian.py:189 writeInputFile INFO Writing gaussian input file /gss_gpfs_scratch/harms.n/QMscratch/CC=CO+[O]O_OO+[CH2]C=COEst.gjf
gaussian.py:590 optRxnCenter INFO Optimization of TS reaction center distances
gaussian.py:189 writeInputFile INFO Writing gaussian input file /gss_gpfs_scratch/harms.n/QMscratch/CC=CO+[O]O_OO+[CH2]C=CORxnC.gjf
reaction.py:443 optimizeTS INFO Optimizing TS attempt 1
gaussian.py:485 createInputFile INFO Creating input file
gaussian.py:189 writeInputFile INFO Writing gaussian input file None
gaussian.py:748 verifyOutputFile INFO Verifying output file /gss_gpfs_scratch/harms.n/QMscratch/CC=CO+[O]O_OO+[CH2]C=CO.log
gaussian.py:516 createIRCFile INFO Creating IRC file
gaussian.py:189 writeInputFile INFO Writing gaussian input file /gss_gpfs_scratch/harms.n/QMscratch/CC=CO+[O]O_OO+[CH2]C=COIRC.gjf
gaussian.py:685 runIRC INFO Running IRC
gaussian.py:843 verifyIRCOutputFile INFO Verifying the IRC output file /gss_gpfs_scratch/harms.n/QMscratch/CC=CO+[O]O_OO+[CH2]C=COIRC.log
gaussian.py:878 verifyIRCOutputFile INFO Checking if all the success keywords are found in the file.
reaction.py:570 saveTSData INFO Saving TS result file /gss_gpfs_scratch/harms.n/QMfiles/CC=CO+[O]O_OO+[CH2]C=CO.ts
gaussian.py:991 parse INFO Parsing the gaussian output /gss_gpfs_scratch/harms.n/QMscratch/CC=CO+[O]O_OO+[CH2]C=CO.log
gaussian.py:111 verifyOutputFile INFO Output file /gss_gpfs_scratch/harms.n/QMscratch/DOKHEARVIDLSFF-UHFFFAOYSA.log does not exist.
gaussian.py:189 writeInputFile INFO Writing gaussian input file None
gaussian.py:275 generateQMData INFO Trying GaussianMolM062X attempt 1 of 36 on molecule CC=CO.
gaussian.py:168 verifyOutputFile INFO Successful GaussianMolM062X quantum result in /gss_gpfs_scratch/harms.n/QMscratch/DOKHEARVIDLSFF-UHFFFAOYSA.log
gaussian.py:278 generateQMData INFO Attempt 1 of 36 on species InChI=1S/C3H6O/c1-2-3-4/h2-4H,1H3 succeeded.
symmetry.py:221 writeInputFile INFO Symmetry input file written to /gss_gpfs_scratch/harms.n/QMscratch/DOKHEARVIDLSFF-UHFFFAOYSA.symm
symmetry.py:188 parse INFO Point group: Cs
gaussian.py:168 verifyOutputFile INFO Successful GaussianMolM062X quantum result in /gss_gpfs_scratch/harms.n/QMscratch/OUUQCZGPVNCOIJ-UHFFFAOYSA-u2.log
gaussian.py:268 generateQMData INFO Found a successful output file; using that.
symmetry.py:221 writeInputFile INFO Symmetry input file written to /gss_gpfs_scratch/harms.n/QMscratch/OUUQCZGPVNCOIJ-UHFFFAOYSA-u2.symm
symmetry.py:188 parse INFO Point group: Cs
gaussian.py:168 verifyOutputFile INFO Successful GaussianMolM062X quantum result in /gss_gpfs_scratch/harms.n/QMscratch/MHAJPDPJQMAIIY-UHFFFAOYSA.log
gaussian.py:268 generateQMData INFO Found a successful output file; using that.
symmetry.py:221 writeInputFile INFO Symmetry input file written to /gss_gpfs_scratch/harms.n/QMscratch/MHAJPDPJQMAIIY-UHFFFAOYSA.symm
symmetry.py:188 parse INFO Point group: C2
gaussian.py:111 verifyOutputFile INFO Output file /gss_gpfs_scratch/harms.n/QMscratch/QEQNKLGVODEYBC-UHFFFAOYSA-u1.log does not exist.
gaussian.py:189 writeInputFile INFO Writing gaussian input file None
gaussian.py:275 generateQMData INFO Trying GaussianMolM062X attempt 1 of 36 on molecule [CH2]C=CO.
gaussian.py:168 verifyOutputFile INFO Successful GaussianMolM062X quantum result in /gss_gpfs_scratch/harms.n/QMscratch/QEQNKLGVODEYBC-UHFFFAOYSA-u1.log
gaussian.py:278 generateQMData INFO Attempt 1 of 36 on species InChI=1S/C3H5O/c1-2-3-4/h2-4H,1H2/u1 succeeded.
symmetry.py:221 writeInputFile INFO Symmetry input file written to /gss_gpfs_scratch/harms.n/QMscratch/QEQNKLGVODEYBC-UHFFFAOYSA-u1.symm
symmetry.py:188 parse INFO Point group: Cs
CanTherm execution initiated at Thu Aug  3 12:02:00 2017

###############################################################
#                                                             #
#                          CanTherm                           #
#                                                             #
#   Version: 0.1.0 (14 May 2009)                              #
#   Authors: RMG Developers (rmg_dev@mit.edu)                 #
#   P.I.:    William H. Green (whgreen@mit.edu)               #
#   Website: http://rmg.sourceforge.net/                      #
#                                                             #
###############################################################

Loading species DOKHEARVIDLSFF-UHFFFAOYSA...
Loading species OUUQCZGPVNCOIJ-UHFFFAOYSA-u2...
Loading species MHAJPDPJQMAIIY-UHFFFAOYSA...
Loading species QEQNKLGVODEYBC-UHFFFAOYSA-u1...
Loading transition state TS...
Loading reaction CC=CO+[O]O_OO+[CH2]C=CO...


Loading statistical mechanics parameters for DOKHEARVIDLSFF-UHFFFAOYSA...
Warning: No bond energy correction found for model chemistry: M062X/MG3S
Saving statistical mechanics parameters for DOKHEARVIDLSFF-UHFFFAOYSA...
Loading statistical mechanics parameters for OUUQCZGPVNCOIJ-UHFFFAOYSA-u2...
Warning: No bond energy correction found for model chemistry: M062X/MG3S
Saving statistical mechanics parameters for OUUQCZGPVNCOIJ-UHFFFAOYSA-u2...
Loading statistical mechanics parameters for MHAJPDPJQMAIIY-UHFFFAOYSA...
Warning: No bond energy correction found for model chemistry: M062X/MG3S
Saving statistical mechanics parameters for MHAJPDPJQMAIIY-UHFFFAOYSA...
Loading statistical mechanics parameters for QEQNKLGVODEYBC-UHFFFAOYSA-u1...
Warning: No bond energy correction found for model chemistry: M062X/MG3S
Saving statistical mechanics parameters for QEQNKLGVODEYBC-UHFFFAOYSA-u1...
Loading statistical mechanics parameters for TS...
Warning: No bond energy correction found for model chemistry: M062X/MG3S
Saving statistical mechanics parameters for TS...
Generating Arrhenius kinetics model for Arrhenius...
Saving kinetics for DOKHEARVIDLSFF-UHFFFAOYSA + OUUQCZGPVNCOIJ-UHFFFAOYSA-u2 <=> MHAJPDPJQMAIIY-UHFFFAOYSA + QEQNKLGVODEYBC-UHFFFAOYSA-u1...

CanTherm execution terminated at Thu Aug  3 12:02:01 2017
Saving kinetics data file /gss_gpfs_scratch/harms.n/QMfiles/CC=CO+[O]O_OO+[CH2]C=CO.kinetics
Removing 'core*' files
Yay, reaction kinetics calculated!!!
Reaction(label='CC=CO+[O]O_OO+[CH2]C=CO', reactants=[Species(label="DOKHEARVIDLSFF-UHFFFAOYSA", conformer=Conformer(E0=(-158.96,'kJ/mol'), modes=[IdealGasTranslation(mass=(58.0419,'amu')), NonlinearRotor(inertia=([11.9101,127.931,136.735],'amu*angstrom^2'), symmetry=1), HarmonicOscillator(frequencies=([207.857,247.84,292.04,319.027,537.689,827.968,916.014,949.192,1054.11,1102.56,1152.94,1211.97,1329.62,1346.83,1398.58,1459.1,1481.96,1762.1,2986.97,3042.62,3059.69,3096.32,3117.91,3884.49],'cm^-1'))])), Species(label="OUUQCZGPVNCOIJ-UHFFFAOYSA-u2", conformer=Conformer(E0=(6.19549,'kJ/mol'), modes=[IdealGasTranslation(mass=(32.9977,'amu')), NonlinearRotor(inertia=([0.800947,14.5112,15.3121],'amu*angstrom^2'), symmetry=1), HarmonicOscillator(frequencies=([1245.9,1447.19,3645.15],'cm^-1'))], spinMultiplicity=2))], products=[Species(label="MHAJPDPJQMAIIY-UHFFFAOYSA", conformer=Conformer(E0=(-134.382,'kJ/mol'), modes=[IdealGasTranslation(mass=(34.0055,'amu')), NonlinearRotor(inertia=([1.63801,18.4022,19.029],'amu*angstrom^2'), symmetry=1), HarmonicOscillator(frequencies=([378.1,1029.14,1344.99,1458.5,3786.54,3787.27],'cm^-1'))])), Species(label="QEQNKLGVODEYBC-UHFFFAOYSA-u1", conformer=Conformer(E0=(-18.3543,'kJ/mol'), modes=[IdealGasTranslation(mass=(57.034,'amu')), NonlinearRotor(inertia=([10.6388,117.886,128.525],'amu*angstrom^2'), symmetry=1), HarmonicOscillator(frequencies=([229.097,296.934,358.962,537.6,553.025,703.543,784.116,929.774,973.954,1105.61,1188.59,1229.4,1289.34,1363,1503.68,1524.7,3109.67,3112.46,3126.38,3213.46,3863.71],'cm^-1'))], spinMultiplicity=2))], kinetics=Arrhenius(A=(2.99236e-08,'cm^3/(mol*s)'), n=5.4303, Ea=(15.2963,'kJ/mol'), T0=(1,'K'), Tmin=(303.03,'K'), Tmax=(2500,'K'), comment="""Fitted to 59 data points; dA = *|/ 2.27187, dn = +|- 0.107697, dEa = +|- 0.592439 kJ/mol"""), transitionState=TransitionState(label="TS", conformer=Conformer(E0=(-107.521,'kJ/mol'), modes=[IdealGasTranslation(mass=(91.0395,'amu')), NonlinearRotor(inertia=([114.157,202.589,259.612],'amu*angstrom^2'), symmetry=1), HarmonicOscillator(frequencies=([87.0974,114.044,153.009,225.357,284.799,400.378,445.302,499.542,530.42,601,674.761,763.933,932.661,970.453,1031.58,1066.62,1090.25,1142.86,1229.75,1252.68,1267.24,1403.46,1433.46,1438.39,1466.66,1658.99,3060.37,3124.16,3139.79,3158.67,3713.42,3857.76],'cm^-1'))], spinMultiplicity=2), frequency=(-1934.05,'cm^-1'), tunneling=Eckart(frequency=(-1934.05,'cm^-1'), E0_reac=(-152.765,'kJ/mol'), E0_TS=(-107.521,'kJ/mol'), E0_prod=(-152.736,'kJ/mol'))))
For reaction Reaction(label='CC=CO+[O]O_OO+[CH2]C=CO', reactants=[Species(label="DOKHEARVIDLSFF-UHFFFAOYSA", conformer=Conformer(E0=(-158.96,'kJ/mol'), modes=[IdealGasTranslation(mass=(58.0419,'amu')), NonlinearRotor(inertia=([11.9101,127.931,136.735],'amu*angstrom^2'), symmetry=1), HarmonicOscillator(frequencies=([207.857,247.84,292.04,319.027,537.689,827.968,916.014,949.192,1054.11,1102.56,1152.94,1211.97,1329.62,1346.83,1398.58,1459.1,1481.96,1762.1,2986.97,3042.62,3059.69,3096.32,3117.91,3884.49],'cm^-1'))])), Species(label="OUUQCZGPVNCOIJ-UHFFFAOYSA-u2", conformer=Conformer(E0=(6.19549,'kJ/mol'), modes=[IdealGasTranslation(mass=(32.9977,'amu')), NonlinearRotor(inertia=([0.800947,14.5112,15.3121],'amu*angstrom^2'), symmetry=1), HarmonicOscillator(frequencies=([1245.9,1447.19,3645.15],'cm^-1'))], spinMultiplicity=2))], products=[Species(label="MHAJPDPJQMAIIY-UHFFFAOYSA", conformer=Conformer(E0=(-134.382,'kJ/mol'), modes=[IdealGasTranslation(mass=(34.0055,'amu')), NonlinearRotor(inertia=([1.63801,18.4022,19.029],'amu*angstrom^2'), symmetry=1), HarmonicOscillator(frequencies=([378.1,1029.14,1344.99,1458.5,3786.54,3787.27],'cm^-1'))])), Species(label="QEQNKLGVODEYBC-UHFFFAOYSA-u1", conformer=Conformer(E0=(-18.3543,'kJ/mol'), modes=[IdealGasTranslation(mass=(57.034,'amu')), NonlinearRotor(inertia=([10.6388,117.886,128.525],'amu*angstrom^2'), symmetry=1), HarmonicOscillator(frequencies=([229.097,296.934,358.962,537.6,553.025,703.543,784.116,929.774,973.954,1105.61,1188.59,1229.4,1289.34,1363,1503.68,1524.7,3109.67,3112.46,3126.38,3213.46,3863.71],'cm^-1'))], spinMultiplicity=2))], kinetics=Arrhenius(A=(2.99236e-08,'cm^3/(mol*s)'), n=5.4303, Ea=(15.2963,'kJ/mol'), T0=(1,'K'), Tmin=(303.03,'K'), Tmax=(2500,'K'), comment="""Fitted to 59 data points; dA = *|/ 2.27187, dn = +|- 0.107697, dEa = +|- 0.592439 kJ/mol"""), transitionState=TransitionState(label="TS", conformer=Conformer(E0=(-107.521,'kJ/mol'), modes=[IdealGasTranslation(mass=(91.0395,'amu')), NonlinearRotor(inertia=([114.157,202.589,259.612],'amu*angstrom^2'), symmetry=1), HarmonicOscillator(frequencies=([87.0974,114.044,153.009,225.357,284.799,400.378,445.302,499.542,530.42,601,674.761,763.933,932.661,970.453,1031.58,1066.62,1090.25,1142.86,1229.75,1252.68,1267.24,1403.46,1433.46,1438.39,1466.66,1658.99,3060.37,3124.16,3139.79,3158.67,3713.42,3857.76],'cm^-1'))], spinMultiplicity=2), frequency=(-1934.05,'cm^-1'), tunneling=Eckart(frequency=(-1934.05,'cm^-1'), E0_reac=(-152.765,'kJ/mol'), E0_TS=(-107.521,'kJ/mol'), E0_prod=(-152.736,'kJ/mol'))))
We have calculated kinetics Arrhenius(A=(2.99236e-08,'cm^3/(mol*s)'), n=5.4303, Ea=(15.2963,'kJ/mol'), T0=(1,'K'), Tmin=(303.03,'K'), Tmax=(2500,'K'), comment="""Fitted to 59 data points; dA = *|/ 2.27187, dn = +|- 0.107697, dEa = +|- 0.592439 kJ/mol""")
