comparerTST.py:41 <module> INFO RUNNING WITH JOB NUMBER i = 158
comparerTST.py:45 <module> INFO Loading RMG Database ...
comparerTST.py:48 <module> INFO /home/harms.n/Code/RMG-database/input
thermo.py:760 loadLibraries INFO Loading thermodynamics library from thermo_DFT_CCSDTF12_BAC.py in /home/harms.n/Code/RMG-database/input/thermo/libraries...
thermo.py:760 loadLibraries INFO Loading thermodynamics library from CBS_QB3_1dHR.py in /home/harms.n/Code/RMG-database/input/thermo/libraries...
thermo.py:760 loadLibraries INFO Loading thermodynamics library from primaryThermoLibrary.py in /home/harms.n/Code/RMG-database/input/thermo/libraries...
thermo.py:760 loadLibraries INFO Loading thermodynamics library from KlippensteinH2O2.py in /home/harms.n/Code/RMG-database/input/thermo/libraries...
thermo.py:774 loadGroups INFO Loading thermodynamics group database from /home/harms.n/Code/RMG-database/input/thermo/groups...
transport.py:294 loadGroups INFO Loading transport group database from /home/harms.n/Code/RMG-database/input/transport/groups...
database.py:165 loadFamilies INFO Loading the user-specified kinetics families from /home/harms.n/Code/RMG-database/input/kinetics/families
statmech.py:526 loadGroups INFO Loading frequencies group database from /home/harms.n/Code/RMG-database/input/statmech/groups...
comparerTST.py:57 <module> INFO RMG Database Loaded
comparerTST.py:81 <module> INFO generateReactionsFromFamilies successfuly performed
comparerTST.py:141 performCalcs INFO chemkinRxn: Reaction(reactants=[Molecule(SMILES="[CH]=CC=C"), Molecule(SMILES="[O][O]")], products=[Molecule(SMILES="[O]O"), Molecule(SMILES="[CH]=C[C]=C")], degeneracy=2, pairs=[[Molecule(SMILES="[CH]=CC=C"), Molecule(SMILES="[CH]=C[C]=C")], [Molecule(SMILES="[O][O]"), Molecule(SMILES="[O]O")]])
comparerTST.py:143 performCalcs INFO Ensuring resonance isomers have been generated
<type 'rmgpy.molecule.molecule.Molecule'>
<type 'rmgpy.molecule.molecule.Molecule'>
<type 'rmgpy.molecule.molecule.Molecule'>
<type 'rmgpy.molecule.molecule.Molecule'>
[Molecule(SMILES="[CH]=CC=C"), Molecule(SMILES="[O][O]")]
[Molecule(SMILES="[O]O"), Molecule(SMILES="[CH]=C[C]=C")]
comparerTST.py:162 performCalcs INFO Generated one reaction:
comparerTST.py:163 performCalcs INFO [Reaction(reactants=[Molecule(SMILES="[CH]=CC=C"), Molecule(SMILES="[O][O]")], products=[Molecule(SMILES="[O]O"), Molecule(SMILES="[CH]=C[C]=C")], degeneracy=2, pairs=[[Molecule(SMILES="[CH]=CC=C"), Molecule(SMILES="[CH]=C[C]=C")], [Molecule(SMILES="[O][O]"), Molecule(SMILES="[O]O")]])]
comparerTST.py:172 performCalcs INFO The reaction of interest is as follows: 
comparerTST.py:173 performCalcs INFO <Molecule "[CH]=CC=C"> + <Molecule "[O][O]"> <=> <Molecule "[O]O"> + <Molecule "[CH]=C[C]=C">
comparerTST.py:175 performCalcs INFO asserting that the testReaction is Isomorphic
comparerTST.py:177 performCalcs INFO reaction: Reaction(reactants=[Molecule(SMILES="[CH]=CC=C"), Molecule(SMILES="[O][O]")], products=[Molecule(SMILES="[O]O"), Molecule(SMILES="[CH]=C[C]=C")], degeneracy=2, pairs=[[Molecule(SMILES="[CH]=CC=C"), Molecule(SMILES="[CH]=C[C]=C")], [Molecule(SMILES="[O][O]"), Molecule(SMILES="[O]O")]])
comparerTST.py:183 performCalcs INFO Labeling reactant atoms
comparerTST.py:193 performCalcs INFO Labeling product atoms
comparerTST.py:209 performCalcs INFO We have generated a H_Abstraction reaction that matches, and used it to label the atoms.
comparerTST.py:211 performCalcs INFO Calculating reaction kinetics
comparerTST.py:119 calculate INFO Calculating reaction rate for <Molecule "[CH]=CC=C"> + <Molecule "[O][O]"> <=> <Molecule "[O]O"> + <Molecule "[CH]=C[C]=C">
comparerTST.py:121 calculate INFO Selecting the appropriate TS distance database for family 'H_Abstraction'
comparerTST.py:123 calculate INFO Calculating kinetic data by calling qmCalc.getKineticData
reaction.py:619 loadKineticsData INFO Kinetics results file /gss_gpfs_scratch/harms.n/QMfiles/[CH]=CC=C+[O][O]_[CH]=C[C]=C+[O]O.kinetics does not exist or is invalid
reaction.py:520 generateTSGeometryDirectGuess INFO Generating a TS geometry via the direct guess method
reaction.py:300 generateBoundsMatrix INFO Generating bounds matrix for [CH]=CC=C.[O][O]
reaction.py:338 bmPreEdit INFO Changing lower limit 2.519224 to 2.458776
reaction.py:338 bmPreEdit INFO Changing lower limit 3.65 to 3.26405835706
reaction.py:338 bmPreEdit INFO Changing lower limit 3.65 to 3.14294537707
reaction.py:338 bmPreEdit INFO Changing lower limit 2.9 to 2.342812
reaction.py:561 generateTSGeometryDirectGuess INFO TS estimate made. About to try the search...
reaction.py:426 optimizeTS INFO Starting optimization steps of the TS search.
gaussian.py:535 optEstimate INFO Running loose optimization of TS with frozen center
gaussian.py:189 writeInputFile INFO Writing gaussian input file /gss_gpfs_scratch/harms.n/QMscratch/[CH]=CC=C+[O][O]_[CH]=C[C]=C+[O]OEst.gjf
gaussian.py:590 optRxnCenter INFO Optimization of TS reaction center distances
gaussian.py:189 writeInputFile INFO Writing gaussian input file /gss_gpfs_scratch/harms.n/QMscratch/[CH]=CC=C+[O][O]_[CH]=C[C]=C+[O]ORxnC.gjf
reaction.py:443 optimizeTS INFO Optimizing TS attempt 1
gaussian.py:485 createInputFile INFO Creating input file
gaussian.py:189 writeInputFile INFO Writing gaussian input file None
gaussian.py:748 verifyOutputFile INFO Verifying output file /gss_gpfs_scratch/harms.n/QMscratch/[CH]=CC=C+[O][O]_[CH]=C[C]=C+[O]O.log
gaussian.py:516 createIRCFile INFO Creating IRC file
gaussian.py:189 writeInputFile INFO Writing gaussian input file /gss_gpfs_scratch/harms.n/QMscratch/[CH]=CC=C+[O][O]_[CH]=C[C]=C+[O]OIRC.gjf
gaussian.py:685 runIRC INFO Running IRC
gaussian.py:843 verifyIRCOutputFile INFO Verifying the IRC output file /gss_gpfs_scratch/harms.n/QMscratch/[CH]=CC=C+[O][O]_[CH]=C[C]=C+[O]OIRC.log
gaussian.py:878 verifyIRCOutputFile INFO Checking if all the success keywords are found in the file.
reaction.py:570 saveTSData INFO Saving TS result file /gss_gpfs_scratch/harms.n/QMfiles/[CH]=CC=C+[O][O]_[CH]=C[C]=C+[O]O.ts
gaussian.py:991 parse INFO Parsing the gaussian output /gss_gpfs_scratch/harms.n/QMscratch/[CH]=CC=C+[O][O]_[CH]=C[C]=C+[O]O.log
gaussian.py:111 verifyOutputFile INFO Output file /gss_gpfs_scratch/harms.n/QMscratch/AHZKOHHBQMSKLP-UHFFFAOYSA-u1.log does not exist.
gaussian.py:189 writeInputFile INFO Writing gaussian input file None
gaussian.py:275 generateQMData INFO Trying GaussianMolM062X attempt 1 of 36 on molecule [CH]=CC=C.
gaussian.py:168 verifyOutputFile INFO Successful GaussianMolM062X quantum result in /gss_gpfs_scratch/harms.n/QMscratch/AHZKOHHBQMSKLP-UHFFFAOYSA-u1.log
gaussian.py:278 generateQMData INFO Attempt 1 of 36 on species InChI=1S/C4H5/c1-3-4-2/h1,3-4H,2H2/u1 succeeded.
symmetry.py:221 writeInputFile INFO Symmetry input file written to /gss_gpfs_scratch/harms.n/QMscratch/AHZKOHHBQMSKLP-UHFFFAOYSA-u1.symm
symmetry.py:188 parse INFO Point group: Cs
gaussian.py:168 verifyOutputFile INFO Successful GaussianMolM062X quantum result in /gss_gpfs_scratch/harms.n/QMscratch/MYMOFIZGZYHOMD-UHFFFAOYSA-u1,2.log
gaussian.py:268 generateQMData INFO Found a successful output file; using that.
symmetry.py:221 writeInputFile INFO Symmetry input file written to /gss_gpfs_scratch/harms.n/QMscratch/MYMOFIZGZYHOMD-UHFFFAOYSA-u1,2.symm
symmetry.py:188 parse INFO Point group: Dinfh
gaussian.py:168 verifyOutputFile INFO Successful GaussianMolM062X quantum result in /gss_gpfs_scratch/harms.n/QMscratch/OUUQCZGPVNCOIJ-UHFFFAOYSA-u2.log
gaussian.py:268 generateQMData INFO Found a successful output file; using that.
symmetry.py:221 writeInputFile INFO Symmetry input file written to /gss_gpfs_scratch/harms.n/QMscratch/OUUQCZGPVNCOIJ-UHFFFAOYSA-u2.symm
symmetry.py:188 parse INFO Point group: Cs
gaussian.py:111 verifyOutputFile INFO Output file /gss_gpfs_scratch/harms.n/QMscratch/WXBUKAPYXQZTGS-UHFFFAOYSA-u1,4.log does not exist.
gaussian.py:189 writeInputFile INFO Writing gaussian input file None
gaussian.py:275 generateQMData INFO Trying GaussianMolM062X attempt 1 of 36 on molecule [CH]=C[C]=C.
Error: segmentation violation
   rax 0000000000000000, rbx ffffffffffffffff, rcx ffffffffffffffff
   rdx 000000000000bfcd, rsp 00007fff388aec78, rbp 00007fff388af250
   rsi 000000000000000b, rdi 000000000000bfcd, r8  00002ab4b969b6c0
   r9  0000000000000000, r10 00007fff388aea00, r11 0000000000000206
   r12 0000000000000000, r13 0000000000000000, r14 00007fff388af298
   r15 0000000003bfc340
  --- traceback not available
gaussian.py:89 run WARNING Gaussian finished with return code 1
gaussian.py:148 verifyOutputFile ERROR Not all of the required keywords for success were found in the output file!
gaussian.py:189 writeInputFile INFO Writing gaussian input file None
gaussian.py:275 generateQMData INFO Trying GaussianMolM062X attempt 2 of 36 on molecule [CH]=C[C]=C.
Error: segmentation violation
   rax 0000000000000000, rbx ffffffffffffffff, rcx ffffffffffffffff
   rdx 000000000000029a, rsp 00007fff14d620e8, rbp 00007fff14d626c0
   rsi 000000000000000b, rdi 000000000000029a, r8  00002b6e5e2856c0
   r9  0000000000000000, r10 00007fff14d61e70, r11 0000000000000206
   r12 0000000000000000, r13 0000000000000000, r14 00007fff14d62708
   r15 0000000003bfc340
  --- traceback not available
gaussian.py:89 run WARNING Gaussian finished with return code 1
gaussian.py:148 verifyOutputFile ERROR Not all of the required keywords for success were found in the output file!
gaussian.py:189 writeInputFile INFO Writing gaussian input file None
gaussian.py:275 generateQMData INFO Trying GaussianMolM062X attempt 3 of 36 on molecule [CH]=C[C]=C.
Error: segmentation violation
   rax 0000000000000000, rbx ffffffffffffffff, rcx ffffffffffffffff
   rdx 00000000000002e9, rsp 00007fff331fe748, rbp 00007fff331fed20
   rsi 000000000000000b, rdi 00000000000002e9, r8  00002aba7529d6c0
   r9  0000000000000000, r10 00007fff331fe4d0, r11 0000000000000206
   r12 0000000000000000, r13 0000000000000000, r14 00007fff331fed68
   r15 0000000003bfc340
  --- traceback not available
gaussian.py:89 run WARNING Gaussian finished with return code 1
gaussian.py:148 verifyOutputFile ERROR Not all of the required keywords for success were found in the output file!
gaussian.py:189 writeInputFile INFO Writing gaussian input file None
gaussian.py:275 generateQMData INFO Trying GaussianMolM062X attempt 4 of 36 on molecule [CH]=C[C]=C.
Error: segmentation violation
   rax 0000000000000000, rbx ffffffffffffffff, rcx ffffffffffffffff
   rdx 0000000000000368, rsp 00007fff0a415768, rbp 00007fff0a415d40
   rsi 000000000000000b, rdi 0000000000000368, r8  00002ac9728b96c0
   r9  0000000000000000, r10 00007fff0a4154f0, r11 0000000000000202
   r12 0000000000000000, r13 0000000000000000, r14 00007fff0a415d88
   r15 0000000003bfc340
  --- traceback not available
gaussian.py:89 run WARNING Gaussian finished with return code 1
gaussian.py:148 verifyOutputFile ERROR Not all of the required keywords for success were found in the output file!
gaussian.py:189 writeInputFile INFO Writing gaussian input file None
gaussian.py:275 generateQMData INFO Trying GaussianMolM062X attempt 5 of 36 on molecule [CH]=C[C]=C.
Error: segmentation violation
   rax 0000000000000000, rbx ffffffffffffffff, rcx ffffffffffffffff
   rdx 00000000000003c1, rsp 00007fffc1c4a248, rbp 00007fffc1c4a820
   rsi 000000000000000b, rdi 00000000000003c1, r8  00002b5a78b496c0
   r9  0000000000000000, r10 00007fffc1c49fd0, r11 0000000000000206
   r12 0000000000000000, r13 0000000000000000, r14 00007fffc1c4a868
   r15 0000000003bfc340
  --- traceback not available
gaussian.py:89 run WARNING Gaussian finished with return code 1
gaussian.py:148 verifyOutputFile ERROR Not all of the required keywords for success were found in the output file!
gaussian.py:189 writeInputFile INFO Writing gaussian input file None
gaussian.py:275 generateQMData INFO Trying GaussianMolM062X attempt 6 of 36 on molecule [CH]=C[C]=C.
Error: segmentation violation
   rax 0000000000000000, rbx ffffffffffffffff, rcx ffffffffffffffff
   rdx 00000000000004a0, rsp 00007fff7c680d78, rbp 00007fff7c681350
   rsi 000000000000000b, rdi 00000000000004a0, r8  00002b6dea8a76c0
   r9  0000000000000000, r10 00007fff7c680b00, r11 0000000000000206
   r12 0000000000000000, r13 0000000000000000, r14 00007fff7c681398
   r15 0000000003bfc340
  --- traceback not available
gaussian.py:89 run WARNING Gaussian finished with return code 1
gaussian.py:148 verifyOutputFile ERROR Not all of the required keywords for success were found in the output file!
gaussian.py:189 writeInputFile INFO Writing gaussian input file None
gaussian.py:275 generateQMData INFO Trying GaussianMolM062X attempt 7 of 36 on molecule [CH]=C[C]=C.
Error: segmentation violation
   rax 0000000000000000, rbx ffffffffffffffff, rcx ffffffffffffffff
   rdx 0000000000000566, rsp 00007fffe29a8738, rbp 00007fffe29a8d10
   rsi 000000000000000b, rdi 0000000000000566, r8  00002b0a024b46c0
   r9  0000000000000000, r10 00007fffe29a84c0, r11 0000000000000202
   r12 0000000000000000, r13 0000000000000000, r14 00007fffe29a8d58
   r15 0000000003bfc340
  --- traceback not available
gaussian.py:89 run WARNING Gaussian finished with return code 1
gaussian.py:148 verifyOutputFile ERROR Not all of the required keywords for success were found in the output file!
gaussian.py:189 writeInputFile INFO Writing gaussian input file None
gaussian.py:275 generateQMData INFO Trying GaussianMolM062X attempt 8 of 36 on molecule [CH]=C[C]=C.
Error: segmentation violation
   rax 0000000000000000, rbx ffffffffffffffff, rcx ffffffffffffffff
   rdx 00000000000005cc, rsp 00007fff0b316298, rbp 00007fff0b316870
   rsi 000000000000000b, rdi 00000000000005cc, r8  00002b500ca516c0
   r9  0000000000000000, r10 00007fff0b316020, r11 0000000000000202
   r12 0000000000000000, r13 0000000000000000, r14 00007fff0b3168b8
   r15 0000000003bfc340
  --- traceback not available
gaussian.py:89 run WARNING Gaussian finished with return code 1
gaussian.py:148 verifyOutputFile ERROR Not all of the required keywords for success were found in the output file!
gaussian.py:189 writeInputFile INFO Writing gaussian input file None
gaussian.py:275 generateQMData INFO Trying GaussianMolM062X attempt 9 of 36 on molecule [CH]=C[C]=C.
Error: segmentation violation
   rax 0000000000000000, rbx ffffffffffffffff, rcx ffffffffffffffff
   rdx 000000000000065d, rsp 00007fffed886ad8, rbp 00007fffed8870b0
   rsi 000000000000000b, rdi 000000000000065d, r8  00002b1040d476c0
   r9  0000000000000000, r10 00007fffed886860, r11 0000000000000206
   r12 0000000000000000, r13 0000000000000000, r14 00007fffed8870f8
   r15 0000000003bfc340
  --- traceback not available
gaussian.py:89 run WARNING Gaussian finished with return code 1
gaussian.py:148 verifyOutputFile ERROR Not all of the required keywords for success were found in the output file!
gaussian.py:189 writeInputFile INFO Writing gaussian input file None
gaussian.py:275 generateQMData INFO Trying GaussianMolM062X attempt 10 of 36 on molecule [CH]=C[C]=C.
Error: segmentation violation
   rax 0000000000000000, rbx ffffffffffffffff, rcx ffffffffffffffff
   rdx 0000000000000703, rsp 00007fffdfec62a8, rbp 00007fffdfec6880
   rsi 000000000000000b, rdi 0000000000000703, r8  00002af5438986c0
   r9  0000000000000000, r10 00007fffdfec6030, r11 0000000000000202
   r12 0000000000000000, r13 0000000000000000, r14 00007fffdfec68c8
   r15 0000000003bfc340
  --- traceback not available
gaussian.py:89 run WARNING Gaussian finished with return code 1
gaussian.py:148 verifyOutputFile ERROR Not all of the required keywords for success were found in the output file!
gaussian.py:189 writeInputFile INFO Writing gaussian input file None
gaussian.py:275 generateQMData INFO Trying GaussianMolM062X attempt 11 of 36 on molecule [CH]=C[C]=C.
Error: segmentation violation
   rax 0000000000000000, rbx ffffffffffffffff, rcx ffffffffffffffff
   rdx 000000000000078f, rsp 00007fffa6533018, rbp 00007fffa65335f0
   rsi 000000000000000b, rdi 000000000000078f, r8  00002b7b8fb6e6c0
   r9  0000000000000000, r10 00007fffa6532da0, r11 0000000000000206
   r12 0000000000000000, r13 0000000000000000, r14 00007fffa6533638
   r15 0000000003bfc340
  --- traceback not available
gaussian.py:89 run WARNING Gaussian finished with return code 1
gaussian.py:148 verifyOutputFile ERROR Not all of the required keywords for success were found in the output file!
gaussian.py:189 writeInputFile INFO Writing gaussian input file None
gaussian.py:275 generateQMData INFO Trying GaussianMolM062X attempt 12 of 36 on molecule [CH]=C[C]=C.
Error: segmentation violation
   rax 0000000000000000, rbx ffffffffffffffff, rcx ffffffffffffffff
   rdx 0000000000000838, rsp 00007fffe5a43cb8, rbp 00007fffe5a44290
   rsi 000000000000000b, rdi 0000000000000838, r8  00002ba9b21256c0
   r9  0000000000000000, r10 00007fffe5a43a40, r11 0000000000000206
   r12 0000000000000000, r13 0000000000000000, r14 00007fffe5a442d8
   r15 0000000003bfc340
  --- traceback not available
gaussian.py:89 run WARNING Gaussian finished with return code 1
gaussian.py:148 verifyOutputFile ERROR Not all of the required keywords for success were found in the output file!
gaussian.py:189 writeInputFile INFO Writing gaussian input file None
gaussian.py:275 generateQMData INFO Trying GaussianMolM062X attempt 13 of 36 on molecule [CH]=C[C]=C.
Error: segmentation violation
   rax 0000000000000000, rbx ffffffffffffffff, rcx ffffffffffffffff
   rdx 0000000000000891, rsp 00007fff77378358, rbp 00007fff77378930
   rsi 000000000000000b, rdi 0000000000000891, r8  00002b9ff761e6c0
   r9  0000000000000000, r10 00007fff773780e0, r11 0000000000000202
   r12 0000000000000000, r13 0000000000000000, r14 00007fff77378978
   r15 0000000003bfc340
  --- traceback not available
gaussian.py:89 run WARNING Gaussian finished with return code 1
gaussian.py:148 verifyOutputFile ERROR Not all of the required keywords for success were found in the output file!
gaussian.py:189 writeInputFile INFO Writing gaussian input file None
gaussian.py:275 generateQMData INFO Trying GaussianMolM062X attempt 14 of 36 on molecule [CH]=C[C]=C.
Error: segmentation violation
   rax 0000000000000000, rbx ffffffffffffffff, rcx ffffffffffffffff
   rdx 00000000000009c2, rsp 00007fffc2c7b518, rbp 00007fffc2c7baf0
   rsi 000000000000000b, rdi 00000000000009c2, r8  00002b49dd5966c0
   r9  0000000000000000, r10 00007fffc2c7b2a0, r11 0000000000000206
   r12 0000000000000000, r13 0000000000000000, r14 00007fffc2c7bb38
   r15 0000000003bfc340
  --- traceback not available
gaussian.py:89 run WARNING Gaussian finished with return code 1
gaussian.py:148 verifyOutputFile ERROR Not all of the required keywords for success were found in the output file!
gaussian.py:189 writeInputFile INFO Writing gaussian input file None
gaussian.py:275 generateQMData INFO Trying GaussianMolM062X attempt 15 of 36 on molecule [CH]=C[C]=C.
Error: segmentation violation
   rax 0000000000000000, rbx ffffffffffffffff, rcx ffffffffffffffff
   rdx 0000000000000a13, rsp 00007fff6af98348, rbp 00007fff6af98920
   rsi 000000000000000b, rdi 0000000000000a13, r8  00002af6b4ff16c0
   r9  0000000000000000, r10 00007fff6af980d0, r11 0000000000000206
   r12 0000000000000000, r13 0000000000000000, r14 00007fff6af98968
   r15 0000000003bfc340
  --- traceback not available
gaussian.py:89 run WARNING Gaussian finished with return code 1
gaussian.py:148 verifyOutputFile ERROR Not all of the required keywords for success were found in the output file!
gaussian.py:189 writeInputFile INFO Writing gaussian input file None
gaussian.py:275 generateQMData INFO Trying GaussianMolM062X attempt 16 of 36 on molecule [CH]=C[C]=C.
Error: segmentation violation
   rax 0000000000000000, rbx ffffffffffffffff, rcx ffffffffffffffff
   rdx 0000000000000aaa, rsp 00007fff1772dc08, rbp 00007fff1772e1e0
   rsi 000000000000000b, rdi 0000000000000aaa, r8  00002afd6d9366c0
   r9  0000000000000000, r10 00007fff1772d990, r11 0000000000000202
   r12 0000000000000000, r13 0000000000000000, r14 00007fff1772e228
   r15 0000000003bfc340
  --- traceback not available
gaussian.py:89 run WARNING Gaussian finished with return code 1
gaussian.py:148 verifyOutputFile ERROR Not all of the required keywords for success were found in the output file!
gaussian.py:189 writeInputFile INFO Writing gaussian input file None
gaussian.py:275 generateQMData INFO Trying GaussianMolM062X attempt 17 of 36 on molecule [CH]=C[C]=C.
Error: segmentation violation
   rax 0000000000000000, rbx ffffffffffffffff, rcx ffffffffffffffff
   rdx 0000000000000b13, rsp 00007fff63a49418, rbp 00007fff63a499f0
   rsi 000000000000000b, rdi 0000000000000b13, r8  00002b3855fcb6c0
   r9  0000000000000000, r10 00007fff63a491a0, r11 0000000000000206
   r12 0000000000000000, r13 0000000000000000, r14 00007fff63a49a38
   r15 0000000003bfc340
  --- traceback not available
gaussian.py:89 run WARNING Gaussian finished with return code 1
gaussian.py:148 verifyOutputFile ERROR Not all of the required keywords for success were found in the output file!
gaussian.py:189 writeInputFile INFO Writing gaussian input file None
gaussian.py:275 generateQMData INFO Trying GaussianMolM062X attempt 18 of 36 on molecule [CH]=C[C]=C.
Error: segmentation violation
   rax 0000000000000000, rbx ffffffffffffffff, rcx ffffffffffffffff
   rdx 0000000000000bf0, rsp 00007fffb1b309c8, rbp 00007fffb1b30fa0
   rsi 000000000000000b, rdi 0000000000000bf0, r8  00002b0271acf6c0
   r9  0000000000000000, r10 00007fffb1b30750, r11 0000000000000202
   r12 0000000000000000, r13 0000000000000000, r14 00007fffb1b30fe8
   r15 0000000003bfc340
  --- traceback not available
gaussian.py:89 run WARNING Gaussian finished with return code 1
gaussian.py:148 verifyOutputFile ERROR Not all of the required keywords for success were found in the output file!
gaussian.py:189 writeInputFile INFO Writing gaussian input file None
gaussian.py:275 generateQMData INFO Trying GaussianMolM062X attempt 19 of 36 on molecule [CH]=C[C]=C.
Error: segmentation violation
   rax 0000000000000000, rbx ffffffffffffffff, rcx ffffffffffffffff
   rdx 0000000000000c63, rsp 00007fff2dbf1c48, rbp 00007fff2dbf2220
   rsi 000000000000000b, rdi 0000000000000c63, r8  00002b451f8dd6c0
   r9  0000000000000000, r10 00007fff2dbf19d0, r11 0000000000000206
   r12 0000000000000000, r13 0000000000000000, r14 00007fff2dbf2268
   r15 0000000000000048
  --- traceback not available
gaussian.py:89 run WARNING Gaussian finished with return code 1
gaussian.py:148 verifyOutputFile ERROR Not all of the required keywords for success were found in the output file!
gaussian.py:189 writeInputFile INFO Writing gaussian input file None
gaussian.py:275 generateQMData INFO Trying GaussianMolM062X attempt 20 of 36 on molecule [CH]=C[C]=C.
Error: segmentation violation
   rax 0000000000000000, rbx ffffffffffffffff, rcx ffffffffffffffff
   rdx 0000000000001d9f, rsp 00007fff87519ea8, rbp 00007fff8751a480
   rsi 000000000000000b, rdi 0000000000001d9f, r8  00002abc6b3526c0
   r9  0000000000000000, r10 00007fff87519c30, r11 0000000000000202
   r12 0000000000000000, r13 0000000000000000, r14 00007fff8751a4c8
   r15 0000000000000048
  --- traceback not available
gaussian.py:89 run WARNING Gaussian finished with return code 1
gaussian.py:148 verifyOutputFile ERROR Not all of the required keywords for success were found in the output file!
gaussian.py:189 writeInputFile INFO Writing gaussian input file None
gaussian.py:275 generateQMData INFO Trying GaussianMolM062X attempt 21 of 36 on molecule [CH]=C[C]=C.
gaussian.py:168 verifyOutputFile INFO Successful GaussianMolM062X quantum result in /gss_gpfs_scratch/harms.n/QMscratch/WXBUKAPYXQZTGS-UHFFFAOYSA-u1,4.log
gaussian.py:278 generateQMData INFO Attempt 21 of 36 on species InChI=1S/C4H4/c1-3-4-2/h1,3H,2H2/u1,4 succeeded.
symmetry.py:221 writeInputFile INFO Symmetry input file written to /gss_gpfs_scratch/harms.n/QMscratch/WXBUKAPYXQZTGS-UHFFFAOYSA-u1,4.symm
symmetry.py:188 parse INFO Point group: Cs
CanTherm execution initiated at Tue Aug  1 21:58:46 2017

###############################################################
#                                                             #
#                          CanTherm                           #
#                                                             #
#   Version: 0.1.0 (14 May 2009)                              #
#   Authors: RMG Developers (rmg_dev@mit.edu)                 #
#   P.I.:    William H. Green (whgreen@mit.edu)               #
#   Website: http://rmg.sourceforge.net/                      #
#                                                             #
###############################################################

Loading species AHZKOHHBQMSKLP-UHFFFAOYSA-u1...
Loading species MYMOFIZGZYHOMD-UHFFFAOYSA-u1,2...
Loading species OUUQCZGPVNCOIJ-UHFFFAOYSA-u2...
Loading species WXBUKAPYXQZTGS-UHFFFAOYSA-u1,4...
Loading transition state TS...
Loading reaction [CH]=CC=C+[O][O]_[CH]=C[C]=C+[O]O...


Loading statistical mechanics parameters for AHZKOHHBQMSKLP-UHFFFAOYSA-u1...
Warning: No bond energy correction found for model chemistry: M062X/MG3S
Saving statistical mechanics parameters for AHZKOHHBQMSKLP-UHFFFAOYSA-u1...
Loading statistical mechanics parameters for MYMOFIZGZYHOMD-UHFFFAOYSA-u1,2...
Warning: No bond energy correction found for model chemistry: M062X/MG3S
Saving statistical mechanics parameters for MYMOFIZGZYHOMD-UHFFFAOYSA-u1,2...
Loading statistical mechanics parameters for OUUQCZGPVNCOIJ-UHFFFAOYSA-u2...
Warning: No bond energy correction found for model chemistry: M062X/MG3S
Saving statistical mechanics parameters for OUUQCZGPVNCOIJ-UHFFFAOYSA-u2...
Loading statistical mechanics parameters for WXBUKAPYXQZTGS-UHFFFAOYSA-u1,4...
Warning: No bond energy correction found for model chemistry: M062X/MG3S
Saving statistical mechanics parameters for WXBUKAPYXQZTGS-UHFFFAOYSA-u1,4...
Loading statistical mechanics parameters for TS...
Warning: No bond energy correction found for model chemistry: M062X/MG3S
Saving statistical mechanics parameters for TS...
Generating Arrhenius kinetics model for Arrhenius...
One or both of the barrier heights of -1.05042 and 201.14 kJ/mol encountered in Eckart method are invalid.
Removing 'core*' files
Boo, reaction kinetics not calculated!!!
For reaction Reaction(reactants=[Molecule(SMILES="[CH]=CC=C"), Molecule(SMILES="[O][O]")], products=[Molecule(SMILES="[O]O"), Molecule(SMILES="[CH]=C[C]=C")], degeneracy=2, pairs=[[Molecule(SMILES="[CH]=CC=C"), Molecule(SMILES="[CH]=C[C]=C")], [Molecule(SMILES="[O][O]"), Molecule(SMILES="[O]O")]])
Warning: Couldn't calculate kinetics.
