comparerTST.py:41 <module> INFO RUNNING WITH JOB NUMBER i = 75
comparerTST.py:45 <module> INFO Loading RMG Database ...
comparerTST.py:48 <module> INFO /home/harms.n/Code/RMG-database/input
thermo.py:760 loadLibraries INFO Loading thermodynamics library from thermo_DFT_CCSDTF12_BAC.py in /home/harms.n/Code/RMG-database/input/thermo/libraries...
thermo.py:760 loadLibraries INFO Loading thermodynamics library from CBS_QB3_1dHR.py in /home/harms.n/Code/RMG-database/input/thermo/libraries...
thermo.py:760 loadLibraries INFO Loading thermodynamics library from primaryThermoLibrary.py in /home/harms.n/Code/RMG-database/input/thermo/libraries...
thermo.py:760 loadLibraries INFO Loading thermodynamics library from KlippensteinH2O2.py in /home/harms.n/Code/RMG-database/input/thermo/libraries...
thermo.py:774 loadGroups INFO Loading thermodynamics group database from /home/harms.n/Code/RMG-database/input/thermo/groups...
transport.py:294 loadGroups INFO Loading transport group database from /home/harms.n/Code/RMG-database/input/transport/groups...
database.py:165 loadFamilies INFO Loading the user-specified kinetics families from /home/harms.n/Code/RMG-database/input/kinetics/families
statmech.py:526 loadGroups INFO Loading frequencies group database from /home/harms.n/Code/RMG-database/input/statmech/groups...
comparerTST.py:57 <module> INFO RMG Database Loaded
comparerTST.py:81 <module> INFO generateReactionsFromFamilies successfuly performed
comparerTST.py:141 performCalcs INFO chemkinRxn: Reaction(reactants=[Molecule(SMILES="[O][O]"), Molecule(SMILES="[CH]=CC")], products=[Molecule(SMILES="[O]O"), Molecule(SMILES="[CH]=C[CH2]")], degeneracy=6, pairs=[[Molecule(SMILES="[O][O]"), Molecule(SMILES="[O]O")], [Molecule(SMILES="[CH]=CC"), Molecule(SMILES="[CH]=C[CH2]")]])
comparerTST.py:143 performCalcs INFO Ensuring resonance isomers have been generated
<type 'rmgpy.molecule.molecule.Molecule'>
<type 'rmgpy.molecule.molecule.Molecule'>
<type 'rmgpy.molecule.molecule.Molecule'>
<type 'rmgpy.molecule.molecule.Molecule'>
[Molecule(SMILES="[O][O]"), Molecule(SMILES="[CH]=CC")]
[Molecule(SMILES="[O]O"), Molecule(SMILES="[CH]=C[CH2]")]
comparerTST.py:162 performCalcs INFO Generated one reaction:
comparerTST.py:163 performCalcs INFO [Reaction(reactants=[Molecule(SMILES="[O][O]"), Molecule(SMILES="[CH]=CC")], products=[Molecule(SMILES="[O]O"), Molecule(SMILES="[CH]=C[CH2]")], degeneracy=6, pairs=[[Molecule(SMILES="[O][O]"), Molecule(SMILES="[O]O")], [Molecule(SMILES="[CH]=CC"), Molecule(SMILES="[CH]=C[CH2]")]])]
comparerTST.py:172 performCalcs INFO The reaction of interest is as follows: 
comparerTST.py:173 performCalcs INFO <Molecule "[O][O]"> + <Molecule "[CH]=CC"> <=> <Molecule "[O]O"> + <Molecule "[CH]=C[CH2]">
comparerTST.py:175 performCalcs INFO asserting that the testReaction is Isomorphic
comparerTST.py:177 performCalcs INFO reaction: Reaction(reactants=[Molecule(SMILES="[O][O]"), Molecule(SMILES="[CH]=CC")], products=[Molecule(SMILES="[O]O"), Molecule(SMILES="[CH]=C[CH2]")], degeneracy=6, pairs=[[Molecule(SMILES="[O][O]"), Molecule(SMILES="[O]O")], [Molecule(SMILES="[CH]=CC"), Molecule(SMILES="[CH]=C[CH2]")]])
comparerTST.py:183 performCalcs INFO Labeling reactant atoms
comparerTST.py:193 performCalcs INFO Labeling product atoms
comparerTST.py:209 performCalcs INFO We have generated a H_Abstraction reaction that matches, and used it to label the atoms.
comparerTST.py:211 performCalcs INFO Calculating reaction kinetics
comparerTST.py:119 calculate INFO Calculating reaction rate for <Molecule "[O][O]"> + <Molecule "[CH]=CC"> <=> <Molecule "[O]O"> + <Molecule "[CH]=C[CH2]">
comparerTST.py:121 calculate INFO Selecting the appropriate TS distance database for family 'H_Abstraction'
comparerTST.py:123 calculate INFO Calculating kinetic data by calling qmCalc.getKineticData
reaction.py:619 loadKineticsData INFO Kinetics results file /gss_gpfs_scratch/harms.n/QMfiles/[CH]=CC+[O][O]_[CH]=C[CH2]+[O]O.kinetics does not exist or is invalid
reaction.py:520 generateTSGeometryDirectGuess INFO Generating a TS geometry via the direct guess method
reaction.py:300 generateBoundsMatrix INFO Generating bounds matrix for [CH]=CC.[O][O]
reaction.py:338 bmPreEdit INFO Changing lower limit 2.537443 to 2.477557
reaction.py:338 bmPreEdit INFO Changing lower limit 3.65 to 3.31857083943
reaction.py:338 bmPreEdit INFO Changing lower limit 2.9 to 2.471329
reaction.py:561 generateTSGeometryDirectGuess INFO TS estimate made. About to try the search...
reaction.py:426 optimizeTS INFO Starting optimization steps of the TS search.
gaussian.py:535 optEstimate INFO Running loose optimization of TS with frozen center
gaussian.py:189 writeInputFile INFO Writing gaussian input file /gss_gpfs_scratch/harms.n/QMscratch/[CH]=CC+[O][O]_[CH]=C[CH2]+[O]OEst.gjf
gaussian.py:590 optRxnCenter INFO Optimization of TS reaction center distances
gaussian.py:189 writeInputFile INFO Writing gaussian input file /gss_gpfs_scratch/harms.n/QMscratch/[CH]=CC+[O][O]_[CH]=C[CH2]+[O]ORxnC.gjf
reaction.py:443 optimizeTS INFO Optimizing TS attempt 1
gaussian.py:485 createInputFile INFO Creating input file
gaussian.py:189 writeInputFile INFO Writing gaussian input file None
gaussian.py:748 verifyOutputFile INFO Verifying output file /gss_gpfs_scratch/harms.n/QMscratch/[CH]=CC+[O][O]_[CH]=C[CH2]+[O]O.log
gaussian.py:516 createIRCFile INFO Creating IRC file
gaussian.py:189 writeInputFile INFO Writing gaussian input file /gss_gpfs_scratch/harms.n/QMscratch/[CH]=CC+[O][O]_[CH]=C[CH2]+[O]OIRC.gjf
gaussian.py:685 runIRC INFO Running IRC
gaussian.py:843 verifyIRCOutputFile INFO Verifying the IRC output file /gss_gpfs_scratch/harms.n/QMscratch/[CH]=CC+[O][O]_[CH]=C[CH2]+[O]OIRC.log
gaussian.py:878 verifyIRCOutputFile INFO Checking if all the success keywords are found in the file.
reaction.py:570 saveTSData INFO Saving TS result file /gss_gpfs_scratch/harms.n/QMfiles/[CH]=CC+[O][O]_[CH]=C[CH2]+[O]O.ts
gaussian.py:991 parse INFO Parsing the gaussian output /gss_gpfs_scratch/harms.n/QMscratch/[CH]=CC+[O][O]_[CH]=C[CH2]+[O]O.log
gaussian.py:168 verifyOutputFile INFO Successful GaussianMolM062X quantum result in /gss_gpfs_scratch/harms.n/QMscratch/MYMOFIZGZYHOMD-UHFFFAOYSA-u1,2.log
gaussian.py:268 generateQMData INFO Found a successful output file; using that.
symmetry.py:221 writeInputFile INFO Symmetry input file written to /gss_gpfs_scratch/harms.n/QMscratch/MYMOFIZGZYHOMD-UHFFFAOYSA-u1,2.symm
symmetry.py:188 parse INFO Point group: Dinfh
gaussian.py:111 verifyOutputFile INFO Output file /gss_gpfs_scratch/harms.n/QMscratch/ZLRGTQBGRLOXCT-UHFFFAOYSA-u1.log does not exist.
gaussian.py:189 writeInputFile INFO Writing gaussian input file None
gaussian.py:275 generateQMData INFO Trying GaussianMolM062X attempt 1 of 36 on molecule [CH]=CC.
gaussian.py:168 verifyOutputFile INFO Successful GaussianMolM062X quantum result in /gss_gpfs_scratch/harms.n/QMscratch/ZLRGTQBGRLOXCT-UHFFFAOYSA-u1.log
gaussian.py:278 generateQMData INFO Attempt 1 of 36 on species InChI=1S/C3H5/c1-3-2/h1,3H,2H3/u1 succeeded.
symmetry.py:221 writeInputFile INFO Symmetry input file written to /gss_gpfs_scratch/harms.n/QMscratch/ZLRGTQBGRLOXCT-UHFFFAOYSA-u1.symm
symmetry.py:188 parse INFO Point group: Cs
gaussian.py:168 verifyOutputFile INFO Successful GaussianMolM062X quantum result in /gss_gpfs_scratch/harms.n/QMscratch/OUUQCZGPVNCOIJ-UHFFFAOYSA-u2.log
gaussian.py:268 generateQMData INFO Found a successful output file; using that.
symmetry.py:221 writeInputFile INFO Symmetry input file written to /gss_gpfs_scratch/harms.n/QMscratch/OUUQCZGPVNCOIJ-UHFFFAOYSA-u2.symm
symmetry.py:188 parse INFO Point group: Cs
gaussian.py:168 verifyOutputFile INFO Successful GaussianMolM062X quantum result in /gss_gpfs_scratch/harms.n/QMscratch/OQOPKWGTWCVGHN-UHFFFAOYSA-u1,2.log
gaussian.py:268 generateQMData INFO Found a successful output file; using that.
symmetry.py:221 writeInputFile INFO Symmetry input file written to /gss_gpfs_scratch/harms.n/QMscratch/OQOPKWGTWCVGHN-UHFFFAOYSA-u1,2.symm
symmetry.py:188 parse INFO Point group: Cs
CanTherm execution initiated at Mon Jul 31 19:56:00 2017

###############################################################
#                                                             #
#                          CanTherm                           #
#                                                             #
#   Version: 0.1.0 (14 May 2009)                              #
#   Authors: RMG Developers (rmg_dev@mit.edu)                 #
#   P.I.:    William H. Green (whgreen@mit.edu)               #
#   Website: http://rmg.sourceforge.net/                      #
#                                                             #
###############################################################

Loading species MYMOFIZGZYHOMD-UHFFFAOYSA-u1,2...
Loading species ZLRGTQBGRLOXCT-UHFFFAOYSA-u1...
Loading species OUUQCZGPVNCOIJ-UHFFFAOYSA-u2...
Loading species OQOPKWGTWCVGHN-UHFFFAOYSA-u1,2...
Loading transition state TS...
Loading reaction [CH]=CC+[O][O]_[CH]=C[CH2]+[O]O...


Loading statistical mechanics parameters for MYMOFIZGZYHOMD-UHFFFAOYSA-u1,2...
Warning: No bond energy correction found for model chemistry: M062X/MG3S
Saving statistical mechanics parameters for MYMOFIZGZYHOMD-UHFFFAOYSA-u1,2...
Loading statistical mechanics parameters for ZLRGTQBGRLOXCT-UHFFFAOYSA-u1...
Warning: No bond energy correction found for model chemistry: M062X/MG3S
Saving statistical mechanics parameters for ZLRGTQBGRLOXCT-UHFFFAOYSA-u1...
Loading statistical mechanics parameters for OUUQCZGPVNCOIJ-UHFFFAOYSA-u2...
Warning: No bond energy correction found for model chemistry: M062X/MG3S
Saving statistical mechanics parameters for OUUQCZGPVNCOIJ-UHFFFAOYSA-u2...
Loading statistical mechanics parameters for OQOPKWGTWCVGHN-UHFFFAOYSA-u1,2...
Warning: No bond energy correction found for model chemistry: M062X/MG3S
Saving statistical mechanics parameters for OQOPKWGTWCVGHN-UHFFFAOYSA-u1,2...
Loading statistical mechanics parameters for TS...
Warning: No bond energy correction found for model chemistry: M062X/MG3S
Saving statistical mechanics parameters for TS...
Generating Arrhenius kinetics model for Arrhenius...
One or both of the barrier heights of -0.13854 and 154.855 kJ/mol encountered in Eckart method are invalid.
Removing 'core*' files
Boo, reaction kinetics not calculated!!!
For reaction Reaction(reactants=[Molecule(SMILES="[O][O]"), Molecule(SMILES="[CH]=CC")], products=[Molecule(SMILES="[O]O"), Molecule(SMILES="[CH]=C[CH2]")], degeneracy=6, pairs=[[Molecule(SMILES="[O][O]"), Molecule(SMILES="[O]O")], [Molecule(SMILES="[CH]=CC"), Molecule(SMILES="[CH]=C[CH2]")]])
Warning: Couldn't calculate kinetics.
