comparerTST.py:41 <module> INFO RUNNING WITH JOB NUMBER i = 120
comparerTST.py:45 <module> INFO Loading RMG Database ...
comparerTST.py:48 <module> INFO /home/harms.n/Code/RMG-database/input
thermo.py:760 loadLibraries INFO Loading thermodynamics library from thermo_DFT_CCSDTF12_BAC.py in /home/harms.n/Code/RMG-database/input/thermo/libraries...
thermo.py:760 loadLibraries INFO Loading thermodynamics library from CBS_QB3_1dHR.py in /home/harms.n/Code/RMG-database/input/thermo/libraries...
thermo.py:760 loadLibraries INFO Loading thermodynamics library from primaryThermoLibrary.py in /home/harms.n/Code/RMG-database/input/thermo/libraries...
thermo.py:760 loadLibraries INFO Loading thermodynamics library from KlippensteinH2O2.py in /home/harms.n/Code/RMG-database/input/thermo/libraries...
thermo.py:774 loadGroups INFO Loading thermodynamics group database from /home/harms.n/Code/RMG-database/input/thermo/groups...
transport.py:294 loadGroups INFO Loading transport group database from /home/harms.n/Code/RMG-database/input/transport/groups...
database.py:165 loadFamilies INFO Loading the user-specified kinetics families from /home/harms.n/Code/RMG-database/input/kinetics/families
statmech.py:526 loadGroups INFO Loading frequencies group database from /home/harms.n/Code/RMG-database/input/statmech/groups...
comparerTST.py:57 <module> INFO RMG Database Loaded
comparerTST.py:81 <module> INFO generateReactionsFromFamilies successfuly performed
comparerTST.py:141 performCalcs INFO chemkinRxn: Reaction(reactants=[Molecule(SMILES="C=CO"), Molecule(SMILES="[O]O")], products=[Molecule(SMILES="OO"), Molecule(SMILES="C=[C]O")], pairs=[[Molecule(SMILES="C=CO"), Molecule(SMILES="C=[C]O")], [Molecule(SMILES="[O]O"), Molecule(SMILES="OO")]])
comparerTST.py:143 performCalcs INFO Ensuring resonance isomers have been generated
<type 'rmgpy.molecule.molecule.Molecule'>
<type 'rmgpy.molecule.molecule.Molecule'>
<type 'rmgpy.molecule.molecule.Molecule'>
<type 'rmgpy.molecule.molecule.Molecule'>
[Molecule(SMILES="C=CO"), Molecule(SMILES="[O]O")]
[Molecule(SMILES="OO"), Molecule(SMILES="C=[C]O")]
comparerTST.py:162 performCalcs INFO Generated one reaction:
comparerTST.py:163 performCalcs INFO [Reaction(reactants=[Molecule(SMILES="C=CO"), Molecule(SMILES="[O]O")], products=[Molecule(SMILES="OO"), Molecule(SMILES="C=[C]O")], pairs=[[Molecule(SMILES="C=CO"), Molecule(SMILES="C=[C]O")], [Molecule(SMILES="[O]O"), Molecule(SMILES="OO")]])]
comparerTST.py:172 performCalcs INFO The reaction of interest is as follows: 
comparerTST.py:173 performCalcs INFO <Molecule "C=CO"> + <Molecule "[O]O"> <=> <Molecule "OO"> + <Molecule "C=[C]O">
comparerTST.py:175 performCalcs INFO asserting that the testReaction is Isomorphic
comparerTST.py:177 performCalcs INFO reaction: Reaction(reactants=[Molecule(SMILES="C=CO"), Molecule(SMILES="[O]O")], products=[Molecule(SMILES="OO"), Molecule(SMILES="C=[C]O")], pairs=[[Molecule(SMILES="C=CO"), Molecule(SMILES="C=[C]O")], [Molecule(SMILES="[O]O"), Molecule(SMILES="OO")]])
comparerTST.py:183 performCalcs INFO Labeling reactant atoms
comparerTST.py:193 performCalcs INFO Labeling product atoms
comparerTST.py:209 performCalcs INFO We have generated a H_Abstraction reaction that matches, and used it to label the atoms.
comparerTST.py:211 performCalcs INFO Calculating reaction kinetics
comparerTST.py:119 calculate INFO Calculating reaction rate for <Molecule "C=CO"> + <Molecule "[O]O"> <=> <Molecule "OO"> + <Molecule "C=[C]O">
comparerTST.py:121 calculate INFO Selecting the appropriate TS distance database for family 'H_Abstraction'
comparerTST.py:123 calculate INFO Calculating kinetic data by calling qmCalc.getKineticData
reaction.py:96 loadKineticsDataFile INFO Reading existing kinetics file /gss_gpfs_scratch/harms.n/QMfiles/C=CO+[O]O_C=[C]O+OO.kinetics
comparerTST.py:125 calculate INFO Removing 'core*' files
comparerTST.py:133 calculate INFO Yay, reaction kinetics calculated!!!
comparerTST.py:134 calculate INFO Reaction(label='C=CO+[O]O_C=[C]O+OO', reactants=[Species(label="IMROMDMJAWUWLK-UHFFFAOYSA", conformer=Conformer(E0=(-131.077,'kJ/mol'), modes=[IdealGasTranslation(mass=(44.0262,'amu')), NonlinearRotor(inertia=([7.83503,47.913,55.748],'amu*angstrom^2'), symmetry=1), HarmonicOscillator(frequencies=([215.153,473.961,722.859,883.157,951.219,982.636,1136.05,1268.52,1327.54,1414.16,1718.82,3111.77,3128.76,3224.18,3872.99],'cm^-1'))])), Species(label="OUUQCZGPVNCOIJ-UHFFFAOYSA-u2", conformer=Conformer(E0=(6.19549,'kJ/mol'), modes=[IdealGasTranslation(mass=(32.9977,'amu')), NonlinearRotor(inertia=([0.800947,14.5112,15.3121],'amu*angstrom^2'), symmetry=1), HarmonicOscillator(frequencies=([1245.9,1447.19,3645.15],'cm^-1'))], spinMultiplicity=2))], products=[Species(label="MHAJPDPJQMAIIY-UHFFFAOYSA", conformer=Conformer(E0=(-134.382,'kJ/mol'), modes=[IdealGasTranslation(mass=(34.0055,'amu')), NonlinearRotor(inertia=([1.63801,18.4022,19.029],'amu*angstrom^2'), symmetry=1), HarmonicOscillator(frequencies=([378.1,1029.14,1344.99,1458.5,3786.54,3787.27],'cm^-1'))])), Species(label="QNCSIOQOWBORKW-UHFFFAOYSA-u2", conformer=Conformer(E0=(97.7964,'kJ/mol'), modes=[IdealGasTranslation(mass=(43.0184,'amu')), NonlinearRotor(inertia=([4.67492,49.8122,53.8763],'amu*angstrom^2'), symmetry=1), HarmonicOscillator(frequencies=([341.005,440.299,620.889,838.322,950.161,1122.75,1215.47,1386.39,1716.53,3069.85,3189.07,3811.18],'cm^-1'))], spinMultiplicity=2))], kinetics=Arrhenius(A=(0.131477,'cm^3/(mol*s)'), n=3.83204, Ea=(82.1128,'kJ/mol'), T0=(1,'K'), Tmin=(303.03,'K'), Tmax=(2500,'K'), comment="""Fitted to 59 data points; dA = *|/ 1.05819, dn = +|- 0.00742338, dEa = +|- 0.040836 kJ/mol"""), transitionState=TransitionState(label="TS", conformer=Conformer(E0=(-35.331,'kJ/mol'), modes=[IdealGasTranslation(mass=(77.0239,'amu')), NonlinearRotor(inertia=([57.7228,198.762,252.836],'amu*angstrom^2'), symmetry=1), HarmonicOscillator(frequencies=([84.2513,121.388,202.056,263.272,327.928,388.051,434.231,607.143,649.098,852.921,896.856,961.887,1067.6,1148.85,1249.46,1389.03,1407.13,1500.71,1712.97,3077.88,3190.19,3752.8,3810.46],'cm^-1'))], spinMultiplicity=2), frequency=(-1754.9,'cm^-1'), tunneling=Eckart(frequency=(-1754.9,'cm^-1'), E0_reac=(-124.881,'kJ/mol'), E0_TS=(-35.331,'kJ/mol'), E0_prod=(-36.5854,'kJ/mol'))))
comparerTST.py:214 performCalcs INFO For reaction Reaction(label='C=CO+[O]O_C=[C]O+OO', reactants=[Species(label="IMROMDMJAWUWLK-UHFFFAOYSA", conformer=Conformer(E0=(-131.077,'kJ/mol'), modes=[IdealGasTranslation(mass=(44.0262,'amu')), NonlinearRotor(inertia=([7.83503,47.913,55.748],'amu*angstrom^2'), symmetry=1), HarmonicOscillator(frequencies=([215.153,473.961,722.859,883.157,951.219,982.636,1136.05,1268.52,1327.54,1414.16,1718.82,3111.77,3128.76,3224.18,3872.99],'cm^-1'))])), Species(label="OUUQCZGPVNCOIJ-UHFFFAOYSA-u2", conformer=Conformer(E0=(6.19549,'kJ/mol'), modes=[IdealGasTranslation(mass=(32.9977,'amu')), NonlinearRotor(inertia=([0.800947,14.5112,15.3121],'amu*angstrom^2'), symmetry=1), HarmonicOscillator(frequencies=([1245.9,1447.19,3645.15],'cm^-1'))], spinMultiplicity=2))], products=[Species(label="MHAJPDPJQMAIIY-UHFFFAOYSA", conformer=Conformer(E0=(-134.382,'kJ/mol'), modes=[IdealGasTranslation(mass=(34.0055,'amu')), NonlinearRotor(inertia=([1.63801,18.4022,19.029],'amu*angstrom^2'), symmetry=1), HarmonicOscillator(frequencies=([378.1,1029.14,1344.99,1458.5,3786.54,3787.27],'cm^-1'))])), Species(label="QNCSIOQOWBORKW-UHFFFAOYSA-u2", conformer=Conformer(E0=(97.7964,'kJ/mol'), modes=[IdealGasTranslation(mass=(43.0184,'amu')), NonlinearRotor(inertia=([4.67492,49.8122,53.8763],'amu*angstrom^2'), symmetry=1), HarmonicOscillator(frequencies=([341.005,440.299,620.889,838.322,950.161,1122.75,1215.47,1386.39,1716.53,3069.85,3189.07,3811.18],'cm^-1'))], spinMultiplicity=2))], kinetics=Arrhenius(A=(0.131477,'cm^3/(mol*s)'), n=3.83204, Ea=(82.1128,'kJ/mol'), T0=(1,'K'), Tmin=(303.03,'K'), Tmax=(2500,'K'), comment="""Fitted to 59 data points; dA = *|/ 1.05819, dn = +|- 0.00742338, dEa = +|- 0.040836 kJ/mol"""), transitionState=TransitionState(label="TS", conformer=Conformer(E0=(-35.331,'kJ/mol'), modes=[IdealGasTranslation(mass=(77.0239,'amu')), NonlinearRotor(inertia=([57.7228,198.762,252.836],'amu*angstrom^2'), symmetry=1), HarmonicOscillator(frequencies=([84.2513,121.388,202.056,263.272,327.928,388.051,434.231,607.143,649.098,852.921,896.856,961.887,1067.6,1148.85,1249.46,1389.03,1407.13,1500.71,1712.97,3077.88,3190.19,3752.8,3810.46],'cm^-1'))], spinMultiplicity=2), frequency=(-1754.9,'cm^-1'), tunneling=Eckart(frequency=(-1754.9,'cm^-1'), E0_reac=(-124.881,'kJ/mol'), E0_TS=(-35.331,'kJ/mol'), E0_prod=(-36.5854,'kJ/mol'))))
comparerTST.py:216 performCalcs INFO We have calculated kinetics Arrhenius(A=(0.131477,'cm^3/(mol*s)'), n=3.83204, Ea=(82.1128,'kJ/mol'), T0=(1,'K'), Tmin=(303.03,'K'), Tmax=(2500,'K'), comment="""Fitted to 59 data points; dA = *|/ 1.05819, dn = +|- 0.00742338, dEa = +|- 0.040836 kJ/mol""")
