comparerTST.py:41 <module> INFO RUNNING WITH JOB NUMBER i = 232
comparerTST.py:45 <module> INFO Loading RMG Database ...
comparerTST.py:48 <module> INFO /home/harms.n/Code/RMG-database/input
thermo.py:760 loadLibraries INFO Loading thermodynamics library from thermo_DFT_CCSDTF12_BAC.py in /home/harms.n/Code/RMG-database/input/thermo/libraries...
thermo.py:760 loadLibraries INFO Loading thermodynamics library from CBS_QB3_1dHR.py in /home/harms.n/Code/RMG-database/input/thermo/libraries...
thermo.py:760 loadLibraries INFO Loading thermodynamics library from primaryThermoLibrary.py in /home/harms.n/Code/RMG-database/input/thermo/libraries...
thermo.py:760 loadLibraries INFO Loading thermodynamics library from KlippensteinH2O2.py in /home/harms.n/Code/RMG-database/input/thermo/libraries...
thermo.py:774 loadGroups INFO Loading thermodynamics group database from /home/harms.n/Code/RMG-database/input/thermo/groups...
transport.py:294 loadGroups INFO Loading transport group database from /home/harms.n/Code/RMG-database/input/transport/groups...
database.py:165 loadFamilies INFO Loading the user-specified kinetics families from /home/harms.n/Code/RMG-database/input/kinetics/families
statmech.py:526 loadGroups INFO Loading frequencies group database from /home/harms.n/Code/RMG-database/input/statmech/groups...
comparerTST.py:57 <module> INFO RMG Database Loaded
comparerTST.py:81 <module> INFO generateReactionsFromFamilies successfuly performed
comparerTST.py:141 performCalcs INFO chemkinRxn: Reaction(reactants=[Molecule(SMILES="C[C](C)C"), Molecule(SMILES="[O]O")], products=[Molecule(SMILES="CC(C)C"), Molecule(SMILES="[O][O]")], pairs=[[Molecule(SMILES="C[C](C)C"), Molecule(SMILES="CC(C)C")], [Molecule(SMILES="[O]O"), Molecule(SMILES="[O][O]")]])
comparerTST.py:143 performCalcs INFO Ensuring resonance isomers have been generated
<type 'rmgpy.molecule.molecule.Molecule'>
<type 'rmgpy.molecule.molecule.Molecule'>
<type 'rmgpy.molecule.molecule.Molecule'>
<type 'rmgpy.molecule.molecule.Molecule'>
[Molecule(SMILES="C[C](C)C"), Molecule(SMILES="[O]O")]
[Molecule(SMILES="CC(C)C"), Molecule(SMILES="[O][O]")]
comparerTST.py:162 performCalcs INFO Generated one reaction:
comparerTST.py:163 performCalcs INFO [Reaction(reactants=[Molecule(SMILES="C[C](C)C"), Molecule(SMILES="[O]O")], products=[Molecule(SMILES="CC(C)C"), Molecule(SMILES="[O][O]")], pairs=[[Molecule(SMILES="C[C](C)C"), Molecule(SMILES="CC(C)C")], [Molecule(SMILES="[O]O"), Molecule(SMILES="[O][O]")]])]
comparerTST.py:172 performCalcs INFO The reaction of interest is as follows: 
comparerTST.py:173 performCalcs INFO <Molecule "C[C](C)C"> + <Molecule "[O]O"> <=> <Molecule "CC(C)C"> + <Molecule "[O][O]">
comparerTST.py:175 performCalcs INFO asserting that the testReaction is Isomorphic
comparerTST.py:177 performCalcs INFO reaction: Reaction(reactants=[Molecule(SMILES="C[C](C)C"), Molecule(SMILES="[O]O")], products=[Molecule(SMILES="CC(C)C"), Molecule(SMILES="[O][O]")], pairs=[[Molecule(SMILES="C[C](C)C"), Molecule(SMILES="CC(C)C")], [Molecule(SMILES="[O]O"), Molecule(SMILES="[O][O]")]])
comparerTST.py:183 performCalcs INFO Labeling reactant atoms
comparerTST.py:193 performCalcs INFO Labeling product atoms
comparerTST.py:209 performCalcs INFO We have generated a H_Abstraction reaction that matches, and used it to label the atoms.
comparerTST.py:211 performCalcs INFO Calculating reaction kinetics
comparerTST.py:119 calculate INFO Calculating reaction rate for <Molecule "C[C](C)C"> + <Molecule "[O]O"> <=> <Molecule "CC(C)C"> + <Molecule "[O][O]">
comparerTST.py:121 calculate INFO Selecting the appropriate TS distance database for family 'H_Abstraction'
comparerTST.py:123 calculate INFO Calculating kinetic data by calling qmCalc.getKineticData
reaction.py:619 loadKineticsData INFO Kinetics results file /gss_gpfs_scratch/harms.n/QMfiles/C[C](C)C+[O]O_CC(C)C+[O][O].kinetics does not exist or is invalid
reaction.py:520 generateTSGeometryDirectGuess INFO Generating a TS geometry via the direct guess method
reaction.py:300 generateBoundsMatrix INFO Generating bounds matrix for C[C](C)C.[O]O
reaction.py:338 bmPreEdit INFO Changing lower limit 2.512059 to 2.448931
reaction.py:338 bmPreEdit INFO Changing lower limit 3.65 to 3.16183513735
reaction.py:338 bmPreEdit INFO Changing lower limit 3.15 to 2.753092
reaction.py:338 bmPreEdit INFO Changing lower limit 3.15 to 2.753092
reaction.py:338 bmPreEdit INFO Changing lower limit 3.15 to 2.753092
reaction.py:561 generateTSGeometryDirectGuess INFO TS estimate made. About to try the search...
reaction.py:426 optimizeTS INFO Starting optimization steps of the TS search.
gaussian.py:535 optEstimate INFO Running loose optimization of TS with frozen center
gaussian.py:189 writeInputFile INFO Writing gaussian input file /gss_gpfs_scratch/harms.n/QMscratch/C[C](C)C+[O]O_CC(C)C+[O][O]Est.gjf
Error: segmentation violation
   rax 0000000000000000, rbx ffffffffffffffff, rcx ffffffffffffffff
   rdx 00000000000019cd, rsp 00007ffff0376288, rbp 00007ffff0376860
   rsi 000000000000000b, rdi 00000000000019cd, r8  00002b4c6efae6c0
   r9  0000000000000000, r10 00007ffff0376010, r11 0000000000000206
   r12 0000000000000000, r13 0000000000000000, r14 00007ffff03768a8
   r15 0000000000000000
  --- traceback not available
gaussian.py:680 runAlt WARNING Gaussian finished with return code 1
gaussian.py:590 optRxnCenter INFO Optimization of TS reaction center distances
gaussian.py:189 writeInputFile INFO Writing gaussian input file /gss_gpfs_scratch/harms.n/QMscratch/C[C](C)C+[O]O_CC(C)C+[O][O]RxnC.gjf
Error: segmentation violation
   rax 0000000000000000, rbx ffffffffffffffff, rcx ffffffffffffffff
   rdx 00000000000055c4, rsp 00007fff1753a488, rbp 00007fff1753aa60
   rsi 000000000000000b, rdi 00000000000055c4, r8  00002b80ef5d76c0
   r9  0000000000000000, r10 00007fff1753a210, r11 0000000000000206
   r12 0000000000000000, r13 0000000000000000, r14 00007fff1753aaa8
   r15 000000000000007e
  --- traceback not available
gaussian.py:680 runAlt WARNING Gaussian finished with return code 1
reaction.py:443 optimizeTS INFO Optimizing TS attempt 1
gaussian.py:485 createInputFile INFO Creating input file
gaussian.py:189 writeInputFile INFO Writing gaussian input file None
Error: segmentation violation
   rax 0000000000000000, rbx ffffffffffffffff, rcx ffffffffffffffff
   rdx 0000000000009e2e, rsp 00007fffe68a6e88, rbp 00007fffe68a7460
   rsi 000000000000000b, rdi 0000000000009e2e, r8  00002ace750e66c0
   r9  0000000000000000, r10 00007fffe68a6c10, r11 0000000000000206
   r12 0000000000000000, r13 0000000000000000, r14 00007fffe68a74a8
   r15 000000000000007e
  --- traceback not available
gaussian.py:89 run WARNING Gaussian finished with return code 1
gaussian.py:748 verifyOutputFile INFO Verifying output file /gss_gpfs_scratch/harms.n/QMscratch/C[C](C)C+[O]O_CC(C)C+[O][O].log
gaussian.py:763 verifyOutputFile ERROR Gaussian output file contains the following error: Error termination
gaussian.py:763 verifyOutputFile ERROR Gaussian output file contains the following error: Error termination
gaussian.py:702 checkComplete INFO Checking file /gss_gpfs_scratch/harms.n/QMscratch/C[C](C)C+[O]O_CC(C)C+[O][O].log is complete
gaussian.py:729 checkComplete INFO IRC file /gss_gpfs_scratch/harms.n/QMscratch/C[C](C)C+[O]O_CC(C)C+[O][O].log is complete
reaction.py:842 generateKineticData WARNING Couldn't find transition state. Not using TST
comparerTST.py:125 calculate INFO Removing 'core*' files
comparerTST.py:136 calculate INFO Boo, reaction kinetics not calculated!!!
comparerTST.py:214 performCalcs INFO For reaction Reaction(reactants=[Molecule(SMILES="C[C](C)C"), Molecule(SMILES="[O]O")], products=[Molecule(SMILES="CC(C)C"), Molecule(SMILES="[O][O]")], pairs=[[Molecule(SMILES="C[C](C)C"), Molecule(SMILES="CC(C)C")], [Molecule(SMILES="[O]O"), Molecule(SMILES="[O][O]")]])
comparerTST.py:219 performCalcs WARNING Couldn't calculate kinetics.
