comparerTST.py:41 <module> INFO RUNNING WITH JOB NUMBER i = 77
comparerTST.py:45 <module> INFO Loading RMG Database ...
comparerTST.py:48 <module> INFO /home/harms.n/Code/RMG-database/input
thermo.py:760 loadLibraries INFO Loading thermodynamics library from thermo_DFT_CCSDTF12_BAC.py in /home/harms.n/Code/RMG-database/input/thermo/libraries...
thermo.py:760 loadLibraries INFO Loading thermodynamics library from CBS_QB3_1dHR.py in /home/harms.n/Code/RMG-database/input/thermo/libraries...
thermo.py:760 loadLibraries INFO Loading thermodynamics library from primaryThermoLibrary.py in /home/harms.n/Code/RMG-database/input/thermo/libraries...
thermo.py:760 loadLibraries INFO Loading thermodynamics library from KlippensteinH2O2.py in /home/harms.n/Code/RMG-database/input/thermo/libraries...
thermo.py:774 loadGroups INFO Loading thermodynamics group database from /home/harms.n/Code/RMG-database/input/thermo/groups...
transport.py:294 loadGroups INFO Loading transport group database from /home/harms.n/Code/RMG-database/input/transport/groups...
database.py:165 loadFamilies INFO Loading the user-specified kinetics families from /home/harms.n/Code/RMG-database/input/kinetics/families
statmech.py:526 loadGroups INFO Loading frequencies group database from /home/harms.n/Code/RMG-database/input/statmech/groups...
comparerTST.py:57 <module> INFO RMG Database Loaded
comparerTST.py:81 <module> INFO generateReactionsFromFamilies successfuly performed
comparerTST.py:141 performCalcs INFO chemkinRxn: Reaction(reactants=[Molecule(SMILES="C#CC"), Molecule(SMILES="[O]O")], products=[Molecule(SMILES="OO"), Molecule(SMILES="C#C[CH2]")], degeneracy=3, pairs=[[Molecule(SMILES="C#CC"), Molecule(SMILES="C#C[CH2]")], [Molecule(SMILES="[O]O"), Molecule(SMILES="OO")]])
comparerTST.py:143 performCalcs INFO Ensuring resonance isomers have been generated
<type 'rmgpy.molecule.molecule.Molecule'>
<type 'rmgpy.molecule.molecule.Molecule'>
<type 'rmgpy.molecule.molecule.Molecule'>
<type 'rmgpy.molecule.molecule.Molecule'>
[Molecule(SMILES="C#CC"), Molecule(SMILES="[O]O")]
[Molecule(SMILES="OO"), Molecule(SMILES="C#C[CH2]")]
comparerTST.py:162 performCalcs INFO Generated one reaction:
comparerTST.py:163 performCalcs INFO [Reaction(reactants=[Molecule(SMILES="C#CC"), Molecule(SMILES="[O]O")], products=[Molecule(SMILES="OO"), Molecule(SMILES="C#C[CH2]")], degeneracy=3, pairs=[[Molecule(SMILES="C#CC"), Molecule(SMILES="C#C[CH2]")], [Molecule(SMILES="[O]O"), Molecule(SMILES="OO")]])]
comparerTST.py:172 performCalcs INFO The reaction of interest is as follows: 
comparerTST.py:173 performCalcs INFO <Molecule "C#CC"> + <Molecule "[O]O"> <=> <Molecule "OO"> + <Molecule "C#C[CH2]">
comparerTST.py:175 performCalcs INFO asserting that the testReaction is Isomorphic
comparerTST.py:177 performCalcs INFO reaction: Reaction(reactants=[Molecule(SMILES="C#CC"), Molecule(SMILES="[O]O")], products=[Molecule(SMILES="OO"), Molecule(SMILES="C#C[CH2]")], degeneracy=3, pairs=[[Molecule(SMILES="C#CC"), Molecule(SMILES="C#C[CH2]")], [Molecule(SMILES="[O]O"), Molecule(SMILES="OO")]])
comparerTST.py:183 performCalcs INFO Labeling reactant atoms
comparerTST.py:193 performCalcs INFO Labeling product atoms
comparerTST.py:209 performCalcs INFO We have generated a H_Abstraction reaction that matches, and used it to label the atoms.
comparerTST.py:211 performCalcs INFO Calculating reaction kinetics
comparerTST.py:119 calculate INFO Calculating reaction rate for <Molecule "C#CC"> + <Molecule "[O]O"> <=> <Molecule "OO"> + <Molecule "C#C[CH2]">
comparerTST.py:121 calculate INFO Selecting the appropriate TS distance database for family 'H_Abstraction'
comparerTST.py:123 calculate INFO Calculating kinetic data by calling qmCalc.getKineticData
reaction.py:96 loadKineticsDataFile INFO Reading existing kinetics file /gss_gpfs_scratch/harms.n/QMfiles/C#CC+[O]O_C#C[CH2]+OO.kinetics
comparerTST.py:125 calculate INFO Removing 'core*' files
comparerTST.py:133 calculate INFO Yay, reaction kinetics calculated!!!
comparerTST.py:134 calculate INFO Reaction(label='C#CC+[O]O_C#C[CH2]+OO', reactants=[Species(label="OUUQCZGPVNCOIJ-UHFFFAOYSA-u2", conformer=Conformer(E0=(6.19549,'kJ/mol'), modes=[IdealGasTranslation(mass=(32.9977,'amu')), NonlinearRotor(inertia=([0.800947,14.5112,15.3121],'amu*angstrom^2'), symmetry=1), HarmonicOscillator(frequencies=([1245.9,1447.19,3645.15],'cm^-1'))], spinMultiplicity=2)), Species(label="MWWATHDPGQKSAR-UHFFFAOYSA", conformer=Conformer(E0=(174.155,'kJ/mol'), modes=[IdealGasTranslation(mass=(40.0313,'amu')), NonlinearRotor(inertia=([3.14199,58.5979,58.5991],'amu*angstrom^2'), symmetry=1), HarmonicOscillator(frequencies=([351.912,358.177,703.769,708.069,934.613,1037.48,1042.68,1390.29,1460.84,1462.24,2225.51,3009.64,3075.64,3081.98,3414.39],'cm^-1'))]))], products=[Species(label="DITHIFQMPPCBCU-UHFFFAOYSA-u2", conformer=Conformer(E0=(338.098,'kJ/mol'), modes=[IdealGasTranslation(mass=(39.0235,'amu')), NonlinearRotor(inertia=([1.73936,52.6678,54.4072],'amu*angstrom^2'), symmetry=1), HarmonicOscillator(frequencies=([354.075,406.869,576.231,668.332,695.769,1017.99,1057.56,1436.86,1991.19,3117.34,3213.85,3403.65],'cm^-1'))], spinMultiplicity=2)), Species(label="MHAJPDPJQMAIIY-UHFFFAOYSA", conformer=Conformer(E0=(-134.382,'kJ/mol'), modes=[IdealGasTranslation(mass=(34.0055,'amu')), NonlinearRotor(inertia=([1.63801,18.4022,19.029],'amu*angstrom^2'), symmetry=1), HarmonicOscillator(frequencies=([378.1,1029.14,1344.99,1458.5,3786.54,3787.27],'cm^-1'))]))], kinetics=Arrhenius(A=(9.02065e-08,'cm^3/(mol*s)'), n=5.56952, Ea=(34.8886,'kJ/mol'), T0=(1,'K'), Tmin=(303.03,'K'), Tmax=(2500,'K'), comment="""Fitted to 59 data points; dA = *|/ 2.33181, dn = +|- 0.111115, dEa = +|- 0.611241 kJ/mol"""), transitionState=TransitionState(label="TS", conformer=Conformer(E0=(243.998,'kJ/mol'), modes=[IdealGasTranslation(mass=(73.0289,'amu')), NonlinearRotor(inertia=([64.8624,160.713,216.894],'amu*angstrom^2'), symmetry=1), HarmonicOscillator(frequencies=([84.0329,105.212,231.104,335.599,359.508,449.349,513.555,577.91,669.41,693.38,985.537,1004.83,1051.93,1107.74,1156.54,1423.12,1423.41,1448.04,2139.13,3053.18,3133.39,3394.61,3708.54],'cm^-1'))], spinMultiplicity=2), frequency=(-1906.9,'cm^-1'), tunneling=Eckart(frequency=(-1906.9,'cm^-1'), E0_reac=(180.351,'kJ/mol'), E0_TS=(243.998,'kJ/mol'), E0_prod=(203.717,'kJ/mol'))))
comparerTST.py:214 performCalcs INFO For reaction Reaction(label='C#CC+[O]O_C#C[CH2]+OO', reactants=[Species(label="OUUQCZGPVNCOIJ-UHFFFAOYSA-u2", conformer=Conformer(E0=(6.19549,'kJ/mol'), modes=[IdealGasTranslation(mass=(32.9977,'amu')), NonlinearRotor(inertia=([0.800947,14.5112,15.3121],'amu*angstrom^2'), symmetry=1), HarmonicOscillator(frequencies=([1245.9,1447.19,3645.15],'cm^-1'))], spinMultiplicity=2)), Species(label="MWWATHDPGQKSAR-UHFFFAOYSA", conformer=Conformer(E0=(174.155,'kJ/mol'), modes=[IdealGasTranslation(mass=(40.0313,'amu')), NonlinearRotor(inertia=([3.14199,58.5979,58.5991],'amu*angstrom^2'), symmetry=1), HarmonicOscillator(frequencies=([351.912,358.177,703.769,708.069,934.613,1037.48,1042.68,1390.29,1460.84,1462.24,2225.51,3009.64,3075.64,3081.98,3414.39],'cm^-1'))]))], products=[Species(label="DITHIFQMPPCBCU-UHFFFAOYSA-u2", conformer=Conformer(E0=(338.098,'kJ/mol'), modes=[IdealGasTranslation(mass=(39.0235,'amu')), NonlinearRotor(inertia=([1.73936,52.6678,54.4072],'amu*angstrom^2'), symmetry=1), HarmonicOscillator(frequencies=([354.075,406.869,576.231,668.332,695.769,1017.99,1057.56,1436.86,1991.19,3117.34,3213.85,3403.65],'cm^-1'))], spinMultiplicity=2)), Species(label="MHAJPDPJQMAIIY-UHFFFAOYSA", conformer=Conformer(E0=(-134.382,'kJ/mol'), modes=[IdealGasTranslation(mass=(34.0055,'amu')), NonlinearRotor(inertia=([1.63801,18.4022,19.029],'amu*angstrom^2'), symmetry=1), HarmonicOscillator(frequencies=([378.1,1029.14,1344.99,1458.5,3786.54,3787.27],'cm^-1'))]))], kinetics=Arrhenius(A=(9.02065e-08,'cm^3/(mol*s)'), n=5.56952, Ea=(34.8886,'kJ/mol'), T0=(1,'K'), Tmin=(303.03,'K'), Tmax=(2500,'K'), comment="""Fitted to 59 data points; dA = *|/ 2.33181, dn = +|- 0.111115, dEa = +|- 0.611241 kJ/mol"""), transitionState=TransitionState(label="TS", conformer=Conformer(E0=(243.998,'kJ/mol'), modes=[IdealGasTranslation(mass=(73.0289,'amu')), NonlinearRotor(inertia=([64.8624,160.713,216.894],'amu*angstrom^2'), symmetry=1), HarmonicOscillator(frequencies=([84.0329,105.212,231.104,335.599,359.508,449.349,513.555,577.91,669.41,693.38,985.537,1004.83,1051.93,1107.74,1156.54,1423.12,1423.41,1448.04,2139.13,3053.18,3133.39,3394.61,3708.54],'cm^-1'))], spinMultiplicity=2), frequency=(-1906.9,'cm^-1'), tunneling=Eckart(frequency=(-1906.9,'cm^-1'), E0_reac=(180.351,'kJ/mol'), E0_TS=(243.998,'kJ/mol'), E0_prod=(203.717,'kJ/mol'))))
comparerTST.py:216 performCalcs INFO We have calculated kinetics Arrhenius(A=(9.02065e-08,'cm^3/(mol*s)'), n=5.56952, Ea=(34.8886,'kJ/mol'), T0=(1,'K'), Tmin=(303.03,'K'), Tmax=(2500,'K'), comment="""Fitted to 59 data points; dA = *|/ 2.33181, dn = +|- 0.111115, dEa = +|- 0.611241 kJ/mol""")
