comparerTST.py:41 <module> INFO RUNNING WITH JOB NUMBER i = 152
comparerTST.py:45 <module> INFO Loading RMG Database ...
comparerTST.py:48 <module> INFO /home/harms.n/Code/RMG-database/input
thermo.py:760 loadLibraries INFO Loading thermodynamics library from thermo_DFT_CCSDTF12_BAC.py in /home/harms.n/Code/RMG-database/input/thermo/libraries...
thermo.py:760 loadLibraries INFO Loading thermodynamics library from CBS_QB3_1dHR.py in /home/harms.n/Code/RMG-database/input/thermo/libraries...
thermo.py:760 loadLibraries INFO Loading thermodynamics library from primaryThermoLibrary.py in /home/harms.n/Code/RMG-database/input/thermo/libraries...
thermo.py:760 loadLibraries INFO Loading thermodynamics library from KlippensteinH2O2.py in /home/harms.n/Code/RMG-database/input/thermo/libraries...
thermo.py:774 loadGroups INFO Loading thermodynamics group database from /home/harms.n/Code/RMG-database/input/thermo/groups...
transport.py:294 loadGroups INFO Loading transport group database from /home/harms.n/Code/RMG-database/input/transport/groups...
database.py:165 loadFamilies INFO Loading the user-specified kinetics families from /home/harms.n/Code/RMG-database/input/kinetics/families
statmech.py:526 loadGroups INFO Loading frequencies group database from /home/harms.n/Code/RMG-database/input/statmech/groups...
comparerTST.py:57 <module> INFO RMG Database Loaded
comparerTST.py:81 <module> INFO generateReactionsFromFamilies successfuly performed
comparerTST.py:141 performCalcs INFO chemkinRxn: Reaction(reactants=[Molecule(SMILES="CO[O]"), Molecule(SMILES="OO")], products=[Molecule(SMILES="COO"), Molecule(SMILES="[O]O")], degeneracy=2, pairs=[[Molecule(SMILES="CO[O]"), Molecule(SMILES="COO")], [Molecule(SMILES="OO"), Molecule(SMILES="[O]O")]])
comparerTST.py:143 performCalcs INFO Ensuring resonance isomers have been generated
<type 'rmgpy.molecule.molecule.Molecule'>
<type 'rmgpy.molecule.molecule.Molecule'>
<type 'rmgpy.molecule.molecule.Molecule'>
<type 'rmgpy.molecule.molecule.Molecule'>
[Molecule(SMILES="CO[O]"), Molecule(SMILES="OO")]
[Molecule(SMILES="COO"), Molecule(SMILES="[O]O")]
comparerTST.py:162 performCalcs INFO Generated one reaction:
comparerTST.py:163 performCalcs INFO [Reaction(reactants=[Molecule(SMILES="CO[O]"), Molecule(SMILES="OO")], products=[Molecule(SMILES="COO"), Molecule(SMILES="[O]O")], degeneracy=2, pairs=[[Molecule(SMILES="CO[O]"), Molecule(SMILES="COO")], [Molecule(SMILES="OO"), Molecule(SMILES="[O]O")]])]
comparerTST.py:172 performCalcs INFO The reaction of interest is as follows: 
comparerTST.py:173 performCalcs INFO <Molecule "CO[O]"> + <Molecule "OO"> <=> <Molecule "COO"> + <Molecule "[O]O">
comparerTST.py:175 performCalcs INFO asserting that the testReaction is Isomorphic
comparerTST.py:177 performCalcs INFO reaction: Reaction(reactants=[Molecule(SMILES="CO[O]"), Molecule(SMILES="OO")], products=[Molecule(SMILES="COO"), Molecule(SMILES="[O]O")], degeneracy=2, pairs=[[Molecule(SMILES="CO[O]"), Molecule(SMILES="COO")], [Molecule(SMILES="OO"), Molecule(SMILES="[O]O")]])
comparerTST.py:183 performCalcs INFO Labeling reactant atoms
comparerTST.py:193 performCalcs INFO Labeling product atoms
comparerTST.py:209 performCalcs INFO We have generated a H_Abstraction reaction that matches, and used it to label the atoms.
comparerTST.py:211 performCalcs INFO Calculating reaction kinetics
comparerTST.py:119 calculate INFO Calculating reaction rate for <Molecule "CO[O]"> + <Molecule "OO"> <=> <Molecule "COO"> + <Molecule "[O]O">
comparerTST.py:121 calculate INFO Selecting the appropriate TS distance database for family 'H_Abstraction'
comparerTST.py:123 calculate INFO Calculating kinetic data by calling qmCalc.getKineticData
reaction.py:96 loadKineticsDataFile INFO Reading existing kinetics file /gss_gpfs_scratch/harms.n/QMfiles/CO[O]+OO_COO+[O]O.kinetics
comparerTST.py:125 calculate INFO Removing 'core*' files
comparerTST.py:133 calculate INFO Yay, reaction kinetics calculated!!!
comparerTST.py:134 calculate INFO Reaction(label='CO[O]+OO_COO+[O]O', reactants=[Species(label="MHAJPDPJQMAIIY-UHFFFAOYSA", conformer=Conformer(E0=(-134.382,'kJ/mol'), modes=[IdealGasTranslation(mass=(34.0055,'amu')), NonlinearRotor(inertia=([1.63801,18.4022,19.029],'amu*angstrom^2'), symmetry=1), HarmonicOscillator(frequencies=([378.1,1029.14,1344.99,1458.5,3786.54,3787.27],'cm^-1'))])), Species(label="WTFNSXYULBQCQV-UHFFFAOYSA-u2", conformer=Conformer(E0=(-1.50004,'kJ/mol'), modes=[IdealGasTranslation(mass=(47.0133,'amu')), NonlinearRotor(inertia=([9.39241,43.6626,49.8308],'amu*angstrom^2'), symmetry=1), HarmonicOscillator(frequencies=([110.146,504.477,966.16,1126.1,1181.65,1282.22,1435.79,1453.82,1468.51,3023.12,3121.23,3122.51],'cm^-1'))], spinMultiplicity=2))], products=[Species(label="MEUKEBNAABNAEX-UHFFFAOYSA", conformer=Conformer(E0=(-135.086,'kJ/mol'), modes=[IdealGasTranslation(mass=(48.0211,'amu')), NonlinearRotor(inertia=([11.4133,47.2866,54.0942],'amu*angstrom^2'), symmetry=1), HarmonicOscillator(frequencies=([214.082,257.641,461.553,940.913,1098.95,1164.86,1206.4,1389.98,1437.45,1454.3,1492.6,2997.6,3072.06,3092.01,3776.01],'cm^-1'))])), Species(label="OUUQCZGPVNCOIJ-UHFFFAOYSA-u2", conformer=Conformer(E0=(6.19549,'kJ/mol'), modes=[IdealGasTranslation(mass=(32.9977,'amu')), NonlinearRotor(inertia=([0.800947,14.5112,15.3121],'amu*angstrom^2'), symmetry=1), HarmonicOscillator(frequencies=([1245.9,1447.19,3645.15],'cm^-1'))], spinMultiplicity=2))], kinetics=Arrhenius(A=(1.12699e-05,'cm^3/(mol*s)'), n=4.6208, Ea=(7.44222,'kJ/mol'), T0=(1,'K'), Tmin=(303.03,'K'), Tmax=(2500,'K'), comment="""Fitted to 59 data points; dA = *|/ 1.40594, dn = +|- 0.0447143, dEa = +|- 0.245974 kJ/mol"""), transitionState=TransitionState(label="TS", conformer=Conformer(E0=(-103.177,'kJ/mol'), modes=[IdealGasTranslation(mass=(81.0188,'amu')), NonlinearRotor(inertia=([62.8085,153.076,185.485],'amu*angstrom^2'), symmetry=1), HarmonicOscillator(frequencies=([95.199,125.032,167.608,217.61,383.444,415.667,500.368,660.073,800.51,978.2,1150.47,1154.63,1163.83,1215.45,1418.1,1435,1452.89,1472.15,1645.42,3006.71,3091.42,3115.4,3702.66],'cm^-1'))], spinMultiplicity=2), frequency=(-2122.71,'cm^-1'), tunneling=Eckart(frequency=(-2122.71,'cm^-1'), E0_reac=(-135.882,'kJ/mol'), E0_TS=(-103.177,'kJ/mol'), E0_prod=(-128.891,'kJ/mol'))))
comparerTST.py:214 performCalcs INFO For reaction Reaction(label='CO[O]+OO_COO+[O]O', reactants=[Species(label="MHAJPDPJQMAIIY-UHFFFAOYSA", conformer=Conformer(E0=(-134.382,'kJ/mol'), modes=[IdealGasTranslation(mass=(34.0055,'amu')), NonlinearRotor(inertia=([1.63801,18.4022,19.029],'amu*angstrom^2'), symmetry=1), HarmonicOscillator(frequencies=([378.1,1029.14,1344.99,1458.5,3786.54,3787.27],'cm^-1'))])), Species(label="WTFNSXYULBQCQV-UHFFFAOYSA-u2", conformer=Conformer(E0=(-1.50004,'kJ/mol'), modes=[IdealGasTranslation(mass=(47.0133,'amu')), NonlinearRotor(inertia=([9.39241,43.6626,49.8308],'amu*angstrom^2'), symmetry=1), HarmonicOscillator(frequencies=([110.146,504.477,966.16,1126.1,1181.65,1282.22,1435.79,1453.82,1468.51,3023.12,3121.23,3122.51],'cm^-1'))], spinMultiplicity=2))], products=[Species(label="MEUKEBNAABNAEX-UHFFFAOYSA", conformer=Conformer(E0=(-135.086,'kJ/mol'), modes=[IdealGasTranslation(mass=(48.0211,'amu')), NonlinearRotor(inertia=([11.4133,47.2866,54.0942],'amu*angstrom^2'), symmetry=1), HarmonicOscillator(frequencies=([214.082,257.641,461.553,940.913,1098.95,1164.86,1206.4,1389.98,1437.45,1454.3,1492.6,2997.6,3072.06,3092.01,3776.01],'cm^-1'))])), Species(label="OUUQCZGPVNCOIJ-UHFFFAOYSA-u2", conformer=Conformer(E0=(6.19549,'kJ/mol'), modes=[IdealGasTranslation(mass=(32.9977,'amu')), NonlinearRotor(inertia=([0.800947,14.5112,15.3121],'amu*angstrom^2'), symmetry=1), HarmonicOscillator(frequencies=([1245.9,1447.19,3645.15],'cm^-1'))], spinMultiplicity=2))], kinetics=Arrhenius(A=(1.12699e-05,'cm^3/(mol*s)'), n=4.6208, Ea=(7.44222,'kJ/mol'), T0=(1,'K'), Tmin=(303.03,'K'), Tmax=(2500,'K'), comment="""Fitted to 59 data points; dA = *|/ 1.40594, dn = +|- 0.0447143, dEa = +|- 0.245974 kJ/mol"""), transitionState=TransitionState(label="TS", conformer=Conformer(E0=(-103.177,'kJ/mol'), modes=[IdealGasTranslation(mass=(81.0188,'amu')), NonlinearRotor(inertia=([62.8085,153.076,185.485],'amu*angstrom^2'), symmetry=1), HarmonicOscillator(frequencies=([95.199,125.032,167.608,217.61,383.444,415.667,500.368,660.073,800.51,978.2,1150.47,1154.63,1163.83,1215.45,1418.1,1435,1452.89,1472.15,1645.42,3006.71,3091.42,3115.4,3702.66],'cm^-1'))], spinMultiplicity=2), frequency=(-2122.71,'cm^-1'), tunneling=Eckart(frequency=(-2122.71,'cm^-1'), E0_reac=(-135.882,'kJ/mol'), E0_TS=(-103.177,'kJ/mol'), E0_prod=(-128.891,'kJ/mol'))))
comparerTST.py:216 performCalcs INFO We have calculated kinetics Arrhenius(A=(1.12699e-05,'cm^3/(mol*s)'), n=4.6208, Ea=(7.44222,'kJ/mol'), T0=(1,'K'), Tmin=(303.03,'K'), Tmax=(2500,'K'), comment="""Fitted to 59 data points; dA = *|/ 1.40594, dn = +|- 0.0447143, dEa = +|- 0.245974 kJ/mol""")
