comparerTST.py:41 <module> INFO RUNNING WITH JOB NUMBER i = 126
comparerTST.py:45 <module> INFO Loading RMG Database ...
comparerTST.py:48 <module> INFO /home/harms.n/Code/RMG-database/input
thermo.py:760 loadLibraries INFO Loading thermodynamics library from thermo_DFT_CCSDTF12_BAC.py in /home/harms.n/Code/RMG-database/input/thermo/libraries...
thermo.py:760 loadLibraries INFO Loading thermodynamics library from CBS_QB3_1dHR.py in /home/harms.n/Code/RMG-database/input/thermo/libraries...
thermo.py:760 loadLibraries INFO Loading thermodynamics library from primaryThermoLibrary.py in /home/harms.n/Code/RMG-database/input/thermo/libraries...
thermo.py:760 loadLibraries INFO Loading thermodynamics library from KlippensteinH2O2.py in /home/harms.n/Code/RMG-database/input/thermo/libraries...
thermo.py:774 loadGroups INFO Loading thermodynamics group database from /home/harms.n/Code/RMG-database/input/thermo/groups...
transport.py:294 loadGroups INFO Loading transport group database from /home/harms.n/Code/RMG-database/input/transport/groups...
database.py:165 loadFamilies INFO Loading the user-specified kinetics families from /home/harms.n/Code/RMG-database/input/kinetics/families
statmech.py:526 loadGroups INFO Loading frequencies group database from /home/harms.n/Code/RMG-database/input/statmech/groups...
comparerTST.py:57 <module> INFO RMG Database Loaded
comparerTST.py:81 <module> INFO generateReactionsFromFamilies successfuly performed
comparerTST.py:141 performCalcs INFO chemkinRxn: Reaction(reactants=[Molecule(SMILES="C1CO1"), Molecule(SMILES="[O]O")], products=[Molecule(SMILES="OO"), Molecule(SMILES="[CH]1CO1")], degeneracy=4, pairs=[[Molecule(SMILES="C1CO1"), Molecule(SMILES="[CH]1CO1")], [Molecule(SMILES="[O]O"), Molecule(SMILES="OO")]])
comparerTST.py:143 performCalcs INFO Ensuring resonance isomers have been generated
<type 'rmgpy.molecule.molecule.Molecule'>
<type 'rmgpy.molecule.molecule.Molecule'>
<type 'rmgpy.molecule.molecule.Molecule'>
<type 'rmgpy.molecule.molecule.Molecule'>
[Molecule(SMILES="C1CO1"), Molecule(SMILES="[O]O")]
[Molecule(SMILES="OO"), Molecule(SMILES="[CH]1CO1")]
comparerTST.py:162 performCalcs INFO Generated one reaction:
comparerTST.py:163 performCalcs INFO [Reaction(reactants=[Molecule(SMILES="C1CO1"), Molecule(SMILES="[O]O")], products=[Molecule(SMILES="OO"), Molecule(SMILES="[CH]1CO1")], degeneracy=4, pairs=[[Molecule(SMILES="C1CO1"), Molecule(SMILES="[CH]1CO1")], [Molecule(SMILES="[O]O"), Molecule(SMILES="OO")]])]
comparerTST.py:172 performCalcs INFO The reaction of interest is as follows: 
comparerTST.py:173 performCalcs INFO <Molecule "C1CO1"> + <Molecule "[O]O"> <=> <Molecule "OO"> + <Molecule "[CH]1CO1">
comparerTST.py:175 performCalcs INFO asserting that the testReaction is Isomorphic
comparerTST.py:177 performCalcs INFO reaction: Reaction(reactants=[Molecule(SMILES="C1CO1"), Molecule(SMILES="[O]O")], products=[Molecule(SMILES="OO"), Molecule(SMILES="[CH]1CO1")], degeneracy=4, pairs=[[Molecule(SMILES="C1CO1"), Molecule(SMILES="[CH]1CO1")], [Molecule(SMILES="[O]O"), Molecule(SMILES="OO")]])
comparerTST.py:183 performCalcs INFO Labeling reactant atoms
comparerTST.py:193 performCalcs INFO Labeling product atoms
comparerTST.py:209 performCalcs INFO We have generated a H_Abstraction reaction that matches, and used it to label the atoms.
comparerTST.py:211 performCalcs INFO Calculating reaction kinetics
comparerTST.py:119 calculate INFO Calculating reaction rate for <Molecule "C1CO1"> + <Molecule "[O]O"> <=> <Molecule "OO"> + <Molecule "[CH]1CO1">
comparerTST.py:121 calculate INFO Selecting the appropriate TS distance database for family 'H_Abstraction'
comparerTST.py:123 calculate INFO Calculating kinetic data by calling qmCalc.getKineticData
reaction.py:96 loadKineticsDataFile INFO Reading existing kinetics file /gss_gpfs_scratch/harms.n/QMfiles/C1CO1+[O]O_OO+[CH]1CO1.kinetics
comparerTST.py:125 calculate INFO Removing 'core*' files
comparerTST.py:133 calculate INFO Yay, reaction kinetics calculated!!!
comparerTST.py:134 calculate INFO Reaction(label='C1CO1+[O]O_OO+[CH]1CO1', reactants=[Species(label="IAYPIBMASNFSPL-UHFFFAOYSA", conformer=Conformer(E0=(-71.6711,'kJ/mol'), modes=[IdealGasTranslation(mass=(44.0262,'amu')), NonlinearRotor(inertia=([19.249,22.6874,35.1302],'amu*angstrom^2'), symmetry=1), HarmonicOscillator(frequencies=([816.638,911.284,917.7,1045.05,1155.53,1159.58,1160.64,1165.51,1307.29,1478.97,1523.2,3058.12,3064.4,3143.53,3156.3],'cm^-1'))])), Species(label="OUUQCZGPVNCOIJ-UHFFFAOYSA-u2", conformer=Conformer(E0=(6.19549,'kJ/mol'), modes=[IdealGasTranslation(mass=(32.9977,'amu')), NonlinearRotor(inertia=([0.800947,14.5112,15.3121],'amu*angstrom^2'), symmetry=1), HarmonicOscillator(frequencies=([1245.9,1447.19,3645.15],'cm^-1'))], spinMultiplicity=2))], products=[Species(label="MHAJPDPJQMAIIY-UHFFFAOYSA", conformer=Conformer(E0=(-134.382,'kJ/mol'), modes=[IdealGasTranslation(mass=(34.0055,'amu')), NonlinearRotor(inertia=([1.63801,18.4022,19.029],'amu*angstrom^2'), symmetry=1), HarmonicOscillator(frequencies=([378.1,1029.14,1344.99,1458.5,3786.54,3787.27],'cm^-1'))])), Species(label="CPRNZALWAHPTRF-UHFFFAOYSA-u1", conformer=Conformer(E0=(144.362,'kJ/mol'), modes=[IdealGasTranslation(mass=(43.0184,'amu')), NonlinearRotor(inertia=([16.5963,20.9557,33.2223],'amu*angstrom^2'), symmetry=1), HarmonicOscillator(frequencies=([780.601,850.109,957.744,1040.82,1068.91,1128.11,1183.62,1364.19,1511.77,3071.58,3112.81,3162.73],'cm^-1'))], spinMultiplicity=2))], kinetics=Arrhenius(A=(0.101906,'cm^3/(mol*s)'), n=3.87668, Ea=(70.1765,'kJ/mol'), T0=(1,'K'), Tmin=(303.03,'K'), Tmax=(2500,'K'), comment="""Fitted to 59 data points; dA = *|/ 1.07588, dn = +|- 0.00959883, dEa = +|- 0.0528032 kJ/mol"""), transitionState=TransitionState(label="TS", conformer=Conformer(E0=(15.0527,'kJ/mol'), modes=[IdealGasTranslation(mass=(77.0239,'amu')), NonlinearRotor(inertia=([44.5276,183.251,199.347],'amu*angstrom^2'), symmetry=1), HarmonicOscillator(frequencies=([86.2716,119.593,142.334,312.38,423.782,594.994,837.005,874.373,963.716,1068.35,1070.74,1078.97,1142.63,1171.54,1202.29,1358.07,1423.98,1455.67,1513,3082.13,3095.31,3183.13,3733.29],'cm^-1'))], spinMultiplicity=2), frequency=(-1775.21,'cm^-1'), tunneling=Eckart(frequency=(-1775.21,'cm^-1'), E0_reac=(-65.4756,'kJ/mol'), E0_TS=(15.0527,'kJ/mol'), E0_prod=(9.98052,'kJ/mol'))))
comparerTST.py:214 performCalcs INFO For reaction Reaction(label='C1CO1+[O]O_OO+[CH]1CO1', reactants=[Species(label="IAYPIBMASNFSPL-UHFFFAOYSA", conformer=Conformer(E0=(-71.6711,'kJ/mol'), modes=[IdealGasTranslation(mass=(44.0262,'amu')), NonlinearRotor(inertia=([19.249,22.6874,35.1302],'amu*angstrom^2'), symmetry=1), HarmonicOscillator(frequencies=([816.638,911.284,917.7,1045.05,1155.53,1159.58,1160.64,1165.51,1307.29,1478.97,1523.2,3058.12,3064.4,3143.53,3156.3],'cm^-1'))])), Species(label="OUUQCZGPVNCOIJ-UHFFFAOYSA-u2", conformer=Conformer(E0=(6.19549,'kJ/mol'), modes=[IdealGasTranslation(mass=(32.9977,'amu')), NonlinearRotor(inertia=([0.800947,14.5112,15.3121],'amu*angstrom^2'), symmetry=1), HarmonicOscillator(frequencies=([1245.9,1447.19,3645.15],'cm^-1'))], spinMultiplicity=2))], products=[Species(label="MHAJPDPJQMAIIY-UHFFFAOYSA", conformer=Conformer(E0=(-134.382,'kJ/mol'), modes=[IdealGasTranslation(mass=(34.0055,'amu')), NonlinearRotor(inertia=([1.63801,18.4022,19.029],'amu*angstrom^2'), symmetry=1), HarmonicOscillator(frequencies=([378.1,1029.14,1344.99,1458.5,3786.54,3787.27],'cm^-1'))])), Species(label="CPRNZALWAHPTRF-UHFFFAOYSA-u1", conformer=Conformer(E0=(144.362,'kJ/mol'), modes=[IdealGasTranslation(mass=(43.0184,'amu')), NonlinearRotor(inertia=([16.5963,20.9557,33.2223],'amu*angstrom^2'), symmetry=1), HarmonicOscillator(frequencies=([780.601,850.109,957.744,1040.82,1068.91,1128.11,1183.62,1364.19,1511.77,3071.58,3112.81,3162.73],'cm^-1'))], spinMultiplicity=2))], kinetics=Arrhenius(A=(0.101906,'cm^3/(mol*s)'), n=3.87668, Ea=(70.1765,'kJ/mol'), T0=(1,'K'), Tmin=(303.03,'K'), Tmax=(2500,'K'), comment="""Fitted to 59 data points; dA = *|/ 1.07588, dn = +|- 0.00959883, dEa = +|- 0.0528032 kJ/mol"""), transitionState=TransitionState(label="TS", conformer=Conformer(E0=(15.0527,'kJ/mol'), modes=[IdealGasTranslation(mass=(77.0239,'amu')), NonlinearRotor(inertia=([44.5276,183.251,199.347],'amu*angstrom^2'), symmetry=1), HarmonicOscillator(frequencies=([86.2716,119.593,142.334,312.38,423.782,594.994,837.005,874.373,963.716,1068.35,1070.74,1078.97,1142.63,1171.54,1202.29,1358.07,1423.98,1455.67,1513,3082.13,3095.31,3183.13,3733.29],'cm^-1'))], spinMultiplicity=2), frequency=(-1775.21,'cm^-1'), tunneling=Eckart(frequency=(-1775.21,'cm^-1'), E0_reac=(-65.4756,'kJ/mol'), E0_TS=(15.0527,'kJ/mol'), E0_prod=(9.98052,'kJ/mol'))))
comparerTST.py:216 performCalcs INFO We have calculated kinetics Arrhenius(A=(0.101906,'cm^3/(mol*s)'), n=3.87668, Ea=(70.1765,'kJ/mol'), T0=(1,'K'), Tmin=(303.03,'K'), Tmax=(2500,'K'), comment="""Fitted to 59 data points; dA = *|/ 1.07588, dn = +|- 0.00959883, dEa = +|- 0.0528032 kJ/mol""")
