comparerTST.py:41 <module> INFO RUNNING WITH JOB NUMBER i = 60
comparerTST.py:45 <module> INFO Loading RMG Database ...
comparerTST.py:48 <module> INFO /home/harms.n/Code/RMG-database/input
thermo.py:760 loadLibraries INFO Loading thermodynamics library from thermo_DFT_CCSDTF12_BAC.py in /home/harms.n/Code/RMG-database/input/thermo/libraries...
thermo.py:760 loadLibraries INFO Loading thermodynamics library from CBS_QB3_1dHR.py in /home/harms.n/Code/RMG-database/input/thermo/libraries...
thermo.py:760 loadLibraries INFO Loading thermodynamics library from primaryThermoLibrary.py in /home/harms.n/Code/RMG-database/input/thermo/libraries...
thermo.py:760 loadLibraries INFO Loading thermodynamics library from KlippensteinH2O2.py in /home/harms.n/Code/RMG-database/input/thermo/libraries...
thermo.py:774 loadGroups INFO Loading thermodynamics group database from /home/harms.n/Code/RMG-database/input/thermo/groups...
transport.py:294 loadGroups INFO Loading transport group database from /home/harms.n/Code/RMG-database/input/transport/groups...
database.py:165 loadFamilies INFO Loading the user-specified kinetics families from /home/harms.n/Code/RMG-database/input/kinetics/families
statmech.py:526 loadGroups INFO Loading frequencies group database from /home/harms.n/Code/RMG-database/input/statmech/groups...
comparerTST.py:57 <module> INFO RMG Database Loaded
comparerTST.py:81 <module> INFO generateReactionsFromFamilies successfuly performed
comparerTST.py:141 performCalcs INFO chemkinRxn: Reaction(reactants=[Molecule(SMILES="[CH2]O"), Molecule(SMILES="OO")], products=[Molecule(SMILES="CO"), Molecule(SMILES="[O]O")], degeneracy=2, pairs=[[Molecule(SMILES="[CH2]O"), Molecule(SMILES="CO")], [Molecule(SMILES="OO"), Molecule(SMILES="[O]O")]])
comparerTST.py:143 performCalcs INFO Ensuring resonance isomers have been generated
<type 'rmgpy.molecule.molecule.Molecule'>
<type 'rmgpy.molecule.molecule.Molecule'>
<type 'rmgpy.molecule.molecule.Molecule'>
<type 'rmgpy.molecule.molecule.Molecule'>
[Molecule(SMILES="[CH2]O"), Molecule(SMILES="OO")]
[Molecule(SMILES="CO"), Molecule(SMILES="[O]O")]
comparerTST.py:162 performCalcs INFO Generated one reaction:
comparerTST.py:163 performCalcs INFO [Reaction(reactants=[Molecule(SMILES="[CH2]O"), Molecule(SMILES="OO")], products=[Molecule(SMILES="CO"), Molecule(SMILES="[O]O")], degeneracy=2, pairs=[[Molecule(SMILES="[CH2]O"), Molecule(SMILES="CO")], [Molecule(SMILES="OO"), Molecule(SMILES="[O]O")]])]
comparerTST.py:172 performCalcs INFO The reaction of interest is as follows: 
comparerTST.py:173 performCalcs INFO <Molecule "[CH2]O"> + <Molecule "OO"> <=> <Molecule "CO"> + <Molecule "[O]O">
comparerTST.py:175 performCalcs INFO asserting that the testReaction is Isomorphic
comparerTST.py:177 performCalcs INFO reaction: Reaction(reactants=[Molecule(SMILES="[CH2]O"), Molecule(SMILES="OO")], products=[Molecule(SMILES="CO"), Molecule(SMILES="[O]O")], degeneracy=2, pairs=[[Molecule(SMILES="[CH2]O"), Molecule(SMILES="CO")], [Molecule(SMILES="OO"), Molecule(SMILES="[O]O")]])
comparerTST.py:183 performCalcs INFO Labeling reactant atoms
comparerTST.py:193 performCalcs INFO Labeling product atoms
comparerTST.py:209 performCalcs INFO We have generated a H_Abstraction reaction that matches, and used it to label the atoms.
comparerTST.py:211 performCalcs INFO Calculating reaction kinetics
comparerTST.py:119 calculate INFO Calculating reaction rate for <Molecule "[CH2]O"> + <Molecule "OO"> <=> <Molecule "CO"> + <Molecule "[O]O">
comparerTST.py:121 calculate INFO Selecting the appropriate TS distance database for family 'H_Abstraction'
comparerTST.py:123 calculate INFO Calculating kinetic data by calling qmCalc.getKineticData
reaction.py:96 loadKineticsDataFile INFO Reading existing kinetics file /gss_gpfs_scratch/harms.n/QMfiles/OO+[CH2]O_CO+[O]O.kinetics
comparerTST.py:125 calculate INFO Removing 'core*' files
comparerTST.py:133 calculate INFO Yay, reaction kinetics calculated!!!
comparerTST.py:134 calculate INFO Reaction(label='OO+[CH2]O_CO+[O]O', reactants=[Species(label="CBOIHMRHGLHBPB-UHFFFAOYSA-u1", conformer=Conformer(E0=(-27.3863,'kJ/mol'), modes=[IdealGasTranslation(mass=(31.0184,'amu')), NonlinearRotor(inertia=([2.59179,16.7441,19.1613],'amu*angstrom^2'), symmetry=1), HarmonicOscillator(frequencies=([408.541,565.454,1044.86,1217.62,1338.11,1469.39,3095.45,3229.03,3849.82],'cm^-1'))], spinMultiplicity=2)), Species(label="MHAJPDPJQMAIIY-UHFFFAOYSA", conformer=Conformer(E0=(-134.382,'kJ/mol'), modes=[IdealGasTranslation(mass=(34.0055,'amu')), NonlinearRotor(inertia=([1.63801,18.4022,19.029],'amu*angstrom^2'), symmetry=1), HarmonicOscillator(frequencies=([378.1,1029.14,1344.99,1458.5,3786.54,3787.27],'cm^-1'))]))], products=[Species(label="OKKJLVBELUTLKV-UHFFFAOYSA", conformer=Conformer(E0=(-207.832,'kJ/mol'), modes=[IdealGasTranslation(mass=(32.0262,'amu')), NonlinearRotor(inertia=([3.91331,20.2153,20.9368],'amu*angstrom^2'), symmetry=1), HarmonicOscillator(frequencies=([338.275,1054.1,1098.17,1161.11,1350.36,1461.7,1479.11,1495.57,2975.6,3031.19,3078.47,3860.16],'cm^-1'))])), Species(label="OUUQCZGPVNCOIJ-UHFFFAOYSA-u2", conformer=Conformer(E0=(6.19549,'kJ/mol'), modes=[IdealGasTranslation(mass=(32.9977,'amu')), NonlinearRotor(inertia=([0.800947,14.5112,15.3121],'amu*angstrom^2'), symmetry=1), HarmonicOscillator(frequencies=([1245.9,1447.19,3645.15],'cm^-1'))], spinMultiplicity=2))], kinetics=Arrhenius(A=(0.00355603,'cm^3/(mol*s)'), n=3.86308, Ea=(-0.675366,'kJ/mol'), T0=(1,'K'), Tmin=(303.03,'K'), Tmax=(2500,'K'), comment="""Fitted to 59 data points; dA = *|/ 1.11474, dn = +|- 0.0142558, dEa = +|- 0.0784211 kJ/mol"""), transitionState=TransitionState(label="TS", conformer=Conformer(E0=(-141.327,'kJ/mol'), modes=[IdealGasTranslation(mass=(65.0239,'amu')), NonlinearRotor(inertia=([35.7334,120.793,143.122],'amu*angstrom^2'), symmetry=1), HarmonicOscillator(frequencies=([125.961,170.468,261.791,418.349,504.573,574.156,603.225,1058.28,1090.52,1121.04,1193.88,1264.55,1358.88,1388,1462.34,1542.96,3001.92,3127.32,3757.52,3759.54],'cm^-1'))], spinMultiplicity=2), frequency=(-1749.86,'cm^-1'), tunneling=Eckart(frequency=(-1749.86,'cm^-1'), E0_reac=(-161.768,'kJ/mol'), E0_TS=(-141.327,'kJ/mol'), E0_prod=(-201.636,'kJ/mol'))))
comparerTST.py:214 performCalcs INFO For reaction Reaction(label='OO+[CH2]O_CO+[O]O', reactants=[Species(label="CBOIHMRHGLHBPB-UHFFFAOYSA-u1", conformer=Conformer(E0=(-27.3863,'kJ/mol'), modes=[IdealGasTranslation(mass=(31.0184,'amu')), NonlinearRotor(inertia=([2.59179,16.7441,19.1613],'amu*angstrom^2'), symmetry=1), HarmonicOscillator(frequencies=([408.541,565.454,1044.86,1217.62,1338.11,1469.39,3095.45,3229.03,3849.82],'cm^-1'))], spinMultiplicity=2)), Species(label="MHAJPDPJQMAIIY-UHFFFAOYSA", conformer=Conformer(E0=(-134.382,'kJ/mol'), modes=[IdealGasTranslation(mass=(34.0055,'amu')), NonlinearRotor(inertia=([1.63801,18.4022,19.029],'amu*angstrom^2'), symmetry=1), HarmonicOscillator(frequencies=([378.1,1029.14,1344.99,1458.5,3786.54,3787.27],'cm^-1'))]))], products=[Species(label="OKKJLVBELUTLKV-UHFFFAOYSA", conformer=Conformer(E0=(-207.832,'kJ/mol'), modes=[IdealGasTranslation(mass=(32.0262,'amu')), NonlinearRotor(inertia=([3.91331,20.2153,20.9368],'amu*angstrom^2'), symmetry=1), HarmonicOscillator(frequencies=([338.275,1054.1,1098.17,1161.11,1350.36,1461.7,1479.11,1495.57,2975.6,3031.19,3078.47,3860.16],'cm^-1'))])), Species(label="OUUQCZGPVNCOIJ-UHFFFAOYSA-u2", conformer=Conformer(E0=(6.19549,'kJ/mol'), modes=[IdealGasTranslation(mass=(32.9977,'amu')), NonlinearRotor(inertia=([0.800947,14.5112,15.3121],'amu*angstrom^2'), symmetry=1), HarmonicOscillator(frequencies=([1245.9,1447.19,3645.15],'cm^-1'))], spinMultiplicity=2))], kinetics=Arrhenius(A=(0.00355603,'cm^3/(mol*s)'), n=3.86308, Ea=(-0.675366,'kJ/mol'), T0=(1,'K'), Tmin=(303.03,'K'), Tmax=(2500,'K'), comment="""Fitted to 59 data points; dA = *|/ 1.11474, dn = +|- 0.0142558, dEa = +|- 0.0784211 kJ/mol"""), transitionState=TransitionState(label="TS", conformer=Conformer(E0=(-141.327,'kJ/mol'), modes=[IdealGasTranslation(mass=(65.0239,'amu')), NonlinearRotor(inertia=([35.7334,120.793,143.122],'amu*angstrom^2'), symmetry=1), HarmonicOscillator(frequencies=([125.961,170.468,261.791,418.349,504.573,574.156,603.225,1058.28,1090.52,1121.04,1193.88,1264.55,1358.88,1388,1462.34,1542.96,3001.92,3127.32,3757.52,3759.54],'cm^-1'))], spinMultiplicity=2), frequency=(-1749.86,'cm^-1'), tunneling=Eckart(frequency=(-1749.86,'cm^-1'), E0_reac=(-161.768,'kJ/mol'), E0_TS=(-141.327,'kJ/mol'), E0_prod=(-201.636,'kJ/mol'))))
comparerTST.py:216 performCalcs INFO We have calculated kinetics Arrhenius(A=(0.00355603,'cm^3/(mol*s)'), n=3.86308, Ea=(-0.675366,'kJ/mol'), T0=(1,'K'), Tmin=(303.03,'K'), Tmax=(2500,'K'), comment="""Fitted to 59 data points; dA = *|/ 1.11474, dn = +|- 0.0142558, dEa = +|- 0.0784211 kJ/mol""")
