comparerTST.py:41 <module> INFO RUNNING WITH JOB NUMBER i = 146
comparerTST.py:45 <module> INFO Loading RMG Database ...
comparerTST.py:48 <module> INFO /home/harms.n/Code/RMG-database/input
thermo.py:760 loadLibraries INFO Loading thermodynamics library from thermo_DFT_CCSDTF12_BAC.py in /home/harms.n/Code/RMG-database/input/thermo/libraries...
thermo.py:760 loadLibraries INFO Loading thermodynamics library from CBS_QB3_1dHR.py in /home/harms.n/Code/RMG-database/input/thermo/libraries...
thermo.py:760 loadLibraries INFO Loading thermodynamics library from primaryThermoLibrary.py in /home/harms.n/Code/RMG-database/input/thermo/libraries...
thermo.py:760 loadLibraries INFO Loading thermodynamics library from KlippensteinH2O2.py in /home/harms.n/Code/RMG-database/input/thermo/libraries...
thermo.py:774 loadGroups INFO Loading thermodynamics group database from /home/harms.n/Code/RMG-database/input/thermo/groups...
transport.py:294 loadGroups INFO Loading transport group database from /home/harms.n/Code/RMG-database/input/transport/groups...
database.py:165 loadFamilies INFO Loading the user-specified kinetics families from /home/harms.n/Code/RMG-database/input/kinetics/families
statmech.py:526 loadGroups INFO Loading frequencies group database from /home/harms.n/Code/RMG-database/input/statmech/groups...
comparerTST.py:57 <module> INFO RMG Database Loaded
comparerTST.py:81 <module> INFO generateReactionsFromFamilies successfuly performed
comparerTST.py:141 performCalcs INFO chemkinRxn: Reaction(reactants=[Molecule(SMILES="CCO"), Molecule(SMILES="[O]O")], products=[Molecule(SMILES="OO"), Molecule(SMILES="C[CH]O")], degeneracy=2, pairs=[[Molecule(SMILES="CCO"), Molecule(SMILES="C[CH]O")], [Molecule(SMILES="[O]O"), Molecule(SMILES="OO")]])
comparerTST.py:143 performCalcs INFO Ensuring resonance isomers have been generated
<type 'rmgpy.molecule.molecule.Molecule'>
<type 'rmgpy.molecule.molecule.Molecule'>
<type 'rmgpy.molecule.molecule.Molecule'>
<type 'rmgpy.molecule.molecule.Molecule'>
[Molecule(SMILES="CCO"), Molecule(SMILES="[O]O")]
[Molecule(SMILES="OO"), Molecule(SMILES="C[CH]O")]
comparerTST.py:162 performCalcs INFO Generated one reaction:
comparerTST.py:163 performCalcs INFO [Reaction(reactants=[Molecule(SMILES="CCO"), Molecule(SMILES="[O]O")], products=[Molecule(SMILES="OO"), Molecule(SMILES="C[CH]O")], degeneracy=2, pairs=[[Molecule(SMILES="CCO"), Molecule(SMILES="C[CH]O")], [Molecule(SMILES="[O]O"), Molecule(SMILES="OO")]])]
comparerTST.py:172 performCalcs INFO The reaction of interest is as follows: 
comparerTST.py:173 performCalcs INFO <Molecule "CCO"> + <Molecule "[O]O"> <=> <Molecule "OO"> + <Molecule "C[CH]O">
comparerTST.py:175 performCalcs INFO asserting that the testReaction is Isomorphic
comparerTST.py:177 performCalcs INFO reaction: Reaction(reactants=[Molecule(SMILES="CCO"), Molecule(SMILES="[O]O")], products=[Molecule(SMILES="OO"), Molecule(SMILES="C[CH]O")], degeneracy=2, pairs=[[Molecule(SMILES="CCO"), Molecule(SMILES="C[CH]O")], [Molecule(SMILES="[O]O"), Molecule(SMILES="OO")]])
comparerTST.py:183 performCalcs INFO Labeling reactant atoms
comparerTST.py:193 performCalcs INFO Labeling product atoms
comparerTST.py:209 performCalcs INFO We have generated a H_Abstraction reaction that matches, and used it to label the atoms.
comparerTST.py:211 performCalcs INFO Calculating reaction kinetics
comparerTST.py:119 calculate INFO Calculating reaction rate for <Molecule "CCO"> + <Molecule "[O]O"> <=> <Molecule "OO"> + <Molecule "C[CH]O">
comparerTST.py:121 calculate INFO Selecting the appropriate TS distance database for family 'H_Abstraction'
comparerTST.py:123 calculate INFO Calculating kinetic data by calling qmCalc.getKineticData
reaction.py:96 loadKineticsDataFile INFO Reading existing kinetics file /gss_gpfs_scratch/harms.n/QMfiles/CCO+[O]O_C[CH]O+OO.kinetics
comparerTST.py:125 calculate INFO Removing 'core*' files
comparerTST.py:133 calculate INFO Yay, reaction kinetics calculated!!!
comparerTST.py:134 calculate INFO Reaction(label='CCO+[O]O_C[CH]O+OO', reactants=[Species(label="OUUQCZGPVNCOIJ-UHFFFAOYSA-u2", conformer=Conformer(E0=(6.19549,'kJ/mol'), modes=[IdealGasTranslation(mass=(32.9977,'amu')), NonlinearRotor(inertia=([0.800947,14.5112,15.3121],'amu*angstrom^2'), symmetry=1), HarmonicOscillator(frequencies=([1245.9,1447.19,3645.15],'cm^-1'))], spinMultiplicity=2)), Species(label="LFQSCWFLJHTTHZ-UHFFFAOYSA", conformer=Conformer(E0=(-242.354,'kJ/mol'), modes=[IdealGasTranslation(mass=(46.0419,'amu')), NonlinearRotor(inertia=([14.2978,53.4119,61.4089],'amu*angstrom^2'), symmetry=1), HarmonicOscillator(frequencies=([247.143,304.763,417.557,803.895,905.353,1037.46,1121.66,1165.87,1254.84,1287.34,1378.41,1435.3,1464.15,1477.58,1508.63,2976.29,3006.84,3007.01,3082.67,3086.35,3859.34],'cm^-1'))]))], products=[Species(label="GAWIXWVDTYZWAW-UHFFFAOYSA-u2", conformer=Conformer(E0=(-69.7457,'kJ/mol'), modes=[IdealGasTranslation(mass=(45.034,'amu')), NonlinearRotor(inertia=([10.8938,53.0104,60.447],'amu*angstrom^2'), symmetry=1), HarmonicOscillator(frequencies=([168.271,354.232,403.333,551.258,925.474,1009.34,1046.4,1206.05,1260.51,1372.5,1436.1,1443.47,1472.59,2956.07,3022.84,3076.86,3100.56,3854.81],'cm^-1'))], spinMultiplicity=2)), Species(label="MHAJPDPJQMAIIY-UHFFFAOYSA", conformer=Conformer(E0=(-134.382,'kJ/mol'), modes=[IdealGasTranslation(mass=(34.0055,'amu')), NonlinearRotor(inertia=([1.63801,18.4022,19.029],'amu*angstrom^2'), symmetry=1), HarmonicOscillator(frequencies=([378.1,1029.14,1344.99,1458.5,3786.54,3787.27],'cm^-1'))]))], kinetics=Arrhenius(A=(0.000576616,'cm^3/(mol*s)'), n=4.34126, Ea=(31.9069,'kJ/mol'), T0=(1,'K'), Tmin=(303.03,'K'), Tmax=(2500,'K'), comment="""Fitted to 59 data points; dA = *|/ 1.28209, dn = +|- 0.0326118, dEa = +|- 0.179397 kJ/mol"""), transitionState=TransitionState(label="TS", conformer=Conformer(E0=(-186.722,'kJ/mol'), modes=[IdealGasTranslation(mass=(79.0395,'amu')), NonlinearRotor(inertia=([76.5066,166.938,192.218],'amu*angstrom^2'), symmetry=1), HarmonicOscillator(frequencies=([94.1411,151.665,168.202,224.368,355.747,410.623,440.579,490.99,590.64,847.987,910.581,1056.68,1066.8,1109.46,1185.06,1197.82,1300.46,1367.73,1388.98,1403.92,1460.11,1462.23,1535.47,2987.24,3045.71,3071.65,3093.71,3752.01,3753.87],'cm^-1'))], spinMultiplicity=2), frequency=(-1652.57,'cm^-1'), tunneling=Eckart(frequency=(-1652.57,'cm^-1'), E0_reac=(-236.159,'kJ/mol'), E0_TS=(-186.722,'kJ/mol'), E0_prod=(-204.127,'kJ/mol'))))
comparerTST.py:214 performCalcs INFO For reaction Reaction(label='CCO+[O]O_C[CH]O+OO', reactants=[Species(label="OUUQCZGPVNCOIJ-UHFFFAOYSA-u2", conformer=Conformer(E0=(6.19549,'kJ/mol'), modes=[IdealGasTranslation(mass=(32.9977,'amu')), NonlinearRotor(inertia=([0.800947,14.5112,15.3121],'amu*angstrom^2'), symmetry=1), HarmonicOscillator(frequencies=([1245.9,1447.19,3645.15],'cm^-1'))], spinMultiplicity=2)), Species(label="LFQSCWFLJHTTHZ-UHFFFAOYSA", conformer=Conformer(E0=(-242.354,'kJ/mol'), modes=[IdealGasTranslation(mass=(46.0419,'amu')), NonlinearRotor(inertia=([14.2978,53.4119,61.4089],'amu*angstrom^2'), symmetry=1), HarmonicOscillator(frequencies=([247.143,304.763,417.557,803.895,905.353,1037.46,1121.66,1165.87,1254.84,1287.34,1378.41,1435.3,1464.15,1477.58,1508.63,2976.29,3006.84,3007.01,3082.67,3086.35,3859.34],'cm^-1'))]))], products=[Species(label="GAWIXWVDTYZWAW-UHFFFAOYSA-u2", conformer=Conformer(E0=(-69.7457,'kJ/mol'), modes=[IdealGasTranslation(mass=(45.034,'amu')), NonlinearRotor(inertia=([10.8938,53.0104,60.447],'amu*angstrom^2'), symmetry=1), HarmonicOscillator(frequencies=([168.271,354.232,403.333,551.258,925.474,1009.34,1046.4,1206.05,1260.51,1372.5,1436.1,1443.47,1472.59,2956.07,3022.84,3076.86,3100.56,3854.81],'cm^-1'))], spinMultiplicity=2)), Species(label="MHAJPDPJQMAIIY-UHFFFAOYSA", conformer=Conformer(E0=(-134.382,'kJ/mol'), modes=[IdealGasTranslation(mass=(34.0055,'amu')), NonlinearRotor(inertia=([1.63801,18.4022,19.029],'amu*angstrom^2'), symmetry=1), HarmonicOscillator(frequencies=([378.1,1029.14,1344.99,1458.5,3786.54,3787.27],'cm^-1'))]))], kinetics=Arrhenius(A=(0.000576616,'cm^3/(mol*s)'), n=4.34126, Ea=(31.9069,'kJ/mol'), T0=(1,'K'), Tmin=(303.03,'K'), Tmax=(2500,'K'), comment="""Fitted to 59 data points; dA = *|/ 1.28209, dn = +|- 0.0326118, dEa = +|- 0.179397 kJ/mol"""), transitionState=TransitionState(label="TS", conformer=Conformer(E0=(-186.722,'kJ/mol'), modes=[IdealGasTranslation(mass=(79.0395,'amu')), NonlinearRotor(inertia=([76.5066,166.938,192.218],'amu*angstrom^2'), symmetry=1), HarmonicOscillator(frequencies=([94.1411,151.665,168.202,224.368,355.747,410.623,440.579,490.99,590.64,847.987,910.581,1056.68,1066.8,1109.46,1185.06,1197.82,1300.46,1367.73,1388.98,1403.92,1460.11,1462.23,1535.47,2987.24,3045.71,3071.65,3093.71,3752.01,3753.87],'cm^-1'))], spinMultiplicity=2), frequency=(-1652.57,'cm^-1'), tunneling=Eckart(frequency=(-1652.57,'cm^-1'), E0_reac=(-236.159,'kJ/mol'), E0_TS=(-186.722,'kJ/mol'), E0_prod=(-204.127,'kJ/mol'))))
comparerTST.py:216 performCalcs INFO We have calculated kinetics Arrhenius(A=(0.000576616,'cm^3/(mol*s)'), n=4.34126, Ea=(31.9069,'kJ/mol'), T0=(1,'K'), Tmin=(303.03,'K'), Tmax=(2500,'K'), comment="""Fitted to 59 data points; dA = *|/ 1.28209, dn = +|- 0.0326118, dEa = +|- 0.179397 kJ/mol""")
