comparerTST.py:41 <module> INFO RUNNING WITH JOB NUMBER i = 113
comparerTST.py:45 <module> INFO Loading RMG Database ...
comparerTST.py:48 <module> INFO /home/harms.n/Code/RMG-database/input
thermo.py:760 loadLibraries INFO Loading thermodynamics library from thermo_DFT_CCSDTF12_BAC.py in /home/harms.n/Code/RMG-database/input/thermo/libraries...
thermo.py:760 loadLibraries INFO Loading thermodynamics library from CBS_QB3_1dHR.py in /home/harms.n/Code/RMG-database/input/thermo/libraries...
thermo.py:760 loadLibraries INFO Loading thermodynamics library from primaryThermoLibrary.py in /home/harms.n/Code/RMG-database/input/thermo/libraries...
thermo.py:760 loadLibraries INFO Loading thermodynamics library from KlippensteinH2O2.py in /home/harms.n/Code/RMG-database/input/thermo/libraries...
thermo.py:774 loadGroups INFO Loading thermodynamics group database from /home/harms.n/Code/RMG-database/input/thermo/groups...
transport.py:294 loadGroups INFO Loading transport group database from /home/harms.n/Code/RMG-database/input/transport/groups...
database.py:165 loadFamilies INFO Loading the user-specified kinetics families from /home/harms.n/Code/RMG-database/input/kinetics/families
statmech.py:526 loadGroups INFO Loading frequencies group database from /home/harms.n/Code/RMG-database/input/statmech/groups...
comparerTST.py:57 <module> INFO RMG Database Loaded
comparerTST.py:81 <module> INFO generateReactionsFromFamilies successfuly performed
comparerTST.py:141 performCalcs INFO chemkinRxn: Reaction(reactants=[Molecule(SMILES="[CH2]CC"), Molecule(SMILES="[O]O")], products=[Molecule(SMILES="OO"), Molecule(SMILES="[CH2]C[CH2]")], degeneracy=3, pairs=[[Molecule(SMILES="[CH2]CC"), Molecule(SMILES="[CH2]C[CH2]")], [Molecule(SMILES="[O]O"), Molecule(SMILES="OO")]])
comparerTST.py:143 performCalcs INFO Ensuring resonance isomers have been generated
<type 'rmgpy.molecule.molecule.Molecule'>
<type 'rmgpy.molecule.molecule.Molecule'>
<type 'rmgpy.molecule.molecule.Molecule'>
<type 'rmgpy.molecule.molecule.Molecule'>
[Molecule(SMILES="[CH2]CC"), Molecule(SMILES="[O]O")]
[Molecule(SMILES="OO"), Molecule(SMILES="[CH2]C[CH2]")]
comparerTST.py:162 performCalcs INFO Generated one reaction:
comparerTST.py:163 performCalcs INFO [Reaction(reactants=[Molecule(SMILES="[CH2]CC"), Molecule(SMILES="[O]O")], products=[Molecule(SMILES="OO"), Molecule(SMILES="[CH2]C[CH2]")], degeneracy=3, pairs=[[Molecule(SMILES="[CH2]CC"), Molecule(SMILES="[CH2]C[CH2]")], [Molecule(SMILES="[O]O"), Molecule(SMILES="OO")]])]
comparerTST.py:172 performCalcs INFO The reaction of interest is as follows: 
comparerTST.py:173 performCalcs INFO <Molecule "[CH2]CC"> + <Molecule "[O]O"> <=> <Molecule "OO"> + <Molecule "[CH2]C[CH2]">
comparerTST.py:175 performCalcs INFO asserting that the testReaction is Isomorphic
comparerTST.py:177 performCalcs INFO reaction: Reaction(reactants=[Molecule(SMILES="[CH2]CC"), Molecule(SMILES="[O]O")], products=[Molecule(SMILES="OO"), Molecule(SMILES="[CH2]C[CH2]")], degeneracy=3, pairs=[[Molecule(SMILES="[CH2]CC"), Molecule(SMILES="[CH2]C[CH2]")], [Molecule(SMILES="[O]O"), Molecule(SMILES="OO")]])
comparerTST.py:183 performCalcs INFO Labeling reactant atoms
comparerTST.py:193 performCalcs INFO Labeling product atoms
comparerTST.py:209 performCalcs INFO We have generated a H_Abstraction reaction that matches, and used it to label the atoms.
comparerTST.py:211 performCalcs INFO Calculating reaction kinetics
comparerTST.py:119 calculate INFO Calculating reaction rate for <Molecule "[CH2]CC"> + <Molecule "[O]O"> <=> <Molecule "OO"> + <Molecule "[CH2]C[CH2]">
comparerTST.py:121 calculate INFO Selecting the appropriate TS distance database for family 'H_Abstraction'
comparerTST.py:123 calculate INFO Calculating kinetic data by calling qmCalc.getKineticData
reaction.py:619 loadKineticsData INFO Kinetics results file /gss_gpfs_scratch/harms.n/QMfiles/[CH2]CC+[O]O_OO+[CH2]C[CH2].kinetics does not exist or is invalid
reaction.py:520 generateTSGeometryDirectGuess INFO Generating a TS geometry via the direct guess method
reaction.py:300 generateBoundsMatrix INFO Generating bounds matrix for [CH2]CC.[O]O
reaction.py:338 bmPreEdit INFO Changing lower limit 2.9 to 2.393074
reaction.py:338 bmPreEdit INFO Changing lower limit 3.65 to 3.26214059416
reaction.py:338 bmPreEdit INFO Changing lower limit 2.520343 to 2.457475
reaction.py:561 generateTSGeometryDirectGuess INFO TS estimate made. About to try the search...
reaction.py:426 optimizeTS INFO Starting optimization steps of the TS search.
gaussian.py:535 optEstimate INFO Running loose optimization of TS with frozen center
gaussian.py:189 writeInputFile INFO Writing gaussian input file /gss_gpfs_scratch/harms.n/QMscratch/[CH2]CC+[O]O_OO+[CH2]C[CH2]Est.gjf
Error: segmentation violation
   rax 0000000000000000, rbx ffffffffffffffff, rcx ffffffffffffffff
   rdx 00000000000075ab, rsp 00007fffc7e0b058, rbp 00007fffc7e0b630
   rsi 000000000000000b, rdi 00000000000075ab, r8  00002b1ef41f66c0
   r9  0000000000000000, r10 00007fffc7e0ade0, r11 0000000000000202
   r12 0000000000000000, r13 0000000000000000, r14 00007fffc7e0b678
   r15 0000000000000000
  --- traceback not available
gaussian.py:680 runAlt WARNING Gaussian finished with return code 1
gaussian.py:590 optRxnCenter INFO Optimization of TS reaction center distances
gaussian.py:189 writeInputFile INFO Writing gaussian input file /gss_gpfs_scratch/harms.n/QMscratch/[CH2]CC+[O]O_OO+[CH2]C[CH2]RxnC.gjf
reaction.py:443 optimizeTS INFO Optimizing TS attempt 1
gaussian.py:485 createInputFile INFO Creating input file
gaussian.py:189 writeInputFile INFO Writing gaussian input file None
gaussian.py:748 verifyOutputFile INFO Verifying output file /gss_gpfs_scratch/harms.n/QMscratch/[CH2]CC+[O]O_OO+[CH2]C[CH2].log
gaussian.py:516 createIRCFile INFO Creating IRC file
gaussian.py:189 writeInputFile INFO Writing gaussian input file /gss_gpfs_scratch/harms.n/QMscratch/[CH2]CC+[O]O_OO+[CH2]C[CH2]IRC.gjf
gaussian.py:685 runIRC INFO Running IRC
gaussian.py:843 verifyIRCOutputFile INFO Verifying the IRC output file /gss_gpfs_scratch/harms.n/QMscratch/[CH2]CC+[O]O_OO+[CH2]C[CH2]IRC.log
gaussian.py:878 verifyIRCOutputFile INFO Checking if all the success keywords are found in the file.
reaction.py:570 saveTSData INFO Saving TS result file /gss_gpfs_scratch/harms.n/QMfiles/[CH2]CC+[O]O_OO+[CH2]C[CH2].ts
gaussian.py:991 parse INFO Parsing the gaussian output /gss_gpfs_scratch/harms.n/QMscratch/[CH2]CC+[O]O_OO+[CH2]C[CH2].log
gaussian.py:168 verifyOutputFile INFO Successful GaussianMolM062X quantum result in /gss_gpfs_scratch/harms.n/QMscratch/OCBFFGCSTGGPSQ-UHFFFAOYSA-u1.log
gaussian.py:268 generateQMData INFO Found a successful output file; using that.
symmetry.py:221 writeInputFile INFO Symmetry input file written to /gss_gpfs_scratch/harms.n/QMscratch/OCBFFGCSTGGPSQ-UHFFFAOYSA-u1.symm
symmetry.py:188 parse INFO Point group: C1
gaussian.py:168 verifyOutputFile INFO Successful GaussianMolM062X quantum result in /gss_gpfs_scratch/harms.n/QMscratch/OUUQCZGPVNCOIJ-UHFFFAOYSA-u2.log
gaussian.py:268 generateQMData INFO Found a successful output file; using that.
symmetry.py:221 writeInputFile INFO Symmetry input file written to /gss_gpfs_scratch/harms.n/QMscratch/OUUQCZGPVNCOIJ-UHFFFAOYSA-u2.symm
symmetry.py:188 parse INFO Point group: Cs
gaussian.py:168 verifyOutputFile INFO Successful GaussianMolM062X quantum result in /gss_gpfs_scratch/harms.n/QMscratch/MHAJPDPJQMAIIY-UHFFFAOYSA.log
gaussian.py:268 generateQMData INFO Found a successful output file; using that.
symmetry.py:221 writeInputFile INFO Symmetry input file written to /gss_gpfs_scratch/harms.n/QMscratch/MHAJPDPJQMAIIY-UHFFFAOYSA.symm
symmetry.py:188 parse INFO Point group: C2
gaussian.py:168 verifyOutputFile INFO Successful GaussianMolM062X quantum result in /gss_gpfs_scratch/harms.n/QMscratch/CUJPFPXNDSIBPG-UHFFFAOYSA-u1,2.log
gaussian.py:268 generateQMData INFO Found a successful output file; using that.
symmetry.py:221 writeInputFile INFO Symmetry input file written to /gss_gpfs_scratch/harms.n/QMscratch/CUJPFPXNDSIBPG-UHFFFAOYSA-u1,2.symm
symmetry.py:188 parse INFO Point group: C2
CanTherm execution initiated at Tue Aug  1 08:08:03 2017

###############################################################
#                                                             #
#                          CanTherm                           #
#                                                             #
#   Version: 0.1.0 (14 May 2009)                              #
#   Authors: RMG Developers (rmg_dev@mit.edu)                 #
#   P.I.:    William H. Green (whgreen@mit.edu)               #
#   Website: http://rmg.sourceforge.net/                      #
#                                                             #
###############################################################

Loading species OCBFFGCSTGGPSQ-UHFFFAOYSA-u1...
Loading species OUUQCZGPVNCOIJ-UHFFFAOYSA-u2...
Loading species MHAJPDPJQMAIIY-UHFFFAOYSA...
Loading species CUJPFPXNDSIBPG-UHFFFAOYSA-u1,2...
Loading transition state TS...
Loading reaction [CH2]CC+[O]O_OO+[CH2]C[CH2]...


Loading statistical mechanics parameters for OCBFFGCSTGGPSQ-UHFFFAOYSA-u1...
Warning: No bond energy correction found for model chemistry: M062X/MG3S
Saving statistical mechanics parameters for OCBFFGCSTGGPSQ-UHFFFAOYSA-u1...
Loading statistical mechanics parameters for OUUQCZGPVNCOIJ-UHFFFAOYSA-u2...
Warning: No bond energy correction found for model chemistry: M062X/MG3S
Saving statistical mechanics parameters for OUUQCZGPVNCOIJ-UHFFFAOYSA-u2...
Loading statistical mechanics parameters for MHAJPDPJQMAIIY-UHFFFAOYSA...
Warning: No bond energy correction found for model chemistry: M062X/MG3S
Saving statistical mechanics parameters for MHAJPDPJQMAIIY-UHFFFAOYSA...
Loading statistical mechanics parameters for CUJPFPXNDSIBPG-UHFFFAOYSA-u1,2...
Warning: No bond energy correction found for model chemistry: M062X/MG3S
Saving statistical mechanics parameters for CUJPFPXNDSIBPG-UHFFFAOYSA-u1,2...
Loading statistical mechanics parameters for TS...
Warning: No bond energy correction found for model chemistry: M062X/MG3S
Saving statistical mechanics parameters for TS...
Generating Arrhenius kinetics model for Arrhenius...
Saving kinetics for OUUQCZGPVNCOIJ-UHFFFAOYSA-u2 + OCBFFGCSTGGPSQ-UHFFFAOYSA-u1 <=> CUJPFPXNDSIBPG-UHFFFAOYSA-u1,2 + MHAJPDPJQMAIIY-UHFFFAOYSA...

CanTherm execution terminated at Tue Aug  1 08:08:05 2017
Saving kinetics data file /gss_gpfs_scratch/harms.n/QMfiles/[CH2]CC+[O]O_OO+[CH2]C[CH2].kinetics
Removing 'core*' files
Yay, reaction kinetics calculated!!!
Reaction(label='[CH2]CC+[O]O_OO+[CH2]C[CH2]', reactants=[Species(label="OUUQCZGPVNCOIJ-UHFFFAOYSA-u2", conformer=Conformer(E0=(6.19549,'kJ/mol'), modes=[IdealGasTranslation(mass=(32.9977,'amu')), NonlinearRotor(inertia=([0.800947,14.5112,15.3121],'amu*angstrom^2'), symmetry=1), HarmonicOscillator(frequencies=([1245.9,1447.19,3645.15],'cm^-1'))], spinMultiplicity=2)), Species(label="OCBFFGCSTGGPSQ-UHFFFAOYSA-u1", conformer=Conformer(E0=(92.028,'kJ/mol'), modes=[IdealGasTranslation(mass=(43.0548,'amu')), NonlinearRotor(inertia=([15.3859,55.5713,64.311],'amu*angstrom^2'), symmetry=1), HarmonicOscillator(frequencies=([171.478,232.599,366.907,448.906,737.144,878.646,909.551,1032.74,1081.15,1155.87,1247.99,1336.26,1385.08,1444.09,1448.36,1474.82,1483.22,2925.56,2987.84,2992.05,3059.78,3069.36,3103.93,3204.87],'cm^-1'))], spinMultiplicity=2))], products=[Species(label="CUJPFPXNDSIBPG-UHFFFAOYSA-u1,2", conformer=Conformer(E0=(294.554,'kJ/mol'), modes=[IdealGasTranslation(mass=(42.047,'amu')), NonlinearRotor(inertia=([13.6719,51.7187,61.5486],'amu*angstrom^2'), symmetry=1), HarmonicOscillator(frequencies=([183.743,216.321,388.85,452.516,483.066,784.28,899.17,947.131,1091.4,1099.74,1180.45,1340.26,1425.19,1431.51,1451.68,2898.48,2900.36,3107.97,3109.7,3211.36,3212.99],'cm^-1'))], spinMultiplicity=3)), Species(label="MHAJPDPJQMAIIY-UHFFFAOYSA", conformer=Conformer(E0=(-134.382,'kJ/mol'), modes=[IdealGasTranslation(mass=(34.0055,'amu')), NonlinearRotor(inertia=([1.63801,18.4022,19.029],'amu*angstrom^2'), symmetry=1), HarmonicOscillator(frequencies=([378.1,1029.14,1344.99,1458.5,3786.54,3787.27],'cm^-1'))]))], kinetics=Arrhenius(A=(0.00121231,'cm^3/(mol*s)'), n=4.29582, Ea=(58.7337,'kJ/mol'), T0=(1,'K'), Tmin=(303.03,'K'), Tmax=(2500,'K'), comment="""Fitted to 59 data points; dA = *|/ 1.20476, dn = +|- 0.0244477, dEa = +|- 0.134487 kJ/mol"""), transitionState=TransitionState(label="TS", conformer=Conformer(E0=(173.644,'kJ/mol'), modes=[IdealGasTranslation(mass=(76.0524,'amu')), NonlinearRotor(inertia=([73.4175,178.548,222.407],'amu*angstrom^2'), symmetry=1), HarmonicOscillator(frequencies=([72.6415,129.073,135.987,182.392,196.2,371.152,436.34,547.538,559.898,621.039,756.972,887.881,908.261,987.461,1064.85,1075.93,1151.75,1166.65,1224,1344.48,1418.9,1426.66,1429.64,1439.01,1453,2877.87,3016.67,3047.71,3109.4,3133.97,3211.9,3716.2],'cm^-1'))], spinMultiplicity=3), frequency=(-1838.59,'cm^-1'), tunneling=Eckart(frequency=(-1838.59,'cm^-1'), E0_reac=(98.2235,'kJ/mol'), E0_TS=(173.644,'kJ/mol'), E0_prod=(160.172,'kJ/mol'))))
For reaction Reaction(label='[CH2]CC+[O]O_OO+[CH2]C[CH2]', reactants=[Species(label="OUUQCZGPVNCOIJ-UHFFFAOYSA-u2", conformer=Conformer(E0=(6.19549,'kJ/mol'), modes=[IdealGasTranslation(mass=(32.9977,'amu')), NonlinearRotor(inertia=([0.800947,14.5112,15.3121],'amu*angstrom^2'), symmetry=1), HarmonicOscillator(frequencies=([1245.9,1447.19,3645.15],'cm^-1'))], spinMultiplicity=2)), Species(label="OCBFFGCSTGGPSQ-UHFFFAOYSA-u1", conformer=Conformer(E0=(92.028,'kJ/mol'), modes=[IdealGasTranslation(mass=(43.0548,'amu')), NonlinearRotor(inertia=([15.3859,55.5713,64.311],'amu*angstrom^2'), symmetry=1), HarmonicOscillator(frequencies=([171.478,232.599,366.907,448.906,737.144,878.646,909.551,1032.74,1081.15,1155.87,1247.99,1336.26,1385.08,1444.09,1448.36,1474.82,1483.22,2925.56,2987.84,2992.05,3059.78,3069.36,3103.93,3204.87],'cm^-1'))], spinMultiplicity=2))], products=[Species(label="CUJPFPXNDSIBPG-UHFFFAOYSA-u1,2", conformer=Conformer(E0=(294.554,'kJ/mol'), modes=[IdealGasTranslation(mass=(42.047,'amu')), NonlinearRotor(inertia=([13.6719,51.7187,61.5486],'amu*angstrom^2'), symmetry=1), HarmonicOscillator(frequencies=([183.743,216.321,388.85,452.516,483.066,784.28,899.17,947.131,1091.4,1099.74,1180.45,1340.26,1425.19,1431.51,1451.68,2898.48,2900.36,3107.97,3109.7,3211.36,3212.99],'cm^-1'))], spinMultiplicity=3)), Species(label="MHAJPDPJQMAIIY-UHFFFAOYSA", conformer=Conformer(E0=(-134.382,'kJ/mol'), modes=[IdealGasTranslation(mass=(34.0055,'amu')), NonlinearRotor(inertia=([1.63801,18.4022,19.029],'amu*angstrom^2'), symmetry=1), HarmonicOscillator(frequencies=([378.1,1029.14,1344.99,1458.5,3786.54,3787.27],'cm^-1'))]))], kinetics=Arrhenius(A=(0.00121231,'cm^3/(mol*s)'), n=4.29582, Ea=(58.7337,'kJ/mol'), T0=(1,'K'), Tmin=(303.03,'K'), Tmax=(2500,'K'), comment="""Fitted to 59 data points; dA = *|/ 1.20476, dn = +|- 0.0244477, dEa = +|- 0.134487 kJ/mol"""), transitionState=TransitionState(label="TS", conformer=Conformer(E0=(173.644,'kJ/mol'), modes=[IdealGasTranslation(mass=(76.0524,'amu')), NonlinearRotor(inertia=([73.4175,178.548,222.407],'amu*angstrom^2'), symmetry=1), HarmonicOscillator(frequencies=([72.6415,129.073,135.987,182.392,196.2,371.152,436.34,547.538,559.898,621.039,756.972,887.881,908.261,987.461,1064.85,1075.93,1151.75,1166.65,1224,1344.48,1418.9,1426.66,1429.64,1439.01,1453,2877.87,3016.67,3047.71,3109.4,3133.97,3211.9,3716.2],'cm^-1'))], spinMultiplicity=3), frequency=(-1838.59,'cm^-1'), tunneling=Eckart(frequency=(-1838.59,'cm^-1'), E0_reac=(98.2235,'kJ/mol'), E0_TS=(173.644,'kJ/mol'), E0_prod=(160.172,'kJ/mol'))))
We have calculated kinetics Arrhenius(A=(0.00121231,'cm^3/(mol*s)'), n=4.29582, Ea=(58.7337,'kJ/mol'), T0=(1,'K'), Tmin=(303.03,'K'), Tmax=(2500,'K'), comment="""Fitted to 59 data points; dA = *|/ 1.20476, dn = +|- 0.0244477, dEa = +|- 0.134487 kJ/mol""")
