comparerTST.py:41 <module> INFO RUNNING WITH JOB NUMBER i = 102
comparerTST.py:45 <module> INFO Loading RMG Database ...
comparerTST.py:48 <module> INFO /home/harms.n/Code/RMG-database/input
thermo.py:760 loadLibraries INFO Loading thermodynamics library from thermo_DFT_CCSDTF12_BAC.py in /home/harms.n/Code/RMG-database/input/thermo/libraries...
thermo.py:760 loadLibraries INFO Loading thermodynamics library from CBS_QB3_1dHR.py in /home/harms.n/Code/RMG-database/input/thermo/libraries...
thermo.py:760 loadLibraries INFO Loading thermodynamics library from primaryThermoLibrary.py in /home/harms.n/Code/RMG-database/input/thermo/libraries...
thermo.py:760 loadLibraries INFO Loading thermodynamics library from KlippensteinH2O2.py in /home/harms.n/Code/RMG-database/input/thermo/libraries...
thermo.py:774 loadGroups INFO Loading thermodynamics group database from /home/harms.n/Code/RMG-database/input/thermo/groups...
transport.py:294 loadGroups INFO Loading transport group database from /home/harms.n/Code/RMG-database/input/transport/groups...
database.py:165 loadFamilies INFO Loading the user-specified kinetics families from /home/harms.n/Code/RMG-database/input/kinetics/families
statmech.py:526 loadGroups INFO Loading frequencies group database from /home/harms.n/Code/RMG-database/input/statmech/groups...
comparerTST.py:57 <module> INFO RMG Database Loaded
comparerTST.py:81 <module> INFO generateReactionsFromFamilies successfuly performed
comparerTST.py:141 performCalcs INFO chemkinRxn: Reaction(reactants=[Molecule(SMILES="C=CC"), Molecule(SMILES="[O]O")], products=[Molecule(SMILES="OO"), Molecule(SMILES="[CH2]C=C")], degeneracy=3, pairs=[[Molecule(SMILES="C=CC"), Molecule(SMILES="[CH2]C=C")], [Molecule(SMILES="[O]O"), Molecule(SMILES="OO")]])
comparerTST.py:143 performCalcs INFO Ensuring resonance isomers have been generated
<type 'rmgpy.molecule.molecule.Molecule'>
<type 'rmgpy.molecule.molecule.Molecule'>
<type 'rmgpy.molecule.molecule.Molecule'>
<type 'rmgpy.molecule.molecule.Molecule'>
[Molecule(SMILES="C=CC"), Molecule(SMILES="[O]O")]
[Molecule(SMILES="OO"), Molecule(SMILES="[CH2]C=C")]
comparerTST.py:162 performCalcs INFO Generated one reaction:
comparerTST.py:163 performCalcs INFO [Reaction(reactants=[Molecule(SMILES="C=CC"), Molecule(SMILES="[O]O")], products=[Molecule(SMILES="OO"), Molecule(SMILES="[CH2]C=C")], degeneracy=3, pairs=[[Molecule(SMILES="C=CC"), Molecule(SMILES="[CH2]C=C")], [Molecule(SMILES="[O]O"), Molecule(SMILES="OO")]])]
comparerTST.py:172 performCalcs INFO The reaction of interest is as follows: 
comparerTST.py:173 performCalcs INFO <Molecule "C=CC"> + <Molecule "[O]O"> <=> <Molecule "OO"> + <Molecule "[CH2]C=C">
comparerTST.py:175 performCalcs INFO asserting that the testReaction is Isomorphic
comparerTST.py:177 performCalcs INFO reaction: Reaction(reactants=[Molecule(SMILES="C=CC"), Molecule(SMILES="[O]O")], products=[Molecule(SMILES="OO"), Molecule(SMILES="[CH2]C=C")], degeneracy=3, pairs=[[Molecule(SMILES="C=CC"), Molecule(SMILES="[CH2]C=C")], [Molecule(SMILES="[O]O"), Molecule(SMILES="OO")]])
comparerTST.py:183 performCalcs INFO Labeling reactant atoms
comparerTST.py:193 performCalcs INFO Labeling product atoms
comparerTST.py:209 performCalcs INFO We have generated a H_Abstraction reaction that matches, and used it to label the atoms.
comparerTST.py:211 performCalcs INFO Calculating reaction kinetics
comparerTST.py:119 calculate INFO Calculating reaction rate for <Molecule "C=CC"> + <Molecule "[O]O"> <=> <Molecule "OO"> + <Molecule "[CH2]C=C">
comparerTST.py:121 calculate INFO Selecting the appropriate TS distance database for family 'H_Abstraction'
comparerTST.py:123 calculate INFO Calculating kinetic data by calling qmCalc.getKineticData
reaction.py:96 loadKineticsDataFile INFO Reading existing kinetics file /gss_gpfs_scratch/harms.n/QMfiles/C=CC+[O]O_OO+[CH2]C=C.kinetics
comparerTST.py:125 calculate INFO Removing 'core*' files
comparerTST.py:133 calculate INFO Yay, reaction kinetics calculated!!!
comparerTST.py:134 calculate INFO Reaction(label='C=CC+[O]O_OO+[CH2]C=C', reactants=[Species(label="QQONPFPTGQHPMA-UHFFFAOYSA", conformer=Conformer(E0=(21.3718,'kJ/mol'), modes=[IdealGasTranslation(mass=(42.047,'amu')), NonlinearRotor(inertia=([10.8482,53.9692,61.7022],'amu*angstrom^2'), symmetry=1), HarmonicOscillator(frequencies=([404.207,581.166,913.953,945.506,953.956,998.86,1046.92,1152.51,1310.45,1374.97,1427.92,1463.29,1465.56,1699.33,2987.05,3045.78,3066.68,3079.19,3100.72,3163.72],'cm^-1'))])), Species(label="OUUQCZGPVNCOIJ-UHFFFAOYSA-u2", conformer=Conformer(E0=(6.19549,'kJ/mol'), modes=[IdealGasTranslation(mass=(32.9977,'amu')), NonlinearRotor(inertia=([0.800947,14.5112,15.3121],'amu*angstrom^2'), symmetry=1), HarmonicOscillator(frequencies=([1245.9,1447.19,3645.15],'cm^-1'))], spinMultiplicity=2))], products=[Species(label="MHAJPDPJQMAIIY-UHFFFAOYSA", conformer=Conformer(E0=(-134.382,'kJ/mol'), modes=[IdealGasTranslation(mass=(34.0055,'amu')), NonlinearRotor(inertia=([1.63801,18.4022,19.029],'amu*angstrom^2'), symmetry=1), HarmonicOscillator(frequencies=([378.1,1029.14,1344.99,1458.5,3786.54,3787.27],'cm^-1'))])), Species(label="RMRFFCXPLWYOOY-UHFFFAOYSA-u1", conformer=Conformer(E0=(163.31,'kJ/mol'), modes=[IdealGasTranslation(mass=(41.0391,'amu')), NonlinearRotor(inertia=([9.21459,48.203,57.4176],'amu*angstrom^2'), symmetry=1), HarmonicOscillator(frequencies=([424.273,531.908,557.94,804.865,828.105,919.291,1005.85,1029.91,1137.62,1261.94,1390.25,1475.93,1502.31,3098.41,3102.07,3109.46,3203.67,3205.54],'cm^-1'))], spinMultiplicity=2))], kinetics=Arrhenius(A=(1.23051e-10,'cm^3/(mol*s)'), n=6.6446, Ea=(19.7727,'kJ/mol'), T0=(1,'K'), Tmin=(303.03,'K'), Tmax=(2500,'K'), comment="""Fitted to 59 data points; dA = *|/ 2.59654, dn = +|- 0.125228, dEa = +|- 0.688878 kJ/mol"""), transitionState=TransitionState(label="TS", conformer=Conformer(E0=(78.4585,'kJ/mol'), modes=[IdealGasTranslation(mass=(75.0446,'amu')), NonlinearRotor(inertia=([67.6906,176.288,217.104],'amu*angstrom^2'), symmetry=1), HarmonicOscillator(frequencies=([72.5732,84.3468,148.477,305.745,379.738,413.394,509.18,583.084,653.63,933.091,935.2,982.643,1014.74,1050.4,1110.41,1174,1214.51,1299.39,1410.02,1413.11,1421.09,1466.06,1618.07,3056.63,3089.28,3105.41,3144.84,3184.64,3719.92],'cm^-1'))], spinMultiplicity=2), frequency=(-1918.02,'cm^-1'), tunneling=Eckart(frequency=(-1918.02,'cm^-1'), E0_reac=(27.5673,'kJ/mol'), E0_TS=(78.4585,'kJ/mol'), E0_prod=(28.9283,'kJ/mol'))))
comparerTST.py:214 performCalcs INFO For reaction Reaction(label='C=CC+[O]O_OO+[CH2]C=C', reactants=[Species(label="QQONPFPTGQHPMA-UHFFFAOYSA", conformer=Conformer(E0=(21.3718,'kJ/mol'), modes=[IdealGasTranslation(mass=(42.047,'amu')), NonlinearRotor(inertia=([10.8482,53.9692,61.7022],'amu*angstrom^2'), symmetry=1), HarmonicOscillator(frequencies=([404.207,581.166,913.953,945.506,953.956,998.86,1046.92,1152.51,1310.45,1374.97,1427.92,1463.29,1465.56,1699.33,2987.05,3045.78,3066.68,3079.19,3100.72,3163.72],'cm^-1'))])), Species(label="OUUQCZGPVNCOIJ-UHFFFAOYSA-u2", conformer=Conformer(E0=(6.19549,'kJ/mol'), modes=[IdealGasTranslation(mass=(32.9977,'amu')), NonlinearRotor(inertia=([0.800947,14.5112,15.3121],'amu*angstrom^2'), symmetry=1), HarmonicOscillator(frequencies=([1245.9,1447.19,3645.15],'cm^-1'))], spinMultiplicity=2))], products=[Species(label="MHAJPDPJQMAIIY-UHFFFAOYSA", conformer=Conformer(E0=(-134.382,'kJ/mol'), modes=[IdealGasTranslation(mass=(34.0055,'amu')), NonlinearRotor(inertia=([1.63801,18.4022,19.029],'amu*angstrom^2'), symmetry=1), HarmonicOscillator(frequencies=([378.1,1029.14,1344.99,1458.5,3786.54,3787.27],'cm^-1'))])), Species(label="RMRFFCXPLWYOOY-UHFFFAOYSA-u1", conformer=Conformer(E0=(163.31,'kJ/mol'), modes=[IdealGasTranslation(mass=(41.0391,'amu')), NonlinearRotor(inertia=([9.21459,48.203,57.4176],'amu*angstrom^2'), symmetry=1), HarmonicOscillator(frequencies=([424.273,531.908,557.94,804.865,828.105,919.291,1005.85,1029.91,1137.62,1261.94,1390.25,1475.93,1502.31,3098.41,3102.07,3109.46,3203.67,3205.54],'cm^-1'))], spinMultiplicity=2))], kinetics=Arrhenius(A=(1.23051e-10,'cm^3/(mol*s)'), n=6.6446, Ea=(19.7727,'kJ/mol'), T0=(1,'K'), Tmin=(303.03,'K'), Tmax=(2500,'K'), comment="""Fitted to 59 data points; dA = *|/ 2.59654, dn = +|- 0.125228, dEa = +|- 0.688878 kJ/mol"""), transitionState=TransitionState(label="TS", conformer=Conformer(E0=(78.4585,'kJ/mol'), modes=[IdealGasTranslation(mass=(75.0446,'amu')), NonlinearRotor(inertia=([67.6906,176.288,217.104],'amu*angstrom^2'), symmetry=1), HarmonicOscillator(frequencies=([72.5732,84.3468,148.477,305.745,379.738,413.394,509.18,583.084,653.63,933.091,935.2,982.643,1014.74,1050.4,1110.41,1174,1214.51,1299.39,1410.02,1413.11,1421.09,1466.06,1618.07,3056.63,3089.28,3105.41,3144.84,3184.64,3719.92],'cm^-1'))], spinMultiplicity=2), frequency=(-1918.02,'cm^-1'), tunneling=Eckart(frequency=(-1918.02,'cm^-1'), E0_reac=(27.5673,'kJ/mol'), E0_TS=(78.4585,'kJ/mol'), E0_prod=(28.9283,'kJ/mol'))))
comparerTST.py:216 performCalcs INFO We have calculated kinetics Arrhenius(A=(1.23051e-10,'cm^3/(mol*s)'), n=6.6446, Ea=(19.7727,'kJ/mol'), T0=(1,'K'), Tmin=(303.03,'K'), Tmax=(2500,'K'), comment="""Fitted to 59 data points; dA = *|/ 2.59654, dn = +|- 0.125228, dEa = +|- 0.688878 kJ/mol""")
