comparerTST.py:41 <module> INFO RUNNING WITH JOB NUMBER i = 166
comparerTST.py:45 <module> INFO Loading RMG Database ...
comparerTST.py:48 <module> INFO /home/harms.n/Code/RMG-database/input
thermo.py:760 loadLibraries INFO Loading thermodynamics library from thermo_DFT_CCSDTF12_BAC.py in /home/harms.n/Code/RMG-database/input/thermo/libraries...
thermo.py:760 loadLibraries INFO Loading thermodynamics library from CBS_QB3_1dHR.py in /home/harms.n/Code/RMG-database/input/thermo/libraries...
thermo.py:760 loadLibraries INFO Loading thermodynamics library from primaryThermoLibrary.py in /home/harms.n/Code/RMG-database/input/thermo/libraries...
thermo.py:760 loadLibraries INFO Loading thermodynamics library from KlippensteinH2O2.py in /home/harms.n/Code/RMG-database/input/thermo/libraries...
thermo.py:774 loadGroups INFO Loading thermodynamics group database from /home/harms.n/Code/RMG-database/input/thermo/groups...
transport.py:294 loadGroups INFO Loading transport group database from /home/harms.n/Code/RMG-database/input/transport/groups...
database.py:165 loadFamilies INFO Loading the user-specified kinetics families from /home/harms.n/Code/RMG-database/input/kinetics/families
statmech.py:526 loadGroups INFO Loading frequencies group database from /home/harms.n/Code/RMG-database/input/statmech/groups...
comparerTST.py:57 <module> INFO RMG Database Loaded
comparerTST.py:81 <module> INFO generateReactionsFromFamilies successfuly performed
comparerTST.py:141 performCalcs INFO chemkinRxn: Reaction(reactants=[Molecule(SMILES="[CH]=CC=C"), Molecule(SMILES="[O]O")], products=[Molecule(SMILES="OO"), Molecule(SMILES="[CH]=C[C]=C")], pairs=[[Molecule(SMILES="[CH]=CC=C"), Molecule(SMILES="[CH]=C[C]=C")], [Molecule(SMILES="[O]O"), Molecule(SMILES="OO")]])
comparerTST.py:143 performCalcs INFO Ensuring resonance isomers have been generated
<type 'rmgpy.molecule.molecule.Molecule'>
<type 'rmgpy.molecule.molecule.Molecule'>
<type 'rmgpy.molecule.molecule.Molecule'>
<type 'rmgpy.molecule.molecule.Molecule'>
[Molecule(SMILES="[CH]=CC=C"), Molecule(SMILES="[O]O")]
[Molecule(SMILES="OO"), Molecule(SMILES="[CH]=C[C]=C")]
comparerTST.py:162 performCalcs INFO Generated one reaction:
comparerTST.py:163 performCalcs INFO [Reaction(reactants=[Molecule(SMILES="[CH]=CC=C"), Molecule(SMILES="[O]O")], products=[Molecule(SMILES="OO"), Molecule(SMILES="[CH]=C[C]=C")], pairs=[[Molecule(SMILES="[CH]=CC=C"), Molecule(SMILES="[CH]=C[C]=C")], [Molecule(SMILES="[O]O"), Molecule(SMILES="OO")]])]
comparerTST.py:172 performCalcs INFO The reaction of interest is as follows: 
comparerTST.py:173 performCalcs INFO <Molecule "[CH]=CC=C"> + <Molecule "[O]O"> <=> <Molecule "OO"> + <Molecule "[CH]=C[C]=C">
comparerTST.py:175 performCalcs INFO asserting that the testReaction is Isomorphic
comparerTST.py:177 performCalcs INFO reaction: Reaction(reactants=[Molecule(SMILES="[CH]=CC=C"), Molecule(SMILES="[O]O")], products=[Molecule(SMILES="OO"), Molecule(SMILES="[CH]=C[C]=C")], pairs=[[Molecule(SMILES="[CH]=CC=C"), Molecule(SMILES="[CH]=C[C]=C")], [Molecule(SMILES="[O]O"), Molecule(SMILES="OO")]])
comparerTST.py:183 performCalcs INFO Labeling reactant atoms
comparerTST.py:193 performCalcs INFO Labeling product atoms
comparerTST.py:209 performCalcs INFO We have generated a H_Abstraction reaction that matches, and used it to label the atoms.
comparerTST.py:211 performCalcs INFO Calculating reaction kinetics
comparerTST.py:119 calculate INFO Calculating reaction rate for <Molecule "[CH]=CC=C"> + <Molecule "[O]O"> <=> <Molecule "OO"> + <Molecule "[CH]=C[C]=C">
comparerTST.py:121 calculate INFO Selecting the appropriate TS distance database for family 'H_Abstraction'
comparerTST.py:123 calculate INFO Calculating kinetic data by calling qmCalc.getKineticData
reaction.py:619 loadKineticsData INFO Kinetics results file /gss_gpfs_scratch/harms.n/QMfiles/[CH]=CC=C+[O]O_OO+[CH]=C[C]=C.kinetics does not exist or is invalid
reaction.py:520 generateTSGeometryDirectGuess INFO Generating a TS geometry via the direct guess method
reaction.py:300 generateBoundsMatrix INFO Generating bounds matrix for [CH]=CC=C.[O]O
reaction.py:338 bmPreEdit INFO Changing lower limit 2.9 to 2.342812
reaction.py:338 bmPreEdit INFO Changing lower limit 2.519224 to 2.458776
reaction.py:338 bmPreEdit INFO Changing lower limit 3.65 to 3.26405835706
reaction.py:338 bmPreEdit INFO Changing lower limit 3.65 to 3.14294537707
reaction.py:561 generateTSGeometryDirectGuess INFO TS estimate made. About to try the search...
reaction.py:426 optimizeTS INFO Starting optimization steps of the TS search.
gaussian.py:535 optEstimate INFO Running loose optimization of TS with frozen center
gaussian.py:189 writeInputFile INFO Writing gaussian input file /gss_gpfs_scratch/harms.n/QMscratch/[CH]=CC=C+[O]O_OO+[CH]=C[C]=CEst.gjf
gaussian.py:590 optRxnCenter INFO Optimization of TS reaction center distances
gaussian.py:189 writeInputFile INFO Writing gaussian input file /gss_gpfs_scratch/harms.n/QMscratch/[CH]=CC=C+[O]O_OO+[CH]=C[C]=CRxnC.gjf
reaction.py:443 optimizeTS INFO Optimizing TS attempt 1
gaussian.py:485 createInputFile INFO Creating input file
gaussian.py:189 writeInputFile INFO Writing gaussian input file None
gaussian.py:748 verifyOutputFile INFO Verifying output file /gss_gpfs_scratch/harms.n/QMscratch/[CH]=CC=C+[O]O_OO+[CH]=C[C]=C.log
gaussian.py:516 createIRCFile INFO Creating IRC file
gaussian.py:189 writeInputFile INFO Writing gaussian input file /gss_gpfs_scratch/harms.n/QMscratch/[CH]=CC=C+[O]O_OO+[CH]=C[C]=CIRC.gjf
gaussian.py:685 runIRC INFO Running IRC
gaussian.py:843 verifyIRCOutputFile INFO Verifying the IRC output file /gss_gpfs_scratch/harms.n/QMscratch/[CH]=CC=C+[O]O_OO+[CH]=C[C]=CIRC.log
gaussian.py:878 verifyIRCOutputFile INFO Checking if all the success keywords are found in the file.
reaction.py:570 saveTSData INFO Saving TS result file /gss_gpfs_scratch/harms.n/QMfiles/[CH]=CC=C+[O]O_OO+[CH]=C[C]=C.ts
gaussian.py:991 parse INFO Parsing the gaussian output /gss_gpfs_scratch/harms.n/QMscratch/[CH]=CC=C+[O]O_OO+[CH]=C[C]=C.log
gaussian.py:168 verifyOutputFile INFO Successful GaussianMolM062X quantum result in /gss_gpfs_scratch/harms.n/QMscratch/AHZKOHHBQMSKLP-UHFFFAOYSA-u1.log
gaussian.py:268 generateQMData INFO Found a successful output file; using that.
symmetry.py:221 writeInputFile INFO Symmetry input file written to /gss_gpfs_scratch/harms.n/QMscratch/AHZKOHHBQMSKLP-UHFFFAOYSA-u1.symm
symmetry.py:188 parse INFO Point group: Cs
gaussian.py:168 verifyOutputFile INFO Successful GaussianMolM062X quantum result in /gss_gpfs_scratch/harms.n/QMscratch/OUUQCZGPVNCOIJ-UHFFFAOYSA-u2.log
gaussian.py:268 generateQMData INFO Found a successful output file; using that.
symmetry.py:221 writeInputFile INFO Symmetry input file written to /gss_gpfs_scratch/harms.n/QMscratch/OUUQCZGPVNCOIJ-UHFFFAOYSA-u2.symm
symmetry.py:188 parse INFO Point group: Cs
gaussian.py:168 verifyOutputFile INFO Successful GaussianMolM062X quantum result in /gss_gpfs_scratch/harms.n/QMscratch/MHAJPDPJQMAIIY-UHFFFAOYSA.log
gaussian.py:268 generateQMData INFO Found a successful output file; using that.
symmetry.py:221 writeInputFile INFO Symmetry input file written to /gss_gpfs_scratch/harms.n/QMscratch/MHAJPDPJQMAIIY-UHFFFAOYSA.symm
symmetry.py:188 parse INFO Point group: C2
gaussian.py:168 verifyOutputFile INFO Successful GaussianMolM062X quantum result in /gss_gpfs_scratch/harms.n/QMscratch/WXBUKAPYXQZTGS-UHFFFAOYSA-u1,4.log
gaussian.py:268 generateQMData INFO Found a successful output file; using that.
symmetry.py:221 writeInputFile INFO Symmetry input file written to /gss_gpfs_scratch/harms.n/QMscratch/WXBUKAPYXQZTGS-UHFFFAOYSA-u1,4.symm
symmetry.py:188 parse INFO Point group: Cs
CanTherm execution initiated at Tue Aug  1 23:11:06 2017

###############################################################
#                                                             #
#                          CanTherm                           #
#                                                             #
#   Version: 0.1.0 (14 May 2009)                              #
#   Authors: RMG Developers (rmg_dev@mit.edu)                 #
#   P.I.:    William H. Green (whgreen@mit.edu)               #
#   Website: http://rmg.sourceforge.net/                      #
#                                                             #
###############################################################

Loading species AHZKOHHBQMSKLP-UHFFFAOYSA-u1...
Loading species OUUQCZGPVNCOIJ-UHFFFAOYSA-u2...
Loading species MHAJPDPJQMAIIY-UHFFFAOYSA...
Loading species WXBUKAPYXQZTGS-UHFFFAOYSA-u1,4...
Loading transition state TS...
Loading reaction [CH]=CC=C+[O]O_OO+[CH]=C[C]=C...


Loading statistical mechanics parameters for AHZKOHHBQMSKLP-UHFFFAOYSA-u1...
Warning: No bond energy correction found for model chemistry: M062X/MG3S
Saving statistical mechanics parameters for AHZKOHHBQMSKLP-UHFFFAOYSA-u1...
Loading statistical mechanics parameters for OUUQCZGPVNCOIJ-UHFFFAOYSA-u2...
Warning: No bond energy correction found for model chemistry: M062X/MG3S
Saving statistical mechanics parameters for OUUQCZGPVNCOIJ-UHFFFAOYSA-u2...
Loading statistical mechanics parameters for MHAJPDPJQMAIIY-UHFFFAOYSA...
Warning: No bond energy correction found for model chemistry: M062X/MG3S
Saving statistical mechanics parameters for MHAJPDPJQMAIIY-UHFFFAOYSA...
Loading statistical mechanics parameters for WXBUKAPYXQZTGS-UHFFFAOYSA-u1,4...
Warning: No bond energy correction found for model chemistry: M062X/MG3S
Saving statistical mechanics parameters for WXBUKAPYXQZTGS-UHFFFAOYSA-u1,4...
Loading statistical mechanics parameters for TS...
Warning: No bond energy correction found for model chemistry: M062X/MG3S
Saving statistical mechanics parameters for TS...
Generating Arrhenius kinetics model for Arrhenius...
Saving kinetics for AHZKOHHBQMSKLP-UHFFFAOYSA-u1 + OUUQCZGPVNCOIJ-UHFFFAOYSA-u2 <=> WXBUKAPYXQZTGS-UHFFFAOYSA-u1,4 + MHAJPDPJQMAIIY-UHFFFAOYSA...

CanTherm execution terminated at Tue Aug  1 23:11:07 2017
Saving kinetics data file /gss_gpfs_scratch/harms.n/QMfiles/[CH]=CC=C+[O]O_OO+[CH]=C[C]=C.kinetics
Removing 'core*' files
Yay, reaction kinetics calculated!!!
Reaction(label='[CH]=CC=C+[O]O_OO+[CH]=C[C]=C', reactants=[Species(label="AHZKOHHBQMSKLP-UHFFFAOYSA-u1", conformer=Conformer(E0=(349.521,'kJ/mol'), modes=[IdealGasTranslation(mass=(53.0391,'amu')), NonlinearRotor(inertia=([10.2779,109.027,119.305],'amu*angstrom^2'), symmetry=1), HarmonicOscillator(frequencies=([167.281,297.023,505.835,577.221,753.934,797.527,883.089,938.592,959.471,1025.3,1163.87,1228.6,1294.86,1423.27,1621.77,1681.46,3021.42,3102.28,3119.84,3193.84,3214.56],'cm^-1'))], spinMultiplicity=2)), Species(label="OUUQCZGPVNCOIJ-UHFFFAOYSA-u2", conformer=Conformer(E0=(6.19549,'kJ/mol'), modes=[IdealGasTranslation(mass=(32.9977,'amu')), NonlinearRotor(inertia=([0.800947,14.5112,15.3121],'amu*angstrom^2'), symmetry=1), HarmonicOscillator(frequencies=([1245.9,1447.19,3645.15],'cm^-1'))], spinMultiplicity=2))], products=[Species(label="WXBUKAPYXQZTGS-UHFFFAOYSA-u1,4", conformer=Conformer(E0=(533.09,'kJ/mol'), modes=[IdealGasTranslation(mass=(52.0313,'amu')), NonlinearRotor(inertia=([9.75325,110.672,116.97],'amu*angstrom^2'), symmetry=1), HarmonicOscillator(frequencies=([212.287,239.629,471.402,522.168,558.199,823.409,844.226,891.327,964.761,1026.62,1149.04,1317.57,1423.17,1906.4,3024.56,3044.53,3114.43,3228.23],'cm^-1'))], spinMultiplicity=3)), Species(label="MHAJPDPJQMAIIY-UHFFFAOYSA", conformer=Conformer(E0=(-134.382,'kJ/mol'), modes=[IdealGasTranslation(mass=(34.0055,'amu')), NonlinearRotor(inertia=([1.63801,18.4022,19.029],'amu*angstrom^2'), symmetry=1), HarmonicOscillator(frequencies=([378.1,1029.14,1344.99,1458.5,3786.54,3787.27],'cm^-1'))]))], kinetics=Arrhenius(A=(5.20225e-08,'cm^3/(mol*s)'), n=5.72802, Ea=(59.9526,'kJ/mol'), T0=(1,'K'), Tmin=(303.03,'K'), Tmax=(2500,'K'), comment="""Fitted to 59 data points; dA = *|/ 2.7068, dn = +|- 0.130686, dEa = +|- 0.718902 kJ/mol"""), transitionState=TransitionState(label="TS", conformer=Conformer(E0=(443.815,'kJ/mol'), modes=[IdealGasTranslation(mass=(86.0368,'amu')), NonlinearRotor(inertia=([118.281,209.82,312.632],'amu*angstrom^2'), symmetry=1), HarmonicOscillator(frequencies=([63.6799,73.8973,121.156,187.791,236.769,340.268,374.544,461.43,538.576,653.924,713.542,829.586,884.529,919.366,949.909,984.144,1076.18,1090.07,1251.29,1409.56,1410.14,1467.63,1557.42,1713.59,3053.35,3063.86,3150.56,3207.86,3734.94],'cm^-1'))], spinMultiplicity=3), frequency=(-1861.27,'cm^-1'), tunneling=Eckart(frequency=(-1861.27,'cm^-1'), E0_reac=(355.716,'kJ/mol'), E0_TS=(443.815,'kJ/mol'), E0_prod=(398.708,'kJ/mol'))))
For reaction Reaction(label='[CH]=CC=C+[O]O_OO+[CH]=C[C]=C', reactants=[Species(label="AHZKOHHBQMSKLP-UHFFFAOYSA-u1", conformer=Conformer(E0=(349.521,'kJ/mol'), modes=[IdealGasTranslation(mass=(53.0391,'amu')), NonlinearRotor(inertia=([10.2779,109.027,119.305],'amu*angstrom^2'), symmetry=1), HarmonicOscillator(frequencies=([167.281,297.023,505.835,577.221,753.934,797.527,883.089,938.592,959.471,1025.3,1163.87,1228.6,1294.86,1423.27,1621.77,1681.46,3021.42,3102.28,3119.84,3193.84,3214.56],'cm^-1'))], spinMultiplicity=2)), Species(label="OUUQCZGPVNCOIJ-UHFFFAOYSA-u2", conformer=Conformer(E0=(6.19549,'kJ/mol'), modes=[IdealGasTranslation(mass=(32.9977,'amu')), NonlinearRotor(inertia=([0.800947,14.5112,15.3121],'amu*angstrom^2'), symmetry=1), HarmonicOscillator(frequencies=([1245.9,1447.19,3645.15],'cm^-1'))], spinMultiplicity=2))], products=[Species(label="WXBUKAPYXQZTGS-UHFFFAOYSA-u1,4", conformer=Conformer(E0=(533.09,'kJ/mol'), modes=[IdealGasTranslation(mass=(52.0313,'amu')), NonlinearRotor(inertia=([9.75325,110.672,116.97],'amu*angstrom^2'), symmetry=1), HarmonicOscillator(frequencies=([212.287,239.629,471.402,522.168,558.199,823.409,844.226,891.327,964.761,1026.62,1149.04,1317.57,1423.17,1906.4,3024.56,3044.53,3114.43,3228.23],'cm^-1'))], spinMultiplicity=3)), Species(label="MHAJPDPJQMAIIY-UHFFFAOYSA", conformer=Conformer(E0=(-134.382,'kJ/mol'), modes=[IdealGasTranslation(mass=(34.0055,'amu')), NonlinearRotor(inertia=([1.63801,18.4022,19.029],'amu*angstrom^2'), symmetry=1), HarmonicOscillator(frequencies=([378.1,1029.14,1344.99,1458.5,3786.54,3787.27],'cm^-1'))]))], kinetics=Arrhenius(A=(5.20225e-08,'cm^3/(mol*s)'), n=5.72802, Ea=(59.9526,'kJ/mol'), T0=(1,'K'), Tmin=(303.03,'K'), Tmax=(2500,'K'), comment="""Fitted to 59 data points; dA = *|/ 2.7068, dn = +|- 0.130686, dEa = +|- 0.718902 kJ/mol"""), transitionState=TransitionState(label="TS", conformer=Conformer(E0=(443.815,'kJ/mol'), modes=[IdealGasTranslation(mass=(86.0368,'amu')), NonlinearRotor(inertia=([118.281,209.82,312.632],'amu*angstrom^2'), symmetry=1), HarmonicOscillator(frequencies=([63.6799,73.8973,121.156,187.791,236.769,340.268,374.544,461.43,538.576,653.924,713.542,829.586,884.529,919.366,949.909,984.144,1076.18,1090.07,1251.29,1409.56,1410.14,1467.63,1557.42,1713.59,3053.35,3063.86,3150.56,3207.86,3734.94],'cm^-1'))], spinMultiplicity=3), frequency=(-1861.27,'cm^-1'), tunneling=Eckart(frequency=(-1861.27,'cm^-1'), E0_reac=(355.716,'kJ/mol'), E0_TS=(443.815,'kJ/mol'), E0_prod=(398.708,'kJ/mol'))))
We have calculated kinetics Arrhenius(A=(5.20225e-08,'cm^3/(mol*s)'), n=5.72802, Ea=(59.9526,'kJ/mol'), T0=(1,'K'), Tmin=(303.03,'K'), Tmax=(2500,'K'), comment="""Fitted to 59 data points; dA = *|/ 2.7068, dn = +|- 0.130686, dEa = +|- 0.718902 kJ/mol""")
