comparerTST.py:41 <module> INFO RUNNING WITH JOB NUMBER i = 313
comparerTST.py:45 <module> INFO Loading RMG Database ...
comparerTST.py:48 <module> INFO /home/harms.n/Code/RMG-database/input
thermo.py:760 loadLibraries INFO Loading thermodynamics library from thermo_DFT_CCSDTF12_BAC.py in /home/harms.n/Code/RMG-database/input/thermo/libraries...
thermo.py:760 loadLibraries INFO Loading thermodynamics library from CBS_QB3_1dHR.py in /home/harms.n/Code/RMG-database/input/thermo/libraries...
thermo.py:760 loadLibraries INFO Loading thermodynamics library from primaryThermoLibrary.py in /home/harms.n/Code/RMG-database/input/thermo/libraries...
thermo.py:760 loadLibraries INFO Loading thermodynamics library from KlippensteinH2O2.py in /home/harms.n/Code/RMG-database/input/thermo/libraries...
thermo.py:774 loadGroups INFO Loading thermodynamics group database from /home/harms.n/Code/RMG-database/input/thermo/groups...
transport.py:294 loadGroups INFO Loading transport group database from /home/harms.n/Code/RMG-database/input/transport/groups...
database.py:165 loadFamilies INFO Loading the user-specified kinetics families from /home/harms.n/Code/RMG-database/input/kinetics/families
statmech.py:526 loadGroups INFO Loading frequencies group database from /home/harms.n/Code/RMG-database/input/statmech/groups...
comparerTST.py:57 <module> INFO RMG Database Loaded
comparerTST.py:81 <module> INFO generateReactionsFromFamilies successfuly performed
comparerTST.py:141 performCalcs INFO chemkinRxn: Reaction(reactants=[Molecule(SMILES="[CH2]C(=C)CO"), Molecule(SMILES="[O]O")], products=[Molecule(SMILES="OO"), Molecule(SMILES="[CH2]C(=C)[CH]O")], degeneracy=2, pairs=[[Molecule(SMILES="[CH2]C(=C)CO"), Molecule(SMILES="[CH2]C(=C)[CH]O")], [Molecule(SMILES="[O]O"), Molecule(SMILES="OO")]])
comparerTST.py:143 performCalcs INFO Ensuring resonance isomers have been generated
<type 'rmgpy.molecule.molecule.Molecule'>
<type 'rmgpy.molecule.molecule.Molecule'>
<type 'rmgpy.molecule.molecule.Molecule'>
<type 'rmgpy.molecule.molecule.Molecule'>
[Molecule(SMILES="[CH2]C(=C)CO"), Molecule(SMILES="[O]O")]
[Molecule(SMILES="OO"), Molecule(SMILES="[CH2]C(=C)[CH]O")]
comparerTST.py:162 performCalcs INFO Generated one reaction:
comparerTST.py:163 performCalcs INFO [Reaction(reactants=[Molecule(SMILES="[CH2]C(=C)CO"), Molecule(SMILES="[O]O")], products=[Molecule(SMILES="OO"), Molecule(SMILES="[CH2]C(=C)[CH]O")], degeneracy=2, pairs=[[Molecule(SMILES="[CH2]C(=C)CO"), Molecule(SMILES="[CH2]C(=C)[CH]O")], [Molecule(SMILES="[O]O"), Molecule(SMILES="OO")]])]
comparerTST.py:172 performCalcs INFO The reaction of interest is as follows: 
comparerTST.py:173 performCalcs INFO <Molecule "[CH2]C(=C)CO"> + <Molecule "[O]O"> <=> <Molecule "OO"> + <Molecule "[CH2]C(=C)[CH]O">
comparerTST.py:175 performCalcs INFO asserting that the testReaction is Isomorphic
comparerTST.py:177 performCalcs INFO reaction: Reaction(reactants=[Molecule(SMILES="[CH2]C(=C)CO"), Molecule(SMILES="[O]O")], products=[Molecule(SMILES="OO"), Molecule(SMILES="[CH2]C(=C)[CH]O")], degeneracy=2, pairs=[[Molecule(SMILES="[CH2]C(=C)CO"), Molecule(SMILES="[CH2]C(=C)[CH]O")], [Molecule(SMILES="[O]O"), Molecule(SMILES="OO")]])
comparerTST.py:183 performCalcs INFO Labeling reactant atoms
comparerTST.py:193 performCalcs INFO Labeling product atoms
comparerTST.py:209 performCalcs INFO We have generated a H_Abstraction reaction that matches, and used it to label the atoms.
comparerTST.py:211 performCalcs INFO Calculating reaction kinetics
comparerTST.py:119 calculate INFO Calculating reaction rate for <Molecule "[CH2]C(=C)CO"> + <Molecule "[O]O"> <=> <Molecule "OO"> + <Molecule "[CH2]C(=C)[CH]O">
comparerTST.py:121 calculate INFO Selecting the appropriate TS distance database for family 'H_Abstraction'
comparerTST.py:123 calculate INFO Calculating kinetic data by calling qmCalc.getKineticData
reaction.py:619 loadKineticsData INFO Kinetics results file /gss_gpfs_scratch/harms.n/QMfiles/[CH2]C(=C)CO+[O]O_OO+[CH2]C(=C)[CH]O.kinetics does not exist or is invalid
reaction.py:520 generateTSGeometryDirectGuess INFO Generating a TS geometry via the direct guess method
reaction.py:300 generateBoundsMatrix INFO Generating bounds matrix for [CH2]C(=C)CO.[O]O
reaction.py:338 bmPreEdit INFO Changing lower limit 2.9 to 2.45519
reaction.py:338 bmPreEdit INFO Changing lower limit 2.518636 to 2.478503
reaction.py:338 bmPreEdit INFO Changing lower limit 3.65 to 3.30243183943
reaction.py:338 bmPreEdit INFO Changing lower limit 3.4 to 3.22002554181
reaction.py:561 generateTSGeometryDirectGuess INFO TS estimate made. About to try the search...
reaction.py:426 optimizeTS INFO Starting optimization steps of the TS search.
gaussian.py:535 optEstimate INFO Running loose optimization of TS with frozen center
gaussian.py:189 writeInputFile INFO Writing gaussian input file /gss_gpfs_scratch/harms.n/QMscratch/[CH2]C(=C)CO+[O]O_OO+[CH2]C(=C)[CH]OEst.gjf
gaussian.py:590 optRxnCenter INFO Optimization of TS reaction center distances
gaussian.py:189 writeInputFile INFO Writing gaussian input file /gss_gpfs_scratch/harms.n/QMscratch/[CH2]C(=C)CO+[O]O_OO+[CH2]C(=C)[CH]ORxnC.gjf
reaction.py:443 optimizeTS INFO Optimizing TS attempt 1
gaussian.py:485 createInputFile INFO Creating input file
gaussian.py:189 writeInputFile INFO Writing gaussian input file None
gaussian.py:748 verifyOutputFile INFO Verifying output file /gss_gpfs_scratch/harms.n/QMscratch/[CH2]C(=C)CO+[O]O_OO+[CH2]C(=C)[CH]O.log
gaussian.py:516 createIRCFile INFO Creating IRC file
gaussian.py:189 writeInputFile INFO Writing gaussian input file /gss_gpfs_scratch/harms.n/QMscratch/[CH2]C(=C)CO+[O]O_OO+[CH2]C(=C)[CH]OIRC.gjf
gaussian.py:685 runIRC INFO Running IRC
gaussian.py:843 verifyIRCOutputFile INFO Verifying the IRC output file /gss_gpfs_scratch/harms.n/QMscratch/[CH2]C(=C)CO+[O]O_OO+[CH2]C(=C)[CH]OIRC.log
gaussian.py:878 verifyIRCOutputFile INFO Checking if all the success keywords are found in the file.
reaction.py:570 saveTSData INFO Saving TS result file /gss_gpfs_scratch/harms.n/QMfiles/[CH2]C(=C)CO+[O]O_OO+[CH2]C(=C)[CH]O.ts
gaussian.py:991 parse INFO Parsing the gaussian output /gss_gpfs_scratch/harms.n/QMscratch/[CH2]C(=C)CO+[O]O_OO+[CH2]C(=C)[CH]O.log
gaussian.py:168 verifyOutputFile INFO Successful GaussianMolM062X quantum result in /gss_gpfs_scratch/harms.n/QMscratch/PPMMIUWFZADHOD-UHFFFAOYSA-u1.log
gaussian.py:268 generateQMData INFO Found a successful output file; using that.
symmetry.py:221 writeInputFile INFO Symmetry input file written to /gss_gpfs_scratch/harms.n/QMscratch/PPMMIUWFZADHOD-UHFFFAOYSA-u1.symm
symmetry.py:188 parse INFO Point group: Cs
gaussian.py:168 verifyOutputFile INFO Successful GaussianMolM062X quantum result in /gss_gpfs_scratch/harms.n/QMscratch/OUUQCZGPVNCOIJ-UHFFFAOYSA-u2.log
gaussian.py:268 generateQMData INFO Found a successful output file; using that.
symmetry.py:221 writeInputFile INFO Symmetry input file written to /gss_gpfs_scratch/harms.n/QMscratch/OUUQCZGPVNCOIJ-UHFFFAOYSA-u2.symm
symmetry.py:188 parse INFO Point group: Cs
gaussian.py:168 verifyOutputFile INFO Successful GaussianMolM062X quantum result in /gss_gpfs_scratch/harms.n/QMscratch/MHAJPDPJQMAIIY-UHFFFAOYSA.log
gaussian.py:268 generateQMData INFO Found a successful output file; using that.
symmetry.py:221 writeInputFile INFO Symmetry input file written to /gss_gpfs_scratch/harms.n/QMscratch/MHAJPDPJQMAIIY-UHFFFAOYSA.symm
symmetry.py:188 parse INFO Point group: C2
gaussian.py:111 verifyOutputFile INFO Output file /gss_gpfs_scratch/harms.n/QMscratch/ZARNYNZAQYEZCM-UHFFFAOYSA-u1,3.log does not exist.
gaussian.py:189 writeInputFile INFO Writing gaussian input file None
gaussian.py:275 generateQMData INFO Trying GaussianMolM062X attempt 1 of 36 on molecule [CH2]C(=C)[CH]O.
Error: segmentation violation
   rax 0000000000000000, rbx ffffffffffffffff, rcx ffffffffffffffff
   rdx 0000000000004025, rsp 00007fffe83cafb8, rbp 00007fffe83cb590
   rsi 000000000000000b, rdi 0000000000004025, r8  00002b06693fc6c0
   r9  0000000000000000, r10 00007fffe83cad40, r11 0000000000000206
   r12 0000000000000000, r13 0000000000000000, r14 00007fffe83cb5d8
   r15 00002b06693fe050
  --- traceback not available
gaussian.py:89 run WARNING Gaussian finished with return code 1
gaussian.py:148 verifyOutputFile ERROR Not all of the required keywords for success were found in the output file!
gaussian.py:189 writeInputFile INFO Writing gaussian input file None
gaussian.py:275 generateQMData INFO Trying GaussianMolM062X attempt 2 of 36 on molecule [CH2]C(=C)[CH]O.
Error: segmentation violation
   rax 0000000000000000, rbx ffffffffffffffff, rcx ffffffffffffffff
   rdx 00000000000023ce, rsp 00007fff7e976d18, rbp 00007fff7e9772f0
   rsi 000000000000000b, rdi 00000000000023ce, r8  00002b661fe036c0
   r9  0000000000000000, r10 00007fff7e976aa0, r11 0000000000000206
   r12 0000000000000000, r13 0000000000000000, r14 00007fff7e977338
   r15 00002b661fe05050
  --- traceback not available
gaussian.py:89 run WARNING Gaussian finished with return code 1
gaussian.py:148 verifyOutputFile ERROR Not all of the required keywords for success were found in the output file!
gaussian.py:189 writeInputFile INFO Writing gaussian input file None
gaussian.py:275 generateQMData INFO Trying GaussianMolM062X attempt 3 of 36 on molecule [CH2]C(=C)[CH]O.
gaussian.py:168 verifyOutputFile INFO Successful GaussianMolM062X quantum result in /gss_gpfs_scratch/harms.n/QMscratch/ZARNYNZAQYEZCM-UHFFFAOYSA-u1,3.log
gaussian.py:278 generateQMData INFO Attempt 3 of 36 on species InChI=1S/C4H6O/c1-4(2)3-5/h3,5H,1-2H2/u1,3 succeeded.
symmetry.py:221 writeInputFile INFO Symmetry input file written to /gss_gpfs_scratch/harms.n/QMscratch/ZARNYNZAQYEZCM-UHFFFAOYSA-u1,3.symm
symmetry.py:188 parse INFO Point group: Cs
CanTherm execution initiated at Sat Aug  5 21:15:58 2017

###############################################################
#                                                             #
#                          CanTherm                           #
#                                                             #
#   Version: 0.1.0 (14 May 2009)                              #
#   Authors: RMG Developers (rmg_dev@mit.edu)                 #
#   P.I.:    William H. Green (whgreen@mit.edu)               #
#   Website: http://rmg.sourceforge.net/                      #
#                                                             #
###############################################################

Loading species PPMMIUWFZADHOD-UHFFFAOYSA-u1...
Loading species OUUQCZGPVNCOIJ-UHFFFAOYSA-u2...
Loading species MHAJPDPJQMAIIY-UHFFFAOYSA...
Loading species ZARNYNZAQYEZCM-UHFFFAOYSA-u1,3...
Loading transition state TS...
Loading reaction [CH2]C(=C)CO+[O]O_OO+[CH2]C(=C)[CH]O...


Loading statistical mechanics parameters for PPMMIUWFZADHOD-UHFFFAOYSA-u1...
Warning: No bond energy correction found for model chemistry: M062X/MG3S
Saving statistical mechanics parameters for PPMMIUWFZADHOD-UHFFFAOYSA-u1...
Loading statistical mechanics parameters for OUUQCZGPVNCOIJ-UHFFFAOYSA-u2...
Warning: No bond energy correction found for model chemistry: M062X/MG3S
Saving statistical mechanics parameters for OUUQCZGPVNCOIJ-UHFFFAOYSA-u2...
Loading statistical mechanics parameters for MHAJPDPJQMAIIY-UHFFFAOYSA...
Warning: No bond energy correction found for model chemistry: M062X/MG3S
Saving statistical mechanics parameters for MHAJPDPJQMAIIY-UHFFFAOYSA...
Loading statistical mechanics parameters for ZARNYNZAQYEZCM-UHFFFAOYSA-u1,3...
Warning: No bond energy correction found for model chemistry: M062X/MG3S
Saving statistical mechanics parameters for ZARNYNZAQYEZCM-UHFFFAOYSA-u1,3...
Loading statistical mechanics parameters for TS...
Warning: No bond energy correction found for model chemistry: M062X/MG3S
Saving statistical mechanics parameters for TS...
Generating Arrhenius kinetics model for Arrhenius...
Saving kinetics for OUUQCZGPVNCOIJ-UHFFFAOYSA-u2 + PPMMIUWFZADHOD-UHFFFAOYSA-u1 <=> ZARNYNZAQYEZCM-UHFFFAOYSA-u1,3 + MHAJPDPJQMAIIY-UHFFFAOYSA...

CanTherm execution terminated at Sat Aug  5 21:16:00 2017
Saving kinetics data file /gss_gpfs_scratch/harms.n/QMfiles/[CH2]C(=C)CO+[O]O_OO+[CH2]C(=C)[CH]O.kinetics
Removing 'core*' files
Yay, reaction kinetics calculated!!!
Reaction(label='[CH2]C(=C)CO+[O]O_OO+[CH2]C(=C)[CH]O', reactants=[Species(label="OUUQCZGPVNCOIJ-UHFFFAOYSA-u2", conformer=Conformer(E0=(6.19549,'kJ/mol'), modes=[IdealGasTranslation(mass=(32.9977,'amu')), NonlinearRotor(inertia=([0.800947,14.5112,15.3121],'amu*angstrom^2'), symmetry=1), HarmonicOscillator(frequencies=([1245.9,1447.19,3645.15],'cm^-1'))], spinMultiplicity=2)), Species(label="PPMMIUWFZADHOD-UHFFFAOYSA-u1", conformer=Conformer(E0=(-18.3979,'kJ/mol'), modes=[IdealGasTranslation(mass=(71.0497,'amu')), NonlinearRotor(inertia=([53.0901,126.468,176.405],'amu*angstrom^2'), symmetry=1), HarmonicOscillator(frequencies=([54.2269,187.381,299.043,405.347,459.56,509.89,523.806,585.814,751.675,830.808,846.076,963.184,1026.91,1027.82,1116.83,1162.02,1265.05,1266.51,1370.02,1441.51,1457.49,1494.67,1522.34,2981.51,3012.99,3094.75,3115.25,3190.16,3223.54,3860.05],'cm^-1'))], spinMultiplicity=2))], products=[Species(label="ZARNYNZAQYEZCM-UHFFFAOYSA-u1,3", conformer=Conformer(E0=(98.2395,'kJ/mol'), modes=[IdealGasTranslation(mass=(70.0419,'amu')), NonlinearRotor(inertia=([50.4167,123.814,174.231],'amu*angstrom^2'), symmetry=1), HarmonicOscillator(frequencies=([189.047,281.543,291.057,406.684,454.264,470.965,498,572.914,586.899,667.636,726.64,901.422,963.498,984.772,1187.84,1221.88,1304.39,1340.62,1459.26,1480.81,1511.62,3107.11,3118.8,3142.59,3207.08,3220.29,3857.34],'cm^-1'))], spinMultiplicity=3)), Species(label="MHAJPDPJQMAIIY-UHFFFAOYSA", conformer=Conformer(E0=(-134.382,'kJ/mol'), modes=[IdealGasTranslation(mass=(34.0055,'amu')), NonlinearRotor(inertia=([1.63801,18.4022,19.029],'amu*angstrom^2'), symmetry=1), HarmonicOscillator(frequencies=([378.1,1029.14,1344.99,1458.5,3786.54,3787.27],'cm^-1'))]))], kinetics=Arrhenius(A=(2.65681e-06,'cm^3/(mol*s)'), n=4.84679, Ea=(12.546,'kJ/mol'), T0=(1,'K'), Tmin=(303.03,'K'), Tmax=(2500,'K'), comment="""Fitted to 59 data points; dA = *|/ 1.79012, dn = +|- 0.0764191, dEa = +|- 0.420382 kJ/mol"""), transitionState=TransitionState(label="TS", conformer=Conformer(E0=(23.4368,'kJ/mol'), modes=[IdealGasTranslation(mass=(104.047,'amu')), NonlinearRotor(inertia=([144.797,310.092,360.249],'amu*angstrom^2'), symmetry=1), HarmonicOscillator(frequencies=([47.3606,68.6896,129.721,188.61,281.447,331.197,364.839,409.531,493.748,499.877,524.079,556.656,569.829,636.028,759.947,822.372,870.961,968.849,989.734,1023.38,1100.81,1161.32,1218.32,1228.86,1316.24,1354.27,1408.17,1416.91,1467.91,1509.34,1524.07,3082.13,3111.61,3118.37,3212.95,3213.7,3721.91,3761.97],'cm^-1'))], spinMultiplicity=3), frequency=(-1670,'cm^-1'), tunneling=Eckart(frequency=(-1670,'cm^-1'), E0_reac=(-12.2024,'kJ/mol'), E0_TS=(23.4368,'kJ/mol'), E0_prod=(-36.1423,'kJ/mol'))))
For reaction Reaction(label='[CH2]C(=C)CO+[O]O_OO+[CH2]C(=C)[CH]O', reactants=[Species(label="OUUQCZGPVNCOIJ-UHFFFAOYSA-u2", conformer=Conformer(E0=(6.19549,'kJ/mol'), modes=[IdealGasTranslation(mass=(32.9977,'amu')), NonlinearRotor(inertia=([0.800947,14.5112,15.3121],'amu*angstrom^2'), symmetry=1), HarmonicOscillator(frequencies=([1245.9,1447.19,3645.15],'cm^-1'))], spinMultiplicity=2)), Species(label="PPMMIUWFZADHOD-UHFFFAOYSA-u1", conformer=Conformer(E0=(-18.3979,'kJ/mol'), modes=[IdealGasTranslation(mass=(71.0497,'amu')), NonlinearRotor(inertia=([53.0901,126.468,176.405],'amu*angstrom^2'), symmetry=1), HarmonicOscillator(frequencies=([54.2269,187.381,299.043,405.347,459.56,509.89,523.806,585.814,751.675,830.808,846.076,963.184,1026.91,1027.82,1116.83,1162.02,1265.05,1266.51,1370.02,1441.51,1457.49,1494.67,1522.34,2981.51,3012.99,3094.75,3115.25,3190.16,3223.54,3860.05],'cm^-1'))], spinMultiplicity=2))], products=[Species(label="ZARNYNZAQYEZCM-UHFFFAOYSA-u1,3", conformer=Conformer(E0=(98.2395,'kJ/mol'), modes=[IdealGasTranslation(mass=(70.0419,'amu')), NonlinearRotor(inertia=([50.4167,123.814,174.231],'amu*angstrom^2'), symmetry=1), HarmonicOscillator(frequencies=([189.047,281.543,291.057,406.684,454.264,470.965,498,572.914,586.899,667.636,726.64,901.422,963.498,984.772,1187.84,1221.88,1304.39,1340.62,1459.26,1480.81,1511.62,3107.11,3118.8,3142.59,3207.08,3220.29,3857.34],'cm^-1'))], spinMultiplicity=3)), Species(label="MHAJPDPJQMAIIY-UHFFFAOYSA", conformer=Conformer(E0=(-134.382,'kJ/mol'), modes=[IdealGasTranslation(mass=(34.0055,'amu')), NonlinearRotor(inertia=([1.63801,18.4022,19.029],'amu*angstrom^2'), symmetry=1), HarmonicOscillator(frequencies=([378.1,1029.14,1344.99,1458.5,3786.54,3787.27],'cm^-1'))]))], kinetics=Arrhenius(A=(2.65681e-06,'cm^3/(mol*s)'), n=4.84679, Ea=(12.546,'kJ/mol'), T0=(1,'K'), Tmin=(303.03,'K'), Tmax=(2500,'K'), comment="""Fitted to 59 data points; dA = *|/ 1.79012, dn = +|- 0.0764191, dEa = +|- 0.420382 kJ/mol"""), transitionState=TransitionState(label="TS", conformer=Conformer(E0=(23.4368,'kJ/mol'), modes=[IdealGasTranslation(mass=(104.047,'amu')), NonlinearRotor(inertia=([144.797,310.092,360.249],'amu*angstrom^2'), symmetry=1), HarmonicOscillator(frequencies=([47.3606,68.6896,129.721,188.61,281.447,331.197,364.839,409.531,493.748,499.877,524.079,556.656,569.829,636.028,759.947,822.372,870.961,968.849,989.734,1023.38,1100.81,1161.32,1218.32,1228.86,1316.24,1354.27,1408.17,1416.91,1467.91,1509.34,1524.07,3082.13,3111.61,3118.37,3212.95,3213.7,3721.91,3761.97],'cm^-1'))], spinMultiplicity=3), frequency=(-1670,'cm^-1'), tunneling=Eckart(frequency=(-1670,'cm^-1'), E0_reac=(-12.2024,'kJ/mol'), E0_TS=(23.4368,'kJ/mol'), E0_prod=(-36.1423,'kJ/mol'))))
We have calculated kinetics Arrhenius(A=(2.65681e-06,'cm^3/(mol*s)'), n=4.84679, Ea=(12.546,'kJ/mol'), T0=(1,'K'), Tmin=(303.03,'K'), Tmax=(2500,'K'), comment="""Fitted to 59 data points; dA = *|/ 1.79012, dn = +|- 0.0764191, dEa = +|- 0.420382 kJ/mol""")
