comparerTST.py:41 <module> INFO RUNNING WITH JOB NUMBER i = 406
comparerTST.py:45 <module> INFO Loading RMG Database ...
comparerTST.py:48 <module> INFO /home/harms.n/Code/RMG-database/input
thermo.py:760 loadLibraries INFO Loading thermodynamics library from thermo_DFT_CCSDTF12_BAC.py in /home/harms.n/Code/RMG-database/input/thermo/libraries...
thermo.py:760 loadLibraries INFO Loading thermodynamics library from CBS_QB3_1dHR.py in /home/harms.n/Code/RMG-database/input/thermo/libraries...
thermo.py:760 loadLibraries INFO Loading thermodynamics library from primaryThermoLibrary.py in /home/harms.n/Code/RMG-database/input/thermo/libraries...
thermo.py:760 loadLibraries INFO Loading thermodynamics library from KlippensteinH2O2.py in /home/harms.n/Code/RMG-database/input/thermo/libraries...
thermo.py:774 loadGroups INFO Loading thermodynamics group database from /home/harms.n/Code/RMG-database/input/thermo/groups...
transport.py:294 loadGroups INFO Loading transport group database from /home/harms.n/Code/RMG-database/input/transport/groups...
database.py:165 loadFamilies INFO Loading the user-specified kinetics families from /home/harms.n/Code/RMG-database/input/kinetics/families
statmech.py:526 loadGroups INFO Loading frequencies group database from /home/harms.n/Code/RMG-database/input/statmech/groups...
comparerTST.py:57 <module> INFO RMG Database Loaded
comparerTST.py:81 <module> INFO generateReactionsFromFamilies successfuly performed
comparerTST.py:141 performCalcs INFO chemkinRxn: Reaction(reactants=[Molecule(SMILES="CCCCO"), Molecule(SMILES="[O]O")], products=[Molecule(SMILES="OO"), Molecule(SMILES="CC[CH]CO")], degeneracy=2, pairs=[[Molecule(SMILES="CCCCO"), Molecule(SMILES="CC[CH]CO")], [Molecule(SMILES="[O]O"), Molecule(SMILES="OO")]])
comparerTST.py:143 performCalcs INFO Ensuring resonance isomers have been generated
<type 'rmgpy.molecule.molecule.Molecule'>
<type 'rmgpy.molecule.molecule.Molecule'>
<type 'rmgpy.molecule.molecule.Molecule'>
<type 'rmgpy.molecule.molecule.Molecule'>
[Molecule(SMILES="CCCCO"), Molecule(SMILES="[O]O")]
[Molecule(SMILES="OO"), Molecule(SMILES="CC[CH]CO")]
comparerTST.py:162 performCalcs INFO Generated one reaction:
comparerTST.py:163 performCalcs INFO [Reaction(reactants=[Molecule(SMILES="CCCCO"), Molecule(SMILES="[O]O")], products=[Molecule(SMILES="OO"), Molecule(SMILES="CC[CH]CO")], degeneracy=2, pairs=[[Molecule(SMILES="CCCCO"), Molecule(SMILES="CC[CH]CO")], [Molecule(SMILES="[O]O"), Molecule(SMILES="OO")]])]
comparerTST.py:172 performCalcs INFO The reaction of interest is as follows: 
comparerTST.py:173 performCalcs INFO <Molecule "CCCCO"> + <Molecule "[O]O"> <=> <Molecule "OO"> + <Molecule "CC[CH]CO">
comparerTST.py:175 performCalcs INFO asserting that the testReaction is Isomorphic
comparerTST.py:177 performCalcs INFO reaction: Reaction(reactants=[Molecule(SMILES="CCCCO"), Molecule(SMILES="[O]O")], products=[Molecule(SMILES="OO"), Molecule(SMILES="CC[CH]CO")], degeneracy=2, pairs=[[Molecule(SMILES="CCCCO"), Molecule(SMILES="CC[CH]CO")], [Molecule(SMILES="[O]O"), Molecule(SMILES="OO")]])
comparerTST.py:183 performCalcs INFO Labeling reactant atoms
comparerTST.py:193 performCalcs INFO Labeling product atoms
comparerTST.py:209 performCalcs INFO We have generated a H_Abstraction reaction that matches, and used it to label the atoms.
comparerTST.py:211 performCalcs INFO Calculating reaction kinetics
comparerTST.py:119 calculate INFO Calculating reaction rate for <Molecule "CCCCO"> + <Molecule "[O]O"> <=> <Molecule "OO"> + <Molecule "CC[CH]CO">
comparerTST.py:121 calculate INFO Selecting the appropriate TS distance database for family 'H_Abstraction'
comparerTST.py:123 calculate INFO Calculating kinetic data by calling qmCalc.getKineticData
reaction.py:96 loadKineticsDataFile INFO Reading existing kinetics file /gss_gpfs_scratch/harms.n/QMfiles/CCCCO+[O]O_CC[CH]CO+OO.kinetics
comparerTST.py:125 calculate INFO Removing 'core*' files
comparerTST.py:133 calculate INFO Yay, reaction kinetics calculated!!!
comparerTST.py:134 calculate INFO Reaction(label='CCCCO+[O]O_CC[CH]CO+OO', reactants=[Species(label="OUUQCZGPVNCOIJ-UHFFFAOYSA-u2", conformer=Conformer(E0=(6.19549,'kJ/mol'), modes=[IdealGasTranslation(mass=(32.9977,'amu')), NonlinearRotor(inertia=([0.800947,14.5112,15.3121],'amu*angstrom^2'), symmetry=1), HarmonicOscillator(frequencies=([1245.9,1447.19,3645.15],'cm^-1'))], spinMultiplicity=2)), Species(label="LRHPLDYGYMQRHN-UHFFFAOYSA", conformer=Conformer(E0=(-285.59,'kJ/mol'), modes=[IdealGasTranslation(mass=(74.0732,'amu')), NonlinearRotor(inertia=([26.7648,253.226,267.517],'amu*angstrom^2'), symmetry=1), HarmonicOscillator(frequencies=([112.453,128.192,183.853,235.281,266.903,393.136,438.784,735.26,805.581,903.49,945.957,1004.64,1062.1,1086.35,1114.11,1174.05,1225.55,1237.77,1296.39,1307.2,1311.77,1378.2,1393.01,1440.6,1470.43,1476.82,1484.94,1489.91,1508.04,2970.21,2992.85,3000.8,3001.96,3009,3022.17,3053.5,3069.85,3079.77,3852.83],'cm^-1'))]))], products=[Species(label="GIXGVIVAHMJKNP-UHFFFAOYSA-u3", conformer=Conformer(E0=(-92.6564,'kJ/mol'), modes=[IdealGasTranslation(mass=(73.0653,'amu')), NonlinearRotor(inertia=([26.4553,249.258,264.954],'amu*angstrom^2'), symmetry=1), HarmonicOscillator(frequencies=([46.2822,75.2965,184.726,256.44,296.756,387.533,394.044,448.551,744.659,903.865,944.974,1010.35,1050.04,1086.74,1097.33,1136.89,1216.07,1231.45,1250.15,1278.29,1373.37,1385.03,1448.84,1450.55,1479.57,1480.28,1484.68,2885.81,2914.45,2937.54,2975.41,2997.59,3063.91,3076.93,3139.65,3862.4],'cm^-1'))], spinMultiplicity=2)), Species(label="MHAJPDPJQMAIIY-UHFFFAOYSA", conformer=Conformer(E0=(-134.382,'kJ/mol'), modes=[IdealGasTranslation(mass=(34.0055,'amu')), NonlinearRotor(inertia=([1.63801,18.4022,19.029],'amu*angstrom^2'), symmetry=1), HarmonicOscillator(frequencies=([378.1,1029.14,1344.99,1458.5,3786.54,3787.27],'cm^-1'))]))], kinetics=Arrhenius(A=(0.0197597,'cm^3/(mol*s)'), n=3.85723, Ea=(45.5094,'kJ/mol'), T0=(1,'K'), Tmin=(303.03,'K'), Tmax=(2500,'K'), comment="""Fitted to 59 data points; dA = *|/ 1.05911, dn = +|- 0.00753707, dEa = +|- 0.0414614 kJ/mol"""), transitionState=TransitionState(label="TS", conformer=Conformer(E0=(-226.289,'kJ/mol'), modes=[IdealGasTranslation(mass=(107.071,'amu')), NonlinearRotor(inertia=([201.445,242.748,356.886],'amu*angstrom^2'), symmetry=1), HarmonicOscillator(frequencies=([63.8232,104.679,130.015,159.677,174.229,212.573,231.944,273.482,287.624,385.519,521.424,547.592,594.107,739.253,840.247,854.416,966.303,974.261,1039.52,1062.56,1066.87,1116.81,1137.37,1163.06,1210.26,1243.44,1269.91,1299.44,1385.66,1393.87,1415.8,1443.23,1448.73,1461.63,1475.59,1476.62,1484.94,2942.87,2953.26,2995.09,3012.48,3034.11,3064.86,3077.72,3079.42,3670.4,3854.33],'cm^-1'))], spinMultiplicity=2), frequency=(-1835.56,'cm^-1'), tunneling=Eckart(frequency=(-1835.56,'cm^-1'), E0_reac=(-279.395,'kJ/mol'), E0_TS=(-226.289,'kJ/mol'), E0_prod=(-227.038,'kJ/mol'))))
comparerTST.py:214 performCalcs INFO For reaction Reaction(label='CCCCO+[O]O_CC[CH]CO+OO', reactants=[Species(label="OUUQCZGPVNCOIJ-UHFFFAOYSA-u2", conformer=Conformer(E0=(6.19549,'kJ/mol'), modes=[IdealGasTranslation(mass=(32.9977,'amu')), NonlinearRotor(inertia=([0.800947,14.5112,15.3121],'amu*angstrom^2'), symmetry=1), HarmonicOscillator(frequencies=([1245.9,1447.19,3645.15],'cm^-1'))], spinMultiplicity=2)), Species(label="LRHPLDYGYMQRHN-UHFFFAOYSA", conformer=Conformer(E0=(-285.59,'kJ/mol'), modes=[IdealGasTranslation(mass=(74.0732,'amu')), NonlinearRotor(inertia=([26.7648,253.226,267.517],'amu*angstrom^2'), symmetry=1), HarmonicOscillator(frequencies=([112.453,128.192,183.853,235.281,266.903,393.136,438.784,735.26,805.581,903.49,945.957,1004.64,1062.1,1086.35,1114.11,1174.05,1225.55,1237.77,1296.39,1307.2,1311.77,1378.2,1393.01,1440.6,1470.43,1476.82,1484.94,1489.91,1508.04,2970.21,2992.85,3000.8,3001.96,3009,3022.17,3053.5,3069.85,3079.77,3852.83],'cm^-1'))]))], products=[Species(label="GIXGVIVAHMJKNP-UHFFFAOYSA-u3", conformer=Conformer(E0=(-92.6564,'kJ/mol'), modes=[IdealGasTranslation(mass=(73.0653,'amu')), NonlinearRotor(inertia=([26.4553,249.258,264.954],'amu*angstrom^2'), symmetry=1), HarmonicOscillator(frequencies=([46.2822,75.2965,184.726,256.44,296.756,387.533,394.044,448.551,744.659,903.865,944.974,1010.35,1050.04,1086.74,1097.33,1136.89,1216.07,1231.45,1250.15,1278.29,1373.37,1385.03,1448.84,1450.55,1479.57,1480.28,1484.68,2885.81,2914.45,2937.54,2975.41,2997.59,3063.91,3076.93,3139.65,3862.4],'cm^-1'))], spinMultiplicity=2)), Species(label="MHAJPDPJQMAIIY-UHFFFAOYSA", conformer=Conformer(E0=(-134.382,'kJ/mol'), modes=[IdealGasTranslation(mass=(34.0055,'amu')), NonlinearRotor(inertia=([1.63801,18.4022,19.029],'amu*angstrom^2'), symmetry=1), HarmonicOscillator(frequencies=([378.1,1029.14,1344.99,1458.5,3786.54,3787.27],'cm^-1'))]))], kinetics=Arrhenius(A=(0.0197597,'cm^3/(mol*s)'), n=3.85723, Ea=(45.5094,'kJ/mol'), T0=(1,'K'), Tmin=(303.03,'K'), Tmax=(2500,'K'), comment="""Fitted to 59 data points; dA = *|/ 1.05911, dn = +|- 0.00753707, dEa = +|- 0.0414614 kJ/mol"""), transitionState=TransitionState(label="TS", conformer=Conformer(E0=(-226.289,'kJ/mol'), modes=[IdealGasTranslation(mass=(107.071,'amu')), NonlinearRotor(inertia=([201.445,242.748,356.886],'amu*angstrom^2'), symmetry=1), HarmonicOscillator(frequencies=([63.8232,104.679,130.015,159.677,174.229,212.573,231.944,273.482,287.624,385.519,521.424,547.592,594.107,739.253,840.247,854.416,966.303,974.261,1039.52,1062.56,1066.87,1116.81,1137.37,1163.06,1210.26,1243.44,1269.91,1299.44,1385.66,1393.87,1415.8,1443.23,1448.73,1461.63,1475.59,1476.62,1484.94,2942.87,2953.26,2995.09,3012.48,3034.11,3064.86,3077.72,3079.42,3670.4,3854.33],'cm^-1'))], spinMultiplicity=2), frequency=(-1835.56,'cm^-1'), tunneling=Eckart(frequency=(-1835.56,'cm^-1'), E0_reac=(-279.395,'kJ/mol'), E0_TS=(-226.289,'kJ/mol'), E0_prod=(-227.038,'kJ/mol'))))
comparerTST.py:216 performCalcs INFO We have calculated kinetics Arrhenius(A=(0.0197597,'cm^3/(mol*s)'), n=3.85723, Ea=(45.5094,'kJ/mol'), T0=(1,'K'), Tmin=(303.03,'K'), Tmax=(2500,'K'), comment="""Fitted to 59 data points; dA = *|/ 1.05911, dn = +|- 0.00753707, dEa = +|- 0.0414614 kJ/mol""")
