comparerTST.py:41 <module> INFO RUNNING WITH JOB NUMBER i = 360
comparerTST.py:45 <module> INFO Loading RMG Database ...
comparerTST.py:48 <module> INFO /home/harms.n/Code/RMG-database/input
thermo.py:760 loadLibraries INFO Loading thermodynamics library from thermo_DFT_CCSDTF12_BAC.py in /home/harms.n/Code/RMG-database/input/thermo/libraries...
thermo.py:760 loadLibraries INFO Loading thermodynamics library from CBS_QB3_1dHR.py in /home/harms.n/Code/RMG-database/input/thermo/libraries...
thermo.py:760 loadLibraries INFO Loading thermodynamics library from primaryThermoLibrary.py in /home/harms.n/Code/RMG-database/input/thermo/libraries...
thermo.py:760 loadLibraries INFO Loading thermodynamics library from KlippensteinH2O2.py in /home/harms.n/Code/RMG-database/input/thermo/libraries...
thermo.py:774 loadGroups INFO Loading thermodynamics group database from /home/harms.n/Code/RMG-database/input/thermo/groups...
transport.py:294 loadGroups INFO Loading transport group database from /home/harms.n/Code/RMG-database/input/transport/groups...
database.py:165 loadFamilies INFO Loading the user-specified kinetics families from /home/harms.n/Code/RMG-database/input/kinetics/families
statmech.py:526 loadGroups INFO Loading frequencies group database from /home/harms.n/Code/RMG-database/input/statmech/groups...
comparerTST.py:57 <module> INFO RMG Database Loaded
comparerTST.py:81 <module> INFO generateReactionsFromFamilies successfuly performed
comparerTST.py:141 performCalcs INFO chemkinRxn: Reaction(reactants=[Molecule(SMILES="CCC[CH]O"), Molecule(SMILES="[O]O")], products=[Molecule(SMILES="OO"), Molecule(SMILES="C[CH]C[CH]O")], degeneracy=2, pairs=[[Molecule(SMILES="CCC[CH]O"), Molecule(SMILES="C[CH]C[CH]O")], [Molecule(SMILES="[O]O"), Molecule(SMILES="OO")]])
comparerTST.py:143 performCalcs INFO Ensuring resonance isomers have been generated
<type 'rmgpy.molecule.molecule.Molecule'>
<type 'rmgpy.molecule.molecule.Molecule'>
<type 'rmgpy.molecule.molecule.Molecule'>
<type 'rmgpy.molecule.molecule.Molecule'>
[Molecule(SMILES="CCC[CH]O"), Molecule(SMILES="[O]O")]
[Molecule(SMILES="OO"), Molecule(SMILES="C[CH]C[CH]O")]
comparerTST.py:162 performCalcs INFO Generated one reaction:
comparerTST.py:163 performCalcs INFO [Reaction(reactants=[Molecule(SMILES="CCC[CH]O"), Molecule(SMILES="[O]O")], products=[Molecule(SMILES="OO"), Molecule(SMILES="C[CH]C[CH]O")], degeneracy=2, pairs=[[Molecule(SMILES="CCC[CH]O"), Molecule(SMILES="C[CH]C[CH]O")], [Molecule(SMILES="[O]O"), Molecule(SMILES="OO")]])]
comparerTST.py:172 performCalcs INFO The reaction of interest is as follows: 
comparerTST.py:173 performCalcs INFO <Molecule "CCC[CH]O"> + <Molecule "[O]O"> <=> <Molecule "OO"> + <Molecule "C[CH]C[CH]O">
comparerTST.py:175 performCalcs INFO asserting that the testReaction is Isomorphic
comparerTST.py:177 performCalcs INFO reaction: Reaction(reactants=[Molecule(SMILES="CCC[CH]O"), Molecule(SMILES="[O]O")], products=[Molecule(SMILES="OO"), Molecule(SMILES="C[CH]C[CH]O")], degeneracy=2, pairs=[[Molecule(SMILES="CCC[CH]O"), Molecule(SMILES="C[CH]C[CH]O")], [Molecule(SMILES="[O]O"), Molecule(SMILES="OO")]])
comparerTST.py:183 performCalcs INFO Labeling reactant atoms
comparerTST.py:193 performCalcs INFO Labeling product atoms
comparerTST.py:209 performCalcs INFO We have generated a H_Abstraction reaction that matches, and used it to label the atoms.
comparerTST.py:211 performCalcs INFO Calculating reaction kinetics
comparerTST.py:119 calculate INFO Calculating reaction rate for <Molecule "CCC[CH]O"> + <Molecule "[O]O"> <=> <Molecule "OO"> + <Molecule "C[CH]C[CH]O">
comparerTST.py:121 calculate INFO Selecting the appropriate TS distance database for family 'H_Abstraction'
comparerTST.py:123 calculate INFO Calculating kinetic data by calling qmCalc.getKineticData
reaction.py:619 loadKineticsData INFO Kinetics results file /gss_gpfs_scratch/harms.n/QMfiles/CCC[CH]O+[O]O_C[CH]C[CH]O+OO.kinetics does not exist or is invalid
reaction.py:520 generateTSGeometryDirectGuess INFO Generating a TS geometry via the direct guess method
reaction.py:300 generateBoundsMatrix INFO Generating bounds matrix for CCC[CH]O.[O]O
reaction.py:338 bmPreEdit INFO Changing lower limit 2.9 to 2.419726
reaction.py:338 bmPreEdit INFO Changing lower limit 2.515309 to 2.455244
reaction.py:338 bmPreEdit INFO Changing lower limit 3.65 to 3.28879259416
reaction.py:338 bmPreEdit INFO Changing lower limit 3.65 to 3.28879259416
reaction.py:561 generateTSGeometryDirectGuess INFO TS estimate made. About to try the search...
reaction.py:426 optimizeTS INFO Starting optimization steps of the TS search.
gaussian.py:535 optEstimate INFO Running loose optimization of TS with frozen center
gaussian.py:189 writeInputFile INFO Writing gaussian input file /gss_gpfs_scratch/harms.n/QMscratch/CCC[CH]O+[O]O_C[CH]C[CH]O+OOEst.gjf
gaussian.py:590 optRxnCenter INFO Optimization of TS reaction center distances
gaussian.py:189 writeInputFile INFO Writing gaussian input file /gss_gpfs_scratch/harms.n/QMscratch/CCC[CH]O+[O]O_C[CH]C[CH]O+OORxnC.gjf
reaction.py:443 optimizeTS INFO Optimizing TS attempt 1
gaussian.py:485 createInputFile INFO Creating input file
gaussian.py:189 writeInputFile INFO Writing gaussian input file None
gaussian.py:748 verifyOutputFile INFO Verifying output file /gss_gpfs_scratch/harms.n/QMscratch/CCC[CH]O+[O]O_C[CH]C[CH]O+OO.log
gaussian.py:516 createIRCFile INFO Creating IRC file
gaussian.py:189 writeInputFile INFO Writing gaussian input file /gss_gpfs_scratch/harms.n/QMscratch/CCC[CH]O+[O]O_C[CH]C[CH]O+OOIRC.gjf
gaussian.py:685 runIRC INFO Running IRC
gaussian.py:843 verifyIRCOutputFile INFO Verifying the IRC output file /gss_gpfs_scratch/harms.n/QMscratch/CCC[CH]O+[O]O_C[CH]C[CH]O+OOIRC.log
gaussian.py:878 verifyIRCOutputFile INFO Checking if all the success keywords are found in the file.
reaction.py:570 saveTSData INFO Saving TS result file /gss_gpfs_scratch/harms.n/QMfiles/CCC[CH]O+[O]O_C[CH]C[CH]O+OO.ts
gaussian.py:991 parse INFO Parsing the gaussian output /gss_gpfs_scratch/harms.n/QMscratch/CCC[CH]O+[O]O_C[CH]C[CH]O+OO.log
gaussian.py:168 verifyOutputFile INFO Successful GaussianMolM062X quantum result in /gss_gpfs_scratch/harms.n/QMscratch/DHVSQGCGLGSLDF-UHFFFAOYSA-u4.log
gaussian.py:268 generateQMData INFO Found a successful output file; using that.
symmetry.py:221 writeInputFile INFO Symmetry input file written to /gss_gpfs_scratch/harms.n/QMscratch/DHVSQGCGLGSLDF-UHFFFAOYSA-u4.symm
symmetry.py:188 parse INFO Point group: C1
gaussian.py:168 verifyOutputFile INFO Successful GaussianMolM062X quantum result in /gss_gpfs_scratch/harms.n/QMscratch/OUUQCZGPVNCOIJ-UHFFFAOYSA-u2.log
gaussian.py:268 generateQMData INFO Found a successful output file; using that.
symmetry.py:221 writeInputFile INFO Symmetry input file written to /gss_gpfs_scratch/harms.n/QMscratch/OUUQCZGPVNCOIJ-UHFFFAOYSA-u2.symm
symmetry.py:188 parse INFO Point group: Cs
gaussian.py:168 verifyOutputFile INFO Successful GaussianMolM062X quantum result in /gss_gpfs_scratch/harms.n/QMscratch/MHAJPDPJQMAIIY-UHFFFAOYSA.log
gaussian.py:268 generateQMData INFO Found a successful output file; using that.
symmetry.py:221 writeInputFile INFO Symmetry input file written to /gss_gpfs_scratch/harms.n/QMscratch/MHAJPDPJQMAIIY-UHFFFAOYSA.symm
symmetry.py:188 parse INFO Point group: C2
gaussian.py:168 verifyOutputFile INFO Successful GaussianMolM062X quantum result in /gss_gpfs_scratch/harms.n/QMscratch/XTAWBCWRABQSNE-UHFFFAOYSA-u2,4.log
gaussian.py:268 generateQMData INFO Found a successful output file; using that.
symmetry.py:221 writeInputFile INFO Symmetry input file written to /gss_gpfs_scratch/harms.n/QMscratch/XTAWBCWRABQSNE-UHFFFAOYSA-u2,4.symm
symmetry.py:188 parse INFO Point group: C1
CanTherm execution initiated at Mon Aug  7 08:36:54 2017

###############################################################
#                                                             #
#                          CanTherm                           #
#                                                             #
#   Version: 0.1.0 (14 May 2009)                              #
#   Authors: RMG Developers (rmg_dev@mit.edu)                 #
#   P.I.:    William H. Green (whgreen@mit.edu)               #
#   Website: http://rmg.sourceforge.net/                      #
#                                                             #
###############################################################

Loading species DHVSQGCGLGSLDF-UHFFFAOYSA-u4...
Loading species OUUQCZGPVNCOIJ-UHFFFAOYSA-u2...
Loading species MHAJPDPJQMAIIY-UHFFFAOYSA...
Loading species XTAWBCWRABQSNE-UHFFFAOYSA-u2,4...
Loading transition state TS...
Loading reaction CCC[CH]O+[O]O_C[CH]C[CH]O+OO...


Loading statistical mechanics parameters for DHVSQGCGLGSLDF-UHFFFAOYSA-u4...
Warning: No bond energy correction found for model chemistry: M062X/MG3S
Saving statistical mechanics parameters for DHVSQGCGLGSLDF-UHFFFAOYSA-u4...
Loading statistical mechanics parameters for OUUQCZGPVNCOIJ-UHFFFAOYSA-u2...
Warning: No bond energy correction found for model chemistry: M062X/MG3S
Saving statistical mechanics parameters for OUUQCZGPVNCOIJ-UHFFFAOYSA-u2...
Loading statistical mechanics parameters for MHAJPDPJQMAIIY-UHFFFAOYSA...
Warning: No bond energy correction found for model chemistry: M062X/MG3S
Saving statistical mechanics parameters for MHAJPDPJQMAIIY-UHFFFAOYSA...
Loading statistical mechanics parameters for XTAWBCWRABQSNE-UHFFFAOYSA-u2,4...
Warning: No bond energy correction found for model chemistry: M062X/MG3S
Saving statistical mechanics parameters for XTAWBCWRABQSNE-UHFFFAOYSA-u2,4...
Loading statistical mechanics parameters for TS...
Warning: No bond energy correction found for model chemistry: M062X/MG3S
Saving statistical mechanics parameters for TS...
Generating Arrhenius kinetics model for Arrhenius...
Saving kinetics for DHVSQGCGLGSLDF-UHFFFAOYSA-u4 + OUUQCZGPVNCOIJ-UHFFFAOYSA-u2 <=> XTAWBCWRABQSNE-UHFFFAOYSA-u2,4 + MHAJPDPJQMAIIY-UHFFFAOYSA...

CanTherm execution terminated at Mon Aug  7 08:36:55 2017
Saving kinetics data file /gss_gpfs_scratch/harms.n/QMfiles/CCC[CH]O+[O]O_C[CH]C[CH]O+OO.kinetics
Removing 'core*' files
Yay, reaction kinetics calculated!!!
Reaction(label='CCC[CH]O+[O]O_C[CH]C[CH]O+OO', reactants=[Species(label="DHVSQGCGLGSLDF-UHFFFAOYSA-u4", conformer=Conformer(E0=(-113.77,'kJ/mol'), modes=[IdealGasTranslation(mass=(73.0653,'amu')), NonlinearRotor(inertia=([23.3981,251.215,264.462],'amu*angstrom^2'), symmetry=1), HarmonicOscillator(frequencies=([74.6276,100.018,183.798,212.894,326.631,392.822,437.037,583.766,725.07,857.522,895.532,1012.26,1062.72,1078.6,1097.25,1200.12,1214.13,1233.47,1290.09,1291.74,1360.5,1388.64,1437.81,1460.48,1470.12,1475.48,1485.47,2918.53,2976.04,2984.94,2987.43,3019.2,3055,3060.85,3108.25,3849.08],'cm^-1'))], spinMultiplicity=2)), Species(label="OUUQCZGPVNCOIJ-UHFFFAOYSA-u2", conformer=Conformer(E0=(6.19549,'kJ/mol'), modes=[IdealGasTranslation(mass=(32.9977,'amu')), NonlinearRotor(inertia=([0.800947,14.5112,15.3121],'amu*angstrom^2'), symmetry=1), HarmonicOscillator(frequencies=([1245.9,1447.19,3645.15],'cm^-1'))], spinMultiplicity=2))], products=[Species(label="XTAWBCWRABQSNE-UHFFFAOYSA-u2,4", conformer=Conformer(E0=(74.6842,'kJ/mol'), modes=[IdealGasTranslation(mass=(72.0575,'amu')), NonlinearRotor(inertia=([20.0437,250.922,261.956],'amu*angstrom^2'), symmetry=1), HarmonicOscillator(frequencies=([64.7856,82.934,124.753,209.27,380.892,395.778,416.881,444.469,582.258,867.664,906.015,977.319,1031.44,1090.92,1124.92,1146.83,1199.14,1227.94,1287.57,1373.3,1398.3,1428.59,1447.73,1453.22,1463.76,2891.37,2901.56,2931.55,3007.32,3064.03,3124.26,3133.92,3856.4],'cm^-1'))], spinMultiplicity=3)), Species(label="MHAJPDPJQMAIIY-UHFFFAOYSA", conformer=Conformer(E0=(-134.382,'kJ/mol'), modes=[IdealGasTranslation(mass=(34.0055,'amu')), NonlinearRotor(inertia=([1.63801,18.4022,19.029],'amu*angstrom^2'), symmetry=1), HarmonicOscillator(frequencies=([378.1,1029.14,1344.99,1458.5,3786.54,3787.27],'cm^-1'))]))], kinetics=Arrhenius(A=(0.000703518,'cm^3/(mol*s)'), n=4.31598, Ea=(45.4863,'kJ/mol'), T0=(1,'K'), Tmin=(303.03,'K'), Tmax=(2500,'K'), comment="""Fitted to 59 data points; dA = *|/ 1.22582, dn = +|- 0.0267223, dEa = +|- 0.146999 kJ/mol"""), transitionState=TransitionState(label="TS", conformer=Conformer(E0=(-45.8148,'kJ/mol'), modes=[IdealGasTranslation(mass=(106.063,'amu')), NonlinearRotor(inertia=([230.908,249.569,417.71],'amu*angstrom^2'), symmetry=1), HarmonicOscillator(frequencies=([56.9433,84.9475,104.406,128.431,138.874,194.022,214.239,259.142,349.004,376.565,421.768,493.755,579.173,660.305,795.965,865.091,895.539,982.267,1051.16,1070.5,1085.87,1090.32,1162.2,1195.88,1208.1,1265.24,1291.17,1371.46,1387.17,1413.05,1421.62,1432.78,1438.46,1462.39,1467.51,2881.41,2972.5,3026.79,3036.61,3072.33,3084.45,3117,3682.55,3843.72],'cm^-1'))], spinMultiplicity=3), frequency=(-1852,'cm^-1'), tunneling=Eckart(frequency=(-1852,'cm^-1'), E0_reac=(-107.574,'kJ/mol'), E0_TS=(-45.8148,'kJ/mol'), E0_prod=(-59.6976,'kJ/mol'))))
For reaction Reaction(label='CCC[CH]O+[O]O_C[CH]C[CH]O+OO', reactants=[Species(label="DHVSQGCGLGSLDF-UHFFFAOYSA-u4", conformer=Conformer(E0=(-113.77,'kJ/mol'), modes=[IdealGasTranslation(mass=(73.0653,'amu')), NonlinearRotor(inertia=([23.3981,251.215,264.462],'amu*angstrom^2'), symmetry=1), HarmonicOscillator(frequencies=([74.6276,100.018,183.798,212.894,326.631,392.822,437.037,583.766,725.07,857.522,895.532,1012.26,1062.72,1078.6,1097.25,1200.12,1214.13,1233.47,1290.09,1291.74,1360.5,1388.64,1437.81,1460.48,1470.12,1475.48,1485.47,2918.53,2976.04,2984.94,2987.43,3019.2,3055,3060.85,3108.25,3849.08],'cm^-1'))], spinMultiplicity=2)), Species(label="OUUQCZGPVNCOIJ-UHFFFAOYSA-u2", conformer=Conformer(E0=(6.19549,'kJ/mol'), modes=[IdealGasTranslation(mass=(32.9977,'amu')), NonlinearRotor(inertia=([0.800947,14.5112,15.3121],'amu*angstrom^2'), symmetry=1), HarmonicOscillator(frequencies=([1245.9,1447.19,3645.15],'cm^-1'))], spinMultiplicity=2))], products=[Species(label="XTAWBCWRABQSNE-UHFFFAOYSA-u2,4", conformer=Conformer(E0=(74.6842,'kJ/mol'), modes=[IdealGasTranslation(mass=(72.0575,'amu')), NonlinearRotor(inertia=([20.0437,250.922,261.956],'amu*angstrom^2'), symmetry=1), HarmonicOscillator(frequencies=([64.7856,82.934,124.753,209.27,380.892,395.778,416.881,444.469,582.258,867.664,906.015,977.319,1031.44,1090.92,1124.92,1146.83,1199.14,1227.94,1287.57,1373.3,1398.3,1428.59,1447.73,1453.22,1463.76,2891.37,2901.56,2931.55,3007.32,3064.03,3124.26,3133.92,3856.4],'cm^-1'))], spinMultiplicity=3)), Species(label="MHAJPDPJQMAIIY-UHFFFAOYSA", conformer=Conformer(E0=(-134.382,'kJ/mol'), modes=[IdealGasTranslation(mass=(34.0055,'amu')), NonlinearRotor(inertia=([1.63801,18.4022,19.029],'amu*angstrom^2'), symmetry=1), HarmonicOscillator(frequencies=([378.1,1029.14,1344.99,1458.5,3786.54,3787.27],'cm^-1'))]))], kinetics=Arrhenius(A=(0.000703518,'cm^3/(mol*s)'), n=4.31598, Ea=(45.4863,'kJ/mol'), T0=(1,'K'), Tmin=(303.03,'K'), Tmax=(2500,'K'), comment="""Fitted to 59 data points; dA = *|/ 1.22582, dn = +|- 0.0267223, dEa = +|- 0.146999 kJ/mol"""), transitionState=TransitionState(label="TS", conformer=Conformer(E0=(-45.8148,'kJ/mol'), modes=[IdealGasTranslation(mass=(106.063,'amu')), NonlinearRotor(inertia=([230.908,249.569,417.71],'amu*angstrom^2'), symmetry=1), HarmonicOscillator(frequencies=([56.9433,84.9475,104.406,128.431,138.874,194.022,214.239,259.142,349.004,376.565,421.768,493.755,579.173,660.305,795.965,865.091,895.539,982.267,1051.16,1070.5,1085.87,1090.32,1162.2,1195.88,1208.1,1265.24,1291.17,1371.46,1387.17,1413.05,1421.62,1432.78,1438.46,1462.39,1467.51,2881.41,2972.5,3026.79,3036.61,3072.33,3084.45,3117,3682.55,3843.72],'cm^-1'))], spinMultiplicity=3), frequency=(-1852,'cm^-1'), tunneling=Eckart(frequency=(-1852,'cm^-1'), E0_reac=(-107.574,'kJ/mol'), E0_TS=(-45.8148,'kJ/mol'), E0_prod=(-59.6976,'kJ/mol'))))
We have calculated kinetics Arrhenius(A=(0.000703518,'cm^3/(mol*s)'), n=4.31598, Ea=(45.4863,'kJ/mol'), T0=(1,'K'), Tmin=(303.03,'K'), Tmax=(2500,'K'), comment="""Fitted to 59 data points; dA = *|/ 1.22582, dn = +|- 0.0267223, dEa = +|- 0.146999 kJ/mol""")
