comparerTST.py:41 <module> INFO RUNNING WITH JOB NUMBER i = 278
comparerTST.py:45 <module> INFO Loading RMG Database ...
comparerTST.py:48 <module> INFO /home/harms.n/Code/RMG-database/input
thermo.py:760 loadLibraries INFO Loading thermodynamics library from thermo_DFT_CCSDTF12_BAC.py in /home/harms.n/Code/RMG-database/input/thermo/libraries...
thermo.py:760 loadLibraries INFO Loading thermodynamics library from CBS_QB3_1dHR.py in /home/harms.n/Code/RMG-database/input/thermo/libraries...
thermo.py:760 loadLibraries INFO Loading thermodynamics library from primaryThermoLibrary.py in /home/harms.n/Code/RMG-database/input/thermo/libraries...
thermo.py:760 loadLibraries INFO Loading thermodynamics library from KlippensteinH2O2.py in /home/harms.n/Code/RMG-database/input/thermo/libraries...
thermo.py:774 loadGroups INFO Loading thermodynamics group database from /home/harms.n/Code/RMG-database/input/thermo/groups...
transport.py:294 loadGroups INFO Loading transport group database from /home/harms.n/Code/RMG-database/input/transport/groups...
database.py:165 loadFamilies INFO Loading the user-specified kinetics families from /home/harms.n/Code/RMG-database/input/kinetics/families
statmech.py:526 loadGroups INFO Loading frequencies group database from /home/harms.n/Code/RMG-database/input/statmech/groups...
comparerTST.py:57 <module> INFO RMG Database Loaded
comparerTST.py:81 <module> INFO generateReactionsFromFamilies successfuly performed
comparerTST.py:141 performCalcs INFO chemkinRxn: Reaction(reactants=[Molecule(SMILES="[O]OC=O"), Molecule(SMILES="OO")], products=[Molecule(SMILES="O=COO"), Molecule(SMILES="[O]O")], degeneracy=2, pairs=[[Molecule(SMILES="[O]OC=O"), Molecule(SMILES="O=COO")], [Molecule(SMILES="OO"), Molecule(SMILES="[O]O")]])
comparerTST.py:143 performCalcs INFO Ensuring resonance isomers have been generated
<type 'rmgpy.molecule.molecule.Molecule'>
<type 'rmgpy.molecule.molecule.Molecule'>
<type 'rmgpy.molecule.molecule.Molecule'>
<type 'rmgpy.molecule.molecule.Molecule'>
[Molecule(SMILES="[O]OC=O"), Molecule(SMILES="OO")]
[Molecule(SMILES="O=COO"), Molecule(SMILES="[O]O")]
comparerTST.py:162 performCalcs INFO Generated one reaction:
comparerTST.py:163 performCalcs INFO [Reaction(reactants=[Molecule(SMILES="[O]OC=O"), Molecule(SMILES="OO")], products=[Molecule(SMILES="O=COO"), Molecule(SMILES="[O]O")], degeneracy=2, pairs=[[Molecule(SMILES="[O]OC=O"), Molecule(SMILES="O=COO")], [Molecule(SMILES="OO"), Molecule(SMILES="[O]O")]])]
comparerTST.py:172 performCalcs INFO The reaction of interest is as follows: 
comparerTST.py:173 performCalcs INFO <Molecule "[O]OC=O"> + <Molecule "OO"> <=> <Molecule "O=COO"> + <Molecule "[O]O">
comparerTST.py:175 performCalcs INFO asserting that the testReaction is Isomorphic
comparerTST.py:177 performCalcs INFO reaction: Reaction(reactants=[Molecule(SMILES="[O]OC=O"), Molecule(SMILES="OO")], products=[Molecule(SMILES="O=COO"), Molecule(SMILES="[O]O")], degeneracy=2, pairs=[[Molecule(SMILES="[O]OC=O"), Molecule(SMILES="O=COO")], [Molecule(SMILES="OO"), Molecule(SMILES="[O]O")]])
comparerTST.py:183 performCalcs INFO Labeling reactant atoms
comparerTST.py:193 performCalcs INFO Labeling product atoms
comparerTST.py:209 performCalcs INFO We have generated a H_Abstraction reaction that matches, and used it to label the atoms.
comparerTST.py:211 performCalcs INFO Calculating reaction kinetics
comparerTST.py:119 calculate INFO Calculating reaction rate for <Molecule "[O]OC=O"> + <Molecule "OO"> <=> <Molecule "O=COO"> + <Molecule "[O]O">
comparerTST.py:121 calculate INFO Selecting the appropriate TS distance database for family 'H_Abstraction'
comparerTST.py:123 calculate INFO Calculating kinetic data by calling qmCalc.getKineticData
reaction.py:619 loadKineticsData INFO Kinetics results file /gss_gpfs_scratch/harms.n/QMfiles/OO+[O]OC=O_O=COO+[O]O.kinetics does not exist or is invalid
reaction.py:520 generateTSGeometryDirectGuess INFO Generating a TS geometry via the direct guess method
reaction.py:300 generateBoundsMatrix INFO Generating bounds matrix for OO.[O]OC=O
reaction.py:338 bmPreEdit INFO Changing lower limit 2.368662 to 2.312912
reaction.py:338 bmPreEdit INFO Changing lower limit 3.4 to 3.03697713735
reaction.py:338 bmPreEdit INFO Changing lower limit 2.9 to 2.452234
reaction.py:561 generateTSGeometryDirectGuess INFO TS estimate made. About to try the search...
reaction.py:426 optimizeTS INFO Starting optimization steps of the TS search.
gaussian.py:535 optEstimate INFO Running loose optimization of TS with frozen center
gaussian.py:189 writeInputFile INFO Writing gaussian input file /gss_gpfs_scratch/harms.n/QMscratch/OO+[O]OC=O_O=COO+[O]OEst.gjf
gaussian.py:590 optRxnCenter INFO Optimization of TS reaction center distances
gaussian.py:189 writeInputFile INFO Writing gaussian input file /gss_gpfs_scratch/harms.n/QMscratch/OO+[O]OC=O_O=COO+[O]ORxnC.gjf
Error: segmentation violation
   rax 0000000000000000, rbx ffffffffffffffff, rcx ffffffffffffffff
   rdx 000000000000672a, rsp 00007fffe16ee8b8, rbp 00007fffe16eee90
   rsi 000000000000000b, rdi 000000000000672a, r8  00002aba4508b6c0
   r9  0000000000000000, r10 00007fffe16ee640, r11 0000000000000206
   r12 0000000000000000, r13 0000000000000000, r14 00007fffe16eeed8
   r15 0000000000000052
  --- traceback not available
gaussian.py:680 runAlt WARNING Gaussian finished with return code 1
reaction.py:443 optimizeTS INFO Optimizing TS attempt 1
gaussian.py:485 createInputFile INFO Creating input file
gaussian.py:189 writeInputFile INFO Writing gaussian input file None
Error: segmentation violation
   rax 0000000000000000, rbx ffffffffffffffff, rcx ffffffffffffffff
   rdx 000000000000b558, rsp 00007fffafdd3ae8, rbp 00007fffafdd40c0
   rsi 000000000000000b, rdi 000000000000b558, r8  00002aac7c8636c0
   r9  0000000000000000, r10 00007fffafdd3870, r11 0000000000000206
   r12 0000000000000000, r13 0000000000000000, r14 00007fffafdd4108
   r15 00002aac7d3eb0e8
  --- traceback not available
gaussian.py:89 run WARNING Gaussian finished with return code 1
gaussian.py:748 verifyOutputFile INFO Verifying output file /gss_gpfs_scratch/harms.n/QMscratch/OO+[O]OC=O_O=COO+[O]O.log
gaussian.py:763 verifyOutputFile ERROR Gaussian output file contains the following error: Error in internal coordinate system.
gaussian.py:763 verifyOutputFile ERROR Gaussian output file contains the following error: Error termination
reaction.py:452 optimizeTS INFO Optimizing TS attempt 2
gaussian.py:485 createInputFile INFO Creating input file
gaussian.py:189 writeInputFile INFO Writing gaussian input file None
Error: segmentation violation
   rax 0000000000000000, rbx ffffffffffffffff, rcx ffffffffffffffff
   rdx 0000000000006b57, rsp 00007fffcfd9d628, rbp 00007fffcfd9dc00
   rsi 000000000000000b, rdi 0000000000006b57, r8  00002ada092cf6c0
   r9  0000000000000000, r10 00007fffcfd9d3b0, r11 0000000000000206
   r12 0000000000000000, r13 0000000000000000, r14 00007fffcfd9dc48
   r15 0000000000000052
  --- traceback not available
gaussian.py:89 run WARNING Gaussian finished with return code 1
gaussian.py:748 verifyOutputFile INFO Verifying output file /gss_gpfs_scratch/harms.n/QMscratch/OO+[O]OC=O_O=COO+[O]O.log
gaussian.py:763 verifyOutputFile ERROR Gaussian output file contains the following error: Error termination
gaussian.py:763 verifyOutputFile ERROR Gaussian output file contains the following error: Error termination
gaussian.py:516 createIRCFile INFO Creating IRC file
gaussian.py:189 writeInputFile INFO Writing gaussian input file /gss_gpfs_scratch/harms.n/QMscratch/OO+[O]OC=O_O=COO+[O]OIRC.gjf
gaussian.py:685 runIRC INFO Running IRC
gaussian.py:843 verifyIRCOutputFile INFO Verifying the IRC output file /gss_gpfs_scratch/harms.n/QMscratch/OO+[O]OC=O_O=COO+[O]OIRC.log
gaussian.py:878 verifyIRCOutputFile INFO Checking if all the success keywords are found in the file.
reaction.py:570 saveTSData INFO Saving TS result file /gss_gpfs_scratch/harms.n/QMfiles/OO+[O]OC=O_O=COO+[O]O.ts
gaussian.py:991 parse INFO Parsing the gaussian output /gss_gpfs_scratch/harms.n/QMscratch/OO+[O]OC=O_O=COO+[O]O.log
qmdata.py:71 parseCCLibData ERROR The passed in cclibData has these attributes: ['aonames', 'aooverlaps', 'atombasis', 'atomcharges', 'atomcoords', 'atommasses', 'atomnos', 'atomspins', 'ccenergies', 'charge', 'coreelectrons', 'enthalpy', 'entropy', 'etenergies', 'etoscs', 'etrotats', 'etsecs', 'etsyms', 'fonames', 'fooverlaps', 'fragnames', 'frags', 'freeenergy', 'gbasis', 'geotargets', 'geovalues', 'grads', 'hessian', 'homos', 'mocoeffs', 'moenergies', 'molmass', 'moments', 'mosyms', 'mpenergies', 'mult', 'natom', 'nbasis', 'nmo', 'nocoeffs', 'optdone', 'rotcons', 'rotsymm', 'scancoords', 'scanenergies', 'scannames', 'scanparm', 'scfenergies', 'scftargets', 'scfvalues', 'temperature', 'vibanharms', 'vibdisps', 'vibfreqs', 'vibirs', 'vibramans', 'vibsyms']
Traceback (most recent call last):
  File "/home/harms.n/Code/OOHabstraction/ComparerTST/comparerTST.py", line 304, in <module>
    performCalcs(rxn)
  File "/home/harms.n/Code/OOHabstraction/ComparerTST/comparerTST.py", line 212, in performCalcs
    reaction = calculate(reaction)
  File "/home/harms.n/Code/OOHabstraction/ComparerTST/comparerTST.py", line 124, in calculate
    reaction = qmCalc.getKineticData(reaction, tsDatabase)
  File "/home/harms.n/Code/RMG-Py/rmgpy/qm/main.py", line 251, in getKineticData
    reaction = qm_reaction_calculator.generateKineticData()
  File "/home/harms.n/Code/RMG-Py/rmgpy/qm/reaction.py", line 838, in generateKineticData
    tsFound = self.generateTSGeometryDirectGuess()
  File "/home/harms.n/Code/RMG-Py/rmgpy/qm/reaction.py", line 562, in generateTSGeometryDirectGuess
    check =  self.tsSearch(labels)
  File "/home/harms.n/Code/RMG-Py/rmgpy/qm/reaction.py", line 509, in tsSearch
    self.saveTSData()
  File "/home/harms.n/Code/RMG-Py/rmgpy/qm/reaction.py", line 574, in saveTSData
    resultFile.write("qmData = {0!r}\n".format(self.parse()))
  File "/home/harms.n/Code/RMG-Py/rmgpy/qm/gaussian.py", line 1003, in parse
    self.qmData = parseCCLibData(cclibData, radicalNumber+1)
  File "/home/harms.n/Code/RMG-Py/rmgpy/qm/qmdata.py", line 72, in parseCCLibData
    raise e
AttributeError: 'ccData_optdone_bool' object has no attribute 'molmass'
