comparerTST.py:41 <module> INFO RUNNING WITH JOB NUMBER i = 407
comparerTST.py:45 <module> INFO Loading RMG Database ...
comparerTST.py:48 <module> INFO /home/harms.n/Code/RMG-database/input
thermo.py:760 loadLibraries INFO Loading thermodynamics library from thermo_DFT_CCSDTF12_BAC.py in /home/harms.n/Code/RMG-database/input/thermo/libraries...
thermo.py:760 loadLibraries INFO Loading thermodynamics library from CBS_QB3_1dHR.py in /home/harms.n/Code/RMG-database/input/thermo/libraries...
thermo.py:760 loadLibraries INFO Loading thermodynamics library from primaryThermoLibrary.py in /home/harms.n/Code/RMG-database/input/thermo/libraries...
thermo.py:760 loadLibraries INFO Loading thermodynamics library from KlippensteinH2O2.py in /home/harms.n/Code/RMG-database/input/thermo/libraries...
thermo.py:774 loadGroups INFO Loading thermodynamics group database from /home/harms.n/Code/RMG-database/input/thermo/groups...
transport.py:294 loadGroups INFO Loading transport group database from /home/harms.n/Code/RMG-database/input/transport/groups...
database.py:165 loadFamilies INFO Loading the user-specified kinetics families from /home/harms.n/Code/RMG-database/input/kinetics/families
statmech.py:526 loadGroups INFO Loading frequencies group database from /home/harms.n/Code/RMG-database/input/statmech/groups...
comparerTST.py:57 <module> INFO RMG Database Loaded
comparerTST.py:81 <module> INFO generateReactionsFromFamilies successfuly performed
comparerTST.py:141 performCalcs INFO chemkinRxn: Reaction(reactants=[Molecule(SMILES="OO"), Molecule(SMILES="[CH2]C(C)CO")], products=[Molecule(SMILES="CC(C)CO"), Molecule(SMILES="[O]O")], degeneracy=2, pairs=[[Molecule(SMILES="OO"), Molecule(SMILES="[O]O")], [Molecule(SMILES="[CH2]C(C)CO"), Molecule(SMILES="CC(C)CO")]])
comparerTST.py:143 performCalcs INFO Ensuring resonance isomers have been generated
<type 'rmgpy.molecule.molecule.Molecule'>
<type 'rmgpy.molecule.molecule.Molecule'>
<type 'rmgpy.molecule.molecule.Molecule'>
<type 'rmgpy.molecule.molecule.Molecule'>
[Molecule(SMILES="OO"), Molecule(SMILES="[CH2]C(C)CO")]
[Molecule(SMILES="CC(C)CO"), Molecule(SMILES="[O]O")]
comparerTST.py:162 performCalcs INFO Generated one reaction:
comparerTST.py:163 performCalcs INFO [Reaction(reactants=[Molecule(SMILES="OO"), Molecule(SMILES="[CH2]C(C)CO")], products=[Molecule(SMILES="CC(C)CO"), Molecule(SMILES="[O]O")], degeneracy=2, pairs=[[Molecule(SMILES="OO"), Molecule(SMILES="[O]O")], [Molecule(SMILES="[CH2]C(C)CO"), Molecule(SMILES="CC(C)CO")]])]
comparerTST.py:172 performCalcs INFO The reaction of interest is as follows: 
comparerTST.py:173 performCalcs INFO <Molecule "OO"> + <Molecule "[CH2]C(C)CO"> <=> <Molecule "CC(C)CO"> + <Molecule "[O]O">
comparerTST.py:175 performCalcs INFO asserting that the testReaction is Isomorphic
comparerTST.py:177 performCalcs INFO reaction: Reaction(reactants=[Molecule(SMILES="OO"), Molecule(SMILES="[CH2]C(C)CO")], products=[Molecule(SMILES="CC(C)CO"), Molecule(SMILES="[O]O")], degeneracy=2, pairs=[[Molecule(SMILES="OO"), Molecule(SMILES="[O]O")], [Molecule(SMILES="[CH2]C(C)CO"), Molecule(SMILES="CC(C)CO")]])
comparerTST.py:183 performCalcs INFO Labeling reactant atoms
comparerTST.py:193 performCalcs INFO Labeling product atoms
comparerTST.py:209 performCalcs INFO We have generated a H_Abstraction reaction that matches, and used it to label the atoms.
comparerTST.py:211 performCalcs INFO Calculating reaction kinetics
comparerTST.py:119 calculate INFO Calculating reaction rate for <Molecule "OO"> + <Molecule "[CH2]C(C)CO"> <=> <Molecule "CC(C)CO"> + <Molecule "[O]O">
comparerTST.py:121 calculate INFO Selecting the appropriate TS distance database for family 'H_Abstraction'
comparerTST.py:123 calculate INFO Calculating kinetic data by calling qmCalc.getKineticData
reaction.py:96 loadKineticsDataFile INFO Reading existing kinetics file /gss_gpfs_scratch/harms.n/QMfiles/OO+[CH2]C(C)CO_CC(C)CO+[O]O.kinetics
comparerTST.py:125 calculate INFO Removing 'core*' files
comparerTST.py:133 calculate INFO Yay, reaction kinetics calculated!!!
comparerTST.py:134 calculate INFO Reaction(label='OO+[CH2]C(C)CO_CC(C)CO+[O]O', reactants=[Species(label="MHAJPDPJQMAIIY-UHFFFAOYSA", conformer=Conformer(E0=(-134.382,'kJ/mol'), modes=[IdealGasTranslation(mass=(34.0055,'amu')), NonlinearRotor(inertia=([1.63801,18.4022,19.029],'amu*angstrom^2'), symmetry=1), HarmonicOscillator(frequencies=([378.1,1029.14,1344.99,1458.5,3786.54,3787.27],'cm^-1'))])), Species(label="QRBBDECMBVHIKT-UHFFFAOYSA-u1", conformer=Conformer(E0=(-92.4386,'kJ/mol'), modes=[IdealGasTranslation(mass=(73.0653,'amu')), NonlinearRotor(inertia=([60.7349,139.841,183.915],'amu*angstrom^2'), symmetry=1), HarmonicOscillator(frequencies=([141.59,169.772,225.671,263.62,268.923,355.16,399.033,484.131,522.387,833.818,894.836,951.062,955.396,1064.25,1097.14,1128.29,1160.49,1231.59,1249.27,1300.99,1333.77,1383.7,1418.83,1443.4,1474.34,1480.68,1492.29,2921.87,2960.57,2989.73,3002.22,3058.61,3067.39,3102.39,3208.1,3863.88],'cm^-1'))], spinMultiplicity=2))], products=[Species(label="ZXEKIIBDNHEJCQ-UHFFFAOYSA", conformer=Conformer(E0=(-295.045,'kJ/mol'), modes=[IdealGasTranslation(mass=(74.0732,'amu')), NonlinearRotor(inertia=([65.7991,141.641,187.589],'amu*angstrom^2'), symmetry=1), HarmonicOscillator(frequencies=([124.712,220.033,242.284,267.346,277.653,352.847,420.301,486.711,818.147,913.168,921.352,947.882,966.092,1094.52,1115.05,1162.07,1181.33,1242.46,1264.18,1321.45,1355.77,1381.06,1395.42,1433.02,1467.01,1468.5,1483.26,1490.98,1495.06,2953.16,2984.4,2986.18,2992.03,3004,3051.42,3056.85,3064.93,3091.62,3864.56],'cm^-1'))])), Species(label="OUUQCZGPVNCOIJ-UHFFFAOYSA-u2", conformer=Conformer(E0=(6.19549,'kJ/mol'), modes=[IdealGasTranslation(mass=(32.9977,'amu')), NonlinearRotor(inertia=([0.800947,14.5112,15.3121],'amu*angstrom^2'), symmetry=1), HarmonicOscillator(frequencies=([1245.9,1447.19,3645.15],'cm^-1'))], spinMultiplicity=2))], kinetics=Arrhenius(A=(0.0219909,'cm^3/(mol*s)'), n=3.44226, Ea=(-6.43637,'kJ/mol'), T0=(1,'K'), Tmin=(303.03,'K'), Tmax=(2500,'K'), comment="""Fitted to 59 data points; dA = *|/ 1.10885, dn = +|- 0.0135599, dEa = +|- 0.0745931 kJ/mol"""), transitionState=TransitionState(label="TS", conformer=Conformer(E0=(-217.5,'kJ/mol'), modes=[IdealGasTranslation(mass=(107.071,'amu')), NonlinearRotor(inertia=([176.421,283.64,374.172],'amu*angstrom^2'), symmetry=1), HarmonicOscillator(frequencies=([78.7501,106.625,131.946,171.963,187.402,218.375,264.582,345.994,394.843,440.852,481.374,550.514,576.887,622.234,818.235,892.351,909.578,945.745,962.399,1050.14,1082.06,1108.02,1142.25,1146.8,1208.9,1227.73,1286.19,1318.97,1374.18,1384.52,1390.32,1396.7,1427.88,1439.95,1473.81,1478.27,1487.75,2946.98,2960.66,2986.23,3045.68,3049.3,3056.54,3068.88,3126.91,3737.3,3786.03],'cm^-1'))], spinMultiplicity=2), frequency=(-1851.07,'cm^-1'), tunneling=Eckart(frequency=(-1851.07,'cm^-1'), E0_reac=(-226.82,'kJ/mol'), E0_TS=(-217.5,'kJ/mol'), E0_prod=(-288.85,'kJ/mol'))))
comparerTST.py:214 performCalcs INFO For reaction Reaction(label='OO+[CH2]C(C)CO_CC(C)CO+[O]O', reactants=[Species(label="MHAJPDPJQMAIIY-UHFFFAOYSA", conformer=Conformer(E0=(-134.382,'kJ/mol'), modes=[IdealGasTranslation(mass=(34.0055,'amu')), NonlinearRotor(inertia=([1.63801,18.4022,19.029],'amu*angstrom^2'), symmetry=1), HarmonicOscillator(frequencies=([378.1,1029.14,1344.99,1458.5,3786.54,3787.27],'cm^-1'))])), Species(label="QRBBDECMBVHIKT-UHFFFAOYSA-u1", conformer=Conformer(E0=(-92.4386,'kJ/mol'), modes=[IdealGasTranslation(mass=(73.0653,'amu')), NonlinearRotor(inertia=([60.7349,139.841,183.915],'amu*angstrom^2'), symmetry=1), HarmonicOscillator(frequencies=([141.59,169.772,225.671,263.62,268.923,355.16,399.033,484.131,522.387,833.818,894.836,951.062,955.396,1064.25,1097.14,1128.29,1160.49,1231.59,1249.27,1300.99,1333.77,1383.7,1418.83,1443.4,1474.34,1480.68,1492.29,2921.87,2960.57,2989.73,3002.22,3058.61,3067.39,3102.39,3208.1,3863.88],'cm^-1'))], spinMultiplicity=2))], products=[Species(label="ZXEKIIBDNHEJCQ-UHFFFAOYSA", conformer=Conformer(E0=(-295.045,'kJ/mol'), modes=[IdealGasTranslation(mass=(74.0732,'amu')), NonlinearRotor(inertia=([65.7991,141.641,187.589],'amu*angstrom^2'), symmetry=1), HarmonicOscillator(frequencies=([124.712,220.033,242.284,267.346,277.653,352.847,420.301,486.711,818.147,913.168,921.352,947.882,966.092,1094.52,1115.05,1162.07,1181.33,1242.46,1264.18,1321.45,1355.77,1381.06,1395.42,1433.02,1467.01,1468.5,1483.26,1490.98,1495.06,2953.16,2984.4,2986.18,2992.03,3004,3051.42,3056.85,3064.93,3091.62,3864.56],'cm^-1'))])), Species(label="OUUQCZGPVNCOIJ-UHFFFAOYSA-u2", conformer=Conformer(E0=(6.19549,'kJ/mol'), modes=[IdealGasTranslation(mass=(32.9977,'amu')), NonlinearRotor(inertia=([0.800947,14.5112,15.3121],'amu*angstrom^2'), symmetry=1), HarmonicOscillator(frequencies=([1245.9,1447.19,3645.15],'cm^-1'))], spinMultiplicity=2))], kinetics=Arrhenius(A=(0.0219909,'cm^3/(mol*s)'), n=3.44226, Ea=(-6.43637,'kJ/mol'), T0=(1,'K'), Tmin=(303.03,'K'), Tmax=(2500,'K'), comment="""Fitted to 59 data points; dA = *|/ 1.10885, dn = +|- 0.0135599, dEa = +|- 0.0745931 kJ/mol"""), transitionState=TransitionState(label="TS", conformer=Conformer(E0=(-217.5,'kJ/mol'), modes=[IdealGasTranslation(mass=(107.071,'amu')), NonlinearRotor(inertia=([176.421,283.64,374.172],'amu*angstrom^2'), symmetry=1), HarmonicOscillator(frequencies=([78.7501,106.625,131.946,171.963,187.402,218.375,264.582,345.994,394.843,440.852,481.374,550.514,576.887,622.234,818.235,892.351,909.578,945.745,962.399,1050.14,1082.06,1108.02,1142.25,1146.8,1208.9,1227.73,1286.19,1318.97,1374.18,1384.52,1390.32,1396.7,1427.88,1439.95,1473.81,1478.27,1487.75,2946.98,2960.66,2986.23,3045.68,3049.3,3056.54,3068.88,3126.91,3737.3,3786.03],'cm^-1'))], spinMultiplicity=2), frequency=(-1851.07,'cm^-1'), tunneling=Eckart(frequency=(-1851.07,'cm^-1'), E0_reac=(-226.82,'kJ/mol'), E0_TS=(-217.5,'kJ/mol'), E0_prod=(-288.85,'kJ/mol'))))
comparerTST.py:216 performCalcs INFO We have calculated kinetics Arrhenius(A=(0.0219909,'cm^3/(mol*s)'), n=3.44226, Ea=(-6.43637,'kJ/mol'), T0=(1,'K'), Tmin=(303.03,'K'), Tmax=(2500,'K'), comment="""Fitted to 59 data points; dA = *|/ 1.10885, dn = +|- 0.0135599, dEa = +|- 0.0745931 kJ/mol""")
