comparerTST.py:41 <module> INFO RUNNING WITH JOB NUMBER i = 340
comparerTST.py:45 <module> INFO Loading RMG Database ...
comparerTST.py:48 <module> INFO /home/harms.n/Code/RMG-database/input
thermo.py:760 loadLibraries INFO Loading thermodynamics library from thermo_DFT_CCSDTF12_BAC.py in /home/harms.n/Code/RMG-database/input/thermo/libraries...
thermo.py:760 loadLibraries INFO Loading thermodynamics library from CBS_QB3_1dHR.py in /home/harms.n/Code/RMG-database/input/thermo/libraries...
thermo.py:760 loadLibraries INFO Loading thermodynamics library from primaryThermoLibrary.py in /home/harms.n/Code/RMG-database/input/thermo/libraries...
thermo.py:760 loadLibraries INFO Loading thermodynamics library from KlippensteinH2O2.py in /home/harms.n/Code/RMG-database/input/thermo/libraries...
thermo.py:774 loadGroups INFO Loading thermodynamics group database from /home/harms.n/Code/RMG-database/input/thermo/groups...
transport.py:294 loadGroups INFO Loading transport group database from /home/harms.n/Code/RMG-database/input/transport/groups...
database.py:165 loadFamilies INFO Loading the user-specified kinetics families from /home/harms.n/Code/RMG-database/input/kinetics/families
statmech.py:526 loadGroups INFO Loading frequencies group database from /home/harms.n/Code/RMG-database/input/statmech/groups...
comparerTST.py:57 <module> INFO RMG Database Loaded
comparerTST.py:81 <module> INFO generateReactionsFromFamilies successfuly performed
comparerTST.py:141 performCalcs INFO chemkinRxn: Reaction(reactants=[Molecule(SMILES="CCC(C)=O"), Molecule(SMILES="[O]O")], products=[Molecule(SMILES="OO"), Molecule(SMILES="C[CH]C(C)=O")], degeneracy=2, pairs=[[Molecule(SMILES="CCC(C)=O"), Molecule(SMILES="C[CH]C(C)=O")], [Molecule(SMILES="[O]O"), Molecule(SMILES="OO")]])
comparerTST.py:143 performCalcs INFO Ensuring resonance isomers have been generated
<type 'rmgpy.molecule.molecule.Molecule'>
<type 'rmgpy.molecule.molecule.Molecule'>
<type 'rmgpy.molecule.molecule.Molecule'>
<type 'rmgpy.molecule.molecule.Molecule'>
[Molecule(SMILES="CCC(C)=O"), Molecule(SMILES="[O]O")]
[Molecule(SMILES="OO"), Molecule(SMILES="C[CH]C(C)=O")]
comparerTST.py:162 performCalcs INFO Generated one reaction:
comparerTST.py:163 performCalcs INFO [Reaction(reactants=[Molecule(SMILES="CCC(C)=O"), Molecule(SMILES="[O]O")], products=[Molecule(SMILES="OO"), Molecule(SMILES="C[CH]C(C)=O")], degeneracy=2, pairs=[[Molecule(SMILES="CCC(C)=O"), Molecule(SMILES="C[CH]C(C)=O")], [Molecule(SMILES="[O]O"), Molecule(SMILES="OO")]])]
comparerTST.py:172 performCalcs INFO The reaction of interest is as follows: 
comparerTST.py:173 performCalcs INFO <Molecule "CCC(C)=O"> + <Molecule "[O]O"> <=> <Molecule "OO"> + <Molecule "C[CH]C(C)=O">
comparerTST.py:175 performCalcs INFO asserting that the testReaction is Isomorphic
comparerTST.py:177 performCalcs INFO reaction: Reaction(reactants=[Molecule(SMILES="CCC(C)=O"), Molecule(SMILES="[O]O")], products=[Molecule(SMILES="OO"), Molecule(SMILES="C[CH]C(C)=O")], degeneracy=2, pairs=[[Molecule(SMILES="CCC(C)=O"), Molecule(SMILES="C[CH]C(C)=O")], [Molecule(SMILES="[O]O"), Molecule(SMILES="OO")]])
comparerTST.py:183 performCalcs INFO Labeling reactant atoms
comparerTST.py:193 performCalcs INFO Labeling product atoms
comparerTST.py:209 performCalcs INFO We have generated a H_Abstraction reaction that matches, and used it to label the atoms.
comparerTST.py:211 performCalcs INFO Calculating reaction kinetics
comparerTST.py:119 calculate INFO Calculating reaction rate for <Molecule "CCC(C)=O"> + <Molecule "[O]O"> <=> <Molecule "OO"> + <Molecule "C[CH]C(C)=O">
comparerTST.py:121 calculate INFO Selecting the appropriate TS distance database for family 'H_Abstraction'
comparerTST.py:123 calculate INFO Calculating kinetic data by calling qmCalc.getKineticData
reaction.py:96 loadKineticsDataFile INFO Reading existing kinetics file /gss_gpfs_scratch/harms.n/QMfiles/CCC(C)=O+[O]O_C[CH]C(C)=O+OO.kinetics
comparerTST.py:125 calculate INFO Removing 'core*' files
comparerTST.py:133 calculate INFO Yay, reaction kinetics calculated!!!
comparerTST.py:134 calculate INFO Reaction(label='CCC(C)=O+[O]O_C[CH]C(C)=O+OO', reactants=[Species(label="ZWEHNKRNPOVVGH-UHFFFAOYSA", conformer=Conformer(E0=(-251.526,'kJ/mol'), modes=[IdealGasTranslation(mass=(72.0575,'amu')), NonlinearRotor(inertia=([52.3511,139.194,182.136],'amu*angstrom^2'), symmetry=1), HarmonicOscillator(frequencies=([48.9236,139.877,205.502,254.938,400.658,467.518,588.783,740.871,767.339,936.988,942.258,995.843,1098.58,1117.48,1181.18,1262.4,1354.91,1378.37,1395.97,1432.82,1450.45,1462,1471.59,1480.67,1818.08,2987.64,3007.92,3009.79,3017.74,3070.15,3082.47,3085.49,3122.83],'cm^-1'))])), Species(label="OUUQCZGPVNCOIJ-UHFFFAOYSA-u2", conformer=Conformer(E0=(6.19549,'kJ/mol'), modes=[IdealGasTranslation(mass=(32.9977,'amu')), NonlinearRotor(inertia=([0.800947,14.5112,15.3121],'amu*angstrom^2'), symmetry=1), HarmonicOscillator(frequencies=([1245.9,1447.19,3645.15],'cm^-1'))], spinMultiplicity=2))], products=[Species(label="MHAJPDPJQMAIIY-UHFFFAOYSA", conformer=Conformer(E0=(-134.382,'kJ/mol'), modes=[IdealGasTranslation(mass=(34.0055,'amu')), NonlinearRotor(inertia=([1.63801,18.4022,19.029],'amu*angstrom^2'), symmetry=1), HarmonicOscillator(frequencies=([378.1,1029.14,1344.99,1458.5,3786.54,3787.27],'cm^-1'))])), Species(label="GSPLSHVIIGMBIH-UHFFFAOYSA-u3", conformer=Conformer(E0=(-86.789,'kJ/mol'), modes=[IdealGasTranslation(mass=(71.0497,'amu')), NonlinearRotor(inertia=([57.6206,129.513,180.936],'amu*angstrom^2'), symmetry=1), HarmonicOscillator(frequencies=([122.882,149.337,182.215,280.84,484.889,500.846,520.407,710.669,769.38,928.552,963.232,1018.47,1028.74,1142.35,1261.03,1366.64,1388.53,1391.34,1449.04,1449.46,1467.82,1481.8,1622.72,2987.34,2997.71,3029.77,3061.08,3092.77,3112.84,3150.78],'cm^-1'))], spinMultiplicity=2))], kinetics=Arrhenius(A=(4.91283e-07,'cm^3/(mol*s)'), n=5.11915, Ea=(29.9992,'kJ/mol'), T0=(1,'K'), Tmin=(303.03,'K'), Tmax=(2500,'K'), comment="""Fitted to 59 data points; dA = *|/ 1.81353, dn = +|- 0.0781245, dEa = +|- 0.429763 kJ/mol"""), transitionState=TransitionState(label="TS", conformer=Conformer(E0=(-190.192,'kJ/mol'), modes=[IdealGasTranslation(mass=(105.055,'amu')), NonlinearRotor(inertia=([169.148,263.863,314.171],'amu*angstrom^2'), symmetry=1), HarmonicOscillator(frequencies=([60.7996,109.976,127.189,144.184,161.589,168.639,253.143,290.034,408.05,476.261,502.648,595.799,613.525,784.198,829.961,939.261,958.918,1027,1065.72,1102.44,1109.54,1139.59,1192.43,1350.64,1376.84,1392.29,1440.71,1445.06,1454.12,1457.38,1459.89,1463.25,1735.51,2983.55,2996.29,3059.19,3059.97,3074.2,3101.18,3118.95,3661.86],'cm^-1'))], spinMultiplicity=2), frequency=(-1928.12,'cm^-1'), tunneling=Eckart(frequency=(-1928.12,'cm^-1'), E0_reac=(-245.331,'kJ/mol'), E0_TS=(-190.192,'kJ/mol'), E0_prod=(-221.171,'kJ/mol'))))
comparerTST.py:214 performCalcs INFO For reaction Reaction(label='CCC(C)=O+[O]O_C[CH]C(C)=O+OO', reactants=[Species(label="ZWEHNKRNPOVVGH-UHFFFAOYSA", conformer=Conformer(E0=(-251.526,'kJ/mol'), modes=[IdealGasTranslation(mass=(72.0575,'amu')), NonlinearRotor(inertia=([52.3511,139.194,182.136],'amu*angstrom^2'), symmetry=1), HarmonicOscillator(frequencies=([48.9236,139.877,205.502,254.938,400.658,467.518,588.783,740.871,767.339,936.988,942.258,995.843,1098.58,1117.48,1181.18,1262.4,1354.91,1378.37,1395.97,1432.82,1450.45,1462,1471.59,1480.67,1818.08,2987.64,3007.92,3009.79,3017.74,3070.15,3082.47,3085.49,3122.83],'cm^-1'))])), Species(label="OUUQCZGPVNCOIJ-UHFFFAOYSA-u2", conformer=Conformer(E0=(6.19549,'kJ/mol'), modes=[IdealGasTranslation(mass=(32.9977,'amu')), NonlinearRotor(inertia=([0.800947,14.5112,15.3121],'amu*angstrom^2'), symmetry=1), HarmonicOscillator(frequencies=([1245.9,1447.19,3645.15],'cm^-1'))], spinMultiplicity=2))], products=[Species(label="MHAJPDPJQMAIIY-UHFFFAOYSA", conformer=Conformer(E0=(-134.382,'kJ/mol'), modes=[IdealGasTranslation(mass=(34.0055,'amu')), NonlinearRotor(inertia=([1.63801,18.4022,19.029],'amu*angstrom^2'), symmetry=1), HarmonicOscillator(frequencies=([378.1,1029.14,1344.99,1458.5,3786.54,3787.27],'cm^-1'))])), Species(label="GSPLSHVIIGMBIH-UHFFFAOYSA-u3", conformer=Conformer(E0=(-86.789,'kJ/mol'), modes=[IdealGasTranslation(mass=(71.0497,'amu')), NonlinearRotor(inertia=([57.6206,129.513,180.936],'amu*angstrom^2'), symmetry=1), HarmonicOscillator(frequencies=([122.882,149.337,182.215,280.84,484.889,500.846,520.407,710.669,769.38,928.552,963.232,1018.47,1028.74,1142.35,1261.03,1366.64,1388.53,1391.34,1449.04,1449.46,1467.82,1481.8,1622.72,2987.34,2997.71,3029.77,3061.08,3092.77,3112.84,3150.78],'cm^-1'))], spinMultiplicity=2))], kinetics=Arrhenius(A=(4.91283e-07,'cm^3/(mol*s)'), n=5.11915, Ea=(29.9992,'kJ/mol'), T0=(1,'K'), Tmin=(303.03,'K'), Tmax=(2500,'K'), comment="""Fitted to 59 data points; dA = *|/ 1.81353, dn = +|- 0.0781245, dEa = +|- 0.429763 kJ/mol"""), transitionState=TransitionState(label="TS", conformer=Conformer(E0=(-190.192,'kJ/mol'), modes=[IdealGasTranslation(mass=(105.055,'amu')), NonlinearRotor(inertia=([169.148,263.863,314.171],'amu*angstrom^2'), symmetry=1), HarmonicOscillator(frequencies=([60.7996,109.976,127.189,144.184,161.589,168.639,253.143,290.034,408.05,476.261,502.648,595.799,613.525,784.198,829.961,939.261,958.918,1027,1065.72,1102.44,1109.54,1139.59,1192.43,1350.64,1376.84,1392.29,1440.71,1445.06,1454.12,1457.38,1459.89,1463.25,1735.51,2983.55,2996.29,3059.19,3059.97,3074.2,3101.18,3118.95,3661.86],'cm^-1'))], spinMultiplicity=2), frequency=(-1928.12,'cm^-1'), tunneling=Eckart(frequency=(-1928.12,'cm^-1'), E0_reac=(-245.331,'kJ/mol'), E0_TS=(-190.192,'kJ/mol'), E0_prod=(-221.171,'kJ/mol'))))
comparerTST.py:216 performCalcs INFO We have calculated kinetics Arrhenius(A=(4.91283e-07,'cm^3/(mol*s)'), n=5.11915, Ea=(29.9992,'kJ/mol'), T0=(1,'K'), Tmin=(303.03,'K'), Tmax=(2500,'K'), comment="""Fitted to 59 data points; dA = *|/ 1.81353, dn = +|- 0.0781245, dEa = +|- 0.429763 kJ/mol""")
