comparerTST.py:41 <module> INFO RUNNING WITH JOB NUMBER i = 247
comparerTST.py:45 <module> INFO Loading RMG Database ...
comparerTST.py:48 <module> INFO /home/harms.n/Code/RMG-database/input
thermo.py:760 loadLibraries INFO Loading thermodynamics library from thermo_DFT_CCSDTF12_BAC.py in /home/harms.n/Code/RMG-database/input/thermo/libraries...
thermo.py:760 loadLibraries INFO Loading thermodynamics library from CBS_QB3_1dHR.py in /home/harms.n/Code/RMG-database/input/thermo/libraries...
thermo.py:760 loadLibraries INFO Loading thermodynamics library from primaryThermoLibrary.py in /home/harms.n/Code/RMG-database/input/thermo/libraries...
thermo.py:760 loadLibraries INFO Loading thermodynamics library from KlippensteinH2O2.py in /home/harms.n/Code/RMG-database/input/thermo/libraries...
thermo.py:774 loadGroups INFO Loading thermodynamics group database from /home/harms.n/Code/RMG-database/input/thermo/groups...
transport.py:294 loadGroups INFO Loading transport group database from /home/harms.n/Code/RMG-database/input/transport/groups...
database.py:165 loadFamilies INFO Loading the user-specified kinetics families from /home/harms.n/Code/RMG-database/input/kinetics/families
statmech.py:526 loadGroups INFO Loading frequencies group database from /home/harms.n/Code/RMG-database/input/statmech/groups...
comparerTST.py:57 <module> INFO RMG Database Loaded
comparerTST.py:81 <module> INFO generateReactionsFromFamilies successfuly performed
comparerTST.py:141 performCalcs INFO chemkinRxn: Reaction(reactants=[Molecule(SMILES="C1COC1"), Molecule(SMILES="[O]O")], products=[Molecule(SMILES="OO"), Molecule(SMILES="[CH]1COC1")], degeneracy=2, pairs=[[Molecule(SMILES="C1COC1"), Molecule(SMILES="[CH]1COC1")], [Molecule(SMILES="[O]O"), Molecule(SMILES="OO")]])
comparerTST.py:143 performCalcs INFO Ensuring resonance isomers have been generated
<type 'rmgpy.molecule.molecule.Molecule'>
<type 'rmgpy.molecule.molecule.Molecule'>
<type 'rmgpy.molecule.molecule.Molecule'>
<type 'rmgpy.molecule.molecule.Molecule'>
[Molecule(SMILES="C1COC1"), Molecule(SMILES="[O]O")]
[Molecule(SMILES="OO"), Molecule(SMILES="[CH]1COC1")]
comparerTST.py:162 performCalcs INFO Generated one reaction:
comparerTST.py:163 performCalcs INFO [Reaction(reactants=[Molecule(SMILES="C1COC1"), Molecule(SMILES="[O]O")], products=[Molecule(SMILES="OO"), Molecule(SMILES="[CH]1COC1")], degeneracy=2, pairs=[[Molecule(SMILES="C1COC1"), Molecule(SMILES="[CH]1COC1")], [Molecule(SMILES="[O]O"), Molecule(SMILES="OO")]])]
comparerTST.py:172 performCalcs INFO The reaction of interest is as follows: 
comparerTST.py:173 performCalcs INFO <Molecule "C1COC1"> + <Molecule "[O]O"> <=> <Molecule "OO"> + <Molecule "[CH]1COC1">
comparerTST.py:175 performCalcs INFO asserting that the testReaction is Isomorphic
comparerTST.py:177 performCalcs INFO reaction: Reaction(reactants=[Molecule(SMILES="C1COC1"), Molecule(SMILES="[O]O")], products=[Molecule(SMILES="OO"), Molecule(SMILES="[CH]1COC1")], degeneracy=2, pairs=[[Molecule(SMILES="C1COC1"), Molecule(SMILES="[CH]1COC1")], [Molecule(SMILES="[O]O"), Molecule(SMILES="OO")]])
comparerTST.py:183 performCalcs INFO Labeling reactant atoms
comparerTST.py:193 performCalcs INFO Labeling product atoms
comparerTST.py:209 performCalcs INFO We have generated a H_Abstraction reaction that matches, and used it to label the atoms.
comparerTST.py:211 performCalcs INFO Calculating reaction kinetics
comparerTST.py:119 calculate INFO Calculating reaction rate for <Molecule "C1COC1"> + <Molecule "[O]O"> <=> <Molecule "OO"> + <Molecule "[CH]1COC1">
comparerTST.py:121 calculate INFO Selecting the appropriate TS distance database for family 'H_Abstraction'
comparerTST.py:123 calculate INFO Calculating kinetic data by calling qmCalc.getKineticData
reaction.py:619 loadKineticsData INFO Kinetics results file /gss_gpfs_scratch/harms.n/QMfiles/C1COC1+[O]O_OO+[CH]1COC1.kinetics does not exist or is invalid
reaction.py:520 generateTSGeometryDirectGuess INFO Generating a TS geometry via the direct guess method
reaction.py:300 generateBoundsMatrix INFO Generating bounds matrix for C1COC1.[O]O
reaction.py:338 bmPreEdit INFO Changing lower limit 2.9 to 2.419726
reaction.py:338 bmPreEdit INFO Changing lower limit 2.515309 to 2.455244
reaction.py:338 bmPreEdit INFO Changing lower limit 3.65 to 3.32036021016
reaction.py:338 bmPreEdit INFO Changing lower limit 3.65 to 3.32036021016
reaction.py:561 generateTSGeometryDirectGuess INFO TS estimate made. About to try the search...
reaction.py:426 optimizeTS INFO Starting optimization steps of the TS search.
gaussian.py:535 optEstimate INFO Running loose optimization of TS with frozen center
gaussian.py:189 writeInputFile INFO Writing gaussian input file /gss_gpfs_scratch/harms.n/QMscratch/C1COC1+[O]O_OO+[CH]1COC1Est.gjf
gaussian.py:590 optRxnCenter INFO Optimization of TS reaction center distances
gaussian.py:189 writeInputFile INFO Writing gaussian input file /gss_gpfs_scratch/harms.n/QMscratch/C1COC1+[O]O_OO+[CH]1COC1RxnC.gjf
reaction.py:443 optimizeTS INFO Optimizing TS attempt 1
gaussian.py:485 createInputFile INFO Creating input file
gaussian.py:189 writeInputFile INFO Writing gaussian input file None
gaussian.py:748 verifyOutputFile INFO Verifying output file /gss_gpfs_scratch/harms.n/QMscratch/C1COC1+[O]O_OO+[CH]1COC1.log
gaussian.py:516 createIRCFile INFO Creating IRC file
gaussian.py:189 writeInputFile INFO Writing gaussian input file /gss_gpfs_scratch/harms.n/QMscratch/C1COC1+[O]O_OO+[CH]1COC1IRC.gjf
gaussian.py:685 runIRC INFO Running IRC
gaussian.py:843 verifyIRCOutputFile INFO Verifying the IRC output file /gss_gpfs_scratch/harms.n/QMscratch/C1COC1+[O]O_OO+[CH]1COC1IRC.log
gaussian.py:878 verifyIRCOutputFile INFO Checking if all the success keywords are found in the file.
reaction.py:570 saveTSData INFO Saving TS result file /gss_gpfs_scratch/harms.n/QMfiles/C1COC1+[O]O_OO+[CH]1COC1.ts
gaussian.py:991 parse INFO Parsing the gaussian output /gss_gpfs_scratch/harms.n/QMscratch/C1COC1+[O]O_OO+[CH]1COC1.log
gaussian.py:111 verifyOutputFile INFO Output file /gss_gpfs_scratch/harms.n/QMscratch/AHHWIHXENZJRFG-UHFFFAOYSA.log does not exist.
gaussian.py:189 writeInputFile INFO Writing gaussian input file None
gaussian.py:275 generateQMData INFO Trying GaussianMolM062X attempt 1 of 36 on molecule C1COC1.
gaussian.py:168 verifyOutputFile INFO Successful GaussianMolM062X quantum result in /gss_gpfs_scratch/harms.n/QMscratch/AHHWIHXENZJRFG-UHFFFAOYSA.log
gaussian.py:278 generateQMData INFO Attempt 1 of 36 on species InChI=1S/C3H6O/c1-2-4-3-1/h1-3H2 succeeded.
symmetry.py:221 writeInputFile INFO Symmetry input file written to /gss_gpfs_scratch/harms.n/QMscratch/AHHWIHXENZJRFG-UHFFFAOYSA.symm
symmetry.py:188 parse INFO Point group: C2v
gaussian.py:168 verifyOutputFile INFO Successful GaussianMolM062X quantum result in /gss_gpfs_scratch/harms.n/QMscratch/OUUQCZGPVNCOIJ-UHFFFAOYSA-u2.log
gaussian.py:268 generateQMData INFO Found a successful output file; using that.
symmetry.py:221 writeInputFile INFO Symmetry input file written to /gss_gpfs_scratch/harms.n/QMscratch/OUUQCZGPVNCOIJ-UHFFFAOYSA-u2.symm
symmetry.py:188 parse INFO Point group: Cs
gaussian.py:168 verifyOutputFile INFO Successful GaussianMolM062X quantum result in /gss_gpfs_scratch/harms.n/QMscratch/MHAJPDPJQMAIIY-UHFFFAOYSA.log
gaussian.py:268 generateQMData INFO Found a successful output file; using that.
symmetry.py:221 writeInputFile INFO Symmetry input file written to /gss_gpfs_scratch/harms.n/QMscratch/MHAJPDPJQMAIIY-UHFFFAOYSA.symm
symmetry.py:188 parse INFO Point group: C2
gaussian.py:111 verifyOutputFile INFO Output file /gss_gpfs_scratch/harms.n/QMscratch/NMVZFLWXDDCZCT-UHFFFAOYSA-u1.log does not exist.
gaussian.py:189 writeInputFile INFO Writing gaussian input file None
gaussian.py:275 generateQMData INFO Trying GaussianMolM062X attempt 1 of 36 on molecule [CH]1COC1.
gaussian.py:168 verifyOutputFile INFO Successful GaussianMolM062X quantum result in /gss_gpfs_scratch/harms.n/QMscratch/NMVZFLWXDDCZCT-UHFFFAOYSA-u1.log
gaussian.py:278 generateQMData INFO Attempt 1 of 36 on species InChI=1S/C3H5O/c1-2-4-3-1/h1H,2-3H2/u1 succeeded.
symmetry.py:221 writeInputFile INFO Symmetry input file written to /gss_gpfs_scratch/harms.n/QMscratch/NMVZFLWXDDCZCT-UHFFFAOYSA-u1.symm
symmetry.py:188 parse INFO Point group: Cs
CanTherm execution initiated at Thu Aug  3 15:11:20 2017

###############################################################
#                                                             #
#                          CanTherm                           #
#                                                             #
#   Version: 0.1.0 (14 May 2009)                              #
#   Authors: RMG Developers (rmg_dev@mit.edu)                 #
#   P.I.:    William H. Green (whgreen@mit.edu)               #
#   Website: http://rmg.sourceforge.net/                      #
#                                                             #
###############################################################

Loading species AHHWIHXENZJRFG-UHFFFAOYSA...
Loading species OUUQCZGPVNCOIJ-UHFFFAOYSA-u2...
Loading species MHAJPDPJQMAIIY-UHFFFAOYSA...
Loading species NMVZFLWXDDCZCT-UHFFFAOYSA-u1...
Loading transition state TS...
Loading reaction C1COC1+[O]O_OO+[CH]1COC1...


Loading statistical mechanics parameters for AHHWIHXENZJRFG-UHFFFAOYSA...
Warning: No bond energy correction found for model chemistry: M062X/MG3S
Saving statistical mechanics parameters for AHHWIHXENZJRFG-UHFFFAOYSA...
Loading statistical mechanics parameters for OUUQCZGPVNCOIJ-UHFFFAOYSA-u2...
Warning: No bond energy correction found for model chemistry: M062X/MG3S
Saving statistical mechanics parameters for OUUQCZGPVNCOIJ-UHFFFAOYSA-u2...
Loading statistical mechanics parameters for MHAJPDPJQMAIIY-UHFFFAOYSA...
Warning: No bond energy correction found for model chemistry: M062X/MG3S
Saving statistical mechanics parameters for MHAJPDPJQMAIIY-UHFFFAOYSA...
Loading statistical mechanics parameters for NMVZFLWXDDCZCT-UHFFFAOYSA-u1...
Warning: No bond energy correction found for model chemistry: M062X/MG3S
Saving statistical mechanics parameters for NMVZFLWXDDCZCT-UHFFFAOYSA-u1...
Loading statistical mechanics parameters for TS...
Warning: No bond energy correction found for model chemistry: M062X/MG3S
Saving statistical mechanics parameters for TS...
Generating Arrhenius kinetics model for Arrhenius...
Saving kinetics for OUUQCZGPVNCOIJ-UHFFFAOYSA-u2 + AHHWIHXENZJRFG-UHFFFAOYSA <=> MHAJPDPJQMAIIY-UHFFFAOYSA + NMVZFLWXDDCZCT-UHFFFAOYSA-u1...

CanTherm execution terminated at Thu Aug  3 15:11:21 2017
Saving kinetics data file /gss_gpfs_scratch/harms.n/QMfiles/C1COC1+[O]O_OO+[CH]1COC1.kinetics
Removing 'core*' files
Yay, reaction kinetics calculated!!!
Reaction(label='C1COC1+[O]O_OO+[CH]1COC1', reactants=[Species(label="OUUQCZGPVNCOIJ-UHFFFAOYSA-u2", conformer=Conformer(E0=(6.19549,'kJ/mol'), modes=[IdealGasTranslation(mass=(32.9977,'amu')), NonlinearRotor(inertia=([0.800947,14.5112,15.3121],'amu*angstrom^2'), symmetry=1), HarmonicOscillator(frequencies=([1245.9,1447.19,3645.15],'cm^-1'))], spinMultiplicity=2)), Species(label="AHHWIHXENZJRFG-UHFFFAOYSA", conformer=Conformer(E0=(-91.8883,'kJ/mol'), modes=[IdealGasTranslation(mass=(58.0419,'amu')), NonlinearRotor(inertia=([41.3639,42.5711,74.3745],'amu*angstrom^2'), symmetry=1), HarmonicOscillator(frequencies=([44.7329,752.965,796.381,813.622,941.213,951.315,1062.89,1078.91,1139.93,1156.84,1187.72,1221.23,1252.38,1299.27,1362.5,1472.68,1493.05,1522.2,3005.08,3012.84,3051.92,3053.05,3064.13,3119.23],'cm^-1'))]))], products=[Species(label="MHAJPDPJQMAIIY-UHFFFAOYSA", conformer=Conformer(E0=(-134.382,'kJ/mol'), modes=[IdealGasTranslation(mass=(34.0055,'amu')), NonlinearRotor(inertia=([1.63801,18.4022,19.029],'amu*angstrom^2'), symmetry=1), HarmonicOscillator(frequencies=([378.1,1029.14,1344.99,1458.5,3786.54,3787.27],'cm^-1'))])), Species(label="NMVZFLWXDDCZCT-UHFFFAOYSA-u1", conformer=Conformer(E0=(109.887,'kJ/mol'), modes=[IdealGasTranslation(mass=(57.034,'amu')), NonlinearRotor(inertia=([37.7843,40.0809,71.3381],'amu*angstrom^2'), symmetry=1), HarmonicOscillator(frequencies=([209.325,258.972,836.466,839.612,931.965,942.933,987.393,1052.38,1091.38,1117.3,1119.46,1247.41,1284.36,1348.64,1464.89,1489.39,2964.27,2973.54,2998.69,2999.24,3204.52],'cm^-1'))], spinMultiplicity=2))], kinetics=Arrhenius(A=(0.000283545,'cm^3/(mol*s)'), n=4.25756, Ea=(56.906,'kJ/mol'), T0=(1,'K'), Tmin=(303.03,'K'), Tmax=(2500,'K'), comment="""Fitted to 59 data points; dA = *|/ 1.18226, dn = +|- 0.0219739, dEa = +|- 0.120878 kJ/mol"""), transitionState=TransitionState(label="TS", conformer=Conformer(E0=(-12.4917,'kJ/mol'), modes=[IdealGasTranslation(mass=(91.0395,'amu')), NonlinearRotor(inertia=([86.1989,209.997,227.524],'amu*angstrom^2'), symmetry=1), HarmonicOscillator(frequencies=([102.106,106.079,186.289,244.994,328.781,478.78,565.652,739.581,836.807,866.012,938.64,956.161,1044.51,1061.4,1068.61,1090.22,1128.69,1142.63,1196.02,1221.43,1280.15,1345.07,1430.37,1462.87,1471.05,1493.67,2981.52,2990.18,3049.36,3052.62,3109.52,3716.39],'cm^-1'))], spinMultiplicity=2), frequency=(-1790,'cm^-1'), tunneling=Eckart(frequency=(-1790,'cm^-1'), E0_reac=(-85.6928,'kJ/mol'), E0_TS=(-12.4917,'kJ/mol'), E0_prod=(-24.4945,'kJ/mol'))))
For reaction Reaction(label='C1COC1+[O]O_OO+[CH]1COC1', reactants=[Species(label="OUUQCZGPVNCOIJ-UHFFFAOYSA-u2", conformer=Conformer(E0=(6.19549,'kJ/mol'), modes=[IdealGasTranslation(mass=(32.9977,'amu')), NonlinearRotor(inertia=([0.800947,14.5112,15.3121],'amu*angstrom^2'), symmetry=1), HarmonicOscillator(frequencies=([1245.9,1447.19,3645.15],'cm^-1'))], spinMultiplicity=2)), Species(label="AHHWIHXENZJRFG-UHFFFAOYSA", conformer=Conformer(E0=(-91.8883,'kJ/mol'), modes=[IdealGasTranslation(mass=(58.0419,'amu')), NonlinearRotor(inertia=([41.3639,42.5711,74.3745],'amu*angstrom^2'), symmetry=1), HarmonicOscillator(frequencies=([44.7329,752.965,796.381,813.622,941.213,951.315,1062.89,1078.91,1139.93,1156.84,1187.72,1221.23,1252.38,1299.27,1362.5,1472.68,1493.05,1522.2,3005.08,3012.84,3051.92,3053.05,3064.13,3119.23],'cm^-1'))]))], products=[Species(label="MHAJPDPJQMAIIY-UHFFFAOYSA", conformer=Conformer(E0=(-134.382,'kJ/mol'), modes=[IdealGasTranslation(mass=(34.0055,'amu')), NonlinearRotor(inertia=([1.63801,18.4022,19.029],'amu*angstrom^2'), symmetry=1), HarmonicOscillator(frequencies=([378.1,1029.14,1344.99,1458.5,3786.54,3787.27],'cm^-1'))])), Species(label="NMVZFLWXDDCZCT-UHFFFAOYSA-u1", conformer=Conformer(E0=(109.887,'kJ/mol'), modes=[IdealGasTranslation(mass=(57.034,'amu')), NonlinearRotor(inertia=([37.7843,40.0809,71.3381],'amu*angstrom^2'), symmetry=1), HarmonicOscillator(frequencies=([209.325,258.972,836.466,839.612,931.965,942.933,987.393,1052.38,1091.38,1117.3,1119.46,1247.41,1284.36,1348.64,1464.89,1489.39,2964.27,2973.54,2998.69,2999.24,3204.52],'cm^-1'))], spinMultiplicity=2))], kinetics=Arrhenius(A=(0.000283545,'cm^3/(mol*s)'), n=4.25756, Ea=(56.906,'kJ/mol'), T0=(1,'K'), Tmin=(303.03,'K'), Tmax=(2500,'K'), comment="""Fitted to 59 data points; dA = *|/ 1.18226, dn = +|- 0.0219739, dEa = +|- 0.120878 kJ/mol"""), transitionState=TransitionState(label="TS", conformer=Conformer(E0=(-12.4917,'kJ/mol'), modes=[IdealGasTranslation(mass=(91.0395,'amu')), NonlinearRotor(inertia=([86.1989,209.997,227.524],'amu*angstrom^2'), symmetry=1), HarmonicOscillator(frequencies=([102.106,106.079,186.289,244.994,328.781,478.78,565.652,739.581,836.807,866.012,938.64,956.161,1044.51,1061.4,1068.61,1090.22,1128.69,1142.63,1196.02,1221.43,1280.15,1345.07,1430.37,1462.87,1471.05,1493.67,2981.52,2990.18,3049.36,3052.62,3109.52,3716.39],'cm^-1'))], spinMultiplicity=2), frequency=(-1790,'cm^-1'), tunneling=Eckart(frequency=(-1790,'cm^-1'), E0_reac=(-85.6928,'kJ/mol'), E0_TS=(-12.4917,'kJ/mol'), E0_prod=(-24.4945,'kJ/mol'))))
We have calculated kinetics Arrhenius(A=(0.000283545,'cm^3/(mol*s)'), n=4.25756, Ea=(56.906,'kJ/mol'), T0=(1,'K'), Tmin=(303.03,'K'), Tmax=(2500,'K'), comment="""Fitted to 59 data points; dA = *|/ 1.18226, dn = +|- 0.0219739, dEa = +|- 0.120878 kJ/mol""")
