comparerTST.py:41 <module> INFO RUNNING WITH JOB NUMBER i = 276
comparerTST.py:45 <module> INFO Loading RMG Database ...
comparerTST.py:48 <module> INFO /home/harms.n/Code/RMG-database/input
thermo.py:760 loadLibraries INFO Loading thermodynamics library from thermo_DFT_CCSDTF12_BAC.py in /home/harms.n/Code/RMG-database/input/thermo/libraries...
thermo.py:760 loadLibraries INFO Loading thermodynamics library from CBS_QB3_1dHR.py in /home/harms.n/Code/RMG-database/input/thermo/libraries...
thermo.py:760 loadLibraries INFO Loading thermodynamics library from primaryThermoLibrary.py in /home/harms.n/Code/RMG-database/input/thermo/libraries...
thermo.py:760 loadLibraries INFO Loading thermodynamics library from KlippensteinH2O2.py in /home/harms.n/Code/RMG-database/input/thermo/libraries...
thermo.py:774 loadGroups INFO Loading thermodynamics group database from /home/harms.n/Code/RMG-database/input/thermo/groups...
transport.py:294 loadGroups INFO Loading transport group database from /home/harms.n/Code/RMG-database/input/transport/groups...
database.py:165 loadFamilies INFO Loading the user-specified kinetics families from /home/harms.n/Code/RMG-database/input/kinetics/families
statmech.py:526 loadGroups INFO Loading frequencies group database from /home/harms.n/Code/RMG-database/input/statmech/groups...
comparerTST.py:57 <module> INFO RMG Database Loaded
comparerTST.py:81 <module> INFO generateReactionsFromFamilies successfuly performed
comparerTST.py:141 performCalcs INFO chemkinRxn: Reaction(reactants=[Molecule(SMILES="CCO[O]"), Molecule(SMILES="[O]O")], products=[Molecule(SMILES="OO"), Molecule(SMILES="C[CH]O[O]")], degeneracy=2, pairs=[[Molecule(SMILES="CCO[O]"), Molecule(SMILES="C[CH]O[O]")], [Molecule(SMILES="[O]O"), Molecule(SMILES="OO")]])
comparerTST.py:143 performCalcs INFO Ensuring resonance isomers have been generated
<type 'rmgpy.molecule.molecule.Molecule'>
<type 'rmgpy.molecule.molecule.Molecule'>
<type 'rmgpy.molecule.molecule.Molecule'>
<type 'rmgpy.molecule.molecule.Molecule'>
[Molecule(SMILES="CCO[O]"), Molecule(SMILES="[O]O")]
[Molecule(SMILES="OO"), Molecule(SMILES="C[CH]O[O]")]
comparerTST.py:162 performCalcs INFO Generated one reaction:
comparerTST.py:163 performCalcs INFO [Reaction(reactants=[Molecule(SMILES="CCO[O]"), Molecule(SMILES="[O]O")], products=[Molecule(SMILES="OO"), Molecule(SMILES="C[CH]O[O]")], degeneracy=2, pairs=[[Molecule(SMILES="CCO[O]"), Molecule(SMILES="C[CH]O[O]")], [Molecule(SMILES="[O]O"), Molecule(SMILES="OO")]])]
comparerTST.py:172 performCalcs INFO The reaction of interest is as follows: 
comparerTST.py:173 performCalcs INFO <Molecule "CCO[O]"> + <Molecule "[O]O"> <=> <Molecule "OO"> + <Molecule "C[CH]O[O]">
comparerTST.py:175 performCalcs INFO asserting that the testReaction is Isomorphic
comparerTST.py:177 performCalcs INFO reaction: Reaction(reactants=[Molecule(SMILES="CCO[O]"), Molecule(SMILES="[O]O")], products=[Molecule(SMILES="OO"), Molecule(SMILES="C[CH]O[O]")], degeneracy=2, pairs=[[Molecule(SMILES="CCO[O]"), Molecule(SMILES="C[CH]O[O]")], [Molecule(SMILES="[O]O"), Molecule(SMILES="OO")]])
comparerTST.py:183 performCalcs INFO Labeling reactant atoms
comparerTST.py:193 performCalcs INFO Labeling product atoms
comparerTST.py:209 performCalcs INFO We have generated a H_Abstraction reaction that matches, and used it to label the atoms.
comparerTST.py:211 performCalcs INFO Calculating reaction kinetics
comparerTST.py:119 calculate INFO Calculating reaction rate for <Molecule "CCO[O]"> + <Molecule "[O]O"> <=> <Molecule "OO"> + <Molecule "C[CH]O[O]">
comparerTST.py:121 calculate INFO Selecting the appropriate TS distance database for family 'H_Abstraction'
comparerTST.py:123 calculate INFO Calculating kinetic data by calling qmCalc.getKineticData
reaction.py:619 loadKineticsData INFO Kinetics results file /gss_gpfs_scratch/harms.n/QMfiles/CCO[O]+[O]O_C[CH]O[O]+OO.kinetics does not exist or is invalid
reaction.py:520 generateTSGeometryDirectGuess INFO Generating a TS geometry via the direct guess method
reaction.py:300 generateBoundsMatrix INFO Generating bounds matrix for CCO[O].[O]O
reaction.py:338 bmPreEdit INFO Changing lower limit 2.9 to 2.45519
reaction.py:338 bmPreEdit INFO Changing lower limit 2.518636 to 2.478503
reaction.py:338 bmPreEdit INFO Changing lower limit 3.65 to 3.32425659416
reaction.py:338 bmPreEdit INFO Changing lower limit 3.4 to 3.22002554181
reaction.py:561 generateTSGeometryDirectGuess INFO TS estimate made. About to try the search...
reaction.py:426 optimizeTS INFO Starting optimization steps of the TS search.
gaussian.py:535 optEstimate INFO Running loose optimization of TS with frozen center
gaussian.py:189 writeInputFile INFO Writing gaussian input file /gss_gpfs_scratch/harms.n/QMscratch/CCO[O]+[O]O_C[CH]O[O]+OOEst.gjf
gaussian.py:590 optRxnCenter INFO Optimization of TS reaction center distances
gaussian.py:189 writeInputFile INFO Writing gaussian input file /gss_gpfs_scratch/harms.n/QMscratch/CCO[O]+[O]O_C[CH]O[O]+OORxnC.gjf
reaction.py:443 optimizeTS INFO Optimizing TS attempt 1
gaussian.py:485 createInputFile INFO Creating input file
gaussian.py:189 writeInputFile INFO Writing gaussian input file None
gaussian.py:748 verifyOutputFile INFO Verifying output file /gss_gpfs_scratch/harms.n/QMscratch/CCO[O]+[O]O_C[CH]O[O]+OO.log
gaussian.py:516 createIRCFile INFO Creating IRC file
gaussian.py:189 writeInputFile INFO Writing gaussian input file /gss_gpfs_scratch/harms.n/QMscratch/CCO[O]+[O]O_C[CH]O[O]+OOIRC.gjf
gaussian.py:685 runIRC INFO Running IRC
gaussian.py:843 verifyIRCOutputFile INFO Verifying the IRC output file /gss_gpfs_scratch/harms.n/QMscratch/CCO[O]+[O]O_C[CH]O[O]+OOIRC.log
gaussian.py:878 verifyIRCOutputFile INFO Checking if all the success keywords are found in the file.
reaction.py:570 saveTSData INFO Saving TS result file /gss_gpfs_scratch/harms.n/QMfiles/CCO[O]+[O]O_C[CH]O[O]+OO.ts
gaussian.py:991 parse INFO Parsing the gaussian output /gss_gpfs_scratch/harms.n/QMscratch/CCO[O]+[O]O_C[CH]O[O]+OO.log
gaussian.py:111 verifyOutputFile INFO Output file /gss_gpfs_scratch/harms.n/QMscratch/CGVQNDZUWCSFFT-UHFFFAOYSA-u3.log does not exist.
gaussian.py:189 writeInputFile INFO Writing gaussian input file None
gaussian.py:275 generateQMData INFO Trying GaussianMolM062X attempt 1 of 36 on molecule CCO[O].
gaussian.py:168 verifyOutputFile INFO Successful GaussianMolM062X quantum result in /gss_gpfs_scratch/harms.n/QMscratch/CGVQNDZUWCSFFT-UHFFFAOYSA-u3.log
gaussian.py:278 generateQMData INFO Attempt 1 of 36 on species InChI=1S/C2H5O2/c1-2-4-3/h2H2,1H3/u3 succeeded.
symmetry.py:221 writeInputFile INFO Symmetry input file written to /gss_gpfs_scratch/harms.n/QMscratch/CGVQNDZUWCSFFT-UHFFFAOYSA-u3.symm
symmetry.py:188 parse INFO Point group: Cs
gaussian.py:168 verifyOutputFile INFO Successful GaussianMolM062X quantum result in /gss_gpfs_scratch/harms.n/QMscratch/OUUQCZGPVNCOIJ-UHFFFAOYSA-u2.log
gaussian.py:268 generateQMData INFO Found a successful output file; using that.
symmetry.py:221 writeInputFile INFO Symmetry input file written to /gss_gpfs_scratch/harms.n/QMscratch/OUUQCZGPVNCOIJ-UHFFFAOYSA-u2.symm
symmetry.py:188 parse INFO Point group: Cs
gaussian.py:168 verifyOutputFile INFO Successful GaussianMolM062X quantum result in /gss_gpfs_scratch/harms.n/QMscratch/MHAJPDPJQMAIIY-UHFFFAOYSA.log
gaussian.py:268 generateQMData INFO Found a successful output file; using that.
symmetry.py:221 writeInputFile INFO Symmetry input file written to /gss_gpfs_scratch/harms.n/QMscratch/MHAJPDPJQMAIIY-UHFFFAOYSA.symm
symmetry.py:188 parse INFO Point group: C2
gaussian.py:111 verifyOutputFile INFO Output file /gss_gpfs_scratch/harms.n/QMscratch/OATRENYCMVOEIQ-UHFFFAOYSA-u2,3.log does not exist.
gaussian.py:189 writeInputFile INFO Writing gaussian input file None
gaussian.py:275 generateQMData INFO Trying GaussianMolM062X attempt 1 of 36 on molecule C[CH]O[O].
gaussian.py:168 verifyOutputFile INFO Successful GaussianMolM062X quantum result in /gss_gpfs_scratch/harms.n/QMscratch/OATRENYCMVOEIQ-UHFFFAOYSA-u2,3.log
gaussian.py:278 generateQMData INFO Attempt 1 of 36 on species InChI=1S/C2H4O2/c1-2-4-3/h2H,1H3/u2,3 succeeded.
symmetry.py:221 writeInputFile INFO Symmetry input file written to /gss_gpfs_scratch/harms.n/QMscratch/OATRENYCMVOEIQ-UHFFFAOYSA-u2,3.symm
symmetry.py:188 parse INFO Point group: C1
CanTherm execution initiated at Fri Aug  4 03:43:34 2017

###############################################################
#                                                             #
#                          CanTherm                           #
#                                                             #
#   Version: 0.1.0 (14 May 2009)                              #
#   Authors: RMG Developers (rmg_dev@mit.edu)                 #
#   P.I.:    William H. Green (whgreen@mit.edu)               #
#   Website: http://rmg.sourceforge.net/                      #
#                                                             #
###############################################################

Loading species CGVQNDZUWCSFFT-UHFFFAOYSA-u3...
Loading species OUUQCZGPVNCOIJ-UHFFFAOYSA-u2...
Loading species MHAJPDPJQMAIIY-UHFFFAOYSA...
Loading species OATRENYCMVOEIQ-UHFFFAOYSA-u2,3...
Loading transition state TS...
Loading reaction CCO[O]+[O]O_C[CH]O[O]+OO...


Loading statistical mechanics parameters for CGVQNDZUWCSFFT-UHFFFAOYSA-u3...
Warning: No bond energy correction found for model chemistry: M062X/MG3S
Saving statistical mechanics parameters for CGVQNDZUWCSFFT-UHFFFAOYSA-u3...
Loading statistical mechanics parameters for OUUQCZGPVNCOIJ-UHFFFAOYSA-u2...
Warning: No bond energy correction found for model chemistry: M062X/MG3S
Saving statistical mechanics parameters for OUUQCZGPVNCOIJ-UHFFFAOYSA-u2...
Loading statistical mechanics parameters for MHAJPDPJQMAIIY-UHFFFAOYSA...
Warning: No bond energy correction found for model chemistry: M062X/MG3S
Saving statistical mechanics parameters for MHAJPDPJQMAIIY-UHFFFAOYSA...
Loading statistical mechanics parameters for OATRENYCMVOEIQ-UHFFFAOYSA-u2,3...
Warning: No bond energy correction found for model chemistry: M062X/MG3S
Saving statistical mechanics parameters for OATRENYCMVOEIQ-UHFFFAOYSA-u2,3...
Loading statistical mechanics parameters for TS...
Warning: No bond energy correction found for model chemistry: M062X/MG3S
Saving statistical mechanics parameters for TS...
Generating Arrhenius kinetics model for Arrhenius...
Saving kinetics for CGVQNDZUWCSFFT-UHFFFAOYSA-u3 + OUUQCZGPVNCOIJ-UHFFFAOYSA-u2 <=> MHAJPDPJQMAIIY-UHFFFAOYSA + OATRENYCMVOEIQ-UHFFFAOYSA-u2,3...

CanTherm execution terminated at Fri Aug  4 03:43:36 2017
Saving kinetics data file /gss_gpfs_scratch/harms.n/QMfiles/CCO[O]+[O]O_C[CH]O[O]+OO.kinetics
Removing 'core*' files
Yay, reaction kinetics calculated!!!
Reaction(label='CCO[O]+[O]O_C[CH]O[O]+OO', reactants=[Species(label="CGVQNDZUWCSFFT-UHFFFAOYSA-u3", conformer=Conformer(E0=(-38.3339,'kJ/mol'), modes=[IdealGasTranslation(mass=(61.029,'amu')), NonlinearRotor(inertia=([14.8759,112.59,121.13],'amu*angstrom^2'), symmetry=1), HarmonicOscillator(frequencies=([95.8543,198.097,308.667,515.712,779.707,864.866,1042.9,1134.52,1135.53,1255.72,1285.25,1355.51,1396.06,1460.89,1469.09,1482.29,3003.38,3022.63,3067.56,3081.09,3090.12],'cm^-1'))], spinMultiplicity=2)), Species(label="OUUQCZGPVNCOIJ-UHFFFAOYSA-u2", conformer=Conformer(E0=(6.19549,'kJ/mol'), modes=[IdealGasTranslation(mass=(32.9977,'amu')), NonlinearRotor(inertia=([0.800947,14.5112,15.3121],'amu*angstrom^2'), symmetry=1), HarmonicOscillator(frequencies=([1245.9,1447.19,3645.15],'cm^-1'))], spinMultiplicity=2))], products=[Species(label="MHAJPDPJQMAIIY-UHFFFAOYSA", conformer=Conformer(E0=(-134.382,'kJ/mol'), modes=[IdealGasTranslation(mass=(34.0055,'amu')), NonlinearRotor(inertia=([1.63801,18.4022,19.029],'amu*angstrom^2'), symmetry=1), HarmonicOscillator(frequencies=([378.1,1029.14,1344.99,1458.5,3786.54,3787.27],'cm^-1'))])), Species(label="OATRENYCMVOEIQ-UHFFFAOYSA-u2,3", conformer=Conformer(E0=(164.974,'kJ/mol'), modes=[IdealGasTranslation(mass=(60.0211,'amu')), NonlinearRotor(inertia=([24.4253,88.0872,100.253],'amu*angstrom^2'), symmetry=1), HarmonicOscillator(frequencies=([130.431,157.391,353.659,478.657,578.231,889.955,994.157,1098.99,1125.35,1129.83,1326.49,1386.73,1443.53,1459.1,2964.68,3035.63,3098.87,3172.3],'cm^-1'))], spinMultiplicity=3))], kinetics=Arrhenius(A=(0.000240418,'cm^3/(mol*s)'), n=4.42022, Ea=(60.8265,'kJ/mol'), T0=(1,'K'), Tmin=(303.03,'K'), Tmax=(2500,'K'), comment="""Fitted to 59 data points; dA = *|/ 1.26519, dn = +|- 0.0308704, dEa = +|- 0.169818 kJ/mol"""), transitionState=TransitionState(label="TS", conformer=Conformer(E0=(45.7999,'kJ/mol'), modes=[IdealGasTranslation(mass=(94.0266,'amu')), NonlinearRotor(inertia=([117.022,203.336,249.586],'amu*angstrom^2'), symmetry=1), HarmonicOscillator(frequencies=([97.7108,113.62,141.297,160.524,164.96,298.04,350.785,475.893,540.597,595.342,833.565,890.16,1038.02,1052.81,1075.01,1102.79,1166.24,1219.81,1329.31,1383.53,1437.9,1439.4,1450.13,1470.36,2980.3,3052.67,3086.71,3108.26,3718.54],'cm^-1'))], spinMultiplicity=3), frequency=(-1794.4,'cm^-1'), tunneling=Eckart(frequency=(-1794.4,'cm^-1'), E0_reac=(-32.1384,'kJ/mol'), E0_TS=(45.7999,'kJ/mol'), E0_prod=(30.5925,'kJ/mol'))))
For reaction Reaction(label='CCO[O]+[O]O_C[CH]O[O]+OO', reactants=[Species(label="CGVQNDZUWCSFFT-UHFFFAOYSA-u3", conformer=Conformer(E0=(-38.3339,'kJ/mol'), modes=[IdealGasTranslation(mass=(61.029,'amu')), NonlinearRotor(inertia=([14.8759,112.59,121.13],'amu*angstrom^2'), symmetry=1), HarmonicOscillator(frequencies=([95.8543,198.097,308.667,515.712,779.707,864.866,1042.9,1134.52,1135.53,1255.72,1285.25,1355.51,1396.06,1460.89,1469.09,1482.29,3003.38,3022.63,3067.56,3081.09,3090.12],'cm^-1'))], spinMultiplicity=2)), Species(label="OUUQCZGPVNCOIJ-UHFFFAOYSA-u2", conformer=Conformer(E0=(6.19549,'kJ/mol'), modes=[IdealGasTranslation(mass=(32.9977,'amu')), NonlinearRotor(inertia=([0.800947,14.5112,15.3121],'amu*angstrom^2'), symmetry=1), HarmonicOscillator(frequencies=([1245.9,1447.19,3645.15],'cm^-1'))], spinMultiplicity=2))], products=[Species(label="MHAJPDPJQMAIIY-UHFFFAOYSA", conformer=Conformer(E0=(-134.382,'kJ/mol'), modes=[IdealGasTranslation(mass=(34.0055,'amu')), NonlinearRotor(inertia=([1.63801,18.4022,19.029],'amu*angstrom^2'), symmetry=1), HarmonicOscillator(frequencies=([378.1,1029.14,1344.99,1458.5,3786.54,3787.27],'cm^-1'))])), Species(label="OATRENYCMVOEIQ-UHFFFAOYSA-u2,3", conformer=Conformer(E0=(164.974,'kJ/mol'), modes=[IdealGasTranslation(mass=(60.0211,'amu')), NonlinearRotor(inertia=([24.4253,88.0872,100.253],'amu*angstrom^2'), symmetry=1), HarmonicOscillator(frequencies=([130.431,157.391,353.659,478.657,578.231,889.955,994.157,1098.99,1125.35,1129.83,1326.49,1386.73,1443.53,1459.1,2964.68,3035.63,3098.87,3172.3],'cm^-1'))], spinMultiplicity=3))], kinetics=Arrhenius(A=(0.000240418,'cm^3/(mol*s)'), n=4.42022, Ea=(60.8265,'kJ/mol'), T0=(1,'K'), Tmin=(303.03,'K'), Tmax=(2500,'K'), comment="""Fitted to 59 data points; dA = *|/ 1.26519, dn = +|- 0.0308704, dEa = +|- 0.169818 kJ/mol"""), transitionState=TransitionState(label="TS", conformer=Conformer(E0=(45.7999,'kJ/mol'), modes=[IdealGasTranslation(mass=(94.0266,'amu')), NonlinearRotor(inertia=([117.022,203.336,249.586],'amu*angstrom^2'), symmetry=1), HarmonicOscillator(frequencies=([97.7108,113.62,141.297,160.524,164.96,298.04,350.785,475.893,540.597,595.342,833.565,890.16,1038.02,1052.81,1075.01,1102.79,1166.24,1219.81,1329.31,1383.53,1437.9,1439.4,1450.13,1470.36,2980.3,3052.67,3086.71,3108.26,3718.54],'cm^-1'))], spinMultiplicity=3), frequency=(-1794.4,'cm^-1'), tunneling=Eckart(frequency=(-1794.4,'cm^-1'), E0_reac=(-32.1384,'kJ/mol'), E0_TS=(45.7999,'kJ/mol'), E0_prod=(30.5925,'kJ/mol'))))
We have calculated kinetics Arrhenius(A=(0.000240418,'cm^3/(mol*s)'), n=4.42022, Ea=(60.8265,'kJ/mol'), T0=(1,'K'), Tmin=(303.03,'K'), Tmax=(2500,'K'), comment="""Fitted to 59 data points; dA = *|/ 1.26519, dn = +|- 0.0308704, dEa = +|- 0.169818 kJ/mol""")
