comparerTST.py:41 <module> INFO RUNNING WITH JOB NUMBER i = 288
comparerTST.py:45 <module> INFO Loading RMG Database ...
comparerTST.py:48 <module> INFO /home/harms.n/Code/RMG-database/input
thermo.py:760 loadLibraries INFO Loading thermodynamics library from thermo_DFT_CCSDTF12_BAC.py in /home/harms.n/Code/RMG-database/input/thermo/libraries...
thermo.py:760 loadLibraries INFO Loading thermodynamics library from CBS_QB3_1dHR.py in /home/harms.n/Code/RMG-database/input/thermo/libraries...
thermo.py:760 loadLibraries INFO Loading thermodynamics library from primaryThermoLibrary.py in /home/harms.n/Code/RMG-database/input/thermo/libraries...
thermo.py:760 loadLibraries INFO Loading thermodynamics library from KlippensteinH2O2.py in /home/harms.n/Code/RMG-database/input/thermo/libraries...
thermo.py:774 loadGroups INFO Loading thermodynamics group database from /home/harms.n/Code/RMG-database/input/thermo/groups...
transport.py:294 loadGroups INFO Loading transport group database from /home/harms.n/Code/RMG-database/input/transport/groups...
database.py:165 loadFamilies INFO Loading the user-specified kinetics families from /home/harms.n/Code/RMG-database/input/kinetics/families
statmech.py:526 loadGroups INFO Loading frequencies group database from /home/harms.n/Code/RMG-database/input/statmech/groups...
comparerTST.py:57 <module> INFO RMG Database Loaded
comparerTST.py:81 <module> INFO generateReactionsFromFamilies successfuly performed
comparerTST.py:141 performCalcs INFO chemkinRxn: Reaction(reactants=[Molecule(SMILES="C1=CCOC1"), Molecule(SMILES="[O]O")], products=[Molecule(SMILES="OO"), Molecule(SMILES="[CH]1C=CCO1")], degeneracy=4, pairs=[[Molecule(SMILES="C1=CCOC1"), Molecule(SMILES="[CH]1C=CCO1")], [Molecule(SMILES="[O]O"), Molecule(SMILES="OO")]])
comparerTST.py:143 performCalcs INFO Ensuring resonance isomers have been generated
<type 'rmgpy.molecule.molecule.Molecule'>
<type 'rmgpy.molecule.molecule.Molecule'>
<type 'rmgpy.molecule.molecule.Molecule'>
<type 'rmgpy.molecule.molecule.Molecule'>
[Molecule(SMILES="C1=CCOC1"), Molecule(SMILES="[O]O")]
[Molecule(SMILES="OO"), Molecule(SMILES="[CH]1C=CCO1")]
comparerTST.py:162 performCalcs INFO Generated one reaction:
comparerTST.py:163 performCalcs INFO [Reaction(reactants=[Molecule(SMILES="C1=CCOC1"), Molecule(SMILES="[O]O")], products=[Molecule(SMILES="OO"), Molecule(SMILES="[CH]1C=CCO1")], degeneracy=4, pairs=[[Molecule(SMILES="C1=CCOC1"), Molecule(SMILES="[CH]1C=CCO1")], [Molecule(SMILES="[O]O"), Molecule(SMILES="OO")]])]
comparerTST.py:172 performCalcs INFO The reaction of interest is as follows: 
comparerTST.py:173 performCalcs INFO <Molecule "C1=CCOC1"> + <Molecule "[O]O"> <=> <Molecule "OO"> + <Molecule "[CH]1C=CCO1">
comparerTST.py:175 performCalcs INFO asserting that the testReaction is Isomorphic
comparerTST.py:177 performCalcs INFO reaction: Reaction(reactants=[Molecule(SMILES="C1=CCOC1"), Molecule(SMILES="[O]O")], products=[Molecule(SMILES="OO"), Molecule(SMILES="[CH]1C=CCO1")], degeneracy=4, pairs=[[Molecule(SMILES="C1=CCOC1"), Molecule(SMILES="[CH]1C=CCO1")], [Molecule(SMILES="[O]O"), Molecule(SMILES="OO")]])
comparerTST.py:183 performCalcs INFO Labeling reactant atoms
comparerTST.py:193 performCalcs INFO Labeling product atoms
comparerTST.py:209 performCalcs INFO We have generated a H_Abstraction reaction that matches, and used it to label the atoms.
comparerTST.py:211 performCalcs INFO Calculating reaction kinetics
comparerTST.py:119 calculate INFO Calculating reaction rate for <Molecule "C1=CCOC1"> + <Molecule "[O]O"> <=> <Molecule "OO"> + <Molecule "[CH]1C=CCO1">
comparerTST.py:121 calculate INFO Selecting the appropriate TS distance database for family 'H_Abstraction'
comparerTST.py:123 calculate INFO Calculating kinetic data by calling qmCalc.getKineticData
reaction.py:619 loadKineticsData INFO Kinetics results file /gss_gpfs_scratch/harms.n/QMfiles/C1=CCOC1+[O]O_OO+[CH]1C=CCO1.kinetics does not exist or is invalid
reaction.py:520 generateTSGeometryDirectGuess INFO Generating a TS geometry via the direct guess method
reaction.py:300 generateBoundsMatrix INFO Generating bounds matrix for C1=CCOC1.[O]O
reaction.py:338 bmPreEdit INFO Changing lower limit 2.9 to 2.45519
reaction.py:338 bmPreEdit INFO Changing lower limit 2.518636 to 2.478503
reaction.py:338 bmPreEdit INFO Changing lower limit 3.65 to 3.30243183943
reaction.py:338 bmPreEdit INFO Changing lower limit 3.4 to 3.22002554181
reaction.py:561 generateTSGeometryDirectGuess INFO TS estimate made. About to try the search...
reaction.py:426 optimizeTS INFO Starting optimization steps of the TS search.
gaussian.py:535 optEstimate INFO Running loose optimization of TS with frozen center
gaussian.py:189 writeInputFile INFO Writing gaussian input file /gss_gpfs_scratch/harms.n/QMscratch/C1=CCOC1+[O]O_OO+[CH]1C=CCO1Est.gjf
gaussian.py:590 optRxnCenter INFO Optimization of TS reaction center distances
gaussian.py:189 writeInputFile INFO Writing gaussian input file /gss_gpfs_scratch/harms.n/QMscratch/C1=CCOC1+[O]O_OO+[CH]1C=CCO1RxnC.gjf
reaction.py:443 optimizeTS INFO Optimizing TS attempt 1
gaussian.py:485 createInputFile INFO Creating input file
gaussian.py:189 writeInputFile INFO Writing gaussian input file None
gaussian.py:748 verifyOutputFile INFO Verifying output file /gss_gpfs_scratch/harms.n/QMscratch/C1=CCOC1+[O]O_OO+[CH]1C=CCO1.log
gaussian.py:516 createIRCFile INFO Creating IRC file
gaussian.py:189 writeInputFile INFO Writing gaussian input file /gss_gpfs_scratch/harms.n/QMscratch/C1=CCOC1+[O]O_OO+[CH]1C=CCO1IRC.gjf
gaussian.py:685 runIRC INFO Running IRC
gaussian.py:843 verifyIRCOutputFile INFO Verifying the IRC output file /gss_gpfs_scratch/harms.n/QMscratch/C1=CCOC1+[O]O_OO+[CH]1C=CCO1IRC.log
gaussian.py:878 verifyIRCOutputFile INFO Checking if all the success keywords are found in the file.
reaction.py:570 saveTSData INFO Saving TS result file /gss_gpfs_scratch/harms.n/QMfiles/C1=CCOC1+[O]O_OO+[CH]1C=CCO1.ts
gaussian.py:991 parse INFO Parsing the gaussian output /gss_gpfs_scratch/harms.n/QMscratch/C1=CCOC1+[O]O_OO+[CH]1C=CCO1.log
gaussian.py:111 verifyOutputFile INFO Output file /gss_gpfs_scratch/harms.n/QMscratch/ARGCQEVBJHPOGB-UHFFFAOYSA.log does not exist.
gaussian.py:189 writeInputFile INFO Writing gaussian input file None
gaussian.py:275 generateQMData INFO Trying GaussianMolM062X attempt 1 of 36 on molecule C1=CCOC1.
gaussian.py:168 verifyOutputFile INFO Successful GaussianMolM062X quantum result in /gss_gpfs_scratch/harms.n/QMscratch/ARGCQEVBJHPOGB-UHFFFAOYSA.log
gaussian.py:278 generateQMData INFO Attempt 1 of 36 on species InChI=1S/C4H6O/c1-2-4-5-3-1/h1-2H,3-4H2 succeeded.
symmetry.py:221 writeInputFile INFO Symmetry input file written to /gss_gpfs_scratch/harms.n/QMscratch/ARGCQEVBJHPOGB-UHFFFAOYSA.symm
symmetry.py:188 parse INFO Point group: C2v
gaussian.py:168 verifyOutputFile INFO Successful GaussianMolM062X quantum result in /gss_gpfs_scratch/harms.n/QMscratch/OUUQCZGPVNCOIJ-UHFFFAOYSA-u2.log
gaussian.py:268 generateQMData INFO Found a successful output file; using that.
symmetry.py:221 writeInputFile INFO Symmetry input file written to /gss_gpfs_scratch/harms.n/QMscratch/OUUQCZGPVNCOIJ-UHFFFAOYSA-u2.symm
symmetry.py:188 parse INFO Point group: Cs
gaussian.py:168 verifyOutputFile INFO Successful GaussianMolM062X quantum result in /gss_gpfs_scratch/harms.n/QMscratch/MHAJPDPJQMAIIY-UHFFFAOYSA.log
gaussian.py:268 generateQMData INFO Found a successful output file; using that.
symmetry.py:221 writeInputFile INFO Symmetry input file written to /gss_gpfs_scratch/harms.n/QMscratch/MHAJPDPJQMAIIY-UHFFFAOYSA.symm
symmetry.py:188 parse INFO Point group: C2
gaussian.py:111 verifyOutputFile INFO Output file /gss_gpfs_scratch/harms.n/QMscratch/XPKYETAOQFSXAJ-UHFFFAOYSA-u3.log does not exist.
gaussian.py:189 writeInputFile INFO Writing gaussian input file None
gaussian.py:275 generateQMData INFO Trying GaussianMolM062X attempt 1 of 36 on molecule [CH]1C=CCO1.
gaussian.py:168 verifyOutputFile INFO Successful GaussianMolM062X quantum result in /gss_gpfs_scratch/harms.n/QMscratch/XPKYETAOQFSXAJ-UHFFFAOYSA-u3.log
gaussian.py:278 generateQMData INFO Attempt 1 of 36 on species InChI=1S/C4H5O/c1-2-4-5-3-1/h1-3H,4H2/u3 succeeded.
symmetry.py:221 writeInputFile INFO Symmetry input file written to /gss_gpfs_scratch/harms.n/QMscratch/XPKYETAOQFSXAJ-UHFFFAOYSA-u3.symm
symmetry.py:188 parse INFO Point group: Cs
CanTherm execution initiated at Fri Aug  4 18:11:12 2017

###############################################################
#                                                             #
#                          CanTherm                           #
#                                                             #
#   Version: 0.1.0 (14 May 2009)                              #
#   Authors: RMG Developers (rmg_dev@mit.edu)                 #
#   P.I.:    William H. Green (whgreen@mit.edu)               #
#   Website: http://rmg.sourceforge.net/                      #
#                                                             #
###############################################################

Loading species ARGCQEVBJHPOGB-UHFFFAOYSA...
Loading species OUUQCZGPVNCOIJ-UHFFFAOYSA-u2...
Loading species MHAJPDPJQMAIIY-UHFFFAOYSA...
Loading species XPKYETAOQFSXAJ-UHFFFAOYSA-u3...
Loading transition state TS...
Loading reaction C1=CCOC1+[O]O_OO+[CH]1C=CCO1...


Loading statistical mechanics parameters for ARGCQEVBJHPOGB-UHFFFAOYSA...
Warning: No bond energy correction found for model chemistry: M062X/MG3S
Saving statistical mechanics parameters for ARGCQEVBJHPOGB-UHFFFAOYSA...
Loading statistical mechanics parameters for OUUQCZGPVNCOIJ-UHFFFAOYSA-u2...
Warning: No bond energy correction found for model chemistry: M062X/MG3S
Saving statistical mechanics parameters for OUUQCZGPVNCOIJ-UHFFFAOYSA-u2...
Loading statistical mechanics parameters for MHAJPDPJQMAIIY-UHFFFAOYSA...
Warning: No bond energy correction found for model chemistry: M062X/MG3S
Saving statistical mechanics parameters for MHAJPDPJQMAIIY-UHFFFAOYSA...
Loading statistical mechanics parameters for XPKYETAOQFSXAJ-UHFFFAOYSA-u3...
Warning: No bond energy correction found for model chemistry: M062X/MG3S
Saving statistical mechanics parameters for XPKYETAOQFSXAJ-UHFFFAOYSA-u3...
Loading statistical mechanics parameters for TS...
Warning: No bond energy correction found for model chemistry: M062X/MG3S
Saving statistical mechanics parameters for TS...
Generating Arrhenius kinetics model for Arrhenius...
Saving kinetics for ARGCQEVBJHPOGB-UHFFFAOYSA + OUUQCZGPVNCOIJ-UHFFFAOYSA-u2 <=> MHAJPDPJQMAIIY-UHFFFAOYSA + XPKYETAOQFSXAJ-UHFFFAOYSA-u3...

CanTherm execution terminated at Fri Aug  4 18:11:13 2017
Saving kinetics data file /gss_gpfs_scratch/harms.n/QMfiles/C1=CCOC1+[O]O_OO+[CH]1C=CCO1.kinetics
Removing 'core*' files
Yay, reaction kinetics calculated!!!
Reaction(label='C1=CCOC1+[O]O_OO+[CH]1C=CCO1', reactants=[Species(label="ARGCQEVBJHPOGB-UHFFFAOYSA", conformer=Conformer(E0=(-77.5157,'kJ/mol'), modes=[IdealGasTranslation(mass=(70.0419,'amu')), NonlinearRotor(inertia=([62.4703,63.4018,119.563],'amu*angstrom^2'), symmetry=1), HarmonicOscillator(frequencies=([102.174,398.146,688.753,748.836,806.175,915.209,936.135,967.115,985.817,1019.62,1054.82,1101.28,1149.5,1183.61,1221.71,1313.26,1362.09,1381.99,1495.86,1505.55,1675.3,2987.39,2990.89,3011.4,3013.14,3168.2,3190.28],'cm^-1'))])), Species(label="OUUQCZGPVNCOIJ-UHFFFAOYSA-u2", conformer=Conformer(E0=(6.19549,'kJ/mol'), modes=[IdealGasTranslation(mass=(32.9977,'amu')), NonlinearRotor(inertia=([0.800947,14.5112,15.3121],'amu*angstrom^2'), symmetry=1), HarmonicOscillator(frequencies=([1245.9,1447.19,3645.15],'cm^-1'))], spinMultiplicity=2))], products=[Species(label="MHAJPDPJQMAIIY-UHFFFAOYSA", conformer=Conformer(E0=(-134.382,'kJ/mol'), modes=[IdealGasTranslation(mass=(34.0055,'amu')), NonlinearRotor(inertia=([1.63801,18.4022,19.029],'amu*angstrom^2'), symmetry=1), HarmonicOscillator(frequencies=([378.1,1029.14,1344.99,1458.5,3786.54,3787.27],'cm^-1'))])), Species(label="XPKYETAOQFSXAJ-UHFFFAOYSA-u3", conformer=Conformer(E0=(33.5019,'kJ/mol'), modes=[IdealGasTranslation(mass=(69.034,'amu')), NonlinearRotor(inertia=([57.2738,60.1166,114.234],'amu*angstrom^2'), symmetry=1), HarmonicOscillator(frequencies=([234.981,511.2,582.449,648.9,762.357,846.137,892.235,937.105,955.41,974.65,1033.8,1113.49,1173.37,1183.81,1287.38,1339.07,1379.8,1474.23,1499.33,2977.77,2998.67,3182.42,3196.96,3210.38],'cm^-1'))], spinMultiplicity=2))], kinetics=Arrhenius(A=(1.14152e-06,'cm^3/(mol*s)'), n=5.05336, Ea=(13.5929,'kJ/mol'), T0=(1,'K'), Tmin=(303.03,'K'), Tmax=(2500,'K'), comment="""Fitted to 59 data points; dA = *|/ 1.94928, dn = +|- 0.0875979, dEa = +|- 0.481876 kJ/mol"""), transitionState=TransitionState(label="TS", conformer=Conformer(E0=(-33.7418,'kJ/mol'), modes=[IdealGasTranslation(mass=(103.04,'amu')), NonlinearRotor(inertia=([124.232,259.414,263.247],'amu*angstrom^2'), symmetry=1), HarmonicOscillator(frequencies=([75.5627,108.542,129.715,194.132,328.242,445.875,453.677,646.893,723.002,766.95,820.215,922.69,954.891,962.16,996.014,1014.96,1043.87,1103.14,1116.64,1169.33,1184.99,1201.07,1284.72,1357.73,1371.4,1404.95,1480.08,1510.67,1624.85,3005.53,3036.51,3047.58,3162.82,3186.98,3731.94],'cm^-1'))], spinMultiplicity=2), frequency=(-1710.38,'cm^-1'), tunneling=Eckart(frequency=(-1710.38,'cm^-1'), E0_reac=(-71.3202,'kJ/mol'), E0_TS=(-33.7418,'kJ/mol'), E0_prod=(-100.88,'kJ/mol'))))
For reaction Reaction(label='C1=CCOC1+[O]O_OO+[CH]1C=CCO1', reactants=[Species(label="ARGCQEVBJHPOGB-UHFFFAOYSA", conformer=Conformer(E0=(-77.5157,'kJ/mol'), modes=[IdealGasTranslation(mass=(70.0419,'amu')), NonlinearRotor(inertia=([62.4703,63.4018,119.563],'amu*angstrom^2'), symmetry=1), HarmonicOscillator(frequencies=([102.174,398.146,688.753,748.836,806.175,915.209,936.135,967.115,985.817,1019.62,1054.82,1101.28,1149.5,1183.61,1221.71,1313.26,1362.09,1381.99,1495.86,1505.55,1675.3,2987.39,2990.89,3011.4,3013.14,3168.2,3190.28],'cm^-1'))])), Species(label="OUUQCZGPVNCOIJ-UHFFFAOYSA-u2", conformer=Conformer(E0=(6.19549,'kJ/mol'), modes=[IdealGasTranslation(mass=(32.9977,'amu')), NonlinearRotor(inertia=([0.800947,14.5112,15.3121],'amu*angstrom^2'), symmetry=1), HarmonicOscillator(frequencies=([1245.9,1447.19,3645.15],'cm^-1'))], spinMultiplicity=2))], products=[Species(label="MHAJPDPJQMAIIY-UHFFFAOYSA", conformer=Conformer(E0=(-134.382,'kJ/mol'), modes=[IdealGasTranslation(mass=(34.0055,'amu')), NonlinearRotor(inertia=([1.63801,18.4022,19.029],'amu*angstrom^2'), symmetry=1), HarmonicOscillator(frequencies=([378.1,1029.14,1344.99,1458.5,3786.54,3787.27],'cm^-1'))])), Species(label="XPKYETAOQFSXAJ-UHFFFAOYSA-u3", conformer=Conformer(E0=(33.5019,'kJ/mol'), modes=[IdealGasTranslation(mass=(69.034,'amu')), NonlinearRotor(inertia=([57.2738,60.1166,114.234],'amu*angstrom^2'), symmetry=1), HarmonicOscillator(frequencies=([234.981,511.2,582.449,648.9,762.357,846.137,892.235,937.105,955.41,974.65,1033.8,1113.49,1173.37,1183.81,1287.38,1339.07,1379.8,1474.23,1499.33,2977.77,2998.67,3182.42,3196.96,3210.38],'cm^-1'))], spinMultiplicity=2))], kinetics=Arrhenius(A=(1.14152e-06,'cm^3/(mol*s)'), n=5.05336, Ea=(13.5929,'kJ/mol'), T0=(1,'K'), Tmin=(303.03,'K'), Tmax=(2500,'K'), comment="""Fitted to 59 data points; dA = *|/ 1.94928, dn = +|- 0.0875979, dEa = +|- 0.481876 kJ/mol"""), transitionState=TransitionState(label="TS", conformer=Conformer(E0=(-33.7418,'kJ/mol'), modes=[IdealGasTranslation(mass=(103.04,'amu')), NonlinearRotor(inertia=([124.232,259.414,263.247],'amu*angstrom^2'), symmetry=1), HarmonicOscillator(frequencies=([75.5627,108.542,129.715,194.132,328.242,445.875,453.677,646.893,723.002,766.95,820.215,922.69,954.891,962.16,996.014,1014.96,1043.87,1103.14,1116.64,1169.33,1184.99,1201.07,1284.72,1357.73,1371.4,1404.95,1480.08,1510.67,1624.85,3005.53,3036.51,3047.58,3162.82,3186.98,3731.94],'cm^-1'))], spinMultiplicity=2), frequency=(-1710.38,'cm^-1'), tunneling=Eckart(frequency=(-1710.38,'cm^-1'), E0_reac=(-71.3202,'kJ/mol'), E0_TS=(-33.7418,'kJ/mol'), E0_prod=(-100.88,'kJ/mol'))))
We have calculated kinetics Arrhenius(A=(1.14152e-06,'cm^3/(mol*s)'), n=5.05336, Ea=(13.5929,'kJ/mol'), T0=(1,'K'), Tmin=(303.03,'K'), Tmax=(2500,'K'), comment="""Fitted to 59 data points; dA = *|/ 1.94928, dn = +|- 0.0875979, dEa = +|- 0.481876 kJ/mol""")
