comparerTST.py:41 <module> INFO RUNNING WITH JOB NUMBER i = 394
comparerTST.py:45 <module> INFO Loading RMG Database ...
comparerTST.py:48 <module> INFO /home/harms.n/Code/RMG-database/input
thermo.py:760 loadLibraries INFO Loading thermodynamics library from thermo_DFT_CCSDTF12_BAC.py in /home/harms.n/Code/RMG-database/input/thermo/libraries...
thermo.py:760 loadLibraries INFO Loading thermodynamics library from CBS_QB3_1dHR.py in /home/harms.n/Code/RMG-database/input/thermo/libraries...
thermo.py:760 loadLibraries INFO Loading thermodynamics library from primaryThermoLibrary.py in /home/harms.n/Code/RMG-database/input/thermo/libraries...
thermo.py:760 loadLibraries INFO Loading thermodynamics library from KlippensteinH2O2.py in /home/harms.n/Code/RMG-database/input/thermo/libraries...
thermo.py:774 loadGroups INFO Loading thermodynamics group database from /home/harms.n/Code/RMG-database/input/thermo/groups...
transport.py:294 loadGroups INFO Loading transport group database from /home/harms.n/Code/RMG-database/input/transport/groups...
database.py:165 loadFamilies INFO Loading the user-specified kinetics families from /home/harms.n/Code/RMG-database/input/kinetics/families
statmech.py:526 loadGroups INFO Loading frequencies group database from /home/harms.n/Code/RMG-database/input/statmech/groups...
comparerTST.py:57 <module> INFO RMG Database Loaded
comparerTST.py:81 <module> INFO generateReactionsFromFamilies successfuly performed
comparerTST.py:141 performCalcs INFO chemkinRxn: Reaction(reactants=[Molecule(SMILES="OO"), Molecule(SMILES="CC(C)[CH]O")], products=[Molecule(SMILES="CC(C)CO"), Molecule(SMILES="[O]O")], degeneracy=2, pairs=[[Molecule(SMILES="OO"), Molecule(SMILES="[O]O")], [Molecule(SMILES="CC(C)[CH]O"), Molecule(SMILES="CC(C)CO")]])
comparerTST.py:143 performCalcs INFO Ensuring resonance isomers have been generated
<type 'rmgpy.molecule.molecule.Molecule'>
<type 'rmgpy.molecule.molecule.Molecule'>
<type 'rmgpy.molecule.molecule.Molecule'>
<type 'rmgpy.molecule.molecule.Molecule'>
[Molecule(SMILES="OO"), Molecule(SMILES="CC(C)[CH]O")]
[Molecule(SMILES="CC(C)CO"), Molecule(SMILES="[O]O")]
comparerTST.py:162 performCalcs INFO Generated one reaction:
comparerTST.py:163 performCalcs INFO [Reaction(reactants=[Molecule(SMILES="OO"), Molecule(SMILES="CC(C)[CH]O")], products=[Molecule(SMILES="CC(C)CO"), Molecule(SMILES="[O]O")], degeneracy=2, pairs=[[Molecule(SMILES="OO"), Molecule(SMILES="[O]O")], [Molecule(SMILES="CC(C)[CH]O"), Molecule(SMILES="CC(C)CO")]])]
comparerTST.py:172 performCalcs INFO The reaction of interest is as follows: 
comparerTST.py:173 performCalcs INFO <Molecule "OO"> + <Molecule "CC(C)[CH]O"> <=> <Molecule "CC(C)CO"> + <Molecule "[O]O">
comparerTST.py:175 performCalcs INFO asserting that the testReaction is Isomorphic
comparerTST.py:177 performCalcs INFO reaction: Reaction(reactants=[Molecule(SMILES="OO"), Molecule(SMILES="CC(C)[CH]O")], products=[Molecule(SMILES="CC(C)CO"), Molecule(SMILES="[O]O")], degeneracy=2, pairs=[[Molecule(SMILES="OO"), Molecule(SMILES="[O]O")], [Molecule(SMILES="CC(C)[CH]O"), Molecule(SMILES="CC(C)CO")]])
comparerTST.py:183 performCalcs INFO Labeling reactant atoms
comparerTST.py:193 performCalcs INFO Labeling product atoms
comparerTST.py:209 performCalcs INFO We have generated a H_Abstraction reaction that matches, and used it to label the atoms.
comparerTST.py:211 performCalcs INFO Calculating reaction kinetics
comparerTST.py:119 calculate INFO Calculating reaction rate for <Molecule "OO"> + <Molecule "CC(C)[CH]O"> <=> <Molecule "CC(C)CO"> + <Molecule "[O]O">
comparerTST.py:121 calculate INFO Selecting the appropriate TS distance database for family 'H_Abstraction'
comparerTST.py:123 calculate INFO Calculating kinetic data by calling qmCalc.getKineticData
reaction.py:96 loadKineticsDataFile INFO Reading existing kinetics file /gss_gpfs_scratch/harms.n/QMfiles/CC(C)[CH]O+OO_CC(C)CO+[O]O.kinetics
comparerTST.py:125 calculate INFO Removing 'core*' files
comparerTST.py:133 calculate INFO Yay, reaction kinetics calculated!!!
comparerTST.py:134 calculate INFO Reaction(label='CC(C)[CH]O+OO_CC(C)CO+[O]O', reactants=[Species(label="QVTITRNVSRATKV-UHFFFAOYSA-u3", conformer=Conformer(E0=(-119.628,'kJ/mol'), modes=[IdealGasTranslation(mass=(73.0653,'amu')), NonlinearRotor(inertia=([63.6784,141.228,185.939],'amu*angstrom^2'), symmetry=1), HarmonicOscillator(frequencies=([104.864,220.743,232.299,254.74,333.62,343.36,406.582,495.686,608.474,825.975,917.482,933.453,959.294,1093.82,1103.29,1169.73,1201.97,1238.44,1305.91,1316.6,1368.74,1391.8,1432.88,1466.55,1467.15,1479.82,1491.15,2977.84,2987.45,2991.68,3052.94,3059.13,3076.44,3077.94,3083.74,3852.37],'cm^-1'))], spinMultiplicity=2)), Species(label="MHAJPDPJQMAIIY-UHFFFAOYSA", conformer=Conformer(E0=(-134.382,'kJ/mol'), modes=[IdealGasTranslation(mass=(34.0055,'amu')), NonlinearRotor(inertia=([1.63801,18.4022,19.029],'amu*angstrom^2'), symmetry=1), HarmonicOscillator(frequencies=([378.1,1029.14,1344.99,1458.5,3786.54,3787.27],'cm^-1'))]))], products=[Species(label="OUUQCZGPVNCOIJ-UHFFFAOYSA-u2", conformer=Conformer(E0=(6.19549,'kJ/mol'), modes=[IdealGasTranslation(mass=(32.9977,'amu')), NonlinearRotor(inertia=([0.800947,14.5112,15.3121],'amu*angstrom^2'), symmetry=1), HarmonicOscillator(frequencies=([1245.9,1447.19,3645.15],'cm^-1'))], spinMultiplicity=2)), Species(label="ZXEKIIBDNHEJCQ-UHFFFAOYSA", conformer=Conformer(E0=(-295.045,'kJ/mol'), modes=[IdealGasTranslation(mass=(74.0732,'amu')), NonlinearRotor(inertia=([65.7991,141.641,187.589],'amu*angstrom^2'), symmetry=1), HarmonicOscillator(frequencies=([124.712,220.033,242.284,267.346,277.653,352.847,420.301,486.711,818.147,913.168,921.352,947.882,966.092,1094.52,1115.05,1162.07,1181.33,1242.46,1264.18,1321.45,1355.77,1381.06,1395.42,1433.02,1467.01,1468.5,1483.26,1490.98,1495.06,2953.16,2984.4,2986.18,2992.03,3004,3051.42,3056.85,3064.93,3091.62,3864.56],'cm^-1'))]))], kinetics=Arrhenius(A=(0.00199853,'cm^3/(mol*s)'), n=4.00797, Ea=(0.417367,'kJ/mol'), T0=(1,'K'), Tmin=(303.03,'K'), Tmax=(2500,'K'), comment="""Fitted to 59 data points; dA = *|/ 1.15522, dn = +|- 0.0189372, dEa = +|- 0.104173 kJ/mol"""), transitionState=TransitionState(label="TS", conformer=Conformer(E0=(-234.93,'kJ/mol'), modes=[IdealGasTranslation(mass=(107.071,'amu')), NonlinearRotor(inertia=([130.946,352.031,396.09],'amu*angstrom^2'), symmetry=1), HarmonicOscillator(frequencies=([49.3263,92.9331,101.349,124.309,207.311,236.046,253.184,271.667,351.802,362.382,419.325,439.03,564.758,618.589,801.943,911.974,938.354,952.386,992.922,1046.71,1075.68,1138.23,1159.67,1199.28,1209.45,1225.58,1314.45,1354.94,1373.04,1387.01,1402.94,1414.13,1461.5,1469.82,1477.61,1486.08,1489.98,2988.78,2997.81,3001,3019.14,3059.86,3068.26,3072.55,3085.96,3743.51,3851.39],'cm^-1'))], spinMultiplicity=2), frequency=(-1771.41,'cm^-1'), tunneling=Eckart(frequency=(-1771.41,'cm^-1'), E0_reac=(-254.01,'kJ/mol'), E0_TS=(-234.93,'kJ/mol'), E0_prod=(-288.85,'kJ/mol'))))
comparerTST.py:214 performCalcs INFO For reaction Reaction(label='CC(C)[CH]O+OO_CC(C)CO+[O]O', reactants=[Species(label="QVTITRNVSRATKV-UHFFFAOYSA-u3", conformer=Conformer(E0=(-119.628,'kJ/mol'), modes=[IdealGasTranslation(mass=(73.0653,'amu')), NonlinearRotor(inertia=([63.6784,141.228,185.939],'amu*angstrom^2'), symmetry=1), HarmonicOscillator(frequencies=([104.864,220.743,232.299,254.74,333.62,343.36,406.582,495.686,608.474,825.975,917.482,933.453,959.294,1093.82,1103.29,1169.73,1201.97,1238.44,1305.91,1316.6,1368.74,1391.8,1432.88,1466.55,1467.15,1479.82,1491.15,2977.84,2987.45,2991.68,3052.94,3059.13,3076.44,3077.94,3083.74,3852.37],'cm^-1'))], spinMultiplicity=2)), Species(label="MHAJPDPJQMAIIY-UHFFFAOYSA", conformer=Conformer(E0=(-134.382,'kJ/mol'), modes=[IdealGasTranslation(mass=(34.0055,'amu')), NonlinearRotor(inertia=([1.63801,18.4022,19.029],'amu*angstrom^2'), symmetry=1), HarmonicOscillator(frequencies=([378.1,1029.14,1344.99,1458.5,3786.54,3787.27],'cm^-1'))]))], products=[Species(label="OUUQCZGPVNCOIJ-UHFFFAOYSA-u2", conformer=Conformer(E0=(6.19549,'kJ/mol'), modes=[IdealGasTranslation(mass=(32.9977,'amu')), NonlinearRotor(inertia=([0.800947,14.5112,15.3121],'amu*angstrom^2'), symmetry=1), HarmonicOscillator(frequencies=([1245.9,1447.19,3645.15],'cm^-1'))], spinMultiplicity=2)), Species(label="ZXEKIIBDNHEJCQ-UHFFFAOYSA", conformer=Conformer(E0=(-295.045,'kJ/mol'), modes=[IdealGasTranslation(mass=(74.0732,'amu')), NonlinearRotor(inertia=([65.7991,141.641,187.589],'amu*angstrom^2'), symmetry=1), HarmonicOscillator(frequencies=([124.712,220.033,242.284,267.346,277.653,352.847,420.301,486.711,818.147,913.168,921.352,947.882,966.092,1094.52,1115.05,1162.07,1181.33,1242.46,1264.18,1321.45,1355.77,1381.06,1395.42,1433.02,1467.01,1468.5,1483.26,1490.98,1495.06,2953.16,2984.4,2986.18,2992.03,3004,3051.42,3056.85,3064.93,3091.62,3864.56],'cm^-1'))]))], kinetics=Arrhenius(A=(0.00199853,'cm^3/(mol*s)'), n=4.00797, Ea=(0.417367,'kJ/mol'), T0=(1,'K'), Tmin=(303.03,'K'), Tmax=(2500,'K'), comment="""Fitted to 59 data points; dA = *|/ 1.15522, dn = +|- 0.0189372, dEa = +|- 0.104173 kJ/mol"""), transitionState=TransitionState(label="TS", conformer=Conformer(E0=(-234.93,'kJ/mol'), modes=[IdealGasTranslation(mass=(107.071,'amu')), NonlinearRotor(inertia=([130.946,352.031,396.09],'amu*angstrom^2'), symmetry=1), HarmonicOscillator(frequencies=([49.3263,92.9331,101.349,124.309,207.311,236.046,253.184,271.667,351.802,362.382,419.325,439.03,564.758,618.589,801.943,911.974,938.354,952.386,992.922,1046.71,1075.68,1138.23,1159.67,1199.28,1209.45,1225.58,1314.45,1354.94,1373.04,1387.01,1402.94,1414.13,1461.5,1469.82,1477.61,1486.08,1489.98,2988.78,2997.81,3001,3019.14,3059.86,3068.26,3072.55,3085.96,3743.51,3851.39],'cm^-1'))], spinMultiplicity=2), frequency=(-1771.41,'cm^-1'), tunneling=Eckart(frequency=(-1771.41,'cm^-1'), E0_reac=(-254.01,'kJ/mol'), E0_TS=(-234.93,'kJ/mol'), E0_prod=(-288.85,'kJ/mol'))))
comparerTST.py:216 performCalcs INFO We have calculated kinetics Arrhenius(A=(0.00199853,'cm^3/(mol*s)'), n=4.00797, Ea=(0.417367,'kJ/mol'), T0=(1,'K'), Tmin=(303.03,'K'), Tmax=(2500,'K'), comment="""Fitted to 59 data points; dA = *|/ 1.15522, dn = +|- 0.0189372, dEa = +|- 0.104173 kJ/mol""")
