comparerTST.py:41 <module> INFO RUNNING WITH JOB NUMBER i = 149
comparerTST.py:45 <module> INFO Loading RMG Database ...
comparerTST.py:48 <module> INFO /home/harms.n/Code/RMG-database/input
thermo.py:760 loadLibraries INFO Loading thermodynamics library from thermo_DFT_CCSDTF12_BAC.py in /home/harms.n/Code/RMG-database/input/thermo/libraries...
thermo.py:760 loadLibraries INFO Loading thermodynamics library from CBS_QB3_1dHR.py in /home/harms.n/Code/RMG-database/input/thermo/libraries...
thermo.py:760 loadLibraries INFO Loading thermodynamics library from primaryThermoLibrary.py in /home/harms.n/Code/RMG-database/input/thermo/libraries...
thermo.py:760 loadLibraries INFO Loading thermodynamics library from KlippensteinH2O2.py in /home/harms.n/Code/RMG-database/input/thermo/libraries...
thermo.py:774 loadGroups INFO Loading thermodynamics group database from /home/harms.n/Code/RMG-database/input/thermo/groups...
transport.py:294 loadGroups INFO Loading transport group database from /home/harms.n/Code/RMG-database/input/transport/groups...
database.py:165 loadFamilies INFO Loading the user-specified kinetics families from /home/harms.n/Code/RMG-database/input/kinetics/families
statmech.py:526 loadGroups INFO Loading frequencies group database from /home/harms.n/Code/RMG-database/input/statmech/groups...
comparerTST.py:57 <module> INFO RMG Database Loaded
comparerTST.py:81 <module> INFO generateReactionsFromFamilies successfuly performed
comparerTST.py:141 performCalcs INFO chemkinRxn: Reaction(reactants=[Molecule(SMILES="COC"), Molecule(SMILES="[O]O")], products=[Molecule(SMILES="OO"), Molecule(SMILES="[CH2]OC")], degeneracy=6, pairs=[[Molecule(SMILES="COC"), Molecule(SMILES="[CH2]OC")], [Molecule(SMILES="[O]O"), Molecule(SMILES="OO")]])
comparerTST.py:143 performCalcs INFO Ensuring resonance isomers have been generated
<type 'rmgpy.molecule.molecule.Molecule'>
<type 'rmgpy.molecule.molecule.Molecule'>
<type 'rmgpy.molecule.molecule.Molecule'>
<type 'rmgpy.molecule.molecule.Molecule'>
[Molecule(SMILES="COC"), Molecule(SMILES="[O]O")]
[Molecule(SMILES="OO"), Molecule(SMILES="[CH2]OC")]
comparerTST.py:162 performCalcs INFO Generated one reaction:
comparerTST.py:163 performCalcs INFO [Reaction(reactants=[Molecule(SMILES="COC"), Molecule(SMILES="[O]O")], products=[Molecule(SMILES="OO"), Molecule(SMILES="[CH2]OC")], degeneracy=6, pairs=[[Molecule(SMILES="COC"), Molecule(SMILES="[CH2]OC")], [Molecule(SMILES="[O]O"), Molecule(SMILES="OO")]])]
comparerTST.py:172 performCalcs INFO The reaction of interest is as follows: 
comparerTST.py:173 performCalcs INFO <Molecule "COC"> + <Molecule "[O]O"> <=> <Molecule "OO"> + <Molecule "[CH2]OC">
comparerTST.py:175 performCalcs INFO asserting that the testReaction is Isomorphic
comparerTST.py:177 performCalcs INFO reaction: Reaction(reactants=[Molecule(SMILES="COC"), Molecule(SMILES="[O]O")], products=[Molecule(SMILES="OO"), Molecule(SMILES="[CH2]OC")], degeneracy=6, pairs=[[Molecule(SMILES="COC"), Molecule(SMILES="[CH2]OC")], [Molecule(SMILES="[O]O"), Molecule(SMILES="OO")]])
comparerTST.py:183 performCalcs INFO Labeling reactant atoms
comparerTST.py:193 performCalcs INFO Labeling product atoms
comparerTST.py:209 performCalcs INFO We have generated a H_Abstraction reaction that matches, and used it to label the atoms.
comparerTST.py:211 performCalcs INFO Calculating reaction kinetics
comparerTST.py:119 calculate INFO Calculating reaction rate for <Molecule "COC"> + <Molecule "[O]O"> <=> <Molecule "OO"> + <Molecule "[CH2]OC">
comparerTST.py:121 calculate INFO Selecting the appropriate TS distance database for family 'H_Abstraction'
comparerTST.py:123 calculate INFO Calculating kinetic data by calling qmCalc.getKineticData
reaction.py:96 loadKineticsDataFile INFO Reading existing kinetics file /gss_gpfs_scratch/harms.n/QMfiles/COC+[O]O_OO+[CH2]OC.kinetics
comparerTST.py:125 calculate INFO Removing 'core*' files
comparerTST.py:133 calculate INFO Yay, reaction kinetics calculated!!!
comparerTST.py:134 calculate INFO Reaction(label='COC+[O]O_OO+[CH2]OC', reactants=[Species(label="LCGLNKUTAGEVQW-UHFFFAOYSA", conformer=Conformer(E0=(-198.786,'kJ/mol'), modes=[IdealGasTranslation(mass=(46.0419,'amu')), NonlinearRotor(inertia=([12.8022,49.7083,56.134],'amu*angstrom^2'), symmetry=1), HarmonicOscillator(frequencies=([218.894,264.432,417.619,967.736,1119.24,1154.15,1184.42,1217.84,1256.23,1440.47,1470.43,1472.1,1478.85,1480.7,1495.5,2960.23,2968.36,3010.55,3016.26,3088.54,3089.55],'cm^-1'))])), Species(label="OUUQCZGPVNCOIJ-UHFFFAOYSA-u2", conformer=Conformer(E0=(6.19549,'kJ/mol'), modes=[IdealGasTranslation(mass=(32.9977,'amu')), NonlinearRotor(inertia=([0.800947,14.5112,15.3121],'amu*angstrom^2'), symmetry=1), HarmonicOscillator(frequencies=([1245.9,1447.19,3645.15],'cm^-1'))], spinMultiplicity=2))], products=[Species(label="MHAJPDPJQMAIIY-UHFFFAOYSA", conformer=Conformer(E0=(-134.382,'kJ/mol'), modes=[IdealGasTranslation(mass=(34.0055,'amu')), NonlinearRotor(inertia=([1.63801,18.4022,19.029],'amu*angstrom^2'), symmetry=1), HarmonicOscillator(frequencies=([378.1,1029.14,1344.99,1458.5,3786.54,3787.27],'cm^-1'))])), Species(label="AFGPRWUFPLEMTF-UHFFFAOYSA-u1", conformer=Conformer(E0=(-17.8354,'kJ/mol'), modes=[IdealGasTranslation(mass=(45.034,'amu')), NonlinearRotor(inertia=([10.596,46.6549,53.8181],'amu*angstrom^2'), symmetry=1), HarmonicOscillator(frequencies=([176.864,285.652,436.306,576.75,988.861,1127.62,1161.96,1245.46,1300.67,1438.96,1476.66,1479.85,1489.52,2981.68,3044.9,3079.56,3111.74,3222.2],'cm^-1'))], spinMultiplicity=2))], kinetics=Arrhenius(A=(0.00106778,'cm^3/(mol*s)'), n=4.37183, Ea=(38.62,'kJ/mol'), T0=(1,'K'), Tmin=(303.03,'K'), Tmax=(2500,'K'), comment="""Fitted to 59 data points; dA = *|/ 1.26959, dn = +|- 0.0313261, dEa = +|- 0.172325 kJ/mol"""), transitionState=TransitionState(label="TS", conformer=Conformer(E0=(-136.602,'kJ/mol'), modes=[IdealGasTranslation(mass=(79.0395,'amu')), NonlinearRotor(inertia=([68.7344,170.205,206.64],'amu*angstrom^2'), symmetry=1), HarmonicOscillator(frequencies=([87.7254,98.598,165.029,177.894,336.63,366.135,437.528,504.511,574.375,979.817,1071.6,1125.96,1159.68,1172.97,1207.45,1266.45,1275.87,1402.17,1441.17,1464.58,1471.76,1484.78,1506.03,2988.31,2996.01,3063.77,3108.37,3119.54,3752.35],'cm^-1'))], spinMultiplicity=2), frequency=(-1821.59,'cm^-1'), tunneling=Eckart(frequency=(-1821.59,'cm^-1'), E0_reac=(-192.59,'kJ/mol'), E0_TS=(-136.602,'kJ/mol'), E0_prod=(-152.217,'kJ/mol'))))
comparerTST.py:214 performCalcs INFO For reaction Reaction(label='COC+[O]O_OO+[CH2]OC', reactants=[Species(label="LCGLNKUTAGEVQW-UHFFFAOYSA", conformer=Conformer(E0=(-198.786,'kJ/mol'), modes=[IdealGasTranslation(mass=(46.0419,'amu')), NonlinearRotor(inertia=([12.8022,49.7083,56.134],'amu*angstrom^2'), symmetry=1), HarmonicOscillator(frequencies=([218.894,264.432,417.619,967.736,1119.24,1154.15,1184.42,1217.84,1256.23,1440.47,1470.43,1472.1,1478.85,1480.7,1495.5,2960.23,2968.36,3010.55,3016.26,3088.54,3089.55],'cm^-1'))])), Species(label="OUUQCZGPVNCOIJ-UHFFFAOYSA-u2", conformer=Conformer(E0=(6.19549,'kJ/mol'), modes=[IdealGasTranslation(mass=(32.9977,'amu')), NonlinearRotor(inertia=([0.800947,14.5112,15.3121],'amu*angstrom^2'), symmetry=1), HarmonicOscillator(frequencies=([1245.9,1447.19,3645.15],'cm^-1'))], spinMultiplicity=2))], products=[Species(label="MHAJPDPJQMAIIY-UHFFFAOYSA", conformer=Conformer(E0=(-134.382,'kJ/mol'), modes=[IdealGasTranslation(mass=(34.0055,'amu')), NonlinearRotor(inertia=([1.63801,18.4022,19.029],'amu*angstrom^2'), symmetry=1), HarmonicOscillator(frequencies=([378.1,1029.14,1344.99,1458.5,3786.54,3787.27],'cm^-1'))])), Species(label="AFGPRWUFPLEMTF-UHFFFAOYSA-u1", conformer=Conformer(E0=(-17.8354,'kJ/mol'), modes=[IdealGasTranslation(mass=(45.034,'amu')), NonlinearRotor(inertia=([10.596,46.6549,53.8181],'amu*angstrom^2'), symmetry=1), HarmonicOscillator(frequencies=([176.864,285.652,436.306,576.75,988.861,1127.62,1161.96,1245.46,1300.67,1438.96,1476.66,1479.85,1489.52,2981.68,3044.9,3079.56,3111.74,3222.2],'cm^-1'))], spinMultiplicity=2))], kinetics=Arrhenius(A=(0.00106778,'cm^3/(mol*s)'), n=4.37183, Ea=(38.62,'kJ/mol'), T0=(1,'K'), Tmin=(303.03,'K'), Tmax=(2500,'K'), comment="""Fitted to 59 data points; dA = *|/ 1.26959, dn = +|- 0.0313261, dEa = +|- 0.172325 kJ/mol"""), transitionState=TransitionState(label="TS", conformer=Conformer(E0=(-136.602,'kJ/mol'), modes=[IdealGasTranslation(mass=(79.0395,'amu')), NonlinearRotor(inertia=([68.7344,170.205,206.64],'amu*angstrom^2'), symmetry=1), HarmonicOscillator(frequencies=([87.7254,98.598,165.029,177.894,336.63,366.135,437.528,504.511,574.375,979.817,1071.6,1125.96,1159.68,1172.97,1207.45,1266.45,1275.87,1402.17,1441.17,1464.58,1471.76,1484.78,1506.03,2988.31,2996.01,3063.77,3108.37,3119.54,3752.35],'cm^-1'))], spinMultiplicity=2), frequency=(-1821.59,'cm^-1'), tunneling=Eckart(frequency=(-1821.59,'cm^-1'), E0_reac=(-192.59,'kJ/mol'), E0_TS=(-136.602,'kJ/mol'), E0_prod=(-152.217,'kJ/mol'))))
comparerTST.py:216 performCalcs INFO We have calculated kinetics Arrhenius(A=(0.00106778,'cm^3/(mol*s)'), n=4.37183, Ea=(38.62,'kJ/mol'), T0=(1,'K'), Tmin=(303.03,'K'), Tmax=(2500,'K'), comment="""Fitted to 59 data points; dA = *|/ 1.26959, dn = +|- 0.0313261, dEa = +|- 0.172325 kJ/mol""")
