comparerTST.py:41 <module> INFO RUNNING WITH JOB NUMBER i = 284
comparerTST.py:45 <module> INFO Loading RMG Database ...
comparerTST.py:48 <module> INFO /home/harms.n/Code/RMG-database/input
thermo.py:760 loadLibraries INFO Loading thermodynamics library from thermo_DFT_CCSDTF12_BAC.py in /home/harms.n/Code/RMG-database/input/thermo/libraries...
thermo.py:760 loadLibraries INFO Loading thermodynamics library from CBS_QB3_1dHR.py in /home/harms.n/Code/RMG-database/input/thermo/libraries...
thermo.py:760 loadLibraries INFO Loading thermodynamics library from primaryThermoLibrary.py in /home/harms.n/Code/RMG-database/input/thermo/libraries...
thermo.py:760 loadLibraries INFO Loading thermodynamics library from KlippensteinH2O2.py in /home/harms.n/Code/RMG-database/input/thermo/libraries...
thermo.py:774 loadGroups INFO Loading thermodynamics group database from /home/harms.n/Code/RMG-database/input/thermo/groups...
transport.py:294 loadGroups INFO Loading transport group database from /home/harms.n/Code/RMG-database/input/transport/groups...
database.py:165 loadFamilies INFO Loading the user-specified kinetics families from /home/harms.n/Code/RMG-database/input/kinetics/families
statmech.py:526 loadGroups INFO Loading frequencies group database from /home/harms.n/Code/RMG-database/input/statmech/groups...
comparerTST.py:57 <module> INFO RMG Database Loaded
comparerTST.py:81 <module> INFO generateReactionsFromFamilies successfuly performed
comparerTST.py:141 performCalcs INFO chemkinRxn: Reaction(reactants=[Molecule(SMILES="[O]O"), Molecule(SMILES="C=C(C)C=O")], products=[Molecule(SMILES="OO"), Molecule(SMILES="[CH2]C(=C)C=O")], degeneracy=3, pairs=[[Molecule(SMILES="[O]O"), Molecule(SMILES="OO")], [Molecule(SMILES="C=C(C)C=O"), Molecule(SMILES="[CH2]C(=C)C=O")]])
comparerTST.py:143 performCalcs INFO Ensuring resonance isomers have been generated
<type 'rmgpy.molecule.molecule.Molecule'>
<type 'rmgpy.molecule.molecule.Molecule'>
<type 'rmgpy.molecule.molecule.Molecule'>
<type 'rmgpy.molecule.molecule.Molecule'>
[Molecule(SMILES="[O]O"), Molecule(SMILES="C=C(C)C=O")]
[Molecule(SMILES="OO"), Molecule(SMILES="[CH2]C(=C)C=O")]
comparerTST.py:162 performCalcs INFO Generated one reaction:
comparerTST.py:163 performCalcs INFO [Reaction(reactants=[Molecule(SMILES="[O]O"), Molecule(SMILES="C=C(C)C=O")], products=[Molecule(SMILES="OO"), Molecule(SMILES="[CH2]C(=C)C=O")], degeneracy=3, pairs=[[Molecule(SMILES="[O]O"), Molecule(SMILES="OO")], [Molecule(SMILES="C=C(C)C=O"), Molecule(SMILES="[CH2]C(=C)C=O")]])]
comparerTST.py:172 performCalcs INFO The reaction of interest is as follows: 
comparerTST.py:173 performCalcs INFO <Molecule "[O]O"> + <Molecule "C=C(C)C=O"> <=> <Molecule "OO"> + <Molecule "[CH2]C(=C)C=O">
comparerTST.py:175 performCalcs INFO asserting that the testReaction is Isomorphic
comparerTST.py:177 performCalcs INFO reaction: Reaction(reactants=[Molecule(SMILES="[O]O"), Molecule(SMILES="C=C(C)C=O")], products=[Molecule(SMILES="OO"), Molecule(SMILES="[CH2]C(=C)C=O")], degeneracy=3, pairs=[[Molecule(SMILES="[O]O"), Molecule(SMILES="OO")], [Molecule(SMILES="C=C(C)C=O"), Molecule(SMILES="[CH2]C(=C)C=O")]])
comparerTST.py:183 performCalcs INFO Labeling reactant atoms
comparerTST.py:193 performCalcs INFO Labeling product atoms
comparerTST.py:209 performCalcs INFO We have generated a H_Abstraction reaction that matches, and used it to label the atoms.
comparerTST.py:211 performCalcs INFO Calculating reaction kinetics
comparerTST.py:119 calculate INFO Calculating reaction rate for <Molecule "[O]O"> + <Molecule "C=C(C)C=O"> <=> <Molecule "OO"> + <Molecule "[CH2]C(=C)C=O">
comparerTST.py:121 calculate INFO Selecting the appropriate TS distance database for family 'H_Abstraction'
comparerTST.py:123 calculate INFO Calculating kinetic data by calling qmCalc.getKineticData
reaction.py:96 loadKineticsDataFile INFO Reading existing kinetics file /gss_gpfs_scratch/harms.n/QMfiles/C=C(C)C=O+[O]O_OO+[CH2]C(=C)C=O.kinetics
comparerTST.py:125 calculate INFO Removing 'core*' files
comparerTST.py:133 calculate INFO Yay, reaction kinetics calculated!!!
comparerTST.py:134 calculate INFO Reaction(label='C=C(C)C=O+[O]O_OO+[CH2]C(=C)C=O', reactants=[Species(label="STNJBCKSHOAVAJ-UHFFFAOYSA", conformer=Conformer(E0=(-117.108,'kJ/mol'), modes=[IdealGasTranslation(mass=(70.0419,'amu')), NonlinearRotor(inertia=([58.2059,113.416,168.547],'amu*angstrom^2'), symmetry=1), HarmonicOscillator(frequencies=([151.508,185.156,260.337,394.754,426.034,620.343,710.853,830.432,963.491,981.53,1006.51,1019.45,1062.51,1318.71,1373.25,1393.91,1431.77,1451.12,1466.81,1697.27,1805.46,2925.95,3002.18,3061.25,3091.89,3094.97,3178.45],'cm^-1'))])), Species(label="OUUQCZGPVNCOIJ-UHFFFAOYSA-u2", conformer=Conformer(E0=(6.19549,'kJ/mol'), modes=[IdealGasTranslation(mass=(32.9977,'amu')), NonlinearRotor(inertia=([0.800947,14.5112,15.3121],'amu*angstrom^2'), symmetry=1), HarmonicOscillator(frequencies=([1245.9,1447.19,3645.15],'cm^-1'))], spinMultiplicity=2))], products=[Species(label="WJCFNDBWNOZYRK-UHFFFAOYSA-u1", conformer=Conformer(E0=(43.0232,'kJ/mol'), modes=[IdealGasTranslation(mass=(69.034,'amu')), NonlinearRotor(inertia=([51.0662,114.179,165.245],'amu*angstrom^2'), symmetry=1), HarmonicOscillator(frequencies=([149.76,291.801,391.635,448.633,518.489,589.077,598.57,807.199,852.014,880.264,959.812,1019.58,1020.63,1292.73,1344.17,1411.76,1454.97,1510.88,1821.09,2927.87,3104.86,3116.52,3201.67,3226.46],'cm^-1'))], spinMultiplicity=2)), Species(label="MHAJPDPJQMAIIY-UHFFFAOYSA", conformer=Conformer(E0=(-134.382,'kJ/mol'), modes=[IdealGasTranslation(mass=(34.0055,'amu')), NonlinearRotor(inertia=([1.63801,18.4022,19.029],'amu*angstrom^2'), symmetry=1), HarmonicOscillator(frequencies=([378.1,1029.14,1344.99,1458.5,3786.54,3787.27],'cm^-1'))]))], kinetics=Arrhenius(A=(2.08079e-08,'cm^3/(mol*s)'), n=5.53033, Ea=(29.3721,'kJ/mol'), T0=(1,'K'), Tmin=(303.03,'K'), Tmax=(2500,'K'), comment="""Fitted to 59 data points; dA = *|/ 2.27191, dn = +|- 0.107699, dEa = +|- 0.592453 kJ/mol"""), transitionState=TransitionState(label="TS", conformer=Conformer(E0=(-52.2879,'kJ/mol'), modes=[IdealGasTranslation(mass=(103.04,'amu')), NonlinearRotor(inertia=([167.014,248.824,312.082],'amu*angstrom^2'), symmetry=1), HarmonicOscillator(frequencies=([78.2246,101.396,132.254,159.459,225.698,303.493,383.997,457.007,487.919,553.496,567.222,634.383,681.894,865.692,960.604,966.767,1005.64,1030.66,1048.61,1099.01,1158.03,1330.51,1372.99,1414.22,1428.21,1439.17,1455.4,1630.68,1796.58,2937.75,3057.54,3100.99,3149.59,3190.76,3691.53],'cm^-1'))], spinMultiplicity=2), frequency=(-1960.02,'cm^-1'), tunneling=Eckart(frequency=(-1960.02,'cm^-1'), E0_reac=(-110.913,'kJ/mol'), E0_TS=(-52.2879,'kJ/mol'), E0_prod=(-91.3586,'kJ/mol'))))
comparerTST.py:214 performCalcs INFO For reaction Reaction(label='C=C(C)C=O+[O]O_OO+[CH2]C(=C)C=O', reactants=[Species(label="STNJBCKSHOAVAJ-UHFFFAOYSA", conformer=Conformer(E0=(-117.108,'kJ/mol'), modes=[IdealGasTranslation(mass=(70.0419,'amu')), NonlinearRotor(inertia=([58.2059,113.416,168.547],'amu*angstrom^2'), symmetry=1), HarmonicOscillator(frequencies=([151.508,185.156,260.337,394.754,426.034,620.343,710.853,830.432,963.491,981.53,1006.51,1019.45,1062.51,1318.71,1373.25,1393.91,1431.77,1451.12,1466.81,1697.27,1805.46,2925.95,3002.18,3061.25,3091.89,3094.97,3178.45],'cm^-1'))])), Species(label="OUUQCZGPVNCOIJ-UHFFFAOYSA-u2", conformer=Conformer(E0=(6.19549,'kJ/mol'), modes=[IdealGasTranslation(mass=(32.9977,'amu')), NonlinearRotor(inertia=([0.800947,14.5112,15.3121],'amu*angstrom^2'), symmetry=1), HarmonicOscillator(frequencies=([1245.9,1447.19,3645.15],'cm^-1'))], spinMultiplicity=2))], products=[Species(label="WJCFNDBWNOZYRK-UHFFFAOYSA-u1", conformer=Conformer(E0=(43.0232,'kJ/mol'), modes=[IdealGasTranslation(mass=(69.034,'amu')), NonlinearRotor(inertia=([51.0662,114.179,165.245],'amu*angstrom^2'), symmetry=1), HarmonicOscillator(frequencies=([149.76,291.801,391.635,448.633,518.489,589.077,598.57,807.199,852.014,880.264,959.812,1019.58,1020.63,1292.73,1344.17,1411.76,1454.97,1510.88,1821.09,2927.87,3104.86,3116.52,3201.67,3226.46],'cm^-1'))], spinMultiplicity=2)), Species(label="MHAJPDPJQMAIIY-UHFFFAOYSA", conformer=Conformer(E0=(-134.382,'kJ/mol'), modes=[IdealGasTranslation(mass=(34.0055,'amu')), NonlinearRotor(inertia=([1.63801,18.4022,19.029],'amu*angstrom^2'), symmetry=1), HarmonicOscillator(frequencies=([378.1,1029.14,1344.99,1458.5,3786.54,3787.27],'cm^-1'))]))], kinetics=Arrhenius(A=(2.08079e-08,'cm^3/(mol*s)'), n=5.53033, Ea=(29.3721,'kJ/mol'), T0=(1,'K'), Tmin=(303.03,'K'), Tmax=(2500,'K'), comment="""Fitted to 59 data points; dA = *|/ 2.27191, dn = +|- 0.107699, dEa = +|- 0.592453 kJ/mol"""), transitionState=TransitionState(label="TS", conformer=Conformer(E0=(-52.2879,'kJ/mol'), modes=[IdealGasTranslation(mass=(103.04,'amu')), NonlinearRotor(inertia=([167.014,248.824,312.082],'amu*angstrom^2'), symmetry=1), HarmonicOscillator(frequencies=([78.2246,101.396,132.254,159.459,225.698,303.493,383.997,457.007,487.919,553.496,567.222,634.383,681.894,865.692,960.604,966.767,1005.64,1030.66,1048.61,1099.01,1158.03,1330.51,1372.99,1414.22,1428.21,1439.17,1455.4,1630.68,1796.58,2937.75,3057.54,3100.99,3149.59,3190.76,3691.53],'cm^-1'))], spinMultiplicity=2), frequency=(-1960.02,'cm^-1'), tunneling=Eckart(frequency=(-1960.02,'cm^-1'), E0_reac=(-110.913,'kJ/mol'), E0_TS=(-52.2879,'kJ/mol'), E0_prod=(-91.3586,'kJ/mol'))))
comparerTST.py:216 performCalcs INFO We have calculated kinetics Arrhenius(A=(2.08079e-08,'cm^3/(mol*s)'), n=5.53033, Ea=(29.3721,'kJ/mol'), T0=(1,'K'), Tmin=(303.03,'K'), Tmax=(2500,'K'), comment="""Fitted to 59 data points; dA = *|/ 2.27191, dn = +|- 0.107699, dEa = +|- 0.592453 kJ/mol""")
