comparerTST.py:41 <module> INFO RUNNING WITH JOB NUMBER i = 141
comparerTST.py:45 <module> INFO Loading RMG Database ...
comparerTST.py:48 <module> INFO /home/harms.n/Code/RMG-database/input
thermo.py:760 loadLibraries INFO Loading thermodynamics library from thermo_DFT_CCSDTF12_BAC.py in /home/harms.n/Code/RMG-database/input/thermo/libraries...
thermo.py:760 loadLibraries INFO Loading thermodynamics library from CBS_QB3_1dHR.py in /home/harms.n/Code/RMG-database/input/thermo/libraries...
thermo.py:760 loadLibraries INFO Loading thermodynamics library from primaryThermoLibrary.py in /home/harms.n/Code/RMG-database/input/thermo/libraries...
thermo.py:760 loadLibraries INFO Loading thermodynamics library from KlippensteinH2O2.py in /home/harms.n/Code/RMG-database/input/thermo/libraries...
thermo.py:774 loadGroups INFO Loading thermodynamics group database from /home/harms.n/Code/RMG-database/input/thermo/groups...
transport.py:294 loadGroups INFO Loading transport group database from /home/harms.n/Code/RMG-database/input/transport/groups...
database.py:165 loadFamilies INFO Loading the user-specified kinetics families from /home/harms.n/Code/RMG-database/input/kinetics/families
statmech.py:526 loadGroups INFO Loading frequencies group database from /home/harms.n/Code/RMG-database/input/statmech/groups...
comparerTST.py:57 <module> INFO RMG Database Loaded
comparerTST.py:81 <module> INFO generateReactionsFromFamilies successfuly performed
comparerTST.py:141 performCalcs INFO chemkinRxn: Reaction(reactants=[Molecule(SMILES="CC[O]"), Molecule(SMILES="[O]O")], products=[Molecule(SMILES="OO"), Molecule(SMILES="[CH2]C[O]")], degeneracy=3, pairs=[[Molecule(SMILES="CC[O]"), Molecule(SMILES="[CH2]C[O]")], [Molecule(SMILES="[O]O"), Molecule(SMILES="OO")]])
comparerTST.py:143 performCalcs INFO Ensuring resonance isomers have been generated
<type 'rmgpy.molecule.molecule.Molecule'>
<type 'rmgpy.molecule.molecule.Molecule'>
<type 'rmgpy.molecule.molecule.Molecule'>
<type 'rmgpy.molecule.molecule.Molecule'>
[Molecule(SMILES="CC[O]"), Molecule(SMILES="[O]O")]
[Molecule(SMILES="OO"), Molecule(SMILES="[CH2]C[O]")]
comparerTST.py:162 performCalcs INFO Generated one reaction:
comparerTST.py:163 performCalcs INFO [Reaction(reactants=[Molecule(SMILES="CC[O]"), Molecule(SMILES="[O]O")], products=[Molecule(SMILES="OO"), Molecule(SMILES="[CH2]C[O]")], degeneracy=3, pairs=[[Molecule(SMILES="CC[O]"), Molecule(SMILES="[CH2]C[O]")], [Molecule(SMILES="[O]O"), Molecule(SMILES="OO")]])]
comparerTST.py:172 performCalcs INFO The reaction of interest is as follows: 
comparerTST.py:173 performCalcs INFO <Molecule "CC[O]"> + <Molecule "[O]O"> <=> <Molecule "OO"> + <Molecule "[CH2]C[O]">
comparerTST.py:175 performCalcs INFO asserting that the testReaction is Isomorphic
comparerTST.py:177 performCalcs INFO reaction: Reaction(reactants=[Molecule(SMILES="CC[O]"), Molecule(SMILES="[O]O")], products=[Molecule(SMILES="OO"), Molecule(SMILES="[CH2]C[O]")], degeneracy=3, pairs=[[Molecule(SMILES="CC[O]"), Molecule(SMILES="[CH2]C[O]")], [Molecule(SMILES="[O]O"), Molecule(SMILES="OO")]])
comparerTST.py:183 performCalcs INFO Labeling reactant atoms
comparerTST.py:193 performCalcs INFO Labeling product atoms
comparerTST.py:209 performCalcs INFO We have generated a H_Abstraction reaction that matches, and used it to label the atoms.
comparerTST.py:211 performCalcs INFO Calculating reaction kinetics
comparerTST.py:119 calculate INFO Calculating reaction rate for <Molecule "CC[O]"> + <Molecule "[O]O"> <=> <Molecule "OO"> + <Molecule "[CH2]C[O]">
comparerTST.py:121 calculate INFO Selecting the appropriate TS distance database for family 'H_Abstraction'
comparerTST.py:123 calculate INFO Calculating kinetic data by calling qmCalc.getKineticData
reaction.py:619 loadKineticsData INFO Kinetics results file /gss_gpfs_scratch/harms.n/QMfiles/CC[O]+[O]O_OO+[CH2]C[O].kinetics does not exist or is invalid
reaction.py:520 generateTSGeometryDirectGuess INFO Generating a TS geometry via the direct guess method
reaction.py:300 generateBoundsMatrix INFO Generating bounds matrix for CC[O].[O]O
reaction.py:338 bmPreEdit INFO Changing lower limit 2.9 to 2.393074
reaction.py:338 bmPreEdit INFO Changing lower limit 2.520343 to 2.457475
reaction.py:338 bmPreEdit INFO Changing lower limit 3.65 to 3.26214059416
reaction.py:561 generateTSGeometryDirectGuess INFO TS estimate made. About to try the search...
reaction.py:426 optimizeTS INFO Starting optimization steps of the TS search.
gaussian.py:535 optEstimate INFO Running loose optimization of TS with frozen center
gaussian.py:189 writeInputFile INFO Writing gaussian input file /gss_gpfs_scratch/harms.n/QMscratch/CC[O]+[O]O_OO+[CH2]C[O]Est.gjf
Error: segmentation violation
   rax 0000000000000000, rbx ffffffffffffffff, rcx ffffffffffffffff
   rdx 000000000000ad9a, rsp 00007fff5dcc52e8, rbp 00007fff5dcc58c0
   rsi 000000000000000b, rdi 000000000000ad9a, r8  00002b0ca6eab6c0
   r9  0000000000000000, r10 00007fff5dcc5070, r11 0000000000000206
   r12 0000000000000000, r13 0000000000000000, r14 00007fff5dcc5908
   r15 00002b0ca6ead050
  --- traceback not available
gaussian.py:680 runAlt WARNING Gaussian finished with return code 1
gaussian.py:590 optRxnCenter INFO Optimization of TS reaction center distances
gaussian.py:189 writeInputFile INFO Writing gaussian input file /gss_gpfs_scratch/harms.n/QMscratch/CC[O]+[O]O_OO+[CH2]C[O]RxnC.gjf
Error: segmentation violation
   rax 0000000000000000, rbx ffffffffffffffff, rcx ffffffffffffffff
   rdx 0000000000002815, rsp 00007fffb0d79778, rbp 00007fffb0d79d50
   rsi 000000000000000b, rdi 0000000000002815, r8  00002afb3459f6c0
   r9  0000000000000000, r10 00007fffb0d79500, r11 0000000000000206
   r12 0000000000000000, r13 0000000000000000, r14 00007fffb0d79d98
   r15 000000000000005e
  --- traceback not available
gaussian.py:680 runAlt WARNING Gaussian finished with return code 1
reaction.py:443 optimizeTS INFO Optimizing TS attempt 1
gaussian.py:485 createInputFile INFO Creating input file
gaussian.py:189 writeInputFile INFO Writing gaussian input file None
gaussian.py:748 verifyOutputFile INFO Verifying output file /gss_gpfs_scratch/harms.n/QMscratch/CC[O]+[O]O_OO+[CH2]C[O].log
gaussian.py:516 createIRCFile INFO Creating IRC file
gaussian.py:189 writeInputFile INFO Writing gaussian input file /gss_gpfs_scratch/harms.n/QMscratch/CC[O]+[O]O_OO+[CH2]C[O]IRC.gjf
gaussian.py:685 runIRC INFO Running IRC
gaussian.py:843 verifyIRCOutputFile INFO Verifying the IRC output file /gss_gpfs_scratch/harms.n/QMscratch/CC[O]+[O]O_OO+[CH2]C[O]IRC.log
gaussian.py:878 verifyIRCOutputFile INFO Checking if all the success keywords are found in the file.
reaction.py:570 saveTSData INFO Saving TS result file /gss_gpfs_scratch/harms.n/QMfiles/CC[O]+[O]O_OO+[CH2]C[O].ts
gaussian.py:991 parse INFO Parsing the gaussian output /gss_gpfs_scratch/harms.n/QMscratch/CC[O]+[O]O_OO+[CH2]C[O].log
gaussian.py:168 verifyOutputFile INFO Successful GaussianMolM062X quantum result in /gss_gpfs_scratch/harms.n/QMscratch/VOLGAXAGEUPBDM-UHFFFAOYSA-u3.log
gaussian.py:268 generateQMData INFO Found a successful output file; using that.
symmetry.py:221 writeInputFile INFO Symmetry input file written to /gss_gpfs_scratch/harms.n/QMscratch/VOLGAXAGEUPBDM-UHFFFAOYSA-u3.symm
symmetry.py:188 parse INFO Point group: Cs
gaussian.py:168 verifyOutputFile INFO Successful GaussianMolM062X quantum result in /gss_gpfs_scratch/harms.n/QMscratch/OUUQCZGPVNCOIJ-UHFFFAOYSA-u2.log
gaussian.py:268 generateQMData INFO Found a successful output file; using that.
symmetry.py:221 writeInputFile INFO Symmetry input file written to /gss_gpfs_scratch/harms.n/QMscratch/OUUQCZGPVNCOIJ-UHFFFAOYSA-u2.symm
symmetry.py:188 parse INFO Point group: Cs
gaussian.py:168 verifyOutputFile INFO Successful GaussianMolM062X quantum result in /gss_gpfs_scratch/harms.n/QMscratch/MHAJPDPJQMAIIY-UHFFFAOYSA.log
gaussian.py:268 generateQMData INFO Found a successful output file; using that.
symmetry.py:221 writeInputFile INFO Symmetry input file written to /gss_gpfs_scratch/harms.n/QMscratch/MHAJPDPJQMAIIY-UHFFFAOYSA.symm
symmetry.py:188 parse INFO Point group: C2
gaussian.py:111 verifyOutputFile INFO Output file /gss_gpfs_scratch/harms.n/QMscratch/ODVIVHCWPDKHAQ-UHFFFAOYSA-u1,3.log does not exist.
gaussian.py:189 writeInputFile INFO Writing gaussian input file None
gaussian.py:275 generateQMData INFO Trying GaussianMolM062X attempt 1 of 36 on molecule [CH2]C[O].
gaussian.py:168 verifyOutputFile INFO Successful GaussianMolM062X quantum result in /gss_gpfs_scratch/harms.n/QMscratch/ODVIVHCWPDKHAQ-UHFFFAOYSA-u1,3.log
gaussian.py:278 generateQMData INFO Attempt 1 of 36 on species InChI=1S/C2H4O/c1-2-3/h1-2H2/u1,3 succeeded.
symmetry.py:221 writeInputFile INFO Symmetry input file written to /gss_gpfs_scratch/harms.n/QMscratch/ODVIVHCWPDKHAQ-UHFFFAOYSA-u1,3.symm
symmetry.py:188 parse INFO Point group: C1
CanTherm execution initiated at Tue Aug  1 17:15:53 2017

###############################################################
#                                                             #
#                          CanTherm                           #
#                                                             #
#   Version: 0.1.0 (14 May 2009)                              #
#   Authors: RMG Developers (rmg_dev@mit.edu)                 #
#   P.I.:    William H. Green (whgreen@mit.edu)               #
#   Website: http://rmg.sourceforge.net/                      #
#                                                             #
###############################################################

Loading species VOLGAXAGEUPBDM-UHFFFAOYSA-u3...
Loading species OUUQCZGPVNCOIJ-UHFFFAOYSA-u2...
Loading species MHAJPDPJQMAIIY-UHFFFAOYSA...
Loading species ODVIVHCWPDKHAQ-UHFFFAOYSA-u1,3...
Loading transition state TS...
Loading reaction CC[O]+[O]O_OO+[CH2]C[O]...


Loading statistical mechanics parameters for VOLGAXAGEUPBDM-UHFFFAOYSA-u3...
Warning: No bond energy correction found for model chemistry: M062X/MG3S
Saving statistical mechanics parameters for VOLGAXAGEUPBDM-UHFFFAOYSA-u3...
Loading statistical mechanics parameters for OUUQCZGPVNCOIJ-UHFFFAOYSA-u2...
Warning: No bond energy correction found for model chemistry: M062X/MG3S
Saving statistical mechanics parameters for OUUQCZGPVNCOIJ-UHFFFAOYSA-u2...
Loading statistical mechanics parameters for MHAJPDPJQMAIIY-UHFFFAOYSA...
Warning: No bond energy correction found for model chemistry: M062X/MG3S
Saving statistical mechanics parameters for MHAJPDPJQMAIIY-UHFFFAOYSA...
Loading statistical mechanics parameters for ODVIVHCWPDKHAQ-UHFFFAOYSA-u1,3...
Warning: No bond energy correction found for model chemistry: M062X/MG3S
Saving statistical mechanics parameters for ODVIVHCWPDKHAQ-UHFFFAOYSA-u1,3...
Loading statistical mechanics parameters for TS...
Warning: No bond energy correction found for model chemistry: M062X/MG3S
Saving statistical mechanics parameters for TS...
Generating Arrhenius kinetics model for Arrhenius...
Saving kinetics for OUUQCZGPVNCOIJ-UHFFFAOYSA-u2 + VOLGAXAGEUPBDM-UHFFFAOYSA-u3 <=> MHAJPDPJQMAIIY-UHFFFAOYSA + ODVIVHCWPDKHAQ-UHFFFAOYSA-u1,3...

CanTherm execution terminated at Tue Aug  1 17:15:55 2017
Saving kinetics data file /gss_gpfs_scratch/harms.n/QMfiles/CC[O]+[O]O_OO+[CH2]C[O].kinetics
Removing 'core*' files
Yay, reaction kinetics calculated!!!
Reaction(label='CC[O]+[O]O_OO+[CH2]C[O]', reactants=[Species(label="OUUQCZGPVNCOIJ-UHFFFAOYSA-u2", conformer=Conformer(E0=(6.19549,'kJ/mol'), modes=[IdealGasTranslation(mass=(32.9977,'amu')), NonlinearRotor(inertia=([0.800947,14.5112,15.3121],'amu*angstrom^2'), symmetry=1), HarmonicOscillator(frequencies=([1245.9,1447.19,3645.15],'cm^-1'))], spinMultiplicity=2)), Species(label="VOLGAXAGEUPBDM-UHFFFAOYSA-u3", conformer=Conformer(E0=(-30.1555,'kJ/mol'), modes=[IdealGasTranslation(mass=(45.034,'amu')), NonlinearRotor(inertia=([12.7513,52.2912,58.8706],'amu*angstrom^2'), symmetry=1), HarmonicOscillator(frequencies=([158.231,301.575,422.376,855.508,887.614,1069.77,1086.22,1225.32,1330.32,1373.55,1390.36,1459.24,1470.17,2909.04,2925.14,2992.37,3067.19,3075.25],'cm^-1'))], spinMultiplicity=2))], products=[Species(label="MHAJPDPJQMAIIY-UHFFFAOYSA", conformer=Conformer(E0=(-134.382,'kJ/mol'), modes=[IdealGasTranslation(mass=(34.0055,'amu')), NonlinearRotor(inertia=([1.63801,18.4022,19.029],'amu*angstrom^2'), symmetry=1), HarmonicOscillator(frequencies=([378.1,1029.14,1344.99,1458.5,3786.54,3787.27],'cm^-1'))])), Species(label="ODVIVHCWPDKHAQ-UHFFFAOYSA-u1,3", conformer=Conformer(E0=(178.816,'kJ/mol'), modes=[IdealGasTranslation(mass=(44.0262,'amu')), NonlinearRotor(inertia=([11.6276,47.8562,55.1009],'amu*angstrom^2'), symmetry=1), HarmonicOscillator(frequencies=([215.153,420.799,496.335,765.592,900.036,1051.58,1070.42,1131.32,1331.93,1353.28,1428.92,2803.3,2967.37,3131.39,3243.87],'cm^-1'))], spinMultiplicity=3))], kinetics=Arrhenius(A=(0.000660621,'cm^3/(mol*s)'), n=4.28842, Ea=(64.7448,'kJ/mol'), T0=(1,'K'), Tmin=(303.03,'K'), Tmax=(2500,'K'), comment="""Fitted to 59 data points; dA = *|/ 1.20179, dn = +|- 0.024124, dEa = +|- 0.132706 kJ/mol"""), transitionState=TransitionState(label="TS", conformer=Conformer(E0=(57.9625,'kJ/mol'), modes=[IdealGasTranslation(mass=(78.0317,'amu')), NonlinearRotor(inertia=([68.1382,163.555,203.087],'amu*angstrom^2'), symmetry=1), HarmonicOscillator(frequencies=([89.1041,130.977,149.283,179.833,381.663,415.161,485.79,593.806,612.924,852.526,896.863,1026.37,1057.36,1063.93,1150.05,1221.81,1327.85,1358.91,1422.18,1437.55,1445.33,2898.64,2920.89,3055.99,3148.15,3687.86],'cm^-1'))], spinMultiplicity=3), frequency=(-1834.23,'cm^-1'), tunneling=Eckart(frequency=(-1834.23,'cm^-1'), E0_reac=(-23.9601,'kJ/mol'), E0_TS=(57.9625,'kJ/mol'), E0_prod=(44.4338,'kJ/mol'))))
For reaction Reaction(label='CC[O]+[O]O_OO+[CH2]C[O]', reactants=[Species(label="OUUQCZGPVNCOIJ-UHFFFAOYSA-u2", conformer=Conformer(E0=(6.19549,'kJ/mol'), modes=[IdealGasTranslation(mass=(32.9977,'amu')), NonlinearRotor(inertia=([0.800947,14.5112,15.3121],'amu*angstrom^2'), symmetry=1), HarmonicOscillator(frequencies=([1245.9,1447.19,3645.15],'cm^-1'))], spinMultiplicity=2)), Species(label="VOLGAXAGEUPBDM-UHFFFAOYSA-u3", conformer=Conformer(E0=(-30.1555,'kJ/mol'), modes=[IdealGasTranslation(mass=(45.034,'amu')), NonlinearRotor(inertia=([12.7513,52.2912,58.8706],'amu*angstrom^2'), symmetry=1), HarmonicOscillator(frequencies=([158.231,301.575,422.376,855.508,887.614,1069.77,1086.22,1225.32,1330.32,1373.55,1390.36,1459.24,1470.17,2909.04,2925.14,2992.37,3067.19,3075.25],'cm^-1'))], spinMultiplicity=2))], products=[Species(label="MHAJPDPJQMAIIY-UHFFFAOYSA", conformer=Conformer(E0=(-134.382,'kJ/mol'), modes=[IdealGasTranslation(mass=(34.0055,'amu')), NonlinearRotor(inertia=([1.63801,18.4022,19.029],'amu*angstrom^2'), symmetry=1), HarmonicOscillator(frequencies=([378.1,1029.14,1344.99,1458.5,3786.54,3787.27],'cm^-1'))])), Species(label="ODVIVHCWPDKHAQ-UHFFFAOYSA-u1,3", conformer=Conformer(E0=(178.816,'kJ/mol'), modes=[IdealGasTranslation(mass=(44.0262,'amu')), NonlinearRotor(inertia=([11.6276,47.8562,55.1009],'amu*angstrom^2'), symmetry=1), HarmonicOscillator(frequencies=([215.153,420.799,496.335,765.592,900.036,1051.58,1070.42,1131.32,1331.93,1353.28,1428.92,2803.3,2967.37,3131.39,3243.87],'cm^-1'))], spinMultiplicity=3))], kinetics=Arrhenius(A=(0.000660621,'cm^3/(mol*s)'), n=4.28842, Ea=(64.7448,'kJ/mol'), T0=(1,'K'), Tmin=(303.03,'K'), Tmax=(2500,'K'), comment="""Fitted to 59 data points; dA = *|/ 1.20179, dn = +|- 0.024124, dEa = +|- 0.132706 kJ/mol"""), transitionState=TransitionState(label="TS", conformer=Conformer(E0=(57.9625,'kJ/mol'), modes=[IdealGasTranslation(mass=(78.0317,'amu')), NonlinearRotor(inertia=([68.1382,163.555,203.087],'amu*angstrom^2'), symmetry=1), HarmonicOscillator(frequencies=([89.1041,130.977,149.283,179.833,381.663,415.161,485.79,593.806,612.924,852.526,896.863,1026.37,1057.36,1063.93,1150.05,1221.81,1327.85,1358.91,1422.18,1437.55,1445.33,2898.64,2920.89,3055.99,3148.15,3687.86],'cm^-1'))], spinMultiplicity=3), frequency=(-1834.23,'cm^-1'), tunneling=Eckart(frequency=(-1834.23,'cm^-1'), E0_reac=(-23.9601,'kJ/mol'), E0_TS=(57.9625,'kJ/mol'), E0_prod=(44.4338,'kJ/mol'))))
We have calculated kinetics Arrhenius(A=(0.000660621,'cm^3/(mol*s)'), n=4.28842, Ea=(64.7448,'kJ/mol'), T0=(1,'K'), Tmin=(303.03,'K'), Tmax=(2500,'K'), comment="""Fitted to 59 data points; dA = *|/ 1.20179, dn = +|- 0.024124, dEa = +|- 0.132706 kJ/mol""")
