comparerTST.py:41 <module> INFO RUNNING WITH JOB NUMBER i = 98
comparerTST.py:45 <module> INFO Loading RMG Database ...
comparerTST.py:48 <module> INFO /home/harms.n/Code/RMG-database/input
thermo.py:760 loadLibraries INFO Loading thermodynamics library from thermo_DFT_CCSDTF12_BAC.py in /home/harms.n/Code/RMG-database/input/thermo/libraries...
thermo.py:760 loadLibraries INFO Loading thermodynamics library from CBS_QB3_1dHR.py in /home/harms.n/Code/RMG-database/input/thermo/libraries...
thermo.py:760 loadLibraries INFO Loading thermodynamics library from primaryThermoLibrary.py in /home/harms.n/Code/RMG-database/input/thermo/libraries...
thermo.py:760 loadLibraries INFO Loading thermodynamics library from KlippensteinH2O2.py in /home/harms.n/Code/RMG-database/input/thermo/libraries...
thermo.py:774 loadGroups INFO Loading thermodynamics group database from /home/harms.n/Code/RMG-database/input/thermo/groups...
transport.py:294 loadGroups INFO Loading transport group database from /home/harms.n/Code/RMG-database/input/transport/groups...
database.py:165 loadFamilies INFO Loading the user-specified kinetics families from /home/harms.n/Code/RMG-database/input/kinetics/families
statmech.py:526 loadGroups INFO Loading frequencies group database from /home/harms.n/Code/RMG-database/input/statmech/groups...
comparerTST.py:57 <module> INFO RMG Database Loaded
comparerTST.py:81 <module> INFO generateReactionsFromFamilies successfuly performed
comparerTST.py:141 performCalcs INFO chemkinRxn: Reaction(reactants=[Molecule(SMILES="[CH2]C=C"), Molecule(SMILES="OO")], products=[Molecule(SMILES="C=CC"), Molecule(SMILES="[O]O")], degeneracy=2, pairs=[[Molecule(SMILES="[CH2]C=C"), Molecule(SMILES="C=CC")], [Molecule(SMILES="OO"), Molecule(SMILES="[O]O")]])
comparerTST.py:143 performCalcs INFO Ensuring resonance isomers have been generated
<type 'rmgpy.molecule.molecule.Molecule'>
<type 'rmgpy.molecule.molecule.Molecule'>
<type 'rmgpy.molecule.molecule.Molecule'>
<type 'rmgpy.molecule.molecule.Molecule'>
[Molecule(SMILES="[CH2]C=C"), Molecule(SMILES="OO")]
[Molecule(SMILES="C=CC"), Molecule(SMILES="[O]O")]
comparerTST.py:162 performCalcs INFO Generated one reaction:
comparerTST.py:163 performCalcs INFO [Reaction(reactants=[Molecule(SMILES="[CH2]C=C"), Molecule(SMILES="OO")], products=[Molecule(SMILES="C=CC"), Molecule(SMILES="[O]O")], degeneracy=2, pairs=[[Molecule(SMILES="[CH2]C=C"), Molecule(SMILES="C=CC")], [Molecule(SMILES="OO"), Molecule(SMILES="[O]O")]])]
comparerTST.py:172 performCalcs INFO The reaction of interest is as follows: 
comparerTST.py:173 performCalcs INFO <Molecule "[CH2]C=C"> + <Molecule "OO"> <=> <Molecule "C=CC"> + <Molecule "[O]O">
comparerTST.py:175 performCalcs INFO asserting that the testReaction is Isomorphic
comparerTST.py:177 performCalcs INFO reaction: Reaction(reactants=[Molecule(SMILES="[CH2]C=C"), Molecule(SMILES="OO")], products=[Molecule(SMILES="C=CC"), Molecule(SMILES="[O]O")], degeneracy=2, pairs=[[Molecule(SMILES="[CH2]C=C"), Molecule(SMILES="C=CC")], [Molecule(SMILES="OO"), Molecule(SMILES="[O]O")]])
comparerTST.py:183 performCalcs INFO Labeling reactant atoms
comparerTST.py:193 performCalcs INFO Labeling product atoms
comparerTST.py:209 performCalcs INFO We have generated a H_Abstraction reaction that matches, and used it to label the atoms.
comparerTST.py:211 performCalcs INFO Calculating reaction kinetics
comparerTST.py:119 calculate INFO Calculating reaction rate for <Molecule "[CH2]C=C"> + <Molecule "OO"> <=> <Molecule "C=CC"> + <Molecule "[O]O">
comparerTST.py:121 calculate INFO Selecting the appropriate TS distance database for family 'H_Abstraction'
comparerTST.py:123 calculate INFO Calculating kinetic data by calling qmCalc.getKineticData
reaction.py:619 loadKineticsData INFO Kinetics results file /gss_gpfs_scratch/harms.n/QMfiles/OO+[CH2]C=C_C=CC+[O]O.kinetics does not exist or is invalid
reaction.py:520 generateTSGeometryDirectGuess INFO Generating a TS geometry via the direct guess method
reaction.py:300 generateBoundsMatrix INFO Generating bounds matrix for OO.[CH2]C=C
reaction.py:338 bmPreEdit INFO Changing lower limit 2.537141 to 2.477507
reaction.py:338 bmPreEdit INFO Changing lower limit 3.65 to 3.16393613735
reaction.py:338 bmPreEdit INFO Changing lower limit 3.15 to 2.730193
reaction.py:338 bmPreEdit INFO Changing lower limit 2.4 to 2.35059379488
reaction.py:338 bmPreEdit INFO Changing lower limit 2.4 to 2.35059379488
reaction.py:561 generateTSGeometryDirectGuess INFO TS estimate made. About to try the search...
reaction.py:426 optimizeTS INFO Starting optimization steps of the TS search.
gaussian.py:535 optEstimate INFO Running loose optimization of TS with frozen center
gaussian.py:189 writeInputFile INFO Writing gaussian input file /gss_gpfs_scratch/harms.n/QMscratch/OO+[CH2]C=C_C=CC+[O]OEst.gjf
Error: segmentation violation
   rax 0000000000000000, rbx ffffffffffffffff, rcx ffffffffffffffff
   rdx 0000000000001352, rsp 00007fff98e5b6f8, rbp 00007fff98e5bcd0
   rsi 000000000000000b, rdi 0000000000001352, r8  00002b9b26f476c0
   r9  0000000000000000, r10 00007fff98e5b480, r11 0000000000000202
   r12 0000000000000000, r13 0000000000000000, r14 00007fff98e5bd18
   r15 0000000000000064
  --- traceback not available
gaussian.py:680 runAlt WARNING Gaussian finished with return code 1
gaussian.py:590 optRxnCenter INFO Optimization of TS reaction center distances
gaussian.py:189 writeInputFile INFO Writing gaussian input file /gss_gpfs_scratch/harms.n/QMscratch/OO+[CH2]C=C_C=CC+[O]ORxnC.gjf
reaction.py:443 optimizeTS INFO Optimizing TS attempt 1
gaussian.py:485 createInputFile INFO Creating input file
gaussian.py:189 writeInputFile INFO Writing gaussian input file None
gaussian.py:748 verifyOutputFile INFO Verifying output file /gss_gpfs_scratch/harms.n/QMscratch/OO+[CH2]C=C_C=CC+[O]O.log
gaussian.py:516 createIRCFile INFO Creating IRC file
gaussian.py:189 writeInputFile INFO Writing gaussian input file /gss_gpfs_scratch/harms.n/QMscratch/OO+[CH2]C=C_C=CC+[O]OIRC.gjf
gaussian.py:685 runIRC INFO Running IRC
gaussian.py:843 verifyIRCOutputFile INFO Verifying the IRC output file /gss_gpfs_scratch/harms.n/QMscratch/OO+[CH2]C=C_C=CC+[O]OIRC.log
gaussian.py:878 verifyIRCOutputFile INFO Checking if all the success keywords are found in the file.
reaction.py:570 saveTSData INFO Saving TS result file /gss_gpfs_scratch/harms.n/QMfiles/OO+[CH2]C=C_C=CC+[O]O.ts
gaussian.py:991 parse INFO Parsing the gaussian output /gss_gpfs_scratch/harms.n/QMscratch/OO+[CH2]C=C_C=CC+[O]O.log
gaussian.py:168 verifyOutputFile INFO Successful GaussianMolM062X quantum result in /gss_gpfs_scratch/harms.n/QMscratch/RMRFFCXPLWYOOY-UHFFFAOYSA-u1.log
gaussian.py:268 generateQMData INFO Found a successful output file; using that.
symmetry.py:221 writeInputFile INFO Symmetry input file written to /gss_gpfs_scratch/harms.n/QMscratch/RMRFFCXPLWYOOY-UHFFFAOYSA-u1.symm
symmetry.py:188 parse INFO Point group: C2v
gaussian.py:168 verifyOutputFile INFO Successful GaussianMolM062X quantum result in /gss_gpfs_scratch/harms.n/QMscratch/MHAJPDPJQMAIIY-UHFFFAOYSA.log
gaussian.py:268 generateQMData INFO Found a successful output file; using that.
symmetry.py:221 writeInputFile INFO Symmetry input file written to /gss_gpfs_scratch/harms.n/QMscratch/MHAJPDPJQMAIIY-UHFFFAOYSA.symm
symmetry.py:188 parse INFO Point group: C2
gaussian.py:168 verifyOutputFile INFO Successful GaussianMolM062X quantum result in /gss_gpfs_scratch/harms.n/QMscratch/QQONPFPTGQHPMA-UHFFFAOYSA.log
gaussian.py:268 generateQMData INFO Found a successful output file; using that.
symmetry.py:221 writeInputFile INFO Symmetry input file written to /gss_gpfs_scratch/harms.n/QMscratch/QQONPFPTGQHPMA-UHFFFAOYSA.symm
symmetry.py:188 parse INFO Point group: Cs
gaussian.py:168 verifyOutputFile INFO Successful GaussianMolM062X quantum result in /gss_gpfs_scratch/harms.n/QMscratch/OUUQCZGPVNCOIJ-UHFFFAOYSA-u2.log
gaussian.py:268 generateQMData INFO Found a successful output file; using that.
symmetry.py:221 writeInputFile INFO Symmetry input file written to /gss_gpfs_scratch/harms.n/QMscratch/OUUQCZGPVNCOIJ-UHFFFAOYSA-u2.symm
symmetry.py:188 parse INFO Point group: Cs
CanTherm execution initiated at Tue Aug  1 04:08:38 2017

###############################################################
#                                                             #
#                          CanTherm                           #
#                                                             #
#   Version: 0.1.0 (14 May 2009)                              #
#   Authors: RMG Developers (rmg_dev@mit.edu)                 #
#   P.I.:    William H. Green (whgreen@mit.edu)               #
#   Website: http://rmg.sourceforge.net/                      #
#                                                             #
###############################################################

Loading species RMRFFCXPLWYOOY-UHFFFAOYSA-u1...
Loading species MHAJPDPJQMAIIY-UHFFFAOYSA...
Loading species QQONPFPTGQHPMA-UHFFFAOYSA...
Loading species OUUQCZGPVNCOIJ-UHFFFAOYSA-u2...
Loading transition state TS...
Loading reaction OO+[CH2]C=C_C=CC+[O]O...


Loading statistical mechanics parameters for RMRFFCXPLWYOOY-UHFFFAOYSA-u1...
Warning: No bond energy correction found for model chemistry: M062X/MG3S
Saving statistical mechanics parameters for RMRFFCXPLWYOOY-UHFFFAOYSA-u1...
Loading statistical mechanics parameters for MHAJPDPJQMAIIY-UHFFFAOYSA...
Warning: No bond energy correction found for model chemistry: M062X/MG3S
Saving statistical mechanics parameters for MHAJPDPJQMAIIY-UHFFFAOYSA...
Loading statistical mechanics parameters for QQONPFPTGQHPMA-UHFFFAOYSA...
Warning: No bond energy correction found for model chemistry: M062X/MG3S
Saving statistical mechanics parameters for QQONPFPTGQHPMA-UHFFFAOYSA...
Loading statistical mechanics parameters for OUUQCZGPVNCOIJ-UHFFFAOYSA-u2...
Warning: No bond energy correction found for model chemistry: M062X/MG3S
Saving statistical mechanics parameters for OUUQCZGPVNCOIJ-UHFFFAOYSA-u2...
Loading statistical mechanics parameters for TS...
Warning: No bond energy correction found for model chemistry: M062X/MG3S
Saving statistical mechanics parameters for TS...
Generating Arrhenius kinetics model for Arrhenius...
Saving kinetics for RMRFFCXPLWYOOY-UHFFFAOYSA-u1 + MHAJPDPJQMAIIY-UHFFFAOYSA <=> QQONPFPTGQHPMA-UHFFFAOYSA + OUUQCZGPVNCOIJ-UHFFFAOYSA-u2...

CanTherm execution terminated at Tue Aug  1 04:08:40 2017
Saving kinetics data file /gss_gpfs_scratch/harms.n/QMfiles/OO+[CH2]C=C_C=CC+[O]O.kinetics
Removing 'core*' files
Yay, reaction kinetics calculated!!!
Reaction(label='OO+[CH2]C=C_C=CC+[O]O', reactants=[Species(label="RMRFFCXPLWYOOY-UHFFFAOYSA-u1", conformer=Conformer(E0=(163.31,'kJ/mol'), modes=[IdealGasTranslation(mass=(41.0391,'amu')), NonlinearRotor(inertia=([9.21459,48.203,57.4176],'amu*angstrom^2'), symmetry=1), HarmonicOscillator(frequencies=([424.273,531.908,557.94,804.865,828.105,919.291,1005.85,1029.91,1137.62,1261.94,1390.25,1475.93,1502.31,3098.41,3102.07,3109.46,3203.67,3205.54],'cm^-1'))], spinMultiplicity=2)), Species(label="MHAJPDPJQMAIIY-UHFFFAOYSA", conformer=Conformer(E0=(-134.382,'kJ/mol'), modes=[IdealGasTranslation(mass=(34.0055,'amu')), NonlinearRotor(inertia=([1.63801,18.4022,19.029],'amu*angstrom^2'), symmetry=1), HarmonicOscillator(frequencies=([378.1,1029.14,1344.99,1458.5,3786.54,3787.27],'cm^-1'))]))], products=[Species(label="QQONPFPTGQHPMA-UHFFFAOYSA", conformer=Conformer(E0=(21.3718,'kJ/mol'), modes=[IdealGasTranslation(mass=(42.047,'amu')), NonlinearRotor(inertia=([10.8482,53.9692,61.7022],'amu*angstrom^2'), symmetry=1), HarmonicOscillator(frequencies=([404.207,581.166,913.953,945.506,953.956,998.86,1046.92,1152.51,1310.45,1374.97,1427.92,1463.29,1465.56,1699.33,2987.05,3045.78,3066.68,3079.19,3100.72,3163.72],'cm^-1'))])), Species(label="OUUQCZGPVNCOIJ-UHFFFAOYSA-u2", conformer=Conformer(E0=(6.19549,'kJ/mol'), modes=[IdealGasTranslation(mass=(32.9977,'amu')), NonlinearRotor(inertia=([0.800947,14.5112,15.3121],'amu*angstrom^2'), symmetry=1), HarmonicOscillator(frequencies=([1245.9,1447.19,3645.15],'cm^-1'))], spinMultiplicity=2))], kinetics=Arrhenius(A=(5.50583e-07,'cm^3/(mol*s)'), n=5.12283, Ea=(19.5733,'kJ/mol'), T0=(1,'K'), Tmin=(303.03,'K'), Tmax=(2500,'K'), comment="""Fitted to 59 data points; dA = *|/ 2.215, dn = +|- 0.10437, dEa = +|- 0.574137 kJ/mol"""), transitionState=TransitionState(label="TS", conformer=Conformer(E0=(77.8203,'kJ/mol'), modes=[IdealGasTranslation(mass=(75.0446,'amu')), NonlinearRotor(inertia=([69.7432,165.561,214.471],'amu*angstrom^2'), symmetry=1), HarmonicOscillator(frequencies=([85.5071,101.117,166.83,224.647,401.593,423.058,552.821,595.52,658.483,924.512,937.432,965.068,988.724,1035.05,1095.56,1185.85,1208.98,1301.99,1407.82,1423.19,1446.17,1459.03,1625.17,3052.83,3094.08,3103.31,3140.52,3185.93,3711.21],'cm^-1'))], spinMultiplicity=2), frequency=(-1909.31,'cm^-1'), tunneling=Eckart(frequency=(-1909.31,'cm^-1'), E0_reac=(28.9283,'kJ/mol'), E0_TS=(77.8203,'kJ/mol'), E0_prod=(27.5673,'kJ/mol'))))
For reaction Reaction(label='OO+[CH2]C=C_C=CC+[O]O', reactants=[Species(label="RMRFFCXPLWYOOY-UHFFFAOYSA-u1", conformer=Conformer(E0=(163.31,'kJ/mol'), modes=[IdealGasTranslation(mass=(41.0391,'amu')), NonlinearRotor(inertia=([9.21459,48.203,57.4176],'amu*angstrom^2'), symmetry=1), HarmonicOscillator(frequencies=([424.273,531.908,557.94,804.865,828.105,919.291,1005.85,1029.91,1137.62,1261.94,1390.25,1475.93,1502.31,3098.41,3102.07,3109.46,3203.67,3205.54],'cm^-1'))], spinMultiplicity=2)), Species(label="MHAJPDPJQMAIIY-UHFFFAOYSA", conformer=Conformer(E0=(-134.382,'kJ/mol'), modes=[IdealGasTranslation(mass=(34.0055,'amu')), NonlinearRotor(inertia=([1.63801,18.4022,19.029],'amu*angstrom^2'), symmetry=1), HarmonicOscillator(frequencies=([378.1,1029.14,1344.99,1458.5,3786.54,3787.27],'cm^-1'))]))], products=[Species(label="QQONPFPTGQHPMA-UHFFFAOYSA", conformer=Conformer(E0=(21.3718,'kJ/mol'), modes=[IdealGasTranslation(mass=(42.047,'amu')), NonlinearRotor(inertia=([10.8482,53.9692,61.7022],'amu*angstrom^2'), symmetry=1), HarmonicOscillator(frequencies=([404.207,581.166,913.953,945.506,953.956,998.86,1046.92,1152.51,1310.45,1374.97,1427.92,1463.29,1465.56,1699.33,2987.05,3045.78,3066.68,3079.19,3100.72,3163.72],'cm^-1'))])), Species(label="OUUQCZGPVNCOIJ-UHFFFAOYSA-u2", conformer=Conformer(E0=(6.19549,'kJ/mol'), modes=[IdealGasTranslation(mass=(32.9977,'amu')), NonlinearRotor(inertia=([0.800947,14.5112,15.3121],'amu*angstrom^2'), symmetry=1), HarmonicOscillator(frequencies=([1245.9,1447.19,3645.15],'cm^-1'))], spinMultiplicity=2))], kinetics=Arrhenius(A=(5.50583e-07,'cm^3/(mol*s)'), n=5.12283, Ea=(19.5733,'kJ/mol'), T0=(1,'K'), Tmin=(303.03,'K'), Tmax=(2500,'K'), comment="""Fitted to 59 data points; dA = *|/ 2.215, dn = +|- 0.10437, dEa = +|- 0.574137 kJ/mol"""), transitionState=TransitionState(label="TS", conformer=Conformer(E0=(77.8203,'kJ/mol'), modes=[IdealGasTranslation(mass=(75.0446,'amu')), NonlinearRotor(inertia=([69.7432,165.561,214.471],'amu*angstrom^2'), symmetry=1), HarmonicOscillator(frequencies=([85.5071,101.117,166.83,224.647,401.593,423.058,552.821,595.52,658.483,924.512,937.432,965.068,988.724,1035.05,1095.56,1185.85,1208.98,1301.99,1407.82,1423.19,1446.17,1459.03,1625.17,3052.83,3094.08,3103.31,3140.52,3185.93,3711.21],'cm^-1'))], spinMultiplicity=2), frequency=(-1909.31,'cm^-1'), tunneling=Eckart(frequency=(-1909.31,'cm^-1'), E0_reac=(28.9283,'kJ/mol'), E0_TS=(77.8203,'kJ/mol'), E0_prod=(27.5673,'kJ/mol'))))
We have calculated kinetics Arrhenius(A=(5.50583e-07,'cm^3/(mol*s)'), n=5.12283, Ea=(19.5733,'kJ/mol'), T0=(1,'K'), Tmin=(303.03,'K'), Tmax=(2500,'K'), comment="""Fitted to 59 data points; dA = *|/ 2.215, dn = +|- 0.10437, dEa = +|- 0.574137 kJ/mol""")
