CanTherm execution initiated at Fri May 19 09:43:19 2017

###############################################################
#                                                             #
#                          CanTherm                           #
#                                                             #
#   Version: 0.1.0 (14 May 2009)                              #
#   Authors: RMG Developers (rmg_dev@mit.edu)                 #
#   P.I.:    William H. Green (whgreen@mit.edu)               #
#   Website: http://rmg.sourceforge.net/                      #
#                                                             #
###############################################################

Loading species MHAJPDPJQMAIIY-UHFFFAOYSA...
Loading species HXCJICGBLUHJAP-UHFFFAOYSA-u1...
Loading species LAIUFBWHERIJIH-UHFFFAOYSA...
Loading species OUUQCZGPVNCOIJ-UHFFFAOYSA-u2...
Loading transition state TS...
Loading reaction OO+[CH2]CCCC(C)CC_CCCCC(C)CC+[O]O...


Loading statistical mechanics parameters for MHAJPDPJQMAIIY-UHFFFAOYSA...
Warning: No bond energy correction found for model chemistry: M062X/MG3S
Saving statistical mechanics parameters for MHAJPDPJQMAIIY-UHFFFAOYSA...
Loading statistical mechanics parameters for HXCJICGBLUHJAP-UHFFFAOYSA-u1...
Warning: No bond energy correction found for model chemistry: M062X/MG3S
Saving statistical mechanics parameters for HXCJICGBLUHJAP-UHFFFAOYSA-u1...
Loading statistical mechanics parameters for LAIUFBWHERIJIH-UHFFFAOYSA...
Warning: No bond energy correction found for model chemistry: M062X/MG3S
Saving statistical mechanics parameters for LAIUFBWHERIJIH-UHFFFAOYSA...
Loading statistical mechanics parameters for OUUQCZGPVNCOIJ-UHFFFAOYSA-u2...
Warning: No bond energy correction found for model chemistry: M062X/MG3S
Saving statistical mechanics parameters for OUUQCZGPVNCOIJ-UHFFFAOYSA-u2...
Loading statistical mechanics parameters for TS...
Warning: No bond energy correction found for model chemistry: M062X/MG3S
Saving statistical mechanics parameters for TS...
Generating Arrhenius kinetics model for Arrhenius...
Saving kinetics for HXCJICGBLUHJAP-UHFFFAOYSA-u1 + MHAJPDPJQMAIIY-UHFFFAOYSA <=> OUUQCZGPVNCOIJ-UHFFFAOYSA-u2 + LAIUFBWHERIJIH-UHFFFAOYSA...

CanTherm execution terminated at Fri May 19 09:43:21 2017
Saving kinetics data file /gss_gpfs_scratch/harms.n/QMfiles/OO+[CH2]CCCC(C)CC_CCCCC(C)CC+[O]O.kinetics
Removing 'core*' files
Yay, reaction kinetics calculated!!!
Reaction(label='OO+[CH2]CCCC(C)CC_CCCCC(C)CC+[O]O', reactants=[Species(label="HXCJICGBLUHJAP-UHFFFAOYSA-u1", conformer=Conformer(E0=(-22.7142,'kJ/mol'), modes=[IdealGasTranslation(mass=(113.133,'amu')), NonlinearRotor(inertia=([89.0873,709.055,757.985],'amu*angstrom^2'), symmetry=1), HarmonicOscillator(frequencies=([49.3741,56.5816,97.1511,113.525,132.636,205.148,228.463,246.4,270.281,301.022,347.905,406.384,450.1,484.936,503.508,715.61,759.593,789.774,827.149,888.918,912.37,954.127,971.122,1016.86,1031.52,1052.01,1070.25,1083.18,1116.25,1159.34,1164.39,1190.66,1236.01,1271.78,1279.24,1296.89,1304.7,1343.45,1357.17,1364.54,1379.51,1388.41,1390.91,1446.26,1451.08,1452.29,1463.53,1473.48,1474.9,1479.26,1484.47,1497.94,2917.41,2953.92,2961.33,2975.41,2977.6,2986.39,2990.66,2991.11,2997.8,3013.55,3031.83,3057.11,3061.42,3069.02,3078.73,3112.99,3212.5],'cm^-1'))], spinMultiplicity=2)), Species(label="MHAJPDPJQMAIIY-UHFFFAOYSA", conformer=Conformer(E0=(-134.382,'kJ/mol'), modes=[IdealGasTranslation(mass=(34.0055,'amu')), NonlinearRotor(inertia=([1.63801,18.4022,19.029],'amu*angstrom^2'), symmetry=1), HarmonicOscillator(frequencies=([378.1,1029.14,1344.99,1458.5,3786.54,3787.27],'cm^-1'))]))], products=[Species(label="OUUQCZGPVNCOIJ-UHFFFAOYSA-u2", conformer=Conformer(E0=(6.19549,'kJ/mol'), modes=[IdealGasTranslation(mass=(32.9977,'amu')), NonlinearRotor(inertia=([0.800947,14.5112,15.3121],'amu*angstrom^2'), symmetry=1), HarmonicOscillator(frequencies=([1245.9,1447.19,3645.15],'cm^-1'))], spinMultiplicity=2)), Species(label="LAIUFBWHERIJIH-UHFFFAOYSA", conformer=Conformer(E0=(-224.786,'kJ/mol'), modes=[IdealGasTranslation(mass=(114.141,'amu')), NonlinearRotor(inertia=([90.7144,728.474,778.428],'amu*angstrom^2'), symmetry=1), HarmonicOscillator(frequencies=([40.8288,49.8246,96.919,109.095,128.308,195.305,242.318,261.531,270.493,298.053,344.213,407.401,454.018,498.942,719.392,754.986,772.745,823.969,898.132,899.34,911.919,958.195,994.027,1013.74,1038.75,1052.07,1075.53,1089.94,1160,1161.62,1180.81,1223.78,1248.48,1273.91,1292.8,1300.03,1311.32,1344.8,1357.69,1364.72,1381.06,1387.18,1390.2,1392.64,1451.51,1462.41,1466.23,1472.42,1474.19,1477.31,1482.66,1483.16,1490.01,1495.84,2950.85,2960.21,2970.57,2974.16,2981.6,2986.48,2990.3,2993.96,2995.68,3005.94,3012.01,3028.06,3056.7,3058.5,3060.02,3066.18,3073.83,3078.43],'cm^-1'))]))], kinetics=Arrhenius(A=(0.000682421,'cm^3/(mol*s)'), n=3.95407, Ea=(-1.45108,'kJ/mol'), T0=(1,'K'), Tmin=(303.03,'K'), Tmax=(2500,'K'), comment="""Fitted to 59 data points; dA = *|/ 1.12874, dn = +|- 0.015893, dEa = +|- 0.0874273 kJ/mol"""), transitionState=TransitionState(label="TS", conformer=Conformer(E0=(-138.319,'kJ/mol'), modes=[IdealGasTranslation(mass=(147.138,'amu')), NonlinearRotor(inertia=([226.637,1131.64,1179.28],'amu*angstrom^2'), symmetry=1), HarmonicOscillator(frequencies=([22.4484,55.2234,64.4648,90.2166,98.3592,112.917,171.472,190.958,216.116,232.182,265.21,298.852,315.226,359.897,387.662,413.503,503.965,522.168,551.326,583.712,707.29,765.483,772.656,827.361,852.512,909.79,934.006,974.958,981.749,1005.65,1017.75,1027.8,1055.55,1065.48,1081.15,1113.52,1142.37,1162.02,1169.83,1197.54,1250.02,1271.76,1289.48,1307.64,1330.09,1337.21,1349.93,1362.18,1381.18,1391.29,1393.25,1397.22,1437.77,1440.84,1455.78,1465.66,1470.79,1476,1478.84,1483.7,1487.43,1490.89,2972.33,2983.75,2989.17,2993.2,2996.19,3000.05,3003.38,3017.58,3021.91,3032.68,3034.97,3044.64,3060.98,3063.86,3068.97,3071.41,3115.03,3761.69],'cm^-1'))], spinMultiplicity=2), frequency=(-1826.82,'cm^-1'), tunneling=Eckart(frequency=(-1826.82,'cm^-1'), E0_reac=(-157.096,'kJ/mol'), E0_TS=(-138.319,'kJ/mol'), E0_prod=(-218.59,'kJ/mol'))))
For reaction Reaction(label='OO+[CH2]CCCC(C)CC_CCCCC(C)CC+[O]O', reactants=[Species(label="HXCJICGBLUHJAP-UHFFFAOYSA-u1", conformer=Conformer(E0=(-22.7142,'kJ/mol'), modes=[IdealGasTranslation(mass=(113.133,'amu')), NonlinearRotor(inertia=([89.0873,709.055,757.985],'amu*angstrom^2'), symmetry=1), HarmonicOscillator(frequencies=([49.3741,56.5816,97.1511,113.525,132.636,205.148,228.463,246.4,270.281,301.022,347.905,406.384,450.1,484.936,503.508,715.61,759.593,789.774,827.149,888.918,912.37,954.127,971.122,1016.86,1031.52,1052.01,1070.25,1083.18,1116.25,1159.34,1164.39,1190.66,1236.01,1271.78,1279.24,1296.89,1304.7,1343.45,1357.17,1364.54,1379.51,1388.41,1390.91,1446.26,1451.08,1452.29,1463.53,1473.48,1474.9,1479.26,1484.47,1497.94,2917.41,2953.92,2961.33,2975.41,2977.6,2986.39,2990.66,2991.11,2997.8,3013.55,3031.83,3057.11,3061.42,3069.02,3078.73,3112.99,3212.5],'cm^-1'))], spinMultiplicity=2)), Species(label="MHAJPDPJQMAIIY-UHFFFAOYSA", conformer=Conformer(E0=(-134.382,'kJ/mol'), modes=[IdealGasTranslation(mass=(34.0055,'amu')), NonlinearRotor(inertia=([1.63801,18.4022,19.029],'amu*angstrom^2'), symmetry=1), HarmonicOscillator(frequencies=([378.1,1029.14,1344.99,1458.5,3786.54,3787.27],'cm^-1'))]))], products=[Species(label="OUUQCZGPVNCOIJ-UHFFFAOYSA-u2", conformer=Conformer(E0=(6.19549,'kJ/mol'), modes=[IdealGasTranslation(mass=(32.9977,'amu')), NonlinearRotor(inertia=([0.800947,14.5112,15.3121],'amu*angstrom^2'), symmetry=1), HarmonicOscillator(frequencies=([1245.9,1447.19,3645.15],'cm^-1'))], spinMultiplicity=2)), Species(label="LAIUFBWHERIJIH-UHFFFAOYSA", conformer=Conformer(E0=(-224.786,'kJ/mol'), modes=[IdealGasTranslation(mass=(114.141,'amu')), NonlinearRotor(inertia=([90.7144,728.474,778.428],'amu*angstrom^2'), symmetry=1), HarmonicOscillator(frequencies=([40.8288,49.8246,96.919,109.095,128.308,195.305,242.318,261.531,270.493,298.053,344.213,407.401,454.018,498.942,719.392,754.986,772.745,823.969,898.132,899.34,911.919,958.195,994.027,1013.74,1038.75,1052.07,1075.53,1089.94,1160,1161.62,1180.81,1223.78,1248.48,1273.91,1292.8,1300.03,1311.32,1344.8,1357.69,1364.72,1381.06,1387.18,1390.2,1392.64,1451.51,1462.41,1466.23,1472.42,1474.19,1477.31,1482.66,1483.16,1490.01,1495.84,2950.85,2960.21,2970.57,2974.16,2981.6,2986.48,2990.3,2993.96,2995.68,3005.94,3012.01,3028.06,3056.7,3058.5,3060.02,3066.18,3073.83,3078.43],'cm^-1'))]))], kinetics=Arrhenius(A=(0.000682421,'cm^3/(mol*s)'), n=3.95407, Ea=(-1.45108,'kJ/mol'), T0=(1,'K'), Tmin=(303.03,'K'), Tmax=(2500,'K'), comment="""Fitted to 59 data points; dA = *|/ 1.12874, dn = +|- 0.015893, dEa = +|- 0.0874273 kJ/mol"""), transitionState=TransitionState(label="TS", conformer=Conformer(E0=(-138.319,'kJ/mol'), modes=[IdealGasTranslation(mass=(147.138,'amu')), NonlinearRotor(inertia=([226.637,1131.64,1179.28],'amu*angstrom^2'), symmetry=1), HarmonicOscillator(frequencies=([22.4484,55.2234,64.4648,90.2166,98.3592,112.917,171.472,190.958,216.116,232.182,265.21,298.852,315.226,359.897,387.662,413.503,503.965,522.168,551.326,583.712,707.29,765.483,772.656,827.361,852.512,909.79,934.006,974.958,981.749,1005.65,1017.75,1027.8,1055.55,1065.48,1081.15,1113.52,1142.37,1162.02,1169.83,1197.54,1250.02,1271.76,1289.48,1307.64,1330.09,1337.21,1349.93,1362.18,1381.18,1391.29,1393.25,1397.22,1437.77,1440.84,1455.78,1465.66,1470.79,1476,1478.84,1483.7,1487.43,1490.89,2972.33,2983.75,2989.17,2993.2,2996.19,3000.05,3003.38,3017.58,3021.91,3032.68,3034.97,3044.64,3060.98,3063.86,3068.97,3071.41,3115.03,3761.69],'cm^-1'))], spinMultiplicity=2), frequency=(-1826.82,'cm^-1'), tunneling=Eckart(frequency=(-1826.82,'cm^-1'), E0_reac=(-157.096,'kJ/mol'), E0_TS=(-138.319,'kJ/mol'), E0_prod=(-218.59,'kJ/mol'))))
We have calculated kinetics Arrhenius(A=(0.000682421,'cm^3/(mol*s)'), n=3.95407, Ea=(-1.45108,'kJ/mol'), T0=(1,'K'), Tmin=(303.03,'K'), Tmax=(2500,'K'), comment="""Fitted to 59 data points; dA = *|/ 1.12874, dn = +|- 0.015893, dEa = +|- 0.0874273 kJ/mol""")
